[0.059s] Invoking command in '/home/carlosmello/ws/build/yolobot_description': CMAKE_PREFIX_PATH=${CMAKE_PREFIX_PATH}:/opt/ros/humble /usr/bin/cmake --build /home/carlosmello/ws/build/yolobot_description -- -j8 -l8
[0.191s] Invoked command in '/home/carlosmello/ws/build/yolobot_description' returned '0': CMAKE_PREFIX_PATH=${CMAKE_PREFIX_PATH}:/opt/ros/humble /usr/bin/cmake --build /home/carlosmello/ws/build/yolobot_description -- -j8 -l8
[0.274s] Invoking command in '/home/carlosmello/ws/build/yolobot_description': CMAKE_PREFIX_PATH=${CMAKE_PREFIX_PATH}:/opt/ros/humble /usr/bin/cmake --install /home/carlosmello/ws/build/yolobot_description
[0.318s] -- Install configuration: ""
[0.318s] -- Up-to-date: /home/carlosmello/ws/install/yolobot_description/share/yolobot_description//launch
[0.318s] -- Up-to-date: /home/carlosmello/ws/install/yolobot_description/share/yolobot_description//launch/spawn_yolobot.py
[0.318s] -- Up-to-date: /home/carlosmello/ws/install/yolobot_description/share/yolobot_description//launch/spawn_yolobot_launch.launch.py
[0.318s] -- Up-to-date: /home/carlosmello/ws/install/yolobot_description/share/yolobot_description//robot
[0.319s] -- Up-to-date: /home/carlosmello/ws/install/yolobot_description/share/yolobot_description//robot/yolobot.urdf
[0.319s] -- Up-to-date: /home/carlosmello/ws/install/yolobot_description/lib/yolobot_description/spawn_yolobot.py
[0.319s] -- Up-to-date: /home/carlosmello/ws/install/yolobot_description/share/ament_index/resource_index/package_run_dependencies/yolobot_description
[0.319s] -- Up-to-date: /home/carlosmello/ws/install/yolobot_description/share/ament_index/resource_index/parent_prefix_path/yolobot_description
[0.319s] -- Up-to-date: /home/carlosmello/ws/install/yolobot_description/share/yolobot_description/environment/ament_prefix_path.sh
[0.319s] -- Up-to-date: /home/carlosmello/ws/install/yolobot_description/share/yolobot_description/environment/ament_prefix_path.dsv
[0.319s] -- Up-to-date: /home/carlosmello/ws/install/yolobot_description/share/yolobot_description/environment/path.sh
[0.319s] -- Up-to-date: /home/carlosmello/ws/install/yolobot_description/share/yolobot_description/environment/path.dsv
[0.319s] -- Up-to-date: /home/carlosmello/ws/install/yolobot_description/share/yolobot_description/local_setup.bash
[0.319s] -- Up-to-date: /home/carlosmello/ws/install/yolobot_description/share/yolobot_description/local_setup.sh
[0.320s] -- Up-to-date: /home/carlosmello/ws/install/yolobot_description/share/yolobot_description/local_setup.zsh
[0.320s] -- Up-to-date: /home/carlosmello/ws/install/yolobot_description/share/yolobot_description/local_setup.dsv
[0.320s] -- Installing: /home/carlosmello/ws/install/yolobot_description/share/yolobot_description/package.dsv
[0.320s] -- Up-to-date: /home/carlosmello/ws/install/yolobot_description/share/ament_index/resource_index/packages/yolobot_description
[0.324s] -- Up-to-date: /home/carlosmello/ws/install/yolobot_description/share/yolobot_description/cmake/yolobot_descriptionConfig.cmake
[0.324s] -- Up-to-date: /home/carlosmello/ws/install/yolobot_description/share/yolobot_description/cmake/yolobot_descriptionConfig-version.cmake
[0.324s] -- Up-to-date: /home/carlosmello/ws/install/yolobot_description/share/yolobot_description/package.xml
[0.370s] Invoked command in '/home/carlosmello/ws/build/yolobot_description' returned '0': CMAKE_PREFIX_PATH=${CMAKE_PREFIX_PATH}:/opt/ros/humble /usr/bin/cmake --install /home/carlosmello/ws/build/yolobot_description
