[0.043s] Invoking command in '/home/carlosmello/ws/build/perception': CMAKE_PREFIX_PATH=${CMAKE_PREFIX_PATH}:/opt/ros/humble /usr/bin/cmake --build /home/carlosmello/ws/build/perception -- -j8 -l8
[0.162s] Invoked command in '/home/carlosmello/ws/build/perception' returned '0': CMAKE_PREFIX_PATH=${CMAKE_PREFIX_PATH}:/opt/ros/humble /usr/bin/cmake --build /home/carlosmello/ws/build/perception -- -j8 -l8
[0.220s] Invoking command in '/home/carlosmello/ws/build/perception': CMAKE_PREFIX_PATH=${CMAKE_PREFIX_PATH}:/opt/ros/humble /usr/bin/cmake --install /home/carlosmello/ws/build/perception
[0.243s] -- Install configuration: ""
[0.244s] -- Up-to-date: /home/carlosmello/ws/install/perception/lib/perception/position_estimator.py
[0.248s] -- Up-to-date: /home/carlosmello/ws/install/perception/lib/perception
[0.248s] -- Installing: /home/carlosmello/ws/install/perception/lib/perception/__init__.py
[0.248s] -- Up-to-date: /home/carlosmello/ws/install/perception/lib/perception/cone_detection.py
[0.249s] -- Up-to-date: /home/carlosmello/ws/install/perception/lib/perception
[0.249s] -- Installing: /home/carlosmello/ws/install/perception/lib/perception/__init__.py
[0.249s] -- Up-to-date: /home/carlosmello/ws/install/perception/share/ament_index/resource_index/package_run_dependencies/perception
[0.249s] -- Up-to-date: /home/carlosmello/ws/install/perception/share/ament_index/resource_index/parent_prefix_path/perception
[0.249s] -- Up-to-date: /home/carlosmello/ws/install/perception/share/perception/environment/ament_prefix_path.sh
[0.249s] -- Up-to-date: /home/carlosmello/ws/install/perception/share/perception/environment/ament_prefix_path.dsv
[0.249s] -- Up-to-date: /home/carlosmello/ws/install/perception/share/perception/environment/path.sh
[0.249s] -- Up-to-date: /home/carlosmello/ws/install/perception/share/perception/environment/path.dsv
[0.250s] -- Up-to-date: /home/carlosmello/ws/install/perception/share/perception/local_setup.bash
[0.250s] -- Up-to-date: /home/carlosmello/ws/install/perception/share/perception/local_setup.sh
[0.250s] -- Up-to-date: /home/carlosmello/ws/install/perception/share/perception/local_setup.zsh
[0.250s] -- Up-to-date: /home/carlosmello/ws/install/perception/share/perception/local_setup.dsv
[0.250s] -- Installing: /home/carlosmello/ws/install/perception/share/perception/package.dsv
[0.250s] -- Up-to-date: /home/carlosmello/ws/install/perception/share/ament_index/resource_index/packages/perception
[0.250s] -- Up-to-date: /home/carlosmello/ws/install/perception/share/perception/cmake/perceptionConfig.cmake
[0.250s] -- Up-to-date: /home/carlosmello/ws/install/perception/share/perception/cmake/perceptionConfig-version.cmake
[0.251s] -- Up-to-date: /home/carlosmello/ws/install/perception/share/perception/package.xml
[0.278s] Invoked command in '/home/carlosmello/ws/build/perception' returned '0': CMAKE_PREFIX_PATH=${CMAKE_PREFIX_PATH}:/opt/ros/humble /usr/bin/cmake --install /home/carlosmello/ws/build/perception
