[0.075s] Invoking command in '/home/carlosmello/ws/build/perception': CMAKE_PREFIX_PATH=${CMAKE_PREFIX_PATH}:/opt/ros/humble /usr/bin/cmake --build /home/carlosmello/ws/build/perception -- -j8 -l8
[0.162s] Invoked command in '/home/carlosmello/ws/build/perception' returned '0': CMAKE_PREFIX_PATH=${CMAKE_PREFIX_PATH}:/opt/ros/humble /usr/bin/cmake --build /home/carlosmello/ws/build/perception -- -j8 -l8
[0.231s] Invoking command in '/home/carlosmello/ws/build/perception': CMAKE_PREFIX_PATH=${CMAKE_PREFIX_PATH}:/opt/ros/humble /usr/bin/cmake --install /home/carlosmello/ws/build/perception
[0.254s] -- Install configuration: ""
[0.254s] -- Up-to-date: /home/carlosmello/ws/install/perception/lib/perception/image_subscriber.py
[0.255s] -- Up-to-date: /home/carlosmello/ws/install/perception/lib/perception
[0.255s] -- Up-to-date: /home/carlosmello/ws/install/perception/lib/perception/__init__.py
[0.255s] -- Up-to-date: /home/carlosmello/ws/install/perception/lib/perception/cone_detection.py
[0.255s] -- Up-to-date: /home/carlosmello/ws/install/perception/share/ament_index/resource_index/package_run_dependencies/perception
[0.255s] -- Up-to-date: /home/carlosmello/ws/install/perception/share/ament_index/resource_index/parent_prefix_path/perception
[0.255s] -- Up-to-date: /home/carlosmello/ws/install/perception/share/perception/environment/ament_prefix_path.sh
[0.259s] -- Up-to-date: /home/carlosmello/ws/install/perception/share/perception/environment/ament_prefix_path.dsv
[0.261s] -- Up-to-date: /home/carlosmello/ws/install/perception/share/perception/environment/path.sh
[0.262s] -- Up-to-date: /home/carlosmello/ws/install/perception/share/perception/environment/path.dsv
[0.262s] -- Up-to-date: /home/carlosmello/ws/install/perception/share/perception/local_setup.bash
[0.262s] -- Up-to-date: /home/carlosmello/ws/install/perception/share/perception/local_setup.sh
[0.262s] -- Up-to-date: /home/carlosmello/ws/install/perception/share/perception/local_setup.zsh
[0.262s] -- Up-to-date: /home/carlosmello/ws/install/perception/share/perception/local_setup.dsv
[0.263s] -- Installing: /home/carlosmello/ws/install/perception/share/perception/package.dsv
[0.264s] -- Up-to-date: /home/carlosmello/ws/install/perception/share/ament_index/resource_index/packages/perception
[0.264s] -- Up-to-date: /home/carlosmello/ws/install/perception/share/perception/cmake/perceptionConfig.cmake
[0.264s] -- Up-to-date: /home/carlosmello/ws/install/perception/share/perception/cmake/perceptionConfig-version.cmake
[0.264s] -- Up-to-date: /home/carlosmello/ws/install/perception/share/perception/package.xml
[0.291s] Invoked command in '/home/carlosmello/ws/build/perception' returned '0': CMAKE_PREFIX_PATH=${CMAKE_PREFIX_PATH}:/opt/ros/humble /usr/bin/cmake --install /home/carlosmello/ws/build/perception
