[0.198s] [34mcolcon[0m [1;30mDEBUG[0m [32mCommand line arguments: ['/usr/bin/colcon', 'build'][0m
[0.198s] [34mcolcon[0m [1;30mDEBUG[0m [32mParsed command line arguments: Namespace(log_base=None, log_level=None, verb_name='build', build_base='build', install_base='install', merge_install=False, symlink_install=False, test_result_base=None, continue_on_error=False, executor='parallel', parallel_workers=8, event_handlers=None, ignore_user_meta=False, metas=['./colcon.meta'], base_paths=['.'], packages_ignore=None, packages_ignore_regex=None, paths=None, packages_up_to=None, packages_up_to_regex=None, packages_above=None, packages_above_and_dependencies=None, packages_above_depth=None, packages_select_by_dep=None, packages_skip_by_dep=None, packages_skip_up_to=None, packages_select_build_failed=False, packages_skip_build_finished=False, packages_select_test_failures=False, packages_skip_test_passed=False, packages_select=None, packages_skip=None, packages_select_regex=None, packages_skip_regex=None, packages_start=None, packages_end=None, allow_overriding=[], cmake_args=None, cmake_target=None, cmake_target_skip_unavailable=False, cmake_clean_cache=False, cmake_clean_first=False, cmake_force_configure=False, ament_cmake_args=None, catkin_cmake_args=None, catkin_skip_building_tests=False, verb_parser=<colcon_defaults.argument_parser.defaults.DefaultArgumentsDecorator object at 0x7bb0f97b8a90>, verb_extension=<colcon_core.verb.build.BuildVerb object at 0x7bb0f98b9d20>, main=<bound method BuildVerb.main of <colcon_core.verb.build.BuildVerb object at 0x7bb0f98b9d20>>)[0m
[0.276s] [34mcolcon.colcon_core.package_discovery[0m [1;30mLevel 1[0m discover_packages(colcon_meta) check parameters
[0.277s] [34mcolcon.colcon_core.package_discovery[0m [1;30mLevel 1[0m discover_packages(recursive) check parameters
[0.278s] [34mcolcon.colcon_core.package_discovery[0m [1;30mLevel 1[0m discover_packages(ignore) check parameters
[0.278s] [34mcolcon.colcon_core.package_discovery[0m [1;30mLevel 1[0m discover_packages(path) check parameters
[0.278s] [34mcolcon.colcon_core.package_discovery[0m [1;30mLevel 1[0m discover_packages(colcon_meta) discover
[0.278s] [34mcolcon.colcon_core.package_discovery[0m [1;30mLevel 1[0m discover_packages(recursive) discover
[0.278s] [34mcolcon.colcon_core.package_discovery[0m [1;30mINFO[0m Crawling recursively for packages in '/home/carlosmello/ws'
[0.279s] [34mcolcon.colcon_core.package_identification[0m [1;30mLevel 1[0m _identify(.) by extensions ['ignore', 'ignore_ament_install']
[0.279s] [34mcolcon.colcon_core.package_identification[0m [1;30mLevel 1[0m _identify(.) by extension 'ignore'
[0.279s] [34mcolcon.colcon_core.package_identification[0m [1;30mLevel 1[0m _identify(.) by extension 'ignore_ament_install'
[0.279s] [34mcolcon.colcon_core.package_identification[0m [1;30mLevel 1[0m _identify(.) by extensions ['colcon_pkg']
[0.279s] [34mcolcon.colcon_core.package_identification[0m [1;30mLevel 1[0m _identify(.) by extension 'colcon_pkg'
[0.280s] [34mcolcon.colcon_core.package_identification[0m [1;30mLevel 1[0m _identify(.) by extensions ['colcon_meta']
[0.280s] [34mcolcon.colcon_core.package_identification[0m [1;30mLevel 1[0m _identify(.) by extension 'colcon_meta'
[0.280s] [34mcolcon.colcon_core.package_identification[0m [1;30mLevel 1[0m _identify(.) by extensions ['ros']
[0.280s] [34mcolcon.colcon_core.package_identification[0m [1;30mLevel 1[0m _identify(.) by extension 'ros'
[0.314s] [34mcolcon.colcon_core.package_identification[0m [1;30mLevel 1[0m _identify(.) by extensions ['cmake', 'python']
[0.315s] [34mcolcon.colcon_core.package_identification[0m [1;30mLevel 1[0m _identify(.) by extension 'cmake'
[0.315s] [34mcolcon.colcon_core.package_identification[0m [1;30mLevel 1[0m _identify(.) by extension 'python'
[0.315s] [34mcolcon.colcon_core.package_identification[0m [1;30mLevel 1[0m _identify(.) by extensions ['python_setup_py']
[0.315s] [34mcolcon.colcon_core.package_identification[0m [1;30mLevel 1[0m _identify(.) by extension 'python_setup_py'
[0.315s] [34mcolcon.colcon_core.package_identification[0m [1;30mLevel 1[0m _identify(build) by extensions ['ignore', 'ignore_ament_install']
[0.315s] [34mcolcon.colcon_core.package_identification[0m [1;30mLevel 1[0m _identify(build) by extension 'ignore'
[0.315s] [34mcolcon.colcon_core.package_identification[0m [1;30mLevel 1[0m _identify(build) ignored
[0.316s] [34mcolcon.colcon_core.package_identification[0m [1;30mLevel 1[0m _identify(install) by extensions ['ignore', 'ignore_ament_install']
[0.316s] [34mcolcon.colcon_core.package_identification[0m [1;30mLevel 1[0m _identify(install) by extension 'ignore'
[0.316s] [34mcolcon.colcon_core.package_identification[0m [1;30mLevel 1[0m _identify(install) ignored
[0.316s] [34mcolcon.colcon_core.package_identification[0m [1;30mLevel 1[0m _identify(log) by extensions ['ignore', 'ignore_ament_install']
[0.316s] [34mcolcon.colcon_core.package_identification[0m [1;30mLevel 1[0m _identify(log) by extension 'ignore'
[0.316s] [34mcolcon.colcon_core.package_identification[0m [1;30mLevel 1[0m _identify(log) ignored
[0.316s] [34mcolcon.colcon_core.package_identification[0m [1;30mLevel 1[0m _identify(src) by extensions ['ignore', 'ignore_ament_install']
[0.316s] [34mcolcon.colcon_core.package_identification[0m [1;30mLevel 1[0m _identify(src) by extension 'ignore'
[0.316s] [34mcolcon.colcon_core.package_identification[0m [1;30mLevel 1[0m _identify(src) by extension 'ignore_ament_install'
[0.317s] [34mcolcon.colcon_core.package_identification[0m [1;30mLevel 1[0m _identify(src) by extensions ['colcon_pkg']
[0.317s] [34mcolcon.colcon_core.package_identification[0m [1;30mLevel 1[0m _identify(src) by extension 'colcon_pkg'
[0.317s] [34mcolcon.colcon_core.package_identification[0m [1;30mLevel 1[0m _identify(src) by extensions ['colcon_meta']
[0.317s] [34mcolcon.colcon_core.package_identification[0m [1;30mLevel 1[0m _identify(src) by extension 'colcon_meta'
[0.317s] [34mcolcon.colcon_core.package_identification[0m [1;30mLevel 1[0m _identify(src) by extensions ['ros']
[0.317s] [34mcolcon.colcon_core.package_identification[0m [1;30mLevel 1[0m _identify(src) by extension 'ros'
[0.318s] [34mcolcon.colcon_core.package_identification[0m [1;30mLevel 1[0m _identify(src) by extensions ['cmake', 'python']
[0.318s] [34mcolcon.colcon_core.package_identification[0m [1;30mLevel 1[0m _identify(src) by extension 'cmake'
[0.318s] [34mcolcon.colcon_core.package_identification[0m [1;30mLevel 1[0m _identify(src) by extension 'python'
[0.318s] [34mcolcon.colcon_core.package_identification[0m [1;30mLevel 1[0m _identify(src) by extensions ['python_setup_py']
[0.318s] [34mcolcon.colcon_core.package_identification[0m [1;30mLevel 1[0m _identify(src) by extension 'python_setup_py'
[0.319s] [34mcolcon.colcon_core.package_identification[0m [1;30mLevel 1[0m _identify(src/Perception) by extensions ['ignore', 'ignore_ament_install']
[0.319s] [34mcolcon.colcon_core.package_identification[0m [1;30mLevel 1[0m _identify(src/Perception) by extension 'ignore'
[0.319s] [34mcolcon.colcon_core.package_identification[0m [1;30mLevel 1[0m _identify(src/Perception) by extension 'ignore_ament_install'
[0.319s] [34mcolcon.colcon_core.package_identification[0m [1;30mLevel 1[0m _identify(src/Perception) by extensions ['colcon_pkg']
[0.319s] [34mcolcon.colcon_core.package_identification[0m [1;30mLevel 1[0m _identify(src/Perception) by extension 'colcon_pkg'
[0.319s] [34mcolcon.colcon_core.package_identification[0m [1;30mLevel 1[0m _identify(src/Perception) by extensions ['colcon_meta']
[0.319s] [34mcolcon.colcon_core.package_identification[0m [1;30mLevel 1[0m _identify(src/Perception) by extension 'colcon_meta'
[0.319s] [34mcolcon.colcon_core.package_identification[0m [1;30mLevel 1[0m _identify(src/Perception) by extensions ['ros']
[0.319s] [34mcolcon.colcon_core.package_identification[0m [1;30mLevel 1[0m _identify(src/Perception) by extension 'ros'
[0.324s] [34mcolcon.colcon_core.package_identification[0m [1;30mDEBUG[0m [32mPackage 'src/Perception' with type 'ros.ament_cmake' and name 'perception'[0m
[0.324s] [34mcolcon.colcon_core.package_identification[0m [1;30mLevel 1[0m _identify(src/yolobot_control) by extensions ['ignore', 'ignore_ament_install']
[0.324s] [34mcolcon.colcon_core.package_identification[0m [1;30mLevel 1[0m _identify(src/yolobot_control) by extension 'ignore'
[0.324s] [34mcolcon.colcon_core.package_identification[0m [1;30mLevel 1[0m _identify(src/yolobot_control) by extension 'ignore_ament_install'
[0.325s] [34mcolcon.colcon_core.package_identification[0m [1;30mLevel 1[0m _identify(src/yolobot_control) by extensions ['colcon_pkg']
[0.325s] [34mcolcon.colcon_core.package_identification[0m [1;30mLevel 1[0m _identify(src/yolobot_control) by extension 'colcon_pkg'
[0.325s] [34mcolcon.colcon_core.package_identification[0m [1;30mLevel 1[0m _identify(src/yolobot_control) by extensions ['colcon_meta']
[0.325s] [34mcolcon.colcon_core.package_identification[0m [1;30mLevel 1[0m _identify(src/yolobot_control) by extension 'colcon_meta'
[0.325s] [34mcolcon.colcon_core.package_identification[0m [1;30mLevel 1[0m _identify(src/yolobot_control) by extensions ['ros']
[0.325s] [34mcolcon.colcon_core.package_identification[0m [1;30mLevel 1[0m _identify(src/yolobot_control) by extension 'ros'
[0.326s] [34mcolcon.colcon_core.package_identification[0m [1;30mDEBUG[0m [32mPackage 'src/yolobot_control' with type 'ros.ament_cmake' and name 'yolobot_control'[0m
[0.327s] [34mcolcon.colcon_core.package_identification[0m [1;30mLevel 1[0m _identify(src/yolobot_description) by extensions ['ignore', 'ignore_ament_install']
[0.327s] [34mcolcon.colcon_core.package_identification[0m [1;30mLevel 1[0m _identify(src/yolobot_description) by extension 'ignore'
[0.327s] [34mcolcon.colcon_core.package_identification[0m [1;30mLevel 1[0m _identify(src/yolobot_description) by extension 'ignore_ament_install'
[0.328s] [34mcolcon.colcon_core.package_identification[0m [1;30mLevel 1[0m _identify(src/yolobot_description) by extensions ['colcon_pkg']
[0.328s] [34mcolcon.colcon_core.package_identification[0m [1;30mLevel 1[0m _identify(src/yolobot_description) by extension 'colcon_pkg'
[0.328s] [34mcolcon.colcon_core.package_identification[0m [1;30mLevel 1[0m _identify(src/yolobot_description) by extensions ['colcon_meta']
[0.328s] [34mcolcon.colcon_core.package_identification[0m [1;30mLevel 1[0m _identify(src/yolobot_description) by extension 'colcon_meta'
[0.328s] [34mcolcon.colcon_core.package_identification[0m [1;30mLevel 1[0m _identify(src/yolobot_description) by extensions ['ros']
[0.328s] [34mcolcon.colcon_core.package_identification[0m [1;30mLevel 1[0m _identify(src/yolobot_description) by extension 'ros'
[0.329s] [34mcolcon.colcon_core.package_identification[0m [1;30mDEBUG[0m [32mPackage 'src/yolobot_description' with type 'ros.ament_cmake' and name 'yolobot_description'[0m
[0.330s] [34mcolcon.colcon_core.package_identification[0m [1;30mLevel 1[0m _identify(src/yolobot_gazebo) by extensions ['ignore', 'ignore_ament_install']
[0.330s] [34mcolcon.colcon_core.package_identification[0m [1;30mLevel 1[0m _identify(src/yolobot_gazebo) by extension 'ignore'
[0.330s] [34mcolcon.colcon_core.package_identification[0m [1;30mLevel 1[0m _identify(src/yolobot_gazebo) by extension 'ignore_ament_install'
[0.330s] [34mcolcon.colcon_core.package_identification[0m [1;30mLevel 1[0m _identify(src/yolobot_gazebo) by extensions ['colcon_pkg']
[0.330s] [34mcolcon.colcon_core.package_identification[0m [1;30mLevel 1[0m _identify(src/yolobot_gazebo) by extension 'colcon_pkg'
[0.331s] [34mcolcon.colcon_core.package_identification[0m [1;30mLevel 1[0m _identify(src/yolobot_gazebo) by extensions ['colcon_meta']
[0.331s] [34mcolcon.colcon_core.package_identification[0m [1;30mLevel 1[0m _identify(src/yolobot_gazebo) by extension 'colcon_meta'
[0.331s] [34mcolcon.colcon_core.package_identification[0m [1;30mLevel 1[0m _identify(src/yolobot_gazebo) by extensions ['ros']
[0.331s] [34mcolcon.colcon_core.package_identification[0m [1;30mLevel 1[0m _identify(src/yolobot_gazebo) by extension 'ros'
[0.332s] [34mcolcon.colcon_core.package_identification[0m [1;30mDEBUG[0m [32mPackage 'src/yolobot_gazebo' with type 'ros.ament_cmake' and name 'yolobot_gazebo'[0m
[0.332s] [34mcolcon.colcon_core.package_identification[0m [1;30mLevel 1[0m _identify(src/yolobot_recognition) by extensions ['ignore', 'ignore_ament_install']
[0.332s] [34mcolcon.colcon_core.package_identification[0m [1;30mLevel 1[0m _identify(src/yolobot_recognition) by extension 'ignore'
[0.332s] [34mcolcon.colcon_core.package_identification[0m [1;30mLevel 1[0m _identify(src/yolobot_recognition) by extension 'ignore_ament_install'
[0.332s] [34mcolcon.colcon_core.package_identification[0m [1;30mLevel 1[0m _identify(src/yolobot_recognition) by extensions ['colcon_pkg']
[0.332s] [34mcolcon.colcon_core.package_identification[0m [1;30mLevel 1[0m _identify(src/yolobot_recognition) by extension 'colcon_pkg'
[0.333s] [34mcolcon.colcon_core.package_identification[0m [1;30mLevel 1[0m _identify(src/yolobot_recognition) by extensions ['colcon_meta']
[0.333s] [34mcolcon.colcon_core.package_identification[0m [1;30mLevel 1[0m _identify(src/yolobot_recognition) by extension 'colcon_meta'
[0.333s] [34mcolcon.colcon_core.package_identification[0m [1;30mLevel 1[0m _identify(src/yolobot_recognition) by extensions ['ros']
[0.333s] [34mcolcon.colcon_core.package_identification[0m [1;30mLevel 1[0m _identify(src/yolobot_recognition) by extension 'ros'
[0.334s] [34mcolcon.colcon_core.package_identification[0m [1;30mDEBUG[0m [32mPackage 'src/yolobot_recognition' with type 'ros.ament_cmake' and name 'yolobot_recognition'[0m
[0.334s] [34mcolcon.colcon_core.package_identification[0m [1;30mLevel 1[0m _identify(src/yolov8_msgs) by extensions ['ignore', 'ignore_ament_install']
[0.334s] [34mcolcon.colcon_core.package_identification[0m [1;30mLevel 1[0m _identify(src/yolov8_msgs) by extension 'ignore'
[0.334s] [34mcolcon.colcon_core.package_identification[0m [1;30mLevel 1[0m _identify(src/yolov8_msgs) by extension 'ignore_ament_install'
[0.334s] [34mcolcon.colcon_core.package_identification[0m [1;30mLevel 1[0m _identify(src/yolov8_msgs) by extensions ['colcon_pkg']
[0.334s] [34mcolcon.colcon_core.package_identification[0m [1;30mLevel 1[0m _identify(src/yolov8_msgs) by extension 'colcon_pkg'
[0.334s] [34mcolcon.colcon_core.package_identification[0m [1;30mLevel 1[0m _identify(src/yolov8_msgs) by extensions ['colcon_meta']
[0.334s] [34mcolcon.colcon_core.package_identification[0m [1;30mLevel 1[0m _identify(src/yolov8_msgs) by extension 'colcon_meta'
[0.335s] [34mcolcon.colcon_core.package_identification[0m [1;30mLevel 1[0m _identify(src/yolov8_msgs) by extensions ['ros']
[0.335s] [34mcolcon.colcon_core.package_identification[0m [1;30mLevel 1[0m _identify(src/yolov8_msgs) by extension 'ros'
[0.336s] [34mcolcon.colcon_core.package_identification[0m [1;30mDEBUG[0m [32mPackage 'src/yolov8_msgs' with type 'ros.ament_cmake' and name 'yolov8_msgs'[0m
[0.336s] [34mcolcon.colcon_core.package_identification[0m [1;30mLevel 1[0m _identify(~) by extensions ['ignore', 'ignore_ament_install']
[0.336s] [34mcolcon.colcon_core.package_identification[0m [1;30mLevel 1[0m _identify(~) by extension 'ignore'
[0.336s] [34mcolcon.colcon_core.package_identification[0m [1;30mLevel 1[0m _identify(~) by extension 'ignore_ament_install'
[0.336s] [34mcolcon.colcon_core.package_identification[0m [1;30mLevel 1[0m _identify(~) by extensions ['colcon_pkg']
[0.336s] [34mcolcon.colcon_core.package_identification[0m [1;30mLevel 1[0m _identify(~) by extension 'colcon_pkg'
[0.336s] [34mcolcon.colcon_core.package_identification[0m [1;30mLevel 1[0m _identify(~) by extensions ['colcon_meta']
[0.336s] [34mcolcon.colcon_core.package_identification[0m [1;30mLevel 1[0m _identify(~) by extension 'colcon_meta'
[0.337s] [34mcolcon.colcon_core.package_identification[0m [1;30mLevel 1[0m _identify(~) by extensions ['ros']
[0.337s] [34mcolcon.colcon_core.package_identification[0m [1;30mLevel 1[0m _identify(~) by extension 'ros'
[0.337s] [34mcolcon.colcon_core.package_identification[0m [1;30mLevel 1[0m _identify(~) by extensions ['cmake', 'python']
[0.337s] [34mcolcon.colcon_core.package_identification[0m [1;30mLevel 1[0m _identify(~) by extension 'cmake'
[0.337s] [34mcolcon.colcon_core.package_identification[0m [1;30mLevel 1[0m _identify(~) by extension 'python'
[0.337s] [34mcolcon.colcon_core.package_identification[0m [1;30mLevel 1[0m _identify(~) by extensions ['python_setup_py']
[0.338s] [34mcolcon.colcon_core.package_identification[0m [1;30mLevel 1[0m _identify(~) by extension 'python_setup_py'
[0.338s] [34mcolcon.colcon_core.package_identification[0m [1;30mLevel 1[0m _identify(~/yolobot) by extensions ['ignore', 'ignore_ament_install']
[0.338s] [34mcolcon.colcon_core.package_identification[0m [1;30mLevel 1[0m _identify(~/yolobot) by extension 'ignore'
[0.338s] [34mcolcon.colcon_core.package_identification[0m [1;30mLevel 1[0m _identify(~/yolobot) by extension 'ignore_ament_install'
[0.338s] [34mcolcon.colcon_core.package_identification[0m [1;30mLevel 1[0m _identify(~/yolobot) by extensions ['colcon_pkg']
[0.338s] [34mcolcon.colcon_core.package_identification[0m [1;30mLevel 1[0m _identify(~/yolobot) by extension 'colcon_pkg'
[0.338s] [34mcolcon.colcon_core.package_identification[0m [1;30mLevel 1[0m _identify(~/yolobot) by extensions ['colcon_meta']
[0.338s] [34mcolcon.colcon_core.package_identification[0m [1;30mLevel 1[0m _identify(~/yolobot) by extension 'colcon_meta'
[0.338s] [34mcolcon.colcon_core.package_identification[0m [1;30mLevel 1[0m _identify(~/yolobot) by extensions ['ros']
[0.338s] [34mcolcon.colcon_core.package_identification[0m [1;30mLevel 1[0m _identify(~/yolobot) by extension 'ros'
[0.338s] [34mcolcon.colcon_core.package_identification[0m [1;30mLevel 1[0m _identify(~/yolobot) by extensions ['cmake', 'python']
[0.338s] [34mcolcon.colcon_core.package_identification[0m [1;30mLevel 1[0m _identify(~/yolobot) by extension 'cmake'
[0.338s] [34mcolcon.colcon_core.package_identification[0m [1;30mLevel 1[0m _identify(~/yolobot) by extension 'python'
[0.338s] [34mcolcon.colcon_core.package_identification[0m [1;30mLevel 1[0m _identify(~/yolobot) by extensions ['python_setup_py']
[0.339s] [34mcolcon.colcon_core.package_identification[0m [1;30mLevel 1[0m _identify(~/yolobot) by extension 'python_setup_py'
[0.339s] [34mcolcon.colcon_core.package_identification[0m [1;30mLevel 1[0m _identify(~/yolobot/src) by extensions ['ignore', 'ignore_ament_install']
[0.339s] [34mcolcon.colcon_core.package_identification[0m [1;30mLevel 1[0m _identify(~/yolobot/src) by extension 'ignore'
[0.339s] [34mcolcon.colcon_core.package_identification[0m [1;30mLevel 1[0m _identify(~/yolobot/src) by extension 'ignore_ament_install'
[0.339s] [34mcolcon.colcon_core.package_identification[0m [1;30mLevel 1[0m _identify(~/yolobot/src) by extensions ['colcon_pkg']
[0.339s] [34mcolcon.colcon_core.package_identification[0m [1;30mLevel 1[0m _identify(~/yolobot/src) by extension 'colcon_pkg'
[0.339s] [34mcolcon.colcon_core.package_identification[0m [1;30mLevel 1[0m _identify(~/yolobot/src) by extensions ['colcon_meta']
[0.339s] [34mcolcon.colcon_core.package_identification[0m [1;30mLevel 1[0m _identify(~/yolobot/src) by extension 'colcon_meta'
[0.339s] [34mcolcon.colcon_core.package_identification[0m [1;30mLevel 1[0m _identify(~/yolobot/src) by extensions ['ros']
[0.339s] [34mcolcon.colcon_core.package_identification[0m [1;30mLevel 1[0m _identify(~/yolobot/src) by extension 'ros'
[0.339s] [34mcolcon.colcon_core.package_identification[0m [1;30mLevel 1[0m _identify(~/yolobot/src) by extensions ['cmake', 'python']
[0.339s] [34mcolcon.colcon_core.package_identification[0m [1;30mLevel 1[0m _identify(~/yolobot/src) by extension 'cmake'
[0.340s] [34mcolcon.colcon_core.package_identification[0m [1;30mLevel 1[0m _identify(~/yolobot/src) by extension 'python'
[0.340s] [34mcolcon.colcon_core.package_identification[0m [1;30mLevel 1[0m _identify(~/yolobot/src) by extensions ['python_setup_py']
[0.340s] [34mcolcon.colcon_core.package_identification[0m [1;30mLevel 1[0m _identify(~/yolobot/src) by extension 'python_setup_py'
[0.340s] [34mcolcon.colcon_core.package_identification[0m [1;30mLevel 1[0m _identify(~/yolobot/src/yolobot_recognition) by extensions ['ignore', 'ignore_ament_install']
[0.340s] [34mcolcon.colcon_core.package_identification[0m [1;30mLevel 1[0m _identify(~/yolobot/src/yolobot_recognition) by extension 'ignore'
[0.340s] [34mcolcon.colcon_core.package_identification[0m [1;30mLevel 1[0m _identify(~/yolobot/src/yolobot_recognition) by extension 'ignore_ament_install'
[0.340s] [34mcolcon.colcon_core.package_identification[0m [1;30mLevel 1[0m _identify(~/yolobot/src/yolobot_recognition) by extensions ['colcon_pkg']
[0.340s] [34mcolcon.colcon_core.package_identification[0m [1;30mLevel 1[0m _identify(~/yolobot/src/yolobot_recognition) by extension 'colcon_pkg'
[0.340s] [34mcolcon.colcon_core.package_identification[0m [1;30mLevel 1[0m _identify(~/yolobot/src/yolobot_recognition) by extensions ['colcon_meta']
[0.340s] [34mcolcon.colcon_core.package_identification[0m [1;30mLevel 1[0m _identify(~/yolobot/src/yolobot_recognition) by extension 'colcon_meta'
[0.341s] [34mcolcon.colcon_core.package_identification[0m [1;30mLevel 1[0m _identify(~/yolobot/src/yolobot_recognition) by extensions ['ros']
[0.341s] [34mcolcon.colcon_core.package_identification[0m [1;30mLevel 1[0m _identify(~/yolobot/src/yolobot_recognition) by extension 'ros'
[0.341s] [34mcolcon.colcon_core.package_identification[0m [1;30mLevel 1[0m _identify(~/yolobot/src/yolobot_recognition) by extensions ['cmake', 'python']
[0.342s] [34mcolcon.colcon_core.package_identification[0m [1;30mLevel 1[0m _identify(~/yolobot/src/yolobot_recognition) by extension 'cmake'
[0.342s] [34mcolcon.colcon_core.package_identification[0m [1;30mLevel 1[0m _identify(~/yolobot/src/yolobot_recognition) by extension 'python'
[0.342s] [34mcolcon.colcon_core.package_identification[0m [1;30mLevel 1[0m _identify(~/yolobot/src/yolobot_recognition) by extensions ['python_setup_py']
[0.342s] [34mcolcon.colcon_core.package_identification[0m [1;30mLevel 1[0m _identify(~/yolobot/src/yolobot_recognition) by extension 'python_setup_py'
[0.342s] [34mcolcon.colcon_core.package_identification[0m [1;30mLevel 1[0m _identify(~/yolobot/src/yolobot_recognition/scripts) by extensions ['ignore', 'ignore_ament_install']
[0.342s] [34mcolcon.colcon_core.package_identification[0m [1;30mLevel 1[0m _identify(~/yolobot/src/yolobot_recognition/scripts) by extension 'ignore'
[0.343s] [34mcolcon.colcon_core.package_identification[0m [1;30mLevel 1[0m _identify(~/yolobot/src/yolobot_recognition/scripts) by extension 'ignore_ament_install'
[0.343s] [34mcolcon.colcon_core.package_identification[0m [1;30mLevel 1[0m _identify(~/yolobot/src/yolobot_recognition/scripts) by extensions ['colcon_pkg']
[0.343s] [34mcolcon.colcon_core.package_identification[0m [1;30mLevel 1[0m _identify(~/yolobot/src/yolobot_recognition/scripts) by extension 'colcon_pkg'
[0.343s] [34mcolcon.colcon_core.package_identification[0m [1;30mLevel 1[0m _identify(~/yolobot/src/yolobot_recognition/scripts) by extensions ['colcon_meta']
[0.343s] [34mcolcon.colcon_core.package_identification[0m [1;30mLevel 1[0m _identify(~/yolobot/src/yolobot_recognition/scripts) by extension 'colcon_meta'
[0.343s] [34mcolcon.colcon_core.package_identification[0m [1;30mLevel 1[0m _identify(~/yolobot/src/yolobot_recognition/scripts) by extensions ['ros']
[0.343s] [34mcolcon.colcon_core.package_identification[0m [1;30mLevel 1[0m _identify(~/yolobot/src/yolobot_recognition/scripts) by extension 'ros'
[0.343s] [34mcolcon.colcon_core.package_identification[0m [1;30mLevel 1[0m _identify(~/yolobot/src/yolobot_recognition/scripts) by extensions ['cmake', 'python']
[0.343s] [34mcolcon.colcon_core.package_identification[0m [1;30mLevel 1[0m _identify(~/yolobot/src/yolobot_recognition/scripts) by extension 'cmake'
[0.343s] [34mcolcon.colcon_core.package_identification[0m [1;30mLevel 1[0m _identify(~/yolobot/src/yolobot_recognition/scripts) by extension 'python'
[0.343s] [34mcolcon.colcon_core.package_identification[0m [1;30mLevel 1[0m _identify(~/yolobot/src/yolobot_recognition/scripts) by extensions ['python_setup_py']
[0.343s] [34mcolcon.colcon_core.package_identification[0m [1;30mLevel 1[0m _identify(~/yolobot/src/yolobot_recognition/scripts) by extension 'python_setup_py'
[0.343s] [34mcolcon.colcon_core.package_discovery[0m [1;30mLevel 1[0m discover_packages(recursive) using defaults
[0.344s] [34mcolcon.colcon_core.package_discovery[0m [1;30mLevel 1[0m discover_packages(ignore) discover
[0.344s] [34mcolcon.colcon_core.package_discovery[0m [1;30mLevel 1[0m discover_packages(ignore) using defaults
[0.344s] [34mcolcon.colcon_core.package_discovery[0m [1;30mLevel 1[0m discover_packages(path) discover
[0.344s] [34mcolcon.colcon_core.package_discovery[0m [1;30mLevel 1[0m discover_packages(path) using defaults
[0.374s] [34mcolcon.colcon_core.package_discovery[0m [1;30mLevel 1[0m discover_packages(prefix_path) check parameters
[0.374s] [34mcolcon.colcon_core.package_discovery[0m [1;30mLevel 1[0m discover_packages(prefix_path) discover
[0.378s] [34mcolcon.colcon_installed_package_information.package_discovery[0m [1;30mDEBUG[0m [32mFound 6 installed packages in /home/carlosmello/ws/install[0m
[0.380s] [34mcolcon.colcon_installed_package_information.package_discovery[0m [1;30mDEBUG[0m [32mFound 323 installed packages in /opt/ros/humble[0m
[0.383s] [34mcolcon.colcon_core.package_discovery[0m [1;30mLevel 1[0m discover_packages(prefix_path) using defaults
[0.451s] [34mcolcon.colcon_core.verb[0m [1;30mLevel 5[0m set package 'yolobot_control' build argument 'cmake_args' from command line to 'None'
[0.451s] [34mcolcon.colcon_core.verb[0m [1;30mLevel 5[0m set package 'yolobot_control' build argument 'cmake_target' from command line to 'None'
[0.451s] [34mcolcon.colcon_core.verb[0m [1;30mLevel 5[0m set package 'yolobot_control' build argument 'cmake_target_skip_unavailable' from command line to 'False'
[0.451s] [34mcolcon.colcon_core.verb[0m [1;30mLevel 5[0m set package 'yolobot_control' build argument 'cmake_clean_cache' from command line to 'False'
[0.451s] [34mcolcon.colcon_core.verb[0m [1;30mLevel 5[0m set package 'yolobot_control' build argument 'cmake_clean_first' from command line to 'False'
[0.451s] [34mcolcon.colcon_core.verb[0m [1;30mLevel 5[0m set package 'yolobot_control' build argument 'cmake_force_configure' from command line to 'False'
[0.451s] [34mcolcon.colcon_core.verb[0m [1;30mLevel 5[0m set package 'yolobot_control' build argument 'ament_cmake_args' from command line to 'None'
[0.451s] [34mcolcon.colcon_core.verb[0m [1;30mLevel 5[0m set package 'yolobot_control' build argument 'catkin_cmake_args' from command line to 'None'
[0.451s] [34mcolcon.colcon_core.verb[0m [1;30mLevel 5[0m set package 'yolobot_control' build argument 'catkin_skip_building_tests' from command line to 'False'
[0.451s] [34mcolcon.colcon_core.verb[0m [1;30mDEBUG[0m [32mBuilding package 'yolobot_control' with the following arguments: {'ament_cmake_args': None, 'build_base': '/home/carlosmello/ws/build/yolobot_control', 'catkin_cmake_args': None, 'catkin_skip_building_tests': False, 'cmake_args': None, 'cmake_clean_cache': False, 'cmake_clean_first': False, 'cmake_force_configure': False, 'cmake_target': None, 'cmake_target_skip_unavailable': False, 'install_base': '/home/carlosmello/ws/install/yolobot_control', 'merge_install': False, 'path': '/home/carlosmello/ws/src/yolobot_control', 'symlink_install': False, 'test_result_base': None}[0m
[0.451s] [34mcolcon.colcon_core.verb[0m [1;30mLevel 5[0m set package 'yolobot_description' build argument 'cmake_args' from command line to 'None'
[0.451s] [34mcolcon.colcon_core.verb[0m [1;30mLevel 5[0m set package 'yolobot_description' build argument 'cmake_target' from command line to 'None'
[0.452s] [34mcolcon.colcon_core.verb[0m [1;30mLevel 5[0m set package 'yolobot_description' build argument 'cmake_target_skip_unavailable' from command line to 'False'
[0.452s] [34mcolcon.colcon_core.verb[0m [1;30mLevel 5[0m set package 'yolobot_description' build argument 'cmake_clean_cache' from command line to 'False'
[0.452s] [34mcolcon.colcon_core.verb[0m [1;30mLevel 5[0m set package 'yolobot_description' build argument 'cmake_clean_first' from command line to 'False'
[0.452s] [34mcolcon.colcon_core.verb[0m [1;30mLevel 5[0m set package 'yolobot_description' build argument 'cmake_force_configure' from command line to 'False'
[0.452s] [34mcolcon.colcon_core.verb[0m [1;30mLevel 5[0m set package 'yolobot_description' build argument 'ament_cmake_args' from command line to 'None'
[0.452s] [34mcolcon.colcon_core.verb[0m [1;30mLevel 5[0m set package 'yolobot_description' build argument 'catkin_cmake_args' from command line to 'None'
[0.452s] [34mcolcon.colcon_core.verb[0m [1;30mLevel 5[0m set package 'yolobot_description' build argument 'catkin_skip_building_tests' from command line to 'False'
[0.452s] [34mcolcon.colcon_core.verb[0m [1;30mDEBUG[0m [32mBuilding package 'yolobot_description' with the following arguments: {'ament_cmake_args': None, 'build_base': '/home/carlosmello/ws/build/yolobot_description', 'catkin_cmake_args': None, 'catkin_skip_building_tests': False, 'cmake_args': None, 'cmake_clean_cache': False, 'cmake_clean_first': False, 'cmake_force_configure': False, 'cmake_target': None, 'cmake_target_skip_unavailable': False, 'install_base': '/home/carlosmello/ws/install/yolobot_description', 'merge_install': False, 'path': '/home/carlosmello/ws/src/yolobot_description', 'symlink_install': False, 'test_result_base': None}[0m
[0.452s] [34mcolcon.colcon_core.verb[0m [1;30mLevel 5[0m set package 'yolobot_gazebo' build argument 'cmake_args' from command line to 'None'
[0.452s] [34mcolcon.colcon_core.verb[0m [1;30mLevel 5[0m set package 'yolobot_gazebo' build argument 'cmake_target' from command line to 'None'
[0.452s] [34mcolcon.colcon_core.verb[0m [1;30mLevel 5[0m set package 'yolobot_gazebo' build argument 'cmake_target_skip_unavailable' from command line to 'False'
[0.452s] [34mcolcon.colcon_core.verb[0m [1;30mLevel 5[0m set package 'yolobot_gazebo' build argument 'cmake_clean_cache' from command line to 'False'
[0.452s] [34mcolcon.colcon_core.verb[0m [1;30mLevel 5[0m set package 'yolobot_gazebo' build argument 'cmake_clean_first' from command line to 'False'
[0.452s] [34mcolcon.colcon_core.verb[0m [1;30mLevel 5[0m set package 'yolobot_gazebo' build argument 'cmake_force_configure' from command line to 'False'
[0.452s] [34mcolcon.colcon_core.verb[0m [1;30mLevel 5[0m set package 'yolobot_gazebo' build argument 'ament_cmake_args' from command line to 'None'
[0.452s] [34mcolcon.colcon_core.verb[0m [1;30mLevel 5[0m set package 'yolobot_gazebo' build argument 'catkin_cmake_args' from command line to 'None'
[0.452s] [34mcolcon.colcon_core.verb[0m [1;30mLevel 5[0m set package 'yolobot_gazebo' build argument 'catkin_skip_building_tests' from command line to 'False'
[0.452s] [34mcolcon.colcon_core.verb[0m [1;30mDEBUG[0m [32mBuilding package 'yolobot_gazebo' with the following arguments: {'ament_cmake_args': None, 'build_base': '/home/carlosmello/ws/build/yolobot_gazebo', 'catkin_cmake_args': None, 'catkin_skip_building_tests': False, 'cmake_args': None, 'cmake_clean_cache': False, 'cmake_clean_first': False, 'cmake_force_configure': False, 'cmake_target': None, 'cmake_target_skip_unavailable': False, 'install_base': '/home/carlosmello/ws/install/yolobot_gazebo', 'merge_install': False, 'path': '/home/carlosmello/ws/src/yolobot_gazebo', 'symlink_install': False, 'test_result_base': None}[0m
[0.453s] [34mcolcon.colcon_core.verb[0m [1;30mLevel 5[0m set package 'yolobot_recognition' build argument 'cmake_args' from command line to 'None'
[0.453s] [34mcolcon.colcon_core.verb[0m [1;30mLevel 5[0m set package 'yolobot_recognition' build argument 'cmake_target' from command line to 'None'
[0.453s] [34mcolcon.colcon_core.verb[0m [1;30mLevel 5[0m set package 'yolobot_recognition' build argument 'cmake_target_skip_unavailable' from command line to 'False'
[0.453s] [34mcolcon.colcon_core.verb[0m [1;30mLevel 5[0m set package 'yolobot_recognition' build argument 'cmake_clean_cache' from command line to 'False'
[0.453s] [34mcolcon.colcon_core.verb[0m [1;30mLevel 5[0m set package 'yolobot_recognition' build argument 'cmake_clean_first' from command line to 'False'
[0.453s] [34mcolcon.colcon_core.verb[0m [1;30mLevel 5[0m set package 'yolobot_recognition' build argument 'cmake_force_configure' from command line to 'False'
[0.453s] [34mcolcon.colcon_core.verb[0m [1;30mLevel 5[0m set package 'yolobot_recognition' build argument 'ament_cmake_args' from command line to 'None'
[0.453s] [34mcolcon.colcon_core.verb[0m [1;30mLevel 5[0m set package 'yolobot_recognition' build argument 'catkin_cmake_args' from command line to 'None'
[0.453s] [34mcolcon.colcon_core.verb[0m [1;30mLevel 5[0m set package 'yolobot_recognition' build argument 'catkin_skip_building_tests' from command line to 'False'
[0.453s] [34mcolcon.colcon_core.verb[0m [1;30mDEBUG[0m [32mBuilding package 'yolobot_recognition' with the following arguments: {'ament_cmake_args': None, 'build_base': '/home/carlosmello/ws/build/yolobot_recognition', 'catkin_cmake_args': None, 'catkin_skip_building_tests': False, 'cmake_args': None, 'cmake_clean_cache': False, 'cmake_clean_first': False, 'cmake_force_configure': False, 'cmake_target': None, 'cmake_target_skip_unavailable': False, 'install_base': '/home/carlosmello/ws/install/yolobot_recognition', 'merge_install': False, 'path': '/home/carlosmello/ws/src/yolobot_recognition', 'symlink_install': False, 'test_result_base': None}[0m
[0.453s] [34mcolcon.colcon_core.verb[0m [1;30mLevel 5[0m set package 'yolov8_msgs' build argument 'cmake_args' from command line to 'None'
[0.453s] [34mcolcon.colcon_core.verb[0m [1;30mLevel 5[0m set package 'yolov8_msgs' build argument 'cmake_target' from command line to 'None'
[0.454s] [34mcolcon.colcon_core.verb[0m [1;30mLevel 5[0m set package 'yolov8_msgs' build argument 'cmake_target_skip_unavailable' from command line to 'False'
[0.454s] [34mcolcon.colcon_core.verb[0m [1;30mLevel 5[0m set package 'yolov8_msgs' build argument 'cmake_clean_cache' from command line to 'False'
[0.454s] [34mcolcon.colcon_core.verb[0m [1;30mLevel 5[0m set package 'yolov8_msgs' build argument 'cmake_clean_first' from command line to 'False'
[0.454s] [34mcolcon.colcon_core.verb[0m [1;30mLevel 5[0m set package 'yolov8_msgs' build argument 'cmake_force_configure' from command line to 'False'
[0.454s] [34mcolcon.colcon_core.verb[0m [1;30mLevel 5[0m set package 'yolov8_msgs' build argument 'ament_cmake_args' from command line to 'None'
[0.454s] [34mcolcon.colcon_core.verb[0m [1;30mLevel 5[0m set package 'yolov8_msgs' build argument 'catkin_cmake_args' from command line to 'None'
[0.454s] [34mcolcon.colcon_core.verb[0m [1;30mLevel 5[0m set package 'yolov8_msgs' build argument 'catkin_skip_building_tests' from command line to 'False'
[0.454s] [34mcolcon.colcon_core.verb[0m [1;30mDEBUG[0m [32mBuilding package 'yolov8_msgs' with the following arguments: {'ament_cmake_args': None, 'build_base': '/home/carlosmello/ws/build/yolov8_msgs', 'catkin_cmake_args': None, 'catkin_skip_building_tests': False, 'cmake_args': None, 'cmake_clean_cache': False, 'cmake_clean_first': False, 'cmake_force_configure': False, 'cmake_target': None, 'cmake_target_skip_unavailable': False, 'install_base': '/home/carlosmello/ws/install/yolov8_msgs', 'merge_install': False, 'path': '/home/carlosmello/ws/src/yolov8_msgs', 'symlink_install': False, 'test_result_base': None}[0m
[0.454s] [34mcolcon.colcon_core.verb[0m [1;30mLevel 5[0m set package 'perception' build argument 'cmake_args' from command line to 'None'
[0.454s] [34mcolcon.colcon_core.verb[0m [1;30mLevel 5[0m set package 'perception' build argument 'cmake_target' from command line to 'None'
[0.454s] [34mcolcon.colcon_core.verb[0m [1;30mLevel 5[0m set package 'perception' build argument 'cmake_target_skip_unavailable' from command line to 'False'
[0.454s] [34mcolcon.colcon_core.verb[0m [1;30mLevel 5[0m set package 'perception' build argument 'cmake_clean_cache' from command line to 'False'
[0.454s] [34mcolcon.colcon_core.verb[0m [1;30mLevel 5[0m set package 'perception' build argument 'cmake_clean_first' from command line to 'False'
[0.454s] [34mcolcon.colcon_core.verb[0m [1;30mLevel 5[0m set package 'perception' build argument 'cmake_force_configure' from command line to 'False'
[0.454s] [34mcolcon.colcon_core.verb[0m [1;30mLevel 5[0m set package 'perception' build argument 'ament_cmake_args' from command line to 'None'
[0.454s] [34mcolcon.colcon_core.verb[0m [1;30mLevel 5[0m set package 'perception' build argument 'catkin_cmake_args' from command line to 'None'
[0.454s] [34mcolcon.colcon_core.verb[0m [1;30mLevel 5[0m set package 'perception' build argument 'catkin_skip_building_tests' from command line to 'False'
[0.454s] [34mcolcon.colcon_core.verb[0m [1;30mDEBUG[0m [32mBuilding package 'perception' with the following arguments: {'ament_cmake_args': None, 'build_base': '/home/carlosmello/ws/build/perception', 'catkin_cmake_args': None, 'catkin_skip_building_tests': False, 'cmake_args': None, 'cmake_clean_cache': False, 'cmake_clean_first': False, 'cmake_force_configure': False, 'cmake_target': None, 'cmake_target_skip_unavailable': False, 'install_base': '/home/carlosmello/ws/install/perception', 'merge_install': False, 'path': '/home/carlosmello/ws/src/Perception', 'symlink_install': False, 'test_result_base': None}[0m
[0.454s] [34mcolcon.colcon_core.executor[0m [1;30mINFO[0m Executing jobs using 'parallel' executor
[0.455s] [34mcolcon.colcon_parallel_executor.executor.parallel[0m [1;30mDEBUG[0m [32mrun_until_complete[0m
[0.456s] [34mcolcon.colcon_ros.task.ament_cmake.build[0m [1;30mINFO[0m Building ROS package in '/home/carlosmello/ws/src/yolov8_msgs' with build type 'ament_cmake'
[0.456s] [34mcolcon.colcon_cmake.task.cmake.build[0m [1;30mINFO[0m Building CMake package in '/home/carlosmello/ws/src/yolov8_msgs'
[0.458s] [34mcolcon.colcon_core.plugin_system[0m [1;30mINFO[0m Skipping extension 'colcon_core.shell.bat': Not used on non-Windows systems
[0.458s] [34mcolcon.colcon_core.shell[0m [1;30mINFO[0m Skip shell extension 'powershell' for command environment: Not usable outside of PowerShell
[0.459s] [34mcolcon.colcon_core.shell[0m [1;30mDEBUG[0m [32mSkip shell extension 'dsv' for command environment[0m
[0.470s] [34mcolcon.colcon_ros.task.ament_cmake.build[0m [1;30mINFO[0m Building ROS package in '/home/carlosmello/ws/src/yolobot_control' with build type 'ament_cmake'
[0.470s] [34mcolcon.colcon_cmake.task.cmake.build[0m [1;30mINFO[0m Building CMake package in '/home/carlosmello/ws/src/yolobot_control'
[0.471s] [34mcolcon.colcon_core.shell[0m [1;30mINFO[0m Skip shell extension 'powershell' for command environment: Not usable outside of PowerShell
[0.472s] [34mcolcon.colcon_core.shell[0m [1;30mDEBUG[0m [32mSkip shell extension 'dsv' for command environment[0m
[0.480s] [34mcolcon.colcon_ros.task.ament_cmake.build[0m [1;30mINFO[0m Building ROS package in '/home/carlosmello/ws/src/yolobot_description' with build type 'ament_cmake'
[0.481s] [34mcolcon.colcon_cmake.task.cmake.build[0m [1;30mINFO[0m Building CMake package in '/home/carlosmello/ws/src/yolobot_description'
[0.482s] [34mcolcon.colcon_core.shell[0m [1;30mINFO[0m Skip shell extension 'powershell' for command environment: Not usable outside of PowerShell
[0.482s] [34mcolcon.colcon_core.shell[0m [1;30mDEBUG[0m [32mSkip shell extension 'dsv' for command environment[0m
[0.489s] [34mcolcon.colcon_ros.task.ament_cmake.build[0m [1;30mINFO[0m Building ROS package in '/home/carlosmello/ws/src/yolobot_gazebo' with build type 'ament_cmake'
[0.489s] [34mcolcon.colcon_cmake.task.cmake.build[0m [1;30mINFO[0m Building CMake package in '/home/carlosmello/ws/src/yolobot_gazebo'
[0.489s] [34mcolcon.colcon_core.shell[0m [1;30mINFO[0m Skip shell extension 'powershell' for command environment: Not usable outside of PowerShell
[0.490s] [34mcolcon.colcon_core.shell[0m [1;30mDEBUG[0m [32mSkip shell extension 'dsv' for command environment[0m
[0.501s] [34mcolcon.colcon_ros.task.ament_cmake.build[0m [1;30mINFO[0m Building ROS package in '/home/carlosmello/ws/src/yolobot_recognition' with build type 'ament_cmake'
[0.501s] [34mcolcon.colcon_cmake.task.cmake.build[0m [1;30mINFO[0m Building CMake package in '/home/carlosmello/ws/src/yolobot_recognition'
[0.501s] [34mcolcon.colcon_core.shell[0m [1;30mINFO[0m Skip shell extension 'powershell' for command environment: Not usable outside of PowerShell
[0.502s] [34mcolcon.colcon_core.shell[0m [1;30mDEBUG[0m [32mSkip shell extension 'dsv' for command environment[0m
[0.521s] [34mcolcon.colcon_core.event_handler.log_command[0m [1;30mDEBUG[0m [32mInvoking command in '/home/carlosmello/ws/build/yolov8_msgs': CMAKE_PREFIX_PATH=${CMAKE_PREFIX_PATH}:/opt/ros/humble /usr/bin/cmake --build /home/carlosmello/ws/build/yolov8_msgs -- -j8 -l8[0m
[0.539s] [34mcolcon.colcon_core.event_handler.log_command[0m [1;30mDEBUG[0m [32mInvoking command in '/home/carlosmello/ws/build/yolobot_control': CMAKE_PREFIX_PATH=${CMAKE_PREFIX_PATH}:/opt/ros/humble /usr/bin/cmake --build /home/carlosmello/ws/build/yolobot_control -- -j8 -l8[0m
[0.542s] [34mcolcon.colcon_core.event_handler.log_command[0m [1;30mDEBUG[0m [32mInvoking command in '/home/carlosmello/ws/build/yolobot_description': CMAKE_PREFIX_PATH=${CMAKE_PREFIX_PATH}:/opt/ros/humble /usr/bin/cmake --build /home/carlosmello/ws/build/yolobot_description -- -j8 -l8[0m
[0.563s] [34mcolcon.colcon_core.event_handler.log_command[0m [1;30mDEBUG[0m [32mInvoking command in '/home/carlosmello/ws/build/yolobot_gazebo': CMAKE_PREFIX_PATH=${CMAKE_PREFIX_PATH}:/opt/ros/humble /usr/bin/cmake --build /home/carlosmello/ws/build/yolobot_gazebo -- -j8 -l8[0m
[0.566s] [34mcolcon.colcon_core.event_handler.log_command[0m [1;30mDEBUG[0m [32mInvoking command in '/home/carlosmello/ws/build/yolobot_recognition': CMAKE_PREFIX_PATH=${CMAKE_PREFIX_PATH}:/opt/ros/humble /usr/bin/cmake --build /home/carlosmello/ws/build/yolobot_recognition -- -j8 -l8[0m
[0.612s] [34mcolcon.colcon_core.event_handler.log_command[0m [1;30mDEBUG[0m [32mInvoked command in '/home/carlosmello/ws/build/yolobot_control' returned '0': CMAKE_PREFIX_PATH=${CMAKE_PREFIX_PATH}:/opt/ros/humble /usr/bin/cmake --build /home/carlosmello/ws/build/yolobot_control -- -j8 -l8[0m
[0.638s] [34mcolcon.colcon_core.event_handler.log_command[0m [1;30mDEBUG[0m [32mInvoked command in '/home/carlosmello/ws/build/yolobot_description' returned '0': CMAKE_PREFIX_PATH=${CMAKE_PREFIX_PATH}:/opt/ros/humble /usr/bin/cmake --build /home/carlosmello/ws/build/yolobot_description -- -j8 -l8[0m
[0.655s] [34mcolcon.colcon_core.event_handler.log_command[0m [1;30mDEBUG[0m [32mInvoked command in '/home/carlosmello/ws/build/yolobot_gazebo' returned '0': CMAKE_PREFIX_PATH=${CMAKE_PREFIX_PATH}:/opt/ros/humble /usr/bin/cmake --build /home/carlosmello/ws/build/yolobot_gazebo -- -j8 -l8[0m
[0.659s] [34mcolcon.colcon_core.event_handler.log_command[0m [1;30mDEBUG[0m [32mInvoked command in '/home/carlosmello/ws/build/yolobot_recognition' returned '0': CMAKE_PREFIX_PATH=${CMAKE_PREFIX_PATH}:/opt/ros/humble /usr/bin/cmake --build /home/carlosmello/ws/build/yolobot_recognition -- -j8 -l8[0m
[0.694s] [34mcolcon.colcon_core.event_handler.log_command[0m [1;30mDEBUG[0m [32mInvoking command in '/home/carlosmello/ws/build/yolobot_control': CMAKE_PREFIX_PATH=${CMAKE_PREFIX_PATH}:/opt/ros/humble /usr/bin/cmake --install /home/carlosmello/ws/build/yolobot_control[0m
[0.706s] [34mcolcon.colcon_core.event_handler.log_command[0m [1;30mDEBUG[0m [32mInvoking command in '/home/carlosmello/ws/build/yolobot_description': CMAKE_PREFIX_PATH=${CMAKE_PREFIX_PATH}:/opt/ros/humble /usr/bin/cmake --install /home/carlosmello/ws/build/yolobot_description[0m
[0.743s] [34mcolcon.colcon_core.environment[0m [1;30mLevel 1[0m create_environment_scripts_only(yolobot_control)
[0.746s] [34mcolcon.colcon_core.event_handler.log_command[0m [1;30mDEBUG[0m [32mInvoking command in '/home/carlosmello/ws/build/yolobot_gazebo': CMAKE_PREFIX_PATH=${CMAKE_PREFIX_PATH}:/opt/ros/humble /usr/bin/cmake --install /home/carlosmello/ws/build/yolobot_gazebo[0m
[0.752s] [34mcolcon.colcon_core.environment[0m [1;30mLevel 1[0m checking '/home/carlosmello/ws/install/yolobot_control' for CMake module files
[0.754s] [34mcolcon.colcon_core.event_handler.log_command[0m [1;30mDEBUG[0m [32mInvoking command in '/home/carlosmello/ws/build/yolobot_recognition': CMAKE_PREFIX_PATH=${CMAKE_PREFIX_PATH}:/opt/ros/humble /usr/bin/cmake --install /home/carlosmello/ws/build/yolobot_recognition[0m
[0.756s] [34mcolcon.colcon_core.environment[0m [1;30mLevel 1[0m checking '/home/carlosmello/ws/install/yolobot_control' for CMake config files
[0.756s] [34mcolcon.colcon_core.shell[0m [1;30mLevel 1[0m create_environment_hook('yolobot_control', 'cmake_prefix_path')
[0.757s] [34mcolcon.colcon_core.shell[0m [1;30mINFO[0m Creating environment hook '/home/carlosmello/ws/install/yolobot_control/share/yolobot_control/hook/cmake_prefix_path.ps1'
[0.758s] [34mcolcon.colcon_core.shell[0m [1;30mINFO[0m Creating environment descriptor '/home/carlosmello/ws/install/yolobot_control/share/yolobot_control/hook/cmake_prefix_path.dsv'
[0.758s] [34mcolcon.colcon_core.shell[0m [1;30mINFO[0m Creating environment hook '/home/carlosmello/ws/install/yolobot_control/share/yolobot_control/hook/cmake_prefix_path.sh'
[0.760s] [34mcolcon.colcon_core.event_handler.log_command[0m [1;30mDEBUG[0m [32mInvoked command in '/home/carlosmello/ws/build/yolobot_control' returned '0': CMAKE_PREFIX_PATH=${CMAKE_PREFIX_PATH}:/opt/ros/humble /usr/bin/cmake --install /home/carlosmello/ws/build/yolobot_control[0m
[0.763s] [34mcolcon.colcon_core.environment[0m [1;30mLevel 1[0m checking '/home/carlosmello/ws/install/yolobot_control/lib'
[0.763s] [34mcolcon.colcon_core.environment[0m [1;30mLevel 1[0m checking '/home/carlosmello/ws/install/yolobot_control/bin'
[0.764s] [34mcolcon.colcon_core.environment[0m [1;30mLevel 1[0m checking '/home/carlosmello/ws/install/yolobot_control/lib/pkgconfig/yolobot_control.pc'
[0.764s] [34mcolcon.colcon_core.environment[0m [1;30mLevel 1[0m checking '/home/carlosmello/ws/install/yolobot_control/lib/python3.10/site-packages'
[0.764s] [34mcolcon.colcon_core.environment[0m [1;30mLevel 1[0m checking '/home/carlosmello/ws/install/yolobot_control/bin'
[0.765s] [34mcolcon.colcon_core.shell[0m [1;30mINFO[0m Creating package script '/home/carlosmello/ws/install/yolobot_control/share/yolobot_control/package.ps1'
[0.766s] [34mcolcon.colcon_core.shell[0m [1;30mINFO[0m Creating package descriptor '/home/carlosmello/ws/install/yolobot_control/share/yolobot_control/package.dsv'
[0.769s] [34mcolcon.colcon_core.shell[0m [1;30mINFO[0m Creating package script '/home/carlosmello/ws/install/yolobot_control/share/yolobot_control/package.sh'
[0.770s] [34mcolcon.colcon_core.shell[0m [1;30mINFO[0m Creating package script '/home/carlosmello/ws/install/yolobot_control/share/yolobot_control/package.bash'
[0.772s] [34mcolcon.colcon_core.shell[0m [1;30mINFO[0m Creating package script '/home/carlosmello/ws/install/yolobot_control/share/yolobot_control/package.zsh'
[0.774s] [34mcolcon.colcon_core.environment[0m [1;30mLevel 1[0m create_file_with_runtime_dependencies(/home/carlosmello/ws/install/yolobot_control/share/colcon-core/packages/yolobot_control)
[0.783s] [34mcolcon.colcon_core.environment[0m [1;30mLevel 1[0m create_environment_scripts_only(yolobot_description)
[0.784s] [34mcolcon.colcon_core.environment[0m [1;30mLevel 1[0m checking '/home/carlosmello/ws/install/yolobot_description' for CMake module files
[0.784s] [34mcolcon.colcon_core.environment[0m [1;30mLevel 1[0m checking '/home/carlosmello/ws/install/yolobot_description' for CMake config files
[0.785s] [34mcolcon.colcon_core.shell[0m [1;30mLevel 1[0m create_environment_hook('yolobot_description', 'cmake_prefix_path')
[0.785s] [34mcolcon.colcon_core.shell[0m [1;30mINFO[0m Creating environment hook '/home/carlosmello/ws/install/yolobot_description/share/yolobot_description/hook/cmake_prefix_path.ps1'
[0.790s] [34mcolcon.colcon_core.shell[0m [1;30mINFO[0m Creating environment descriptor '/home/carlosmello/ws/install/yolobot_description/share/yolobot_description/hook/cmake_prefix_path.dsv'
[0.791s] [34mcolcon.colcon_core.event_handler.log_command[0m [1;30mDEBUG[0m [32mInvoked command in '/home/carlosmello/ws/build/yolobot_description' returned '0': CMAKE_PREFIX_PATH=${CMAKE_PREFIX_PATH}:/opt/ros/humble /usr/bin/cmake --install /home/carlosmello/ws/build/yolobot_description[0m
[0.792s] [34mcolcon.colcon_core.shell[0m [1;30mINFO[0m Creating environment hook '/home/carlosmello/ws/install/yolobot_description/share/yolobot_description/hook/cmake_prefix_path.sh'
[0.793s] [34mcolcon.colcon_core.environment[0m [1;30mLevel 1[0m checking '/home/carlosmello/ws/install/yolobot_description/lib'
[0.793s] [34mcolcon.colcon_core.environment[0m [1;30mLevel 1[0m checking '/home/carlosmello/ws/install/yolobot_description/bin'
[0.793s] [34mcolcon.colcon_core.environment[0m [1;30mLevel 1[0m checking '/home/carlosmello/ws/install/yolobot_description/lib/pkgconfig/yolobot_description.pc'
[0.794s] [34mcolcon.colcon_core.environment[0m [1;30mLevel 1[0m checking '/home/carlosmello/ws/install/yolobot_description/lib/python3.10/site-packages'
[0.794s] [34mcolcon.colcon_core.environment[0m [1;30mLevel 1[0m checking '/home/carlosmello/ws/install/yolobot_description/bin'
[0.801s] [34mcolcon.colcon_core.shell[0m [1;30mINFO[0m Creating package script '/home/carlosmello/ws/install/yolobot_description/share/yolobot_description/package.ps1'
[0.802s] [34mcolcon.colcon_core.shell[0m [1;30mINFO[0m Creating package descriptor '/home/carlosmello/ws/install/yolobot_description/share/yolobot_description/package.dsv'
[0.803s] [34mcolcon.colcon_core.shell[0m [1;30mINFO[0m Creating package script '/home/carlosmello/ws/install/yolobot_description/share/yolobot_description/package.sh'
[0.805s] [34mcolcon.colcon_core.shell[0m [1;30mINFO[0m Creating package script '/home/carlosmello/ws/install/yolobot_description/share/yolobot_description/package.bash'
[0.807s] [34mcolcon.colcon_core.shell[0m [1;30mINFO[0m Creating package script '/home/carlosmello/ws/install/yolobot_description/share/yolobot_description/package.zsh'
[0.808s] [34mcolcon.colcon_core.environment[0m [1;30mLevel 1[0m create_file_with_runtime_dependencies(/home/carlosmello/ws/install/yolobot_description/share/colcon-core/packages/yolobot_description)
[0.815s] [34mcolcon.colcon_core.environment[0m [1;30mLevel 1[0m create_environment_scripts_only(yolobot_gazebo)
[0.819s] [34mcolcon.colcon_core.environment[0m [1;30mLevel 1[0m checking '/home/carlosmello/ws/install/yolobot_gazebo' for CMake module files
[0.820s] [34mcolcon.colcon_core.environment[0m [1;30mLevel 1[0m checking '/home/carlosmello/ws/install/yolobot_gazebo' for CMake config files
[0.820s] [34mcolcon.colcon_core.shell[0m [1;30mLevel 1[0m create_environment_hook('yolobot_gazebo', 'cmake_prefix_path')
[0.820s] [34mcolcon.colcon_core.shell[0m [1;30mINFO[0m Creating environment hook '/home/carlosmello/ws/install/yolobot_gazebo/share/yolobot_gazebo/hook/cmake_prefix_path.ps1'
[0.821s] [34mcolcon.colcon_core.shell[0m [1;30mINFO[0m Creating environment descriptor '/home/carlosmello/ws/install/yolobot_gazebo/share/yolobot_gazebo/hook/cmake_prefix_path.dsv'
[0.822s] [34mcolcon.colcon_core.shell[0m [1;30mINFO[0m Creating environment hook '/home/carlosmello/ws/install/yolobot_gazebo/share/yolobot_gazebo/hook/cmake_prefix_path.sh'
[0.818s] [34mcolcon.colcon_core.event_handler.log_command[0m [1;30mDEBUG[0m [32mInvoked command in '/home/carlosmello/ws/build/yolobot_gazebo' returned '0': CMAKE_PREFIX_PATH=${CMAKE_PREFIX_PATH}:/opt/ros/humble /usr/bin/cmake --install /home/carlosmello/ws/build/yolobot_gazebo[0m
[0.824s] [34mcolcon.colcon_core.environment[0m [1;30mLevel 1[0m checking '/home/carlosmello/ws/install/yolobot_gazebo/bin'
[0.824s] [34mcolcon.colcon_core.environment[0m [1;30mLevel 1[0m checking '/home/carlosmello/ws/install/yolobot_gazebo/lib/pkgconfig/yolobot_gazebo.pc'
[0.824s] [34mcolcon.colcon_core.environment[0m [1;30mLevel 1[0m checking '/home/carlosmello/ws/install/yolobot_gazebo/lib/python3.10/site-packages'
[0.825s] [34mcolcon.colcon_core.environment[0m [1;30mLevel 1[0m checking '/home/carlosmello/ws/install/yolobot_gazebo/bin'
[0.825s] [34mcolcon.colcon_core.shell[0m [1;30mINFO[0m Creating package script '/home/carlosmello/ws/install/yolobot_gazebo/share/yolobot_gazebo/package.ps1'
[0.826s] [34mcolcon.colcon_core.shell[0m [1;30mINFO[0m Creating package descriptor '/home/carlosmello/ws/install/yolobot_gazebo/share/yolobot_gazebo/package.dsv'
[0.827s] [34mcolcon.colcon_core.shell[0m [1;30mINFO[0m Creating package script '/home/carlosmello/ws/install/yolobot_gazebo/share/yolobot_gazebo/package.sh'
[0.828s] [34mcolcon.colcon_core.shell[0m [1;30mINFO[0m Creating package script '/home/carlosmello/ws/install/yolobot_gazebo/share/yolobot_gazebo/package.bash'
[0.829s] [34mcolcon.colcon_core.shell[0m [1;30mINFO[0m Creating package script '/home/carlosmello/ws/install/yolobot_gazebo/share/yolobot_gazebo/package.zsh'
[0.830s] [34mcolcon.colcon_core.environment[0m [1;30mLevel 1[0m create_file_with_runtime_dependencies(/home/carlosmello/ws/install/yolobot_gazebo/share/colcon-core/packages/yolobot_gazebo)
[0.839s] [34mcolcon.colcon_core.environment[0m [1;30mLevel 1[0m create_environment_scripts_only(yolobot_recognition)
[0.839s] [34mcolcon.colcon_core.event_handler.log_command[0m [1;30mDEBUG[0m [32mInvoked command in '/home/carlosmello/ws/build/yolobot_recognition' returned '0': CMAKE_PREFIX_PATH=${CMAKE_PREFIX_PATH}:/opt/ros/humble /usr/bin/cmake --install /home/carlosmello/ws/build/yolobot_recognition[0m
[0.840s] [34mcolcon.colcon_core.environment[0m [1;30mLevel 1[0m checking '/home/carlosmello/ws/install/yolobot_recognition' for CMake module files
[0.841s] [34mcolcon.colcon_core.environment[0m [1;30mLevel 1[0m checking '/home/carlosmello/ws/install/yolobot_recognition' for CMake config files
[0.842s] [34mcolcon.colcon_core.shell[0m [1;30mLevel 1[0m create_environment_hook('yolobot_recognition', 'cmake_prefix_path')
[0.842s] [34mcolcon.colcon_core.shell[0m [1;30mINFO[0m Creating environment hook '/home/carlosmello/ws/install/yolobot_recognition/share/yolobot_recognition/hook/cmake_prefix_path.ps1'
[0.845s] [34mcolcon.colcon_core.shell[0m [1;30mINFO[0m Creating environment descriptor '/home/carlosmello/ws/install/yolobot_recognition/share/yolobot_recognition/hook/cmake_prefix_path.dsv'
[0.850s] [34mcolcon.colcon_core.shell[0m [1;30mINFO[0m Creating environment hook '/home/carlosmello/ws/install/yolobot_recognition/share/yolobot_recognition/hook/cmake_prefix_path.sh'
[0.855s] [34mcolcon.colcon_core.environment[0m [1;30mLevel 1[0m checking '/home/carlosmello/ws/install/yolobot_recognition/lib'
[0.856s] [34mcolcon.colcon_core.environment[0m [1;30mLevel 1[0m checking '/home/carlosmello/ws/install/yolobot_recognition/bin'
[0.856s] [34mcolcon.colcon_core.environment[0m [1;30mLevel 1[0m checking '/home/carlosmello/ws/install/yolobot_recognition/lib/pkgconfig/yolobot_recognition.pc'
[0.857s] [34mcolcon.colcon_core.environment[0m [1;30mLevel 1[0m checking '/home/carlosmello/ws/install/yolobot_recognition/lib/python3.10/site-packages'
[0.857s] [34mcolcon.colcon_core.environment[0m [1;30mLevel 1[0m checking '/home/carlosmello/ws/install/yolobot_recognition/bin'
[0.857s] [34mcolcon.colcon_core.shell[0m [1;30mINFO[0m Creating package script '/home/carlosmello/ws/install/yolobot_recognition/share/yolobot_recognition/package.ps1'
[0.859s] [34mcolcon.colcon_core.shell[0m [1;30mINFO[0m Creating package descriptor '/home/carlosmello/ws/install/yolobot_recognition/share/yolobot_recognition/package.dsv'
[0.862s] [34mcolcon.colcon_core.shell[0m [1;30mINFO[0m Creating package script '/home/carlosmello/ws/install/yolobot_recognition/share/yolobot_recognition/package.sh'
[0.863s] [34mcolcon.colcon_core.shell[0m [1;30mINFO[0m Creating package script '/home/carlosmello/ws/install/yolobot_recognition/share/yolobot_recognition/package.bash'
[0.865s] [34mcolcon.colcon_core.shell[0m [1;30mINFO[0m Creating package script '/home/carlosmello/ws/install/yolobot_recognition/share/yolobot_recognition/package.zsh'
[0.867s] [34mcolcon.colcon_core.environment[0m [1;30mLevel 1[0m create_file_with_runtime_dependencies(/home/carlosmello/ws/install/yolobot_recognition/share/colcon-core/packages/yolobot_recognition)
[0.877s] [34mcolcon.colcon_core.environment[0m [1;30mLevel 1[0m create_environment_scripts_only(yolobot_description)
[0.877s] [34mcolcon.colcon_core.environment[0m [1;30mLevel 1[0m checking '/home/carlosmello/ws/install/yolobot_description' for CMake module files
[0.878s] [34mcolcon.colcon_core.environment[0m [1;30mLevel 1[0m checking '/home/carlosmello/ws/install/yolobot_description' for CMake config files
[0.882s] [34mcolcon.colcon_core.shell[0m [1;30mLevel 1[0m create_environment_hook('yolobot_description', 'cmake_prefix_path')
[0.883s] [34mcolcon.colcon_core.shell[0m [1;30mINFO[0m Creating environment hook '/home/carlosmello/ws/install/yolobot_description/share/yolobot_description/hook/cmake_prefix_path.ps1'
[0.884s] [34mcolcon.colcon_core.shell[0m [1;30mINFO[0m Creating environment descriptor '/home/carlosmello/ws/install/yolobot_description/share/yolobot_description/hook/cmake_prefix_path.dsv'
[0.885s] [34mcolcon.colcon_core.shell[0m [1;30mINFO[0m Creating environment hook '/home/carlosmello/ws/install/yolobot_description/share/yolobot_description/hook/cmake_prefix_path.sh'
[0.888s] [34mcolcon.colcon_core.environment[0m [1;30mLevel 1[0m checking '/home/carlosmello/ws/install/yolobot_description/lib'
[0.889s] [34mcolcon.colcon_core.environment[0m [1;30mLevel 1[0m checking '/home/carlosmello/ws/install/yolobot_description/bin'
[0.889s] [34mcolcon.colcon_core.environment[0m [1;30mLevel 1[0m checking '/home/carlosmello/ws/install/yolobot_description/lib/pkgconfig/yolobot_description.pc'
[0.889s] [34mcolcon.colcon_core.environment[0m [1;30mLevel 1[0m checking '/home/carlosmello/ws/install/yolobot_description/lib/python3.10/site-packages'
[0.889s] [34mcolcon.colcon_core.environment[0m [1;30mLevel 1[0m checking '/home/carlosmello/ws/install/yolobot_description/bin'
[0.890s] [34mcolcon.colcon_core.shell[0m [1;30mINFO[0m Creating package script '/home/carlosmello/ws/install/yolobot_description/share/yolobot_description/package.ps1'
[0.891s] [34mcolcon.colcon_core.shell[0m [1;30mINFO[0m Creating package descriptor '/home/carlosmello/ws/install/yolobot_description/share/yolobot_description/package.dsv'
[0.893s] [34mcolcon.colcon_core.shell[0m [1;30mINFO[0m Creating package script '/home/carlosmello/ws/install/yolobot_description/share/yolobot_description/package.sh'
[0.894s] [34mcolcon.colcon_core.shell[0m [1;30mINFO[0m Creating package script '/home/carlosmello/ws/install/yolobot_description/share/yolobot_description/package.bash'
[0.895s] [34mcolcon.colcon_core.shell[0m [1;30mINFO[0m Creating package script '/home/carlosmello/ws/install/yolobot_description/share/yolobot_description/package.zsh'
[0.896s] [34mcolcon.colcon_core.environment[0m [1;30mLevel 1[0m create_file_with_runtime_dependencies(/home/carlosmello/ws/install/yolobot_description/share/colcon-core/packages/yolobot_description)
[0.897s] [34mcolcon.colcon_core.environment[0m [1;30mLevel 1[0m create_environment_scripts_only(yolobot_control)
[0.897s] [34mcolcon.colcon_core.environment[0m [1;30mLevel 1[0m checking '/home/carlosmello/ws/install/yolobot_control' for CMake module files
[0.898s] [34mcolcon.colcon_core.environment[0m [1;30mLevel 1[0m checking '/home/carlosmello/ws/install/yolobot_control' for CMake config files
[0.899s] [34mcolcon.colcon_core.shell[0m [1;30mLevel 1[0m create_environment_hook('yolobot_control', 'cmake_prefix_path')
[0.899s] [34mcolcon.colcon_core.shell[0m [1;30mINFO[0m Creating environment hook '/home/carlosmello/ws/install/yolobot_control/share/yolobot_control/hook/cmake_prefix_path.ps1'
[0.900s] [34mcolcon.colcon_core.shell[0m [1;30mINFO[0m Creating environment descriptor '/home/carlosmello/ws/install/yolobot_control/share/yolobot_control/hook/cmake_prefix_path.dsv'
[0.901s] [34mcolcon.colcon_core.shell[0m [1;30mINFO[0m Creating environment hook '/home/carlosmello/ws/install/yolobot_control/share/yolobot_control/hook/cmake_prefix_path.sh'
[0.903s] [34mcolcon.colcon_core.environment[0m [1;30mLevel 1[0m checking '/home/carlosmello/ws/install/yolobot_control/lib'
[0.903s] [34mcolcon.colcon_core.environment[0m [1;30mLevel 1[0m checking '/home/carlosmello/ws/install/yolobot_control/bin'
[0.903s] [34mcolcon.colcon_core.environment[0m [1;30mLevel 1[0m checking '/home/carlosmello/ws/install/yolobot_control/lib/pkgconfig/yolobot_control.pc'
[0.904s] [34mcolcon.colcon_core.environment[0m [1;30mLevel 1[0m checking '/home/carlosmello/ws/install/yolobot_control/lib/python3.10/site-packages'
[0.904s] [34mcolcon.colcon_core.environment[0m [1;30mLevel 1[0m checking '/home/carlosmello/ws/install/yolobot_control/bin'
[0.906s] [34mcolcon.colcon_core.shell[0m [1;30mINFO[0m Creating package script '/home/carlosmello/ws/install/yolobot_control/share/yolobot_control/package.ps1'
[0.908s] [34mcolcon.colcon_core.shell[0m [1;30mINFO[0m Creating package descriptor '/home/carlosmello/ws/install/yolobot_control/share/yolobot_control/package.dsv'
[0.910s] [34mcolcon.colcon_core.shell[0m [1;30mINFO[0m Creating package script '/home/carlosmello/ws/install/yolobot_control/share/yolobot_control/package.sh'
[0.911s] [34mcolcon.colcon_core.shell[0m [1;30mINFO[0m Creating package script '/home/carlosmello/ws/install/yolobot_control/share/yolobot_control/package.bash'
[0.911s] [34mcolcon.colcon_core.shell[0m [1;30mINFO[0m Creating package script '/home/carlosmello/ws/install/yolobot_control/share/yolobot_control/package.zsh'
[0.912s] [34mcolcon.colcon_core.environment[0m [1;30mLevel 1[0m create_file_with_runtime_dependencies(/home/carlosmello/ws/install/yolobot_control/share/colcon-core/packages/yolobot_control)
[0.914s] [34mcolcon.colcon_core.environment[0m [1;30mLevel 1[0m create_environment_scripts_only(yolobot_gazebo)
[0.914s] [34mcolcon.colcon_core.environment[0m [1;30mLevel 1[0m checking '/home/carlosmello/ws/install/yolobot_gazebo' for CMake module files
[0.915s] [34mcolcon.colcon_core.environment[0m [1;30mLevel 1[0m checking '/home/carlosmello/ws/install/yolobot_gazebo' for CMake config files
[0.918s] [34mcolcon.colcon_core.shell[0m [1;30mLevel 1[0m create_environment_hook('yolobot_gazebo', 'cmake_prefix_path')
[0.919s] [34mcolcon.colcon_core.shell[0m [1;30mINFO[0m Creating environment hook '/home/carlosmello/ws/install/yolobot_gazebo/share/yolobot_gazebo/hook/cmake_prefix_path.ps1'
[0.920s] [34mcolcon.colcon_core.shell[0m [1;30mINFO[0m Creating environment descriptor '/home/carlosmello/ws/install/yolobot_gazebo/share/yolobot_gazebo/hook/cmake_prefix_path.dsv'
[0.921s] [34mcolcon.colcon_core.shell[0m [1;30mINFO[0m Creating environment hook '/home/carlosmello/ws/install/yolobot_gazebo/share/yolobot_gazebo/hook/cmake_prefix_path.sh'
[0.922s] [34mcolcon.colcon_core.environment[0m [1;30mLevel 1[0m checking '/home/carlosmello/ws/install/yolobot_gazebo/bin'
[0.922s] [34mcolcon.colcon_core.environment[0m [1;30mLevel 1[0m checking '/home/carlosmello/ws/install/yolobot_gazebo/lib/pkgconfig/yolobot_gazebo.pc'
[0.923s] [34mcolcon.colcon_core.environment[0m [1;30mLevel 1[0m checking '/home/carlosmello/ws/install/yolobot_gazebo/lib/python3.10/site-packages'
[0.923s] [34mcolcon.colcon_core.environment[0m [1;30mLevel 1[0m checking '/home/carlosmello/ws/install/yolobot_gazebo/bin'
[0.924s] [34mcolcon.colcon_core.shell[0m [1;30mINFO[0m Creating package script '/home/carlosmello/ws/install/yolobot_gazebo/share/yolobot_gazebo/package.ps1'
[0.925s] [34mcolcon.colcon_core.shell[0m [1;30mINFO[0m Creating package descriptor '/home/carlosmello/ws/install/yolobot_gazebo/share/yolobot_gazebo/package.dsv'
[0.926s] [34mcolcon.colcon_core.shell[0m [1;30mINFO[0m Creating package script '/home/carlosmello/ws/install/yolobot_gazebo/share/yolobot_gazebo/package.sh'
[0.927s] [34mcolcon.colcon_core.shell[0m [1;30mINFO[0m Creating package script '/home/carlosmello/ws/install/yolobot_gazebo/share/yolobot_gazebo/package.bash'
[0.928s] [34mcolcon.colcon_core.shell[0m [1;30mINFO[0m Creating package script '/home/carlosmello/ws/install/yolobot_gazebo/share/yolobot_gazebo/package.zsh'
[0.929s] [34mcolcon.colcon_core.environment[0m [1;30mLevel 1[0m create_file_with_runtime_dependencies(/home/carlosmello/ws/install/yolobot_gazebo/share/colcon-core/packages/yolobot_gazebo)
[0.932s] [34mcolcon.colcon_core.environment[0m [1;30mLevel 1[0m create_environment_scripts_only(yolobot_recognition)
[0.932s] [34mcolcon.colcon_core.environment[0m [1;30mLevel 1[0m checking '/home/carlosmello/ws/install/yolobot_recognition' for CMake module files
[0.933s] [34mcolcon.colcon_core.environment[0m [1;30mLevel 1[0m checking '/home/carlosmello/ws/install/yolobot_recognition' for CMake config files
[0.933s] [34mcolcon.colcon_core.shell[0m [1;30mLevel 1[0m create_environment_hook('yolobot_recognition', 'cmake_prefix_path')
[0.934s] [34mcolcon.colcon_core.shell[0m [1;30mINFO[0m Creating environment hook '/home/carlosmello/ws/install/yolobot_recognition/share/yolobot_recognition/hook/cmake_prefix_path.ps1'
[0.934s] [34mcolcon.colcon_core.shell[0m [1;30mINFO[0m Creating environment descriptor '/home/carlosmello/ws/install/yolobot_recognition/share/yolobot_recognition/hook/cmake_prefix_path.dsv'
[0.935s] [34mcolcon.colcon_core.shell[0m [1;30mINFO[0m Creating environment hook '/home/carlosmello/ws/install/yolobot_recognition/share/yolobot_recognition/hook/cmake_prefix_path.sh'
[0.936s] [34mcolcon.colcon_core.environment[0m [1;30mLevel 1[0m checking '/home/carlosmello/ws/install/yolobot_recognition/lib'
[0.936s] [34mcolcon.colcon_core.environment[0m [1;30mLevel 1[0m checking '/home/carlosmello/ws/install/yolobot_recognition/bin'
[0.936s] [34mcolcon.colcon_core.environment[0m [1;30mLevel 1[0m checking '/home/carlosmello/ws/install/yolobot_recognition/lib/pkgconfig/yolobot_recognition.pc'
[0.936s] [34mcolcon.colcon_core.environment[0m [1;30mLevel 1[0m checking '/home/carlosmello/ws/install/yolobot_recognition/lib/python3.10/site-packages'
[0.937s] [34mcolcon.colcon_core.environment[0m [1;30mLevel 1[0m checking '/home/carlosmello/ws/install/yolobot_recognition/bin'
[0.937s] [34mcolcon.colcon_core.shell[0m [1;30mINFO[0m Creating package script '/home/carlosmello/ws/install/yolobot_recognition/share/yolobot_recognition/package.ps1'
[0.938s] [34mcolcon.colcon_core.shell[0m [1;30mINFO[0m Creating package descriptor '/home/carlosmello/ws/install/yolobot_recognition/share/yolobot_recognition/package.dsv'
[0.939s] [34mcolcon.colcon_core.shell[0m [1;30mINFO[0m Creating package script '/home/carlosmello/ws/install/yolobot_recognition/share/yolobot_recognition/package.sh'
[0.939s] [34mcolcon.colcon_core.shell[0m [1;30mINFO[0m Creating package script '/home/carlosmello/ws/install/yolobot_recognition/share/yolobot_recognition/package.bash'
[0.940s] [34mcolcon.colcon_core.shell[0m [1;30mINFO[0m Creating package script '/home/carlosmello/ws/install/yolobot_recognition/share/yolobot_recognition/package.zsh'
[0.941s] [34mcolcon.colcon_core.environment[0m [1;30mLevel 1[0m create_file_with_runtime_dependencies(/home/carlosmello/ws/install/yolobot_recognition/share/colcon-core/packages/yolobot_recognition)
[2.011s] [34mcolcon.colcon_core.event_handler.log_command[0m [1;30mDEBUG[0m [32mInvoked command in '/home/carlosmello/ws/build/yolov8_msgs' returned '0': CMAKE_PREFIX_PATH=${CMAKE_PREFIX_PATH}:/opt/ros/humble /usr/bin/cmake --build /home/carlosmello/ws/build/yolov8_msgs -- -j8 -l8[0m
[2.215s] [34mcolcon.colcon_core.event_handler.log_command[0m [1;30mDEBUG[0m [32mInvoking command in '/home/carlosmello/ws/build/yolov8_msgs': CMAKE_PREFIX_PATH=${CMAKE_PREFIX_PATH}:/opt/ros/humble /usr/bin/cmake --install /home/carlosmello/ws/build/yolov8_msgs[0m
[2.324s] [34mcolcon.colcon_core.environment[0m [1;30mLevel 1[0m create_environment_scripts_only(yolov8_msgs)
[2.325s] [34mcolcon.colcon_core.event_handler.log_command[0m [1;30mDEBUG[0m [32mInvoked command in '/home/carlosmello/ws/build/yolov8_msgs' returned '0': CMAKE_PREFIX_PATH=${CMAKE_PREFIX_PATH}:/opt/ros/humble /usr/bin/cmake --install /home/carlosmello/ws/build/yolov8_msgs[0m
[2.328s] [34mcolcon.colcon_core.environment[0m [1;30mLevel 1[0m checking '/home/carlosmello/ws/install/yolov8_msgs' for CMake module files
[2.332s] [34mcolcon.colcon_core.environment[0m [1;30mLevel 1[0m checking '/home/carlosmello/ws/install/yolov8_msgs' for CMake config files
[2.333s] [34mcolcon.colcon_core.shell[0m [1;30mLevel 1[0m create_environment_hook('yolov8_msgs', 'cmake_prefix_path')
[2.334s] [34mcolcon.colcon_core.shell[0m [1;30mINFO[0m Creating environment hook '/home/carlosmello/ws/install/yolov8_msgs/share/yolov8_msgs/hook/cmake_prefix_path.ps1'
[2.334s] [34mcolcon.colcon_core.shell[0m [1;30mINFO[0m Creating environment descriptor '/home/carlosmello/ws/install/yolov8_msgs/share/yolov8_msgs/hook/cmake_prefix_path.dsv'
[2.335s] [34mcolcon.colcon_core.shell[0m [1;30mINFO[0m Creating environment hook '/home/carlosmello/ws/install/yolov8_msgs/share/yolov8_msgs/hook/cmake_prefix_path.sh'
[2.336s] [34mcolcon.colcon_core.environment[0m [1;30mLevel 1[0m checking '/home/carlosmello/ws/install/yolov8_msgs/lib'
[2.336s] [34mcolcon.colcon_core.shell[0m [1;30mLevel 1[0m create_environment_hook('yolov8_msgs', 'ld_library_path_lib')
[2.336s] [34mcolcon.colcon_core.shell[0m [1;30mINFO[0m Creating environment hook '/home/carlosmello/ws/install/yolov8_msgs/share/yolov8_msgs/hook/ld_library_path_lib.ps1'
[2.337s] [34mcolcon.colcon_core.shell[0m [1;30mINFO[0m Creating environment descriptor '/home/carlosmello/ws/install/yolov8_msgs/share/yolov8_msgs/hook/ld_library_path_lib.dsv'
[2.337s] [34mcolcon.colcon_core.shell[0m [1;30mINFO[0m Creating environment hook '/home/carlosmello/ws/install/yolov8_msgs/share/yolov8_msgs/hook/ld_library_path_lib.sh'
[2.337s] [34mcolcon.colcon_core.environment[0m [1;30mLevel 1[0m checking '/home/carlosmello/ws/install/yolov8_msgs/bin'
[2.337s] [34mcolcon.colcon_core.environment[0m [1;30mLevel 1[0m checking '/home/carlosmello/ws/install/yolov8_msgs/lib/pkgconfig/yolov8_msgs.pc'
[2.338s] [34mcolcon.colcon_core.environment[0m [1;30mLevel 1[0m checking '/home/carlosmello/ws/install/yolov8_msgs/lib/python3.10/site-packages'
[2.338s] [34mcolcon.colcon_core.environment[0m [1;30mLevel 1[0m checking '/home/carlosmello/ws/install/yolov8_msgs/bin'
[2.339s] [34mcolcon.colcon_core.shell[0m [1;30mINFO[0m Creating package script '/home/carlosmello/ws/install/yolov8_msgs/share/yolov8_msgs/package.ps1'
[2.339s] [34mcolcon.colcon_core.shell[0m [1;30mINFO[0m Creating package descriptor '/home/carlosmello/ws/install/yolov8_msgs/share/yolov8_msgs/package.dsv'
[2.340s] [34mcolcon.colcon_core.shell[0m [1;30mINFO[0m Creating package script '/home/carlosmello/ws/install/yolov8_msgs/share/yolov8_msgs/package.sh'
[2.341s] [34mcolcon.colcon_core.shell[0m [1;30mINFO[0m Creating package script '/home/carlosmello/ws/install/yolov8_msgs/share/yolov8_msgs/package.bash'
[2.341s] [34mcolcon.colcon_core.shell[0m [1;30mINFO[0m Creating package script '/home/carlosmello/ws/install/yolov8_msgs/share/yolov8_msgs/package.zsh'
[2.342s] [34mcolcon.colcon_core.environment[0m [1;30mLevel 1[0m create_file_with_runtime_dependencies(/home/carlosmello/ws/install/yolov8_msgs/share/colcon-core/packages/yolov8_msgs)
[2.531s] [34mcolcon.colcon_core.environment[0m [1;30mLevel 1[0m create_environment_scripts_only(yolov8_msgs)
[2.532s] [34mcolcon.colcon_core.environment[0m [1;30mLevel 1[0m checking '/home/carlosmello/ws/install/yolov8_msgs' for CMake module files
[2.534s] [34mcolcon.colcon_core.environment[0m [1;30mLevel 1[0m checking '/home/carlosmello/ws/install/yolov8_msgs' for CMake config files
[2.535s] [34mcolcon.colcon_core.shell[0m [1;30mLevel 1[0m create_environment_hook('yolov8_msgs', 'cmake_prefix_path')
[2.535s] [34mcolcon.colcon_core.shell[0m [1;30mINFO[0m Creating environment hook '/home/carlosmello/ws/install/yolov8_msgs/share/yolov8_msgs/hook/cmake_prefix_path.ps1'
[2.536s] [34mcolcon.colcon_core.shell[0m [1;30mINFO[0m Creating environment descriptor '/home/carlosmello/ws/install/yolov8_msgs/share/yolov8_msgs/hook/cmake_prefix_path.dsv'
[2.537s] [34mcolcon.colcon_core.shell[0m [1;30mINFO[0m Creating environment hook '/home/carlosmello/ws/install/yolov8_msgs/share/yolov8_msgs/hook/cmake_prefix_path.sh'
[2.537s] [34mcolcon.colcon_core.environment[0m [1;30mLevel 1[0m checking '/home/carlosmello/ws/install/yolov8_msgs/lib'
[2.538s] [34mcolcon.colcon_core.shell[0m [1;30mLevel 1[0m create_environment_hook('yolov8_msgs', 'ld_library_path_lib')
[2.538s] [34mcolcon.colcon_core.shell[0m [1;30mINFO[0m Creating environment hook '/home/carlosmello/ws/install/yolov8_msgs/share/yolov8_msgs/hook/ld_library_path_lib.ps1'
[2.539s] [34mcolcon.colcon_core.shell[0m [1;30mINFO[0m Creating environment descriptor '/home/carlosmello/ws/install/yolov8_msgs/share/yolov8_msgs/hook/ld_library_path_lib.dsv'
[2.539s] [34mcolcon.colcon_core.shell[0m [1;30mINFO[0m Creating environment hook '/home/carlosmello/ws/install/yolov8_msgs/share/yolov8_msgs/hook/ld_library_path_lib.sh'
[2.540s] [34mcolcon.colcon_core.environment[0m [1;30mLevel 1[0m checking '/home/carlosmello/ws/install/yolov8_msgs/bin'
[2.540s] [34mcolcon.colcon_core.environment[0m [1;30mLevel 1[0m checking '/home/carlosmello/ws/install/yolov8_msgs/lib/pkgconfig/yolov8_msgs.pc'
[2.540s] [34mcolcon.colcon_core.environment[0m [1;30mLevel 1[0m checking '/home/carlosmello/ws/install/yolov8_msgs/lib/python3.10/site-packages'
[2.542s] [34mcolcon.colcon_core.environment[0m [1;30mLevel 1[0m checking '/home/carlosmello/ws/install/yolov8_msgs/bin'
[2.542s] [34mcolcon.colcon_core.shell[0m [1;30mINFO[0m Creating package script '/home/carlosmello/ws/install/yolov8_msgs/share/yolov8_msgs/package.ps1'
[2.544s] [34mcolcon.colcon_core.shell[0m [1;30mINFO[0m Creating package descriptor '/home/carlosmello/ws/install/yolov8_msgs/share/yolov8_msgs/package.dsv'
[2.545s] [34mcolcon.colcon_core.shell[0m [1;30mINFO[0m Creating package script '/home/carlosmello/ws/install/yolov8_msgs/share/yolov8_msgs/package.sh'
[2.545s] [34mcolcon.colcon_core.shell[0m [1;30mINFO[0m Creating package script '/home/carlosmello/ws/install/yolov8_msgs/share/yolov8_msgs/package.bash'
[2.546s] [34mcolcon.colcon_core.shell[0m [1;30mINFO[0m Creating package script '/home/carlosmello/ws/install/yolov8_msgs/share/yolov8_msgs/package.zsh'
[2.547s] [34mcolcon.colcon_core.environment[0m [1;30mLevel 1[0m create_file_with_runtime_dependencies(/home/carlosmello/ws/install/yolov8_msgs/share/colcon-core/packages/yolov8_msgs)
[2.547s] [34mcolcon.colcon_ros.task.ament_cmake.build[0m [1;30mINFO[0m Building ROS package in '/home/carlosmello/ws/src/Perception' with build type 'ament_cmake'
[2.547s] [34mcolcon.colcon_cmake.task.cmake.build[0m [1;30mINFO[0m Building CMake package in '/home/carlosmello/ws/src/Perception'
[2.548s] [34mcolcon.colcon_core.shell[0m [1;30mINFO[0m Skip shell extension 'powershell' for command environment: Not usable outside of PowerShell
[2.548s] [34mcolcon.colcon_core.shell[0m [1;30mDEBUG[0m [32mSkip shell extension 'dsv' for command environment[0m
[2.583s] [34mcolcon.colcon_core.event_handler.log_command[0m [1;30mDEBUG[0m [32mInvoking command in '/home/carlosmello/ws/build/perception': CMAKE_PREFIX_PATH=${CMAKE_PREFIX_PATH}:/opt/ros/humble /usr/bin/cmake --build /home/carlosmello/ws/build/perception -- -j8 -l8[0m
[2.649s] [34mcolcon.colcon_core.event_handler.log_command[0m [1;30mDEBUG[0m [32mInvoked command in '/home/carlosmello/ws/build/perception' returned '0': CMAKE_PREFIX_PATH=${CMAKE_PREFIX_PATH}:/opt/ros/humble /usr/bin/cmake --build /home/carlosmello/ws/build/perception -- -j8 -l8[0m
[2.706s] [34mcolcon.colcon_core.event_handler.log_command[0m [1;30mDEBUG[0m [32mInvoking command in '/home/carlosmello/ws/build/perception': CMAKE_PREFIX_PATH=${CMAKE_PREFIX_PATH}:/opt/ros/humble /usr/bin/cmake --install /home/carlosmello/ws/build/perception[0m
[2.737s] [34mcolcon.colcon_core.environment[0m [1;30mLevel 1[0m create_environment_scripts_only(perception)
[2.738s] [34mcolcon.colcon_core.environment[0m [1;30mLevel 1[0m checking '/home/carlosmello/ws/install/perception' for CMake module files
[2.738s] [34mcolcon.colcon_core.environment[0m [1;30mLevel 1[0m checking '/home/carlosmello/ws/install/perception' for CMake config files
[2.739s] [34mcolcon.colcon_core.shell[0m [1;30mLevel 1[0m create_environment_hook('perception', 'cmake_prefix_path')
[2.739s] [34mcolcon.colcon_core.shell[0m [1;30mINFO[0m Creating environment hook '/home/carlosmello/ws/install/perception/share/perception/hook/cmake_prefix_path.ps1'
[2.742s] [34mcolcon.colcon_core.event_handler.log_command[0m [1;30mDEBUG[0m [32mInvoked command in '/home/carlosmello/ws/build/perception' returned '0': CMAKE_PREFIX_PATH=${CMAKE_PREFIX_PATH}:/opt/ros/humble /usr/bin/cmake --install /home/carlosmello/ws/build/perception[0m
[2.743s] [34mcolcon.colcon_core.shell[0m [1;30mINFO[0m Creating environment descriptor '/home/carlosmello/ws/install/perception/share/perception/hook/cmake_prefix_path.dsv'
[2.744s] [34mcolcon.colcon_core.shell[0m [1;30mINFO[0m Creating environment hook '/home/carlosmello/ws/install/perception/share/perception/hook/cmake_prefix_path.sh'
[2.745s] [34mcolcon.colcon_core.environment[0m [1;30mLevel 1[0m checking '/home/carlosmello/ws/install/perception/lib'
[2.745s] [34mcolcon.colcon_core.environment[0m [1;30mLevel 1[0m checking '/home/carlosmello/ws/install/perception/bin'
[2.745s] [34mcolcon.colcon_core.environment[0m [1;30mLevel 1[0m checking '/home/carlosmello/ws/install/perception/lib/pkgconfig/perception.pc'
[2.745s] [34mcolcon.colcon_core.environment[0m [1;30mLevel 1[0m checking '/home/carlosmello/ws/install/perception/lib/python3.10/site-packages'
[2.746s] [34mcolcon.colcon_core.environment[0m [1;30mLevel 1[0m checking '/home/carlosmello/ws/install/perception/bin'
[2.746s] [34mcolcon.colcon_core.shell[0m [1;30mINFO[0m Creating package script '/home/carlosmello/ws/install/perception/share/perception/package.ps1'
[2.747s] [34mcolcon.colcon_core.shell[0m [1;30mINFO[0m Creating package descriptor '/home/carlosmello/ws/install/perception/share/perception/package.dsv'
[2.747s] [34mcolcon.colcon_core.shell[0m [1;30mINFO[0m Creating package script '/home/carlosmello/ws/install/perception/share/perception/package.sh'
[2.748s] [34mcolcon.colcon_core.shell[0m [1;30mINFO[0m Creating package script '/home/carlosmello/ws/install/perception/share/perception/package.bash'
[2.749s] [34mcolcon.colcon_core.shell[0m [1;30mINFO[0m Creating package script '/home/carlosmello/ws/install/perception/share/perception/package.zsh'
[2.750s] [34mcolcon.colcon_core.environment[0m [1;30mLevel 1[0m create_file_with_runtime_dependencies(/home/carlosmello/ws/install/perception/share/colcon-core/packages/perception)
[2.802s] [34mcolcon.colcon_core.environment[0m [1;30mLevel 1[0m create_environment_scripts_only(perception)
[2.802s] [34mcolcon.colcon_core.environment[0m [1;30mLevel 1[0m checking '/home/carlosmello/ws/install/perception' for CMake module files
[2.803s] [34mcolcon.colcon_core.environment[0m [1;30mLevel 1[0m checking '/home/carlosmello/ws/install/perception' for CMake config files
[2.804s] [34mcolcon.colcon_core.shell[0m [1;30mLevel 1[0m create_environment_hook('perception', 'cmake_prefix_path')
[2.804s] [34mcolcon.colcon_core.shell[0m [1;30mINFO[0m Creating environment hook '/home/carlosmello/ws/install/perception/share/perception/hook/cmake_prefix_path.ps1'
[2.806s] [34mcolcon.colcon_core.shell[0m [1;30mINFO[0m Creating environment descriptor '/home/carlosmello/ws/install/perception/share/perception/hook/cmake_prefix_path.dsv'
[2.807s] [34mcolcon.colcon_core.shell[0m [1;30mINFO[0m Creating environment hook '/home/carlosmello/ws/install/perception/share/perception/hook/cmake_prefix_path.sh'
[2.808s] [34mcolcon.colcon_core.environment[0m [1;30mLevel 1[0m checking '/home/carlosmello/ws/install/perception/lib'
[2.809s] [34mcolcon.colcon_core.environment[0m [1;30mLevel 1[0m checking '/home/carlosmello/ws/install/perception/bin'
[2.809s] [34mcolcon.colcon_core.environment[0m [1;30mLevel 1[0m checking '/home/carlosmello/ws/install/perception/lib/pkgconfig/perception.pc'
[2.810s] [34mcolcon.colcon_core.environment[0m [1;30mLevel 1[0m checking '/home/carlosmello/ws/install/perception/lib/python3.10/site-packages'
[2.810s] [34mcolcon.colcon_core.environment[0m [1;30mLevel 1[0m checking '/home/carlosmello/ws/install/perception/bin'
[2.811s] [34mcolcon.colcon_core.shell[0m [1;30mINFO[0m Creating package script '/home/carlosmello/ws/install/perception/share/perception/package.ps1'
[2.812s] [34mcolcon.colcon_core.shell[0m [1;30mINFO[0m Creating package descriptor '/home/carlosmello/ws/install/perception/share/perception/package.dsv'
[2.813s] [34mcolcon.colcon_core.shell[0m [1;30mINFO[0m Creating package script '/home/carlosmello/ws/install/perception/share/perception/package.sh'
[2.814s] [34mcolcon.colcon_core.shell[0m [1;30mINFO[0m Creating package script '/home/carlosmello/ws/install/perception/share/perception/package.bash'
[2.815s] [34mcolcon.colcon_core.shell[0m [1;30mINFO[0m Creating package script '/home/carlosmello/ws/install/perception/share/perception/package.zsh'
[2.815s] [34mcolcon.colcon_core.environment[0m [1;30mLevel 1[0m create_file_with_runtime_dependencies(/home/carlosmello/ws/install/perception/share/colcon-core/packages/perception)
[2.816s] [34mcolcon.colcon_parallel_executor.executor.parallel[0m [1;30mDEBUG[0m [32mclosing loop[0m
[2.817s] [34mcolcon.colcon_parallel_executor.executor.parallel[0m [1;30mDEBUG[0m [32mloop closed[0m
[2.817s] [34mcolcon.colcon_parallel_executor.executor.parallel[0m [1;30mDEBUG[0m [32mrun_until_complete finished with '0'[0m
[2.817s] [34mcolcon.colcon_core.event_reactor[0m [1;30mDEBUG[0m [32mjoining thread[0m
[2.831s] [34mcolcon.colcon_core.plugin_system[0m [1;30mINFO[0m Skipping extension 'colcon_notification.desktop_notification.terminal_notifier': Not used on non-Darwin systems
[2.831s] [34mcolcon.colcon_core.plugin_system[0m [1;30mINFO[0m Skipping extension 'colcon_notification.desktop_notification.win32': Not used on non-Windows systems
[2.831s] [34mcolcon.colcon_notification.desktop_notification[0m [1;30mINFO[0m Sending desktop notification using 'notify2'
[2.864s] [34mcolcon.colcon_core.event_reactor[0m [1;30mDEBUG[0m [32mjoined thread[0m
[2.865s] [34mcolcon.colcon_core.shell[0m [1;30mINFO[0m Creating prefix script '/home/carlosmello/ws/install/local_setup.ps1'
[2.867s] [34mcolcon.colcon_core.shell[0m [1;30mINFO[0m Creating prefix util module '/home/carlosmello/ws/install/_local_setup_util_ps1.py'
[2.870s] [34mcolcon.colcon_core.shell[0m [1;30mINFO[0m Creating prefix chain script '/home/carlosmello/ws/install/setup.ps1'
[2.874s] [34mcolcon.colcon_core.shell[0m [1;30mINFO[0m Creating prefix script '/home/carlosmello/ws/install/local_setup.sh'
[2.875s] [34mcolcon.colcon_core.shell[0m [1;30mINFO[0m Creating prefix util module '/home/carlosmello/ws/install/_local_setup_util_sh.py'
[2.876s] [34mcolcon.colcon_core.shell[0m [1;30mINFO[0m Creating prefix chain script '/home/carlosmello/ws/install/setup.sh'
[2.878s] [34mcolcon.colcon_core.shell[0m [1;30mINFO[0m Creating prefix script '/home/carlosmello/ws/install/local_setup.bash'
[2.879s] [34mcolcon.colcon_core.shell[0m [1;30mINFO[0m Creating prefix chain script '/home/carlosmello/ws/install/setup.bash'
[2.881s] [34mcolcon.colcon_core.shell[0m [1;30mINFO[0m Creating prefix script '/home/carlosmello/ws/install/local_setup.zsh'
[2.882s] [34mcolcon.colcon_core.shell[0m [1;30mINFO[0m Creating prefix chain script '/home/carlosmello/ws/install/setup.zsh'
