[0.106s] Invoking command in '/home/carlosmello/ws/build/yolov8_msgs': CMAKE_PREFIX_PATH=${CMAKE_PREFIX_PATH}:/opt/ros/humble /usr/bin/cmake --build /home/carlosmello/ws/build/yolov8_msgs -- -j8 -l8
[0.236s] [  2%] Built target yolov8_msgs__cpp
[0.358s] [  2%] Built target ament_cmake_python_copy_yolov8_msgs
[0.411s] [ 12%] Built target yolov8_msgs__rosidl_typesupport_introspection_cpp
[0.941s] running egg_info
[0.987s] writing yolov8_msgs.egg-info/PKG-INFO
[0.988s] writing dependency_links to yolov8_msgs.egg-info/dependency_links.txt
[0.989s] writing top-level names to yolov8_msgs.egg-info/top_level.txt
[1.119s] reading manifest file 'yolov8_msgs.egg-info/SOURCES.txt'
[1.126s] writing manifest file 'yolov8_msgs.egg-info/SOURCES.txt'
[1.193s] [ 12%] Built target ament_cmake_python_build_yolov8_msgs_egg
[1.255s] [ 23%] Built target yolov8_msgs__rosidl_typesupport_fastrtps_cpp
[1.294s] [ 33%] Built target yolov8_msgs__rosidl_typesupport_cpp
[1.361s] [ 43%] Built target yolov8_msgs__rosidl_generator_c
[1.426s] [ 53%] Built target yolov8_msgs__rosidl_typesupport_fastrtps_c
[1.478s] [ 64%] Built target yolov8_msgs__rosidl_typesupport_c
[1.527s] [ 74%] Built target yolov8_msgs__rosidl_typesupport_introspection_c
[1.590s] [ 74%] Built target yolov8_msgs
[1.643s] [ 76%] Built target yolov8_msgs__py
[1.688s] [ 84%] Built target yolov8_msgs__rosidl_generator_py
[1.735s] [ 89%] Built target yolov8_msgs__rosidl_typesupport_fastrtps_c__pyext
[1.798s] [ 94%] Built target yolov8_msgs__rosidl_typesupport_c__pyext
[1.848s] [100%] Built target yolov8_msgs__rosidl_typesupport_introspection_c__pyext
[1.890s] Invoked command in '/home/carlosmello/ws/build/yolov8_msgs' returned '0': CMAKE_PREFIX_PATH=${CMAKE_PREFIX_PATH}:/opt/ros/humble /usr/bin/cmake --build /home/carlosmello/ws/build/yolov8_msgs -- -j8 -l8
[2.116s] Invoking command in '/home/carlosmello/ws/build/yolov8_msgs': CMAKE_PREFIX_PATH=${CMAKE_PREFIX_PATH}:/opt/ros/humble /usr/bin/cmake --install /home/carlosmello/ws/build/yolov8_msgs
[2.130s] -- Install configuration: ""
[2.131s] -- Up-to-date: /home/carlosmello/ws/install/yolov8_msgs/share/ament_index/resource_index/rosidl_interfaces/yolov8_msgs
[2.131s] -- Up-to-date: /home/carlosmello/ws/install/yolov8_msgs/include/yolov8_msgs/yolov8_msgs
[2.134s] -- Up-to-date: /home/carlosmello/ws/install/yolov8_msgs/include/yolov8_msgs/yolov8_msgs/msg
[2.135s] -- Up-to-date: /home/carlosmello/ws/install/yolov8_msgs/include/yolov8_msgs/yolov8_msgs/msg/rosidl_generator_c__visibility_control.h
[2.135s] -- Up-to-date: /home/carlosmello/ws/install/yolov8_msgs/include/yolov8_msgs/yolov8_msgs/msg/inference_result.h
[2.135s] -- Up-to-date: /home/carlosmello/ws/install/yolov8_msgs/include/yolov8_msgs/yolov8_msgs/msg/yolov8_inference.h
[2.135s] -- Up-to-date: /home/carlosmello/ws/install/yolov8_msgs/include/yolov8_msgs/yolov8_msgs/msg/detail
[2.135s] -- Up-to-date: /home/carlosmello/ws/install/yolov8_msgs/include/yolov8_msgs/yolov8_msgs/msg/detail/inference_result__struct.h
[2.139s] -- Up-to-date: /home/carlosmello/ws/install/yolov8_msgs/include/yolov8_msgs/yolov8_msgs/msg/detail/inference_result__functions.h
[2.140s] -- Up-to-date: /home/carlosmello/ws/install/yolov8_msgs/include/yolov8_msgs/yolov8_msgs/msg/detail/yolov8_inference__type_support.h
[2.140s] -- Up-to-date: /home/carlosmello/ws/install/yolov8_msgs/include/yolov8_msgs/yolov8_msgs/msg/detail/inference_result__type_support.h
[2.140s] -- Up-to-date: /home/carlosmello/ws/install/yolov8_msgs/include/yolov8_msgs/yolov8_msgs/msg/detail/yolov8_inference__functions.c
[2.140s] -- Up-to-date: /home/carlosmello/ws/install/yolov8_msgs/include/yolov8_msgs/yolov8_msgs/msg/detail/inference_result__functions.c
[2.141s] -- Up-to-date: /home/carlosmello/ws/install/yolov8_msgs/include/yolov8_msgs/yolov8_msgs/msg/detail/yolov8_inference__functions.h
[2.141s] -- Up-to-date: /home/carlosmello/ws/install/yolov8_msgs/include/yolov8_msgs/yolov8_msgs/msg/detail/yolov8_inference__struct.h
[2.141s] -- Up-to-date: /home/carlosmello/ws/install/yolov8_msgs/share/yolov8_msgs/environment/library_path.sh
[2.141s] -- Up-to-date: /home/carlosmello/ws/install/yolov8_msgs/share/yolov8_msgs/environment/library_path.dsv
[2.141s] -- Up-to-date: /home/carlosmello/ws/install/yolov8_msgs/lib/libyolov8_msgs__rosidl_generator_c.so
[2.147s] -- Up-to-date: /home/carlosmello/ws/install/yolov8_msgs/include/yolov8_msgs/yolov8_msgs
[2.148s] -- Up-to-date: /home/carlosmello/ws/install/yolov8_msgs/include/yolov8_msgs/yolov8_msgs/msg
[2.151s] -- Up-to-date: /home/carlosmello/ws/install/yolov8_msgs/include/yolov8_msgs/yolov8_msgs/msg/rosidl_typesupport_fastrtps_c__visibility_control.h
[2.151s] -- Up-to-date: /home/carlosmello/ws/install/yolov8_msgs/include/yolov8_msgs/yolov8_msgs/msg/detail
[2.152s] -- Up-to-date: /home/carlosmello/ws/install/yolov8_msgs/include/yolov8_msgs/yolov8_msgs/msg/detail/inference_result__rosidl_typesupport_fastrtps_c.h
[2.152s] -- Up-to-date: /home/carlosmello/ws/install/yolov8_msgs/include/yolov8_msgs/yolov8_msgs/msg/detail/yolov8_inference__rosidl_typesupport_fastrtps_c.h
[2.152s] -- Up-to-date: /home/carlosmello/ws/install/yolov8_msgs/lib/libyolov8_msgs__rosidl_typesupport_fastrtps_c.so
[2.152s] -- Up-to-date: /home/carlosmello/ws/install/yolov8_msgs/include/yolov8_msgs/yolov8_msgs
[2.152s] -- Up-to-date: /home/carlosmello/ws/install/yolov8_msgs/include/yolov8_msgs/yolov8_msgs/msg
[2.152s] -- Up-to-date: /home/carlosmello/ws/install/yolov8_msgs/include/yolov8_msgs/yolov8_msgs/msg/inference_result.hpp
[2.152s] -- Up-to-date: /home/carlosmello/ws/install/yolov8_msgs/include/yolov8_msgs/yolov8_msgs/msg/yolov8_inference.hpp
[2.153s] -- Up-to-date: /home/carlosmello/ws/install/yolov8_msgs/include/yolov8_msgs/yolov8_msgs/msg/detail
[2.153s] -- Up-to-date: /home/carlosmello/ws/install/yolov8_msgs/include/yolov8_msgs/yolov8_msgs/msg/detail/inference_result__traits.hpp
[2.153s] -- Up-to-date: /home/carlosmello/ws/install/yolov8_msgs/include/yolov8_msgs/yolov8_msgs/msg/detail/inference_result__struct.hpp
[2.153s] -- Up-to-date: /home/carlosmello/ws/install/yolov8_msgs/include/yolov8_msgs/yolov8_msgs/msg/detail/yolov8_inference__traits.hpp
[2.153s] -- Up-to-date: /home/carlosmello/ws/install/yolov8_msgs/include/yolov8_msgs/yolov8_msgs/msg/detail/yolov8_inference__struct.hpp
[2.153s] -- Up-to-date: /home/carlosmello/ws/install/yolov8_msgs/include/yolov8_msgs/yolov8_msgs/msg/detail/inference_result__builder.hpp
[2.153s] -- Up-to-date: /home/carlosmello/ws/install/yolov8_msgs/include/yolov8_msgs/yolov8_msgs/msg/detail/yolov8_inference__builder.hpp
[2.153s] -- Up-to-date: /home/carlosmello/ws/install/yolov8_msgs/include/yolov8_msgs/yolov8_msgs
[2.154s] -- Up-to-date: /home/carlosmello/ws/install/yolov8_msgs/include/yolov8_msgs/yolov8_msgs/msg
[2.154s] -- Up-to-date: /home/carlosmello/ws/install/yolov8_msgs/include/yolov8_msgs/yolov8_msgs/msg/rosidl_typesupport_fastrtps_cpp__visibility_control.h
[2.154s] -- Up-to-date: /home/carlosmello/ws/install/yolov8_msgs/include/yolov8_msgs/yolov8_msgs/msg/detail
[2.157s] -- Up-to-date: /home/carlosmello/ws/install/yolov8_msgs/include/yolov8_msgs/yolov8_msgs/msg/detail/yolov8_inference__rosidl_typesupport_fastrtps_cpp.hpp
[2.158s] -- Up-to-date: /home/carlosmello/ws/install/yolov8_msgs/include/yolov8_msgs/yolov8_msgs/msg/detail/inference_result__rosidl_typesupport_fastrtps_cpp.hpp
[2.158s] -- Up-to-date: /home/carlosmello/ws/install/yolov8_msgs/include/yolov8_msgs/yolov8_msgs/msg/detail/dds_fastrtps
[2.158s] -- Up-to-date: /home/carlosmello/ws/install/yolov8_msgs/lib/libyolov8_msgs__rosidl_typesupport_fastrtps_cpp.so
[2.158s] -- Up-to-date: /home/carlosmello/ws/install/yolov8_msgs/include/yolov8_msgs/yolov8_msgs
[2.160s] -- Up-to-date: /home/carlosmello/ws/install/yolov8_msgs/include/yolov8_msgs/yolov8_msgs/msg
[2.160s] -- Up-to-date: /home/carlosmello/ws/install/yolov8_msgs/include/yolov8_msgs/yolov8_msgs/msg/rosidl_typesupport_introspection_c__visibility_control.h
[2.160s] -- Up-to-date: /home/carlosmello/ws/install/yolov8_msgs/include/yolov8_msgs/yolov8_msgs/msg/detail
[2.160s] -- Up-to-date: /home/carlosmello/ws/install/yolov8_msgs/include/yolov8_msgs/yolov8_msgs/msg/detail/inference_result__rosidl_typesupport_introspection_c.h
[2.161s] -- Up-to-date: /home/carlosmello/ws/install/yolov8_msgs/include/yolov8_msgs/yolov8_msgs/msg/detail/yolov8_inference__type_support.c
[2.161s] -- Up-to-date: /home/carlosmello/ws/install/yolov8_msgs/include/yolov8_msgs/yolov8_msgs/msg/detail/yolov8_inference__rosidl_typesupport_introspection_c.h
[2.161s] -- Up-to-date: /home/carlosmello/ws/install/yolov8_msgs/include/yolov8_msgs/yolov8_msgs/msg/detail/inference_result__type_support.c
[2.161s] -- Up-to-date: /home/carlosmello/ws/install/yolov8_msgs/lib/libyolov8_msgs__rosidl_typesupport_introspection_c.so
[2.161s] -- Up-to-date: /home/carlosmello/ws/install/yolov8_msgs/lib/libyolov8_msgs__rosidl_typesupport_c.so
[2.161s] -- Up-to-date: /home/carlosmello/ws/install/yolov8_msgs/include/yolov8_msgs/yolov8_msgs
[2.161s] -- Up-to-date: /home/carlosmello/ws/install/yolov8_msgs/include/yolov8_msgs/yolov8_msgs/msg
[2.161s] -- Up-to-date: /home/carlosmello/ws/install/yolov8_msgs/include/yolov8_msgs/yolov8_msgs/msg/detail
[2.162s] -- Up-to-date: /home/carlosmello/ws/install/yolov8_msgs/include/yolov8_msgs/yolov8_msgs/msg/detail/inference_result__rosidl_typesupport_introspection_cpp.hpp
[2.162s] -- Up-to-date: /home/carlosmello/ws/install/yolov8_msgs/include/yolov8_msgs/yolov8_msgs/msg/detail/yolov8_inference__type_support.cpp
[2.162s] -- Up-to-date: /home/carlosmello/ws/install/yolov8_msgs/include/yolov8_msgs/yolov8_msgs/msg/detail/yolov8_inference__rosidl_typesupport_introspection_cpp.hpp
[2.162s] -- Up-to-date: /home/carlosmello/ws/install/yolov8_msgs/include/yolov8_msgs/yolov8_msgs/msg/detail/inference_result__type_support.cpp
[2.162s] -- Up-to-date: /home/carlosmello/ws/install/yolov8_msgs/lib/libyolov8_msgs__rosidl_typesupport_introspection_cpp.so
[2.162s] -- Up-to-date: /home/carlosmello/ws/install/yolov8_msgs/lib/libyolov8_msgs__rosidl_typesupport_cpp.so
[2.162s] -- Up-to-date: /home/carlosmello/ws/install/yolov8_msgs/share/yolov8_msgs/environment/pythonpath.sh
[2.162s] -- Up-to-date: /home/carlosmello/ws/install/yolov8_msgs/share/yolov8_msgs/environment/pythonpath.dsv
[2.163s] -- Up-to-date: /home/carlosmello/ws/install/yolov8_msgs/local/lib/python3.10/dist-packages/yolov8_msgs-0.0.0-py3.10.egg-info
[2.163s] -- Installing: /home/carlosmello/ws/install/yolov8_msgs/local/lib/python3.10/dist-packages/yolov8_msgs-0.0.0-py3.10.egg-info/top_level.txt
[2.165s] -- Installing: /home/carlosmello/ws/install/yolov8_msgs/local/lib/python3.10/dist-packages/yolov8_msgs-0.0.0-py3.10.egg-info/SOURCES.txt
[2.166s] -- Installing: /home/carlosmello/ws/install/yolov8_msgs/local/lib/python3.10/dist-packages/yolov8_msgs-0.0.0-py3.10.egg-info/dependency_links.txt
[2.167s] -- Installing: /home/carlosmello/ws/install/yolov8_msgs/local/lib/python3.10/dist-packages/yolov8_msgs-0.0.0-py3.10.egg-info/PKG-INFO
[2.167s] -- Up-to-date: /home/carlosmello/ws/install/yolov8_msgs/local/lib/python3.10/dist-packages/yolov8_msgs
[2.167s] -- Up-to-date: /home/carlosmello/ws/install/yolov8_msgs/local/lib/python3.10/dist-packages/yolov8_msgs/libyolov8_msgs__rosidl_generator_py.so
[2.167s] -- Up-to-date: /home/carlosmello/ws/install/yolov8_msgs/local/lib/python3.10/dist-packages/yolov8_msgs/_yolov8_msgs_s.ep.rosidl_typesupport_c.c
[2.167s] -- Up-to-date: /home/carlosmello/ws/install/yolov8_msgs/local/lib/python3.10/dist-packages/yolov8_msgs/yolov8_msgs_s__rosidl_typesupport_c.cpython-310-x86_64-linux-gnu.so
[2.167s] -- Up-to-date: /home/carlosmello/ws/install/yolov8_msgs/local/lib/python3.10/dist-packages/yolov8_msgs/yolov8_msgs_s__rosidl_typesupport_fastrtps_c.cpython-310-x86_64-linux-gnu.so
[2.167s] -- Up-to-date: /home/carlosmello/ws/install/yolov8_msgs/local/lib/python3.10/dist-packages/yolov8_msgs/yolov8_msgs_s__rosidl_typesupport_introspection_c.cpython-310-x86_64-linux-gnu.so
[2.168s] -- Up-to-date: /home/carlosmello/ws/install/yolov8_msgs/local/lib/python3.10/dist-packages/yolov8_msgs/_yolov8_msgs_s.ep.rosidl_typesupport_fastrtps_c.c
[2.168s] -- Up-to-date: /home/carlosmello/ws/install/yolov8_msgs/local/lib/python3.10/dist-packages/yolov8_msgs/__init__.py
[2.168s] -- Up-to-date: /home/carlosmello/ws/install/yolov8_msgs/local/lib/python3.10/dist-packages/yolov8_msgs/_yolov8_msgs_s.ep.rosidl_typesupport_introspection_c.c
[2.168s] -- Up-to-date: /home/carlosmello/ws/install/yolov8_msgs/local/lib/python3.10/dist-packages/yolov8_msgs/msg
[2.168s] -- Up-to-date: /home/carlosmello/ws/install/yolov8_msgs/local/lib/python3.10/dist-packages/yolov8_msgs/msg/_yolov8_inference.py
[2.168s] -- Up-to-date: /home/carlosmello/ws/install/yolov8_msgs/local/lib/python3.10/dist-packages/yolov8_msgs/msg/_inference_result.py
[2.168s] -- Up-to-date: /home/carlosmello/ws/install/yolov8_msgs/local/lib/python3.10/dist-packages/yolov8_msgs/msg/__init__.py
[2.168s] -- Up-to-date: /home/carlosmello/ws/install/yolov8_msgs/local/lib/python3.10/dist-packages/yolov8_msgs/msg/_yolov8_inference_s.c
[2.168s] -- Up-to-date: /home/carlosmello/ws/install/yolov8_msgs/local/lib/python3.10/dist-packages/yolov8_msgs/msg/_inference_result_s.c
[2.264s] Listing '/home/carlosmello/ws/install/yolov8_msgs/local/lib/python3.10/dist-packages/yolov8_msgs'...
[2.264s] Listing '/home/carlosmello/ws/install/yolov8_msgs/local/lib/python3.10/dist-packages/yolov8_msgs/msg'...
[2.274s] -- Up-to-date: /home/carlosmello/ws/install/yolov8_msgs/local/lib/python3.10/dist-packages/yolov8_msgs/yolov8_msgs_s__rosidl_typesupport_fastrtps_c.cpython-310-x86_64-linux-gnu.so
[2.276s] -- Up-to-date: /home/carlosmello/ws/install/yolov8_msgs/local/lib/python3.10/dist-packages/yolov8_msgs/yolov8_msgs_s__rosidl_typesupport_introspection_c.cpython-310-x86_64-linux-gnu.so
[2.279s] -- Up-to-date: /home/carlosmello/ws/install/yolov8_msgs/local/lib/python3.10/dist-packages/yolov8_msgs/yolov8_msgs_s__rosidl_typesupport_c.cpython-310-x86_64-linux-gnu.so
[2.281s] -- Up-to-date: /home/carlosmello/ws/install/yolov8_msgs/lib/libyolov8_msgs__rosidl_generator_py.so
[2.282s] -- Up-to-date: /home/carlosmello/ws/install/yolov8_msgs/share/yolov8_msgs/msg/InferenceResult.idl
[2.283s] -- Up-to-date: /home/carlosmello/ws/install/yolov8_msgs/share/yolov8_msgs/msg/Yolov8Inference.idl
[2.283s] -- Up-to-date: /home/carlosmello/ws/install/yolov8_msgs/share/yolov8_msgs/msg/InferenceResult.msg
[2.285s] -- Up-to-date: /home/carlosmello/ws/install/yolov8_msgs/share/yolov8_msgs/msg/Yolov8Inference.msg
[2.285s] -- Up-to-date: /home/carlosmello/ws/install/yolov8_msgs/share/ament_index/resource_index/package_run_dependencies/yolov8_msgs
[2.285s] -- Up-to-date: /home/carlosmello/ws/install/yolov8_msgs/share/ament_index/resource_index/parent_prefix_path/yolov8_msgs
[2.285s] -- Up-to-date: /home/carlosmello/ws/install/yolov8_msgs/share/yolov8_msgs/environment/ament_prefix_path.sh
[2.287s] -- Up-to-date: /home/carlosmello/ws/install/yolov8_msgs/share/yolov8_msgs/environment/ament_prefix_path.dsv
[2.287s] -- Up-to-date: /home/carlosmello/ws/install/yolov8_msgs/share/yolov8_msgs/environment/path.sh
[2.287s] -- Up-to-date: /home/carlosmello/ws/install/yolov8_msgs/share/yolov8_msgs/environment/path.dsv
[2.287s] -- Up-to-date: /home/carlosmello/ws/install/yolov8_msgs/share/yolov8_msgs/local_setup.bash
[2.289s] -- Up-to-date: /home/carlosmello/ws/install/yolov8_msgs/share/yolov8_msgs/local_setup.sh
[2.289s] -- Up-to-date: /home/carlosmello/ws/install/yolov8_msgs/share/yolov8_msgs/local_setup.zsh
[2.289s] -- Up-to-date: /home/carlosmello/ws/install/yolov8_msgs/share/yolov8_msgs/local_setup.dsv
[2.290s] -- Installing: /home/carlosmello/ws/install/yolov8_msgs/share/yolov8_msgs/package.dsv
[2.290s] -- Up-to-date: /home/carlosmello/ws/install/yolov8_msgs/share/ament_index/resource_index/packages/yolov8_msgs
[2.291s] -- Up-to-date: /home/carlosmello/ws/install/yolov8_msgs/share/yolov8_msgs/cmake/export_yolov8_msgs__rosidl_generator_cExport.cmake
[2.291s] -- Up-to-date: /home/carlosmello/ws/install/yolov8_msgs/share/yolov8_msgs/cmake/export_yolov8_msgs__rosidl_generator_cExport-noconfig.cmake
[2.291s] -- Up-to-date: /home/carlosmello/ws/install/yolov8_msgs/share/yolov8_msgs/cmake/export_yolov8_msgs__rosidl_typesupport_fastrtps_cExport.cmake
[2.292s] -- Up-to-date: /home/carlosmello/ws/install/yolov8_msgs/share/yolov8_msgs/cmake/export_yolov8_msgs__rosidl_typesupport_fastrtps_cExport-noconfig.cmake
[2.292s] -- Up-to-date: /home/carlosmello/ws/install/yolov8_msgs/share/yolov8_msgs/cmake/export_yolov8_msgs__rosidl_generator_cppExport.cmake
[2.292s] -- Up-to-date: /home/carlosmello/ws/install/yolov8_msgs/share/yolov8_msgs/cmake/export_yolov8_msgs__rosidl_typesupport_fastrtps_cppExport.cmake
[2.292s] -- Up-to-date: /home/carlosmello/ws/install/yolov8_msgs/share/yolov8_msgs/cmake/export_yolov8_msgs__rosidl_typesupport_fastrtps_cppExport-noconfig.cmake
[2.292s] -- Up-to-date: /home/carlosmello/ws/install/yolov8_msgs/share/yolov8_msgs/cmake/yolov8_msgs__rosidl_typesupport_introspection_cExport.cmake
[2.292s] -- Up-to-date: /home/carlosmello/ws/install/yolov8_msgs/share/yolov8_msgs/cmake/yolov8_msgs__rosidl_typesupport_introspection_cExport-noconfig.cmake
[2.292s] -- Up-to-date: /home/carlosmello/ws/install/yolov8_msgs/share/yolov8_msgs/cmake/yolov8_msgs__rosidl_typesupport_cExport.cmake
[2.292s] -- Up-to-date: /home/carlosmello/ws/install/yolov8_msgs/share/yolov8_msgs/cmake/yolov8_msgs__rosidl_typesupport_cExport-noconfig.cmake
[2.292s] -- Up-to-date: /home/carlosmello/ws/install/yolov8_msgs/share/yolov8_msgs/cmake/yolov8_msgs__rosidl_typesupport_introspection_cppExport.cmake
[2.295s] -- Up-to-date: /home/carlosmello/ws/install/yolov8_msgs/share/yolov8_msgs/cmake/yolov8_msgs__rosidl_typesupport_introspection_cppExport-noconfig.cmake
[2.295s] -- Up-to-date: /home/carlosmello/ws/install/yolov8_msgs/share/yolov8_msgs/cmake/yolov8_msgs__rosidl_typesupport_cppExport.cmake
[2.295s] -- Up-to-date: /home/carlosmello/ws/install/yolov8_msgs/share/yolov8_msgs/cmake/yolov8_msgs__rosidl_typesupport_cppExport-noconfig.cmake
[2.299s] -- Up-to-date: /home/carlosmello/ws/install/yolov8_msgs/share/yolov8_msgs/cmake/export_yolov8_msgs__rosidl_generator_pyExport.cmake
[2.299s] -- Up-to-date: /home/carlosmello/ws/install/yolov8_msgs/share/yolov8_msgs/cmake/export_yolov8_msgs__rosidl_generator_pyExport-noconfig.cmake
[2.300s] -- Up-to-date: /home/carlosmello/ws/install/yolov8_msgs/share/yolov8_msgs/cmake/rosidl_cmake-extras.cmake
[2.301s] -- Up-to-date: /home/carlosmello/ws/install/yolov8_msgs/share/yolov8_msgs/cmake/ament_cmake_export_dependencies-extras.cmake
[2.301s] -- Up-to-date: /home/carlosmello/ws/install/yolov8_msgs/share/yolov8_msgs/cmake/ament_cmake_export_include_directories-extras.cmake
[2.302s] -- Up-to-date: /home/carlosmello/ws/install/yolov8_msgs/share/yolov8_msgs/cmake/ament_cmake_export_libraries-extras.cmake
[2.310s] -- Up-to-date: /home/carlosmello/ws/install/yolov8_msgs/share/yolov8_msgs/cmake/ament_cmake_export_targets-extras.cmake
[2.310s] -- Up-to-date: /home/carlosmello/ws/install/yolov8_msgs/share/yolov8_msgs/cmake/rosidl_cmake_export_typesupport_targets-extras.cmake
[2.310s] -- Up-to-date: /home/carlosmello/ws/install/yolov8_msgs/share/yolov8_msgs/cmake/rosidl_cmake_export_typesupport_libraries-extras.cmake
[2.310s] -- Up-to-date: /home/carlosmello/ws/install/yolov8_msgs/share/yolov8_msgs/cmake/yolov8_msgsConfig.cmake
[2.310s] -- Up-to-date: /home/carlosmello/ws/install/yolov8_msgs/share/yolov8_msgs/cmake/yolov8_msgsConfig-version.cmake
[2.310s] -- Up-to-date: /home/carlosmello/ws/install/yolov8_msgs/share/yolov8_msgs/package.xml
[2.311s] Invoked command in '/home/carlosmello/ws/build/yolov8_msgs' returned '0': CMAKE_PREFIX_PATH=${CMAKE_PREFIX_PATH}:/opt/ros/humble /usr/bin/cmake --install /home/carlosmello/ws/build/yolov8_msgs
