[0.027s] Invoking command in '/home/carlosmello/ws/build/yolobot_description': CMAKE_PREFIX_PATH=${CMAKE_PREFIX_PATH}:/opt/ros/humble /usr/bin/cmake /home/carlosmello/ws/src/yolobot_description -DCMAKE_INSTALL_PREFIX=/home/carlosmello/ws/install/yolobot_description
[0.187s] -- The C compiler identification is GNU 11.4.0
[0.321s] -- The CXX compiler identification is GNU 11.4.0
[0.331s] -- Detecting C compiler ABI info
[0.441s] -- Detecting C compiler ABI info - done
[0.453s] -- Check for working C compiler: /usr/bin/cc - skipped
[0.454s] -- Detecting C compile features
[0.454s] -- Detecting C compile features - done
[0.459s] -- Detecting CXX compiler ABI info
[0.583s] -- Detecting CXX compiler ABI info - done
[0.589s] -- Check for working CXX compiler: /usr/bin/c++ - skipped
[0.597s] -- Detecting CXX compile features
[0.597s] -- Detecting CXX compile features - done
[0.597s] -- Found ament_cmake: 1.3.10 (/opt/ros/humble/share/ament_cmake/cmake)
[1.218s] -- Found Python3: /usr/bin/python3 (found version "3.10.12") found components: Interpreter 
[1.377s] -- Found urdf: 2.6.1 (/opt/ros/humble/share/urdf/cmake)
[1.471s] -- Found ament_lint_auto: 0.12.11 (/opt/ros/humble/share/ament_lint_auto/cmake)
[1.594s] -- Added test 'copyright' to check source files copyright and LICENSE
[1.600s] -- Added test 'flake8' to check Python code syntax and style conventions
[1.600s] -- Added test 'lint_cmake' to check CMake code style
[1.600s] -- Added test 'pep257' to check Python code against some of the docstring style conventions in PEP 257
[1.601s] -- Added test 'xmllint' to check XML markup files
[1.602s] -- Configuring done
[1.607s] -- Generating done
[1.611s] -- Build files have been written to: /home/carlosmello/ws/build/yolobot_description
[1.623s] Invoked command in '/home/carlosmello/ws/build/yolobot_description' returned '0': CMAKE_PREFIX_PATH=${CMAKE_PREFIX_PATH}:/opt/ros/humble /usr/bin/cmake /home/carlosmello/ws/src/yolobot_description -DCMAKE_INSTALL_PREFIX=/home/carlosmello/ws/install/yolobot_description
[1.626s] Invoking command in '/home/carlosmello/ws/build/yolobot_description': CMAKE_PREFIX_PATH=${CMAKE_PREFIX_PATH}:/opt/ros/humble /usr/bin/cmake --build /home/carlosmello/ws/build/yolobot_description -- -j8 -l8
[1.668s] Invoked command in '/home/carlosmello/ws/build/yolobot_description' returned '0': CMAKE_PREFIX_PATH=${CMAKE_PREFIX_PATH}:/opt/ros/humble /usr/bin/cmake --build /home/carlosmello/ws/build/yolobot_description -- -j8 -l8
[1.691s] Invoking command in '/home/carlosmello/ws/build/yolobot_description': CMAKE_PREFIX_PATH=${CMAKE_PREFIX_PATH}:/opt/ros/humble /usr/bin/cmake --install /home/carlosmello/ws/build/yolobot_description
[1.699s] -- Install configuration: ""
[1.699s] -- Up-to-date: /home/carlosmello/ws/install/yolobot_description/share/yolobot_description//launch
[1.699s] -- Up-to-date: /home/carlosmello/ws/install/yolobot_description/share/yolobot_description//launch/spawn_yolobot.py
[1.700s] -- Up-to-date: /home/carlosmello/ws/install/yolobot_description/share/yolobot_description//launch/spawn_yolobot_launch.launch.py
[1.700s] -- Up-to-date: /home/carlosmello/ws/install/yolobot_description/share/yolobot_description//robot
[1.700s] -- Up-to-date: /home/carlosmello/ws/install/yolobot_description/share/yolobot_description//robot/yolobot.urdf
[1.700s] -- Up-to-date: /home/carlosmello/ws/install/yolobot_description/lib/yolobot_description/spawn_yolobot.py
[1.700s] -- Installing: /home/carlosmello/ws/install/yolobot_description/share/ament_index/resource_index/package_run_dependencies/yolobot_description
[1.700s] -- Installing: /home/carlosmello/ws/install/yolobot_description/share/ament_index/resource_index/parent_prefix_path/yolobot_description
[1.701s] -- Up-to-date: /home/carlosmello/ws/install/yolobot_description/share/yolobot_description/environment/ament_prefix_path.sh
[1.701s] -- Installing: /home/carlosmello/ws/install/yolobot_description/share/yolobot_description/environment/ament_prefix_path.dsv
[1.701s] -- Up-to-date: /home/carlosmello/ws/install/yolobot_description/share/yolobot_description/environment/path.sh
[1.701s] -- Installing: /home/carlosmello/ws/install/yolobot_description/share/yolobot_description/environment/path.dsv
[1.701s] -- Installing: /home/carlosmello/ws/install/yolobot_description/share/yolobot_description/local_setup.bash
[1.702s] -- Installing: /home/carlosmello/ws/install/yolobot_description/share/yolobot_description/local_setup.sh
[1.702s] -- Installing: /home/carlosmello/ws/install/yolobot_description/share/yolobot_description/local_setup.zsh
[1.702s] -- Installing: /home/carlosmello/ws/install/yolobot_description/share/yolobot_description/local_setup.dsv
[1.702s] -- Installing: /home/carlosmello/ws/install/yolobot_description/share/yolobot_description/package.dsv
[1.702s] -- Installing: /home/carlosmello/ws/install/yolobot_description/share/ament_index/resource_index/packages/yolobot_description
[1.702s] -- Installing: /home/carlosmello/ws/install/yolobot_description/share/yolobot_description/cmake/yolobot_descriptionConfig.cmake
[1.702s] -- Installing: /home/carlosmello/ws/install/yolobot_description/share/yolobot_description/cmake/yolobot_descriptionConfig-version.cmake
[1.703s] -- Up-to-date: /home/carlosmello/ws/install/yolobot_description/share/yolobot_description/package.xml
[1.705s] Invoked command in '/home/carlosmello/ws/build/yolobot_description' returned '0': CMAKE_PREFIX_PATH=${CMAKE_PREFIX_PATH}:/opt/ros/humble /usr/bin/cmake --install /home/carlosmello/ws/build/yolobot_description
