[0.296s] [34mcolcon[0m [1;30mDEBUG[0m [32mCommand line arguments: ['/usr/bin/colcon', 'build'][0m
[0.296s] [34mcolcon[0m [1;30mDEBUG[0m [32mParsed command line arguments: Namespace(log_base=None, log_level=None, verb_name='build', build_base='build', install_base='install', merge_install=False, symlink_install=False, test_result_base=None, continue_on_error=False, executor='parallel', parallel_workers=8, event_handlers=None, ignore_user_meta=False, metas=['./colcon.meta'], base_paths=['.'], packages_ignore=None, packages_ignore_regex=None, paths=None, packages_up_to=None, packages_up_to_regex=None, packages_above=None, packages_above_and_dependencies=None, packages_above_depth=None, packages_select_by_dep=None, packages_skip_by_dep=None, packages_skip_up_to=None, packages_select_build_failed=False, packages_skip_build_finished=False, packages_select_test_failures=False, packages_skip_test_passed=False, packages_select=None, packages_skip=None, packages_select_regex=None, packages_skip_regex=None, packages_start=None, packages_end=None, allow_overriding=[], cmake_args=None, cmake_target=None, cmake_target_skip_unavailable=False, cmake_clean_cache=False, cmake_clean_first=False, cmake_force_configure=False, ament_cmake_args=None, catkin_cmake_args=None, catkin_skip_building_tests=False, verb_parser=<colcon_defaults.argument_parser.defaults.DefaultArgumentsDecorator object at 0x75a49c318850>, verb_extension=<colcon_core.verb.build.BuildVerb object at 0x75a49c405ae0>, main=<bound method BuildVerb.main of <colcon_core.verb.build.BuildVerb object at 0x75a49c405ae0>>)[0m
[0.356s] [34mcolcon.colcon_core.package_discovery[0m [1;30mLevel 1[0m discover_packages(colcon_meta) check parameters
[0.356s] [34mcolcon.colcon_core.package_discovery[0m [1;30mLevel 1[0m discover_packages(recursive) check parameters
[0.356s] [34mcolcon.colcon_core.package_discovery[0m [1;30mLevel 1[0m discover_packages(ignore) check parameters
[0.356s] [34mcolcon.colcon_core.package_discovery[0m [1;30mLevel 1[0m discover_packages(path) check parameters
[0.356s] [34mcolcon.colcon_core.package_discovery[0m [1;30mLevel 1[0m discover_packages(colcon_meta) discover
[0.356s] [34mcolcon.colcon_core.package_discovery[0m [1;30mLevel 1[0m discover_packages(recursive) discover
[0.357s] [34mcolcon.colcon_core.package_discovery[0m [1;30mINFO[0m Crawling recursively for packages in '/home/carlosmello/ws'
[0.357s] [34mcolcon.colcon_core.package_identification[0m [1;30mLevel 1[0m _identify(.) by extensions ['ignore', 'ignore_ament_install']
[0.357s] [34mcolcon.colcon_core.package_identification[0m [1;30mLevel 1[0m _identify(.) by extension 'ignore'
[0.357s] [34mcolcon.colcon_core.package_identification[0m [1;30mLevel 1[0m _identify(.) by extension 'ignore_ament_install'
[0.357s] [34mcolcon.colcon_core.package_identification[0m [1;30mLevel 1[0m _identify(.) by extensions ['colcon_pkg']
[0.357s] [34mcolcon.colcon_core.package_identification[0m [1;30mLevel 1[0m _identify(.) by extension 'colcon_pkg'
[0.357s] [34mcolcon.colcon_core.package_identification[0m [1;30mLevel 1[0m _identify(.) by extensions ['colcon_meta']
[0.357s] [34mcolcon.colcon_core.package_identification[0m [1;30mLevel 1[0m _identify(.) by extension 'colcon_meta'
[0.357s] [34mcolcon.colcon_core.package_identification[0m [1;30mLevel 1[0m _identify(.) by extensions ['ros']
[0.357s] [34mcolcon.colcon_core.package_identification[0m [1;30mLevel 1[0m _identify(.) by extension 'ros'
[0.375s] [34mcolcon.colcon_core.package_identification[0m [1;30mLevel 1[0m _identify(.) by extensions ['cmake', 'python']
[0.375s] [34mcolcon.colcon_core.package_identification[0m [1;30mLevel 1[0m _identify(.) by extension 'cmake'
[0.376s] [34mcolcon.colcon_core.package_identification[0m [1;30mLevel 1[0m _identify(.) by extension 'python'
[0.376s] [34mcolcon.colcon_core.package_identification[0m [1;30mLevel 1[0m _identify(.) by extensions ['python_setup_py']
[0.376s] [34mcolcon.colcon_core.package_identification[0m [1;30mLevel 1[0m _identify(.) by extension 'python_setup_py'
[0.376s] [34mcolcon.colcon_core.package_identification[0m [1;30mLevel 1[0m _identify(build) by extensions ['ignore', 'ignore_ament_install']
[0.376s] [34mcolcon.colcon_core.package_identification[0m [1;30mLevel 1[0m _identify(build) by extension 'ignore'
[0.376s] [34mcolcon.colcon_core.package_identification[0m [1;30mLevel 1[0m _identify(build) ignored
[0.376s] [34mcolcon.colcon_core.package_identification[0m [1;30mLevel 1[0m _identify(install) by extensions ['ignore', 'ignore_ament_install']
[0.376s] [34mcolcon.colcon_core.package_identification[0m [1;30mLevel 1[0m _identify(install) by extension 'ignore'
[0.376s] [34mcolcon.colcon_core.package_identification[0m [1;30mLevel 1[0m _identify(install) ignored
[0.376s] [34mcolcon.colcon_core.package_identification[0m [1;30mLevel 1[0m _identify(log) by extensions ['ignore', 'ignore_ament_install']
[0.377s] [34mcolcon.colcon_core.package_identification[0m [1;30mLevel 1[0m _identify(log) by extension 'ignore'
[0.377s] [34mcolcon.colcon_core.package_identification[0m [1;30mLevel 1[0m _identify(log) ignored
[0.377s] [34mcolcon.colcon_core.package_identification[0m [1;30mLevel 1[0m _identify(src) by extensions ['ignore', 'ignore_ament_install']
[0.377s] [34mcolcon.colcon_core.package_identification[0m [1;30mLevel 1[0m _identify(src) by extension 'ignore'
[0.377s] [34mcolcon.colcon_core.package_identification[0m [1;30mLevel 1[0m _identify(src) by extension 'ignore_ament_install'
[0.377s] [34mcolcon.colcon_core.package_identification[0m [1;30mLevel 1[0m _identify(src) by extensions ['colcon_pkg']
[0.377s] [34mcolcon.colcon_core.package_identification[0m [1;30mLevel 1[0m _identify(src) by extension 'colcon_pkg'
[0.377s] [34mcolcon.colcon_core.package_identification[0m [1;30mLevel 1[0m _identify(src) by extensions ['colcon_meta']
[0.377s] [34mcolcon.colcon_core.package_identification[0m [1;30mLevel 1[0m _identify(src) by extension 'colcon_meta'
[0.377s] [34mcolcon.colcon_core.package_identification[0m [1;30mLevel 1[0m _identify(src) by extensions ['ros']
[0.377s] [34mcolcon.colcon_core.package_identification[0m [1;30mLevel 1[0m _identify(src) by extension 'ros'
[0.377s] [34mcolcon.colcon_core.package_identification[0m [1;30mLevel 1[0m _identify(src) by extensions ['cmake', 'python']
[0.377s] [34mcolcon.colcon_core.package_identification[0m [1;30mLevel 1[0m _identify(src) by extension 'cmake'
[0.377s] [34mcolcon.colcon_core.package_identification[0m [1;30mLevel 1[0m _identify(src) by extension 'python'
[0.377s] [34mcolcon.colcon_core.package_identification[0m [1;30mLevel 1[0m _identify(src) by extensions ['python_setup_py']
[0.377s] [34mcolcon.colcon_core.package_identification[0m [1;30mLevel 1[0m _identify(src) by extension 'python_setup_py'
[0.377s] [34mcolcon.colcon_core.package_identification[0m [1;30mLevel 1[0m _identify(src/Perception) by extensions ['ignore', 'ignore_ament_install']
[0.377s] [34mcolcon.colcon_core.package_identification[0m [1;30mLevel 1[0m _identify(src/Perception) by extension 'ignore'
[0.378s] [34mcolcon.colcon_core.package_identification[0m [1;30mLevel 1[0m _identify(src/Perception) by extension 'ignore_ament_install'
[0.378s] [34mcolcon.colcon_core.package_identification[0m [1;30mLevel 1[0m _identify(src/Perception) by extensions ['colcon_pkg']
[0.378s] [34mcolcon.colcon_core.package_identification[0m [1;30mLevel 1[0m _identify(src/Perception) by extension 'colcon_pkg'
[0.378s] [34mcolcon.colcon_core.package_identification[0m [1;30mLevel 1[0m _identify(src/Perception) by extensions ['colcon_meta']
[0.378s] [34mcolcon.colcon_core.package_identification[0m [1;30mLevel 1[0m _identify(src/Perception) by extension 'colcon_meta'
[0.378s] [34mcolcon.colcon_core.package_identification[0m [1;30mLevel 1[0m _identify(src/Perception) by extensions ['ros']
[0.378s] [34mcolcon.colcon_core.package_identification[0m [1;30mLevel 1[0m _identify(src/Perception) by extension 'ros'
[0.381s] [34mcolcon.colcon_core.package_identification[0m [1;30mDEBUG[0m [32mPackage 'src/Perception' with type 'ros.ament_cmake' and name 'perception'[0m
[0.381s] [34mcolcon.colcon_core.package_identification[0m [1;30mLevel 1[0m _identify(src/yolobot_control) by extensions ['ignore', 'ignore_ament_install']
[0.381s] [34mcolcon.colcon_core.package_identification[0m [1;30mLevel 1[0m _identify(src/yolobot_control) by extension 'ignore'
[0.381s] [34mcolcon.colcon_core.package_identification[0m [1;30mLevel 1[0m _identify(src/yolobot_control) by extension 'ignore_ament_install'
[0.381s] [34mcolcon.colcon_core.package_identification[0m [1;30mLevel 1[0m _identify(src/yolobot_control) by extensions ['colcon_pkg']
[0.381s] [34mcolcon.colcon_core.package_identification[0m [1;30mLevel 1[0m _identify(src/yolobot_control) by extension 'colcon_pkg'
[0.381s] [34mcolcon.colcon_core.package_identification[0m [1;30mLevel 1[0m _identify(src/yolobot_control) by extensions ['colcon_meta']
[0.381s] [34mcolcon.colcon_core.package_identification[0m [1;30mLevel 1[0m _identify(src/yolobot_control) by extension 'colcon_meta'
[0.381s] [34mcolcon.colcon_core.package_identification[0m [1;30mLevel 1[0m _identify(src/yolobot_control) by extensions ['ros']
[0.381s] [34mcolcon.colcon_core.package_identification[0m [1;30mLevel 1[0m _identify(src/yolobot_control) by extension 'ros'
[0.382s] [34mcolcon.colcon_core.package_identification[0m [1;30mDEBUG[0m [32mPackage 'src/yolobot_control' with type 'ros.ament_cmake' and name 'yolobot_control'[0m
[0.382s] [34mcolcon.colcon_core.package_identification[0m [1;30mLevel 1[0m _identify(src/yolobot_description) by extensions ['ignore', 'ignore_ament_install']
[0.382s] [34mcolcon.colcon_core.package_identification[0m [1;30mLevel 1[0m _identify(src/yolobot_description) by extension 'ignore'
[0.382s] [34mcolcon.colcon_core.package_identification[0m [1;30mLevel 1[0m _identify(src/yolobot_description) by extension 'ignore_ament_install'
[0.382s] [34mcolcon.colcon_core.package_identification[0m [1;30mLevel 1[0m _identify(src/yolobot_description) by extensions ['colcon_pkg']
[0.382s] [34mcolcon.colcon_core.package_identification[0m [1;30mLevel 1[0m _identify(src/yolobot_description) by extension 'colcon_pkg'
[0.382s] [34mcolcon.colcon_core.package_identification[0m [1;30mLevel 1[0m _identify(src/yolobot_description) by extensions ['colcon_meta']
[0.383s] [34mcolcon.colcon_core.package_identification[0m [1;30mLevel 1[0m _identify(src/yolobot_description) by extension 'colcon_meta'
[0.383s] [34mcolcon.colcon_core.package_identification[0m [1;30mLevel 1[0m _identify(src/yolobot_description) by extensions ['ros']
[0.383s] [34mcolcon.colcon_core.package_identification[0m [1;30mLevel 1[0m _identify(src/yolobot_description) by extension 'ros'
[0.383s] [34mcolcon.colcon_core.package_identification[0m [1;30mDEBUG[0m [32mPackage 'src/yolobot_description' with type 'ros.ament_cmake' and name 'yolobot_description'[0m
[0.384s] [34mcolcon.colcon_core.package_identification[0m [1;30mLevel 1[0m _identify(src/yolobot_gazebo) by extensions ['ignore', 'ignore_ament_install']
[0.384s] [34mcolcon.colcon_core.package_identification[0m [1;30mLevel 1[0m _identify(src/yolobot_gazebo) by extension 'ignore'
[0.384s] [34mcolcon.colcon_core.package_identification[0m [1;30mLevel 1[0m _identify(src/yolobot_gazebo) by extension 'ignore_ament_install'
[0.384s] [34mcolcon.colcon_core.package_identification[0m [1;30mLevel 1[0m _identify(src/yolobot_gazebo) by extensions ['colcon_pkg']
[0.384s] [34mcolcon.colcon_core.package_identification[0m [1;30mLevel 1[0m _identify(src/yolobot_gazebo) by extension 'colcon_pkg'
[0.384s] [34mcolcon.colcon_core.package_identification[0m [1;30mLevel 1[0m _identify(src/yolobot_gazebo) by extensions ['colcon_meta']
[0.384s] [34mcolcon.colcon_core.package_identification[0m [1;30mLevel 1[0m _identify(src/yolobot_gazebo) by extension 'colcon_meta'
[0.384s] [34mcolcon.colcon_core.package_identification[0m [1;30mLevel 1[0m _identify(src/yolobot_gazebo) by extensions ['ros']
[0.384s] [34mcolcon.colcon_core.package_identification[0m [1;30mLevel 1[0m _identify(src/yolobot_gazebo) by extension 'ros'
[0.385s] [34mcolcon.colcon_core.package_identification[0m [1;30mDEBUG[0m [32mPackage 'src/yolobot_gazebo' with type 'ros.ament_cmake' and name 'yolobot_gazebo'[0m
[0.385s] [34mcolcon.colcon_core.package_identification[0m [1;30mLevel 1[0m _identify(src/yolobot_recognition) by extensions ['ignore', 'ignore_ament_install']
[0.385s] [34mcolcon.colcon_core.package_identification[0m [1;30mLevel 1[0m _identify(src/yolobot_recognition) by extension 'ignore'
[0.385s] [34mcolcon.colcon_core.package_identification[0m [1;30mLevel 1[0m _identify(src/yolobot_recognition) by extension 'ignore_ament_install'
[0.385s] [34mcolcon.colcon_core.package_identification[0m [1;30mLevel 1[0m _identify(src/yolobot_recognition) by extensions ['colcon_pkg']
[0.385s] [34mcolcon.colcon_core.package_identification[0m [1;30mLevel 1[0m _identify(src/yolobot_recognition) by extension 'colcon_pkg'
[0.385s] [34mcolcon.colcon_core.package_identification[0m [1;30mLevel 1[0m _identify(src/yolobot_recognition) by extensions ['colcon_meta']
[0.385s] [34mcolcon.colcon_core.package_identification[0m [1;30mLevel 1[0m _identify(src/yolobot_recognition) by extension 'colcon_meta'
[0.385s] [34mcolcon.colcon_core.package_identification[0m [1;30mLevel 1[0m _identify(src/yolobot_recognition) by extensions ['ros']
[0.385s] [34mcolcon.colcon_core.package_identification[0m [1;30mLevel 1[0m _identify(src/yolobot_recognition) by extension 'ros'
[0.386s] [34mcolcon.colcon_core.package_identification[0m [1;30mDEBUG[0m [32mPackage 'src/yolobot_recognition' with type 'ros.ament_cmake' and name 'yolobot_recognition'[0m
[0.386s] [34mcolcon.colcon_core.package_identification[0m [1;30mLevel 1[0m _identify(src/yolov8_msgs) by extensions ['ignore', 'ignore_ament_install']
[0.387s] [34mcolcon.colcon_core.package_identification[0m [1;30mLevel 1[0m _identify(src/yolov8_msgs) by extension 'ignore'
[0.387s] [34mcolcon.colcon_core.package_identification[0m [1;30mLevel 1[0m _identify(src/yolov8_msgs) by extension 'ignore_ament_install'
[0.387s] [34mcolcon.colcon_core.package_identification[0m [1;30mLevel 1[0m _identify(src/yolov8_msgs) by extensions ['colcon_pkg']
[0.387s] [34mcolcon.colcon_core.package_identification[0m [1;30mLevel 1[0m _identify(src/yolov8_msgs) by extension 'colcon_pkg'
[0.387s] [34mcolcon.colcon_core.package_identification[0m [1;30mLevel 1[0m _identify(src/yolov8_msgs) by extensions ['colcon_meta']
[0.387s] [34mcolcon.colcon_core.package_identification[0m [1;30mLevel 1[0m _identify(src/yolov8_msgs) by extension 'colcon_meta'
[0.387s] [34mcolcon.colcon_core.package_identification[0m [1;30mLevel 1[0m _identify(src/yolov8_msgs) by extensions ['ros']
[0.387s] [34mcolcon.colcon_core.package_identification[0m [1;30mLevel 1[0m _identify(src/yolov8_msgs) by extension 'ros'
[0.388s] [34mcolcon.colcon_core.package_identification[0m [1;30mDEBUG[0m [32mPackage 'src/yolov8_msgs' with type 'ros.ament_cmake' and name 'yolov8_msgs'[0m
[0.388s] [34mcolcon.colcon_core.package_discovery[0m [1;30mLevel 1[0m discover_packages(recursive) using defaults
[0.388s] [34mcolcon.colcon_core.package_discovery[0m [1;30mLevel 1[0m discover_packages(ignore) discover
[0.388s] [34mcolcon.colcon_core.package_discovery[0m [1;30mLevel 1[0m discover_packages(ignore) using defaults
[0.388s] [34mcolcon.colcon_core.package_discovery[0m [1;30mLevel 1[0m discover_packages(path) discover
[0.388s] [34mcolcon.colcon_core.package_discovery[0m [1;30mLevel 1[0m discover_packages(path) using defaults
[0.410s] [34mcolcon.colcon_core.package_discovery[0m [1;30mLevel 1[0m discover_packages(prefix_path) check parameters
[0.411s] [34mcolcon.colcon_core.package_discovery[0m [1;30mLevel 1[0m discover_packages(prefix_path) discover
[0.414s] [34mcolcon.colcon_installed_package_information.package_discovery[0m [1;30mDEBUG[0m [32mFound 6 installed packages in /home/carlosmello/ws/install[0m
[0.415s] [34mcolcon.colcon_installed_package_information.package_discovery[0m [1;30mDEBUG[0m [32mFound 323 installed packages in /opt/ros/humble[0m
[0.417s] [34mcolcon.colcon_core.package_discovery[0m [1;30mLevel 1[0m discover_packages(prefix_path) using defaults
[0.465s] [34mcolcon.colcon_core.verb[0m [1;30mLevel 5[0m set package 'perception' build argument 'cmake_args' from command line to 'None'
[0.466s] [34mcolcon.colcon_core.verb[0m [1;30mLevel 5[0m set package 'perception' build argument 'cmake_target' from command line to 'None'
[0.466s] [34mcolcon.colcon_core.verb[0m [1;30mLevel 5[0m set package 'perception' build argument 'cmake_target_skip_unavailable' from command line to 'False'
[0.466s] [34mcolcon.colcon_core.verb[0m [1;30mLevel 5[0m set package 'perception' build argument 'cmake_clean_cache' from command line to 'False'
[0.466s] [34mcolcon.colcon_core.verb[0m [1;30mLevel 5[0m set package 'perception' build argument 'cmake_clean_first' from command line to 'False'
[0.466s] [34mcolcon.colcon_core.verb[0m [1;30mLevel 5[0m set package 'perception' build argument 'cmake_force_configure' from command line to 'False'
[0.466s] [34mcolcon.colcon_core.verb[0m [1;30mLevel 5[0m set package 'perception' build argument 'ament_cmake_args' from command line to 'None'
[0.466s] [34mcolcon.colcon_core.verb[0m [1;30mLevel 5[0m set package 'perception' build argument 'catkin_cmake_args' from command line to 'None'
[0.466s] [34mcolcon.colcon_core.verb[0m [1;30mLevel 5[0m set package 'perception' build argument 'catkin_skip_building_tests' from command line to 'False'
[0.466s] [34mcolcon.colcon_core.verb[0m [1;30mDEBUG[0m [32mBuilding package 'perception' with the following arguments: {'ament_cmake_args': None, 'build_base': '/home/carlosmello/ws/build/perception', 'catkin_cmake_args': None, 'catkin_skip_building_tests': False, 'cmake_args': None, 'cmake_clean_cache': False, 'cmake_clean_first': False, 'cmake_force_configure': False, 'cmake_target': None, 'cmake_target_skip_unavailable': False, 'install_base': '/home/carlosmello/ws/install/perception', 'merge_install': False, 'path': '/home/carlosmello/ws/src/Perception', 'symlink_install': False, 'test_result_base': None}[0m
[0.467s] [34mcolcon.colcon_core.verb[0m [1;30mLevel 5[0m set package 'yolobot_control' build argument 'cmake_args' from command line to 'None'
[0.467s] [34mcolcon.colcon_core.verb[0m [1;30mLevel 5[0m set package 'yolobot_control' build argument 'cmake_target' from command line to 'None'
[0.467s] [34mcolcon.colcon_core.verb[0m [1;30mLevel 5[0m set package 'yolobot_control' build argument 'cmake_target_skip_unavailable' from command line to 'False'
[0.467s] [34mcolcon.colcon_core.verb[0m [1;30mLevel 5[0m set package 'yolobot_control' build argument 'cmake_clean_cache' from command line to 'False'
[0.467s] [34mcolcon.colcon_core.verb[0m [1;30mLevel 5[0m set package 'yolobot_control' build argument 'cmake_clean_first' from command line to 'False'
[0.467s] [34mcolcon.colcon_core.verb[0m [1;30mLevel 5[0m set package 'yolobot_control' build argument 'cmake_force_configure' from command line to 'False'
[0.467s] [34mcolcon.colcon_core.verb[0m [1;30mLevel 5[0m set package 'yolobot_control' build argument 'ament_cmake_args' from command line to 'None'
[0.467s] [34mcolcon.colcon_core.verb[0m [1;30mLevel 5[0m set package 'yolobot_control' build argument 'catkin_cmake_args' from command line to 'None'
[0.467s] [34mcolcon.colcon_core.verb[0m [1;30mLevel 5[0m set package 'yolobot_control' build argument 'catkin_skip_building_tests' from command line to 'False'
[0.467s] [34mcolcon.colcon_core.verb[0m [1;30mDEBUG[0m [32mBuilding package 'yolobot_control' with the following arguments: {'ament_cmake_args': None, 'build_base': '/home/carlosmello/ws/build/yolobot_control', 'catkin_cmake_args': None, 'catkin_skip_building_tests': False, 'cmake_args': None, 'cmake_clean_cache': False, 'cmake_clean_first': False, 'cmake_force_configure': False, 'cmake_target': None, 'cmake_target_skip_unavailable': False, 'install_base': '/home/carlosmello/ws/install/yolobot_control', 'merge_install': False, 'path': '/home/carlosmello/ws/src/yolobot_control', 'symlink_install': False, 'test_result_base': None}[0m
[0.467s] [34mcolcon.colcon_core.verb[0m [1;30mLevel 5[0m set package 'yolobot_description' build argument 'cmake_args' from command line to 'None'
[0.467s] [34mcolcon.colcon_core.verb[0m [1;30mLevel 5[0m set package 'yolobot_description' build argument 'cmake_target' from command line to 'None'
[0.467s] [34mcolcon.colcon_core.verb[0m [1;30mLevel 5[0m set package 'yolobot_description' build argument 'cmake_target_skip_unavailable' from command line to 'False'
[0.467s] [34mcolcon.colcon_core.verb[0m [1;30mLevel 5[0m set package 'yolobot_description' build argument 'cmake_clean_cache' from command line to 'False'
[0.467s] [34mcolcon.colcon_core.verb[0m [1;30mLevel 5[0m set package 'yolobot_description' build argument 'cmake_clean_first' from command line to 'False'
[0.467s] [34mcolcon.colcon_core.verb[0m [1;30mLevel 5[0m set package 'yolobot_description' build argument 'cmake_force_configure' from command line to 'False'
[0.467s] [34mcolcon.colcon_core.verb[0m [1;30mLevel 5[0m set package 'yolobot_description' build argument 'ament_cmake_args' from command line to 'None'
[0.467s] [34mcolcon.colcon_core.verb[0m [1;30mLevel 5[0m set package 'yolobot_description' build argument 'catkin_cmake_args' from command line to 'None'
[0.467s] [34mcolcon.colcon_core.verb[0m [1;30mLevel 5[0m set package 'yolobot_description' build argument 'catkin_skip_building_tests' from command line to 'False'
[0.467s] [34mcolcon.colcon_core.verb[0m [1;30mDEBUG[0m [32mBuilding package 'yolobot_description' with the following arguments: {'ament_cmake_args': None, 'build_base': '/home/carlosmello/ws/build/yolobot_description', 'catkin_cmake_args': None, 'catkin_skip_building_tests': False, 'cmake_args': None, 'cmake_clean_cache': False, 'cmake_clean_first': False, 'cmake_force_configure': False, 'cmake_target': None, 'cmake_target_skip_unavailable': False, 'install_base': '/home/carlosmello/ws/install/yolobot_description', 'merge_install': False, 'path': '/home/carlosmello/ws/src/yolobot_description', 'symlink_install': False, 'test_result_base': None}[0m
[0.468s] [34mcolcon.colcon_core.verb[0m [1;30mLevel 5[0m set package 'yolobot_gazebo' build argument 'cmake_args' from command line to 'None'
[0.468s] [34mcolcon.colcon_core.verb[0m [1;30mLevel 5[0m set package 'yolobot_gazebo' build argument 'cmake_target' from command line to 'None'
[0.468s] [34mcolcon.colcon_core.verb[0m [1;30mLevel 5[0m set package 'yolobot_gazebo' build argument 'cmake_target_skip_unavailable' from command line to 'False'
[0.468s] [34mcolcon.colcon_core.verb[0m [1;30mLevel 5[0m set package 'yolobot_gazebo' build argument 'cmake_clean_cache' from command line to 'False'
[0.468s] [34mcolcon.colcon_core.verb[0m [1;30mLevel 5[0m set package 'yolobot_gazebo' build argument 'cmake_clean_first' from command line to 'False'
[0.468s] [34mcolcon.colcon_core.verb[0m [1;30mLevel 5[0m set package 'yolobot_gazebo' build argument 'cmake_force_configure' from command line to 'False'
[0.468s] [34mcolcon.colcon_core.verb[0m [1;30mLevel 5[0m set package 'yolobot_gazebo' build argument 'ament_cmake_args' from command line to 'None'
[0.468s] [34mcolcon.colcon_core.verb[0m [1;30mLevel 5[0m set package 'yolobot_gazebo' build argument 'catkin_cmake_args' from command line to 'None'
[0.468s] [34mcolcon.colcon_core.verb[0m [1;30mLevel 5[0m set package 'yolobot_gazebo' build argument 'catkin_skip_building_tests' from command line to 'False'
[0.468s] [34mcolcon.colcon_core.verb[0m [1;30mDEBUG[0m [32mBuilding package 'yolobot_gazebo' with the following arguments: {'ament_cmake_args': None, 'build_base': '/home/carlosmello/ws/build/yolobot_gazebo', 'catkin_cmake_args': None, 'catkin_skip_building_tests': False, 'cmake_args': None, 'cmake_clean_cache': False, 'cmake_clean_first': False, 'cmake_force_configure': False, 'cmake_target': None, 'cmake_target_skip_unavailable': False, 'install_base': '/home/carlosmello/ws/install/yolobot_gazebo', 'merge_install': False, 'path': '/home/carlosmello/ws/src/yolobot_gazebo', 'symlink_install': False, 'test_result_base': None}[0m
[0.468s] [34mcolcon.colcon_core.verb[0m [1;30mLevel 5[0m set package 'yolobot_recognition' build argument 'cmake_args' from command line to 'None'
[0.468s] [34mcolcon.colcon_core.verb[0m [1;30mLevel 5[0m set package 'yolobot_recognition' build argument 'cmake_target' from command line to 'None'
[0.468s] [34mcolcon.colcon_core.verb[0m [1;30mLevel 5[0m set package 'yolobot_recognition' build argument 'cmake_target_skip_unavailable' from command line to 'False'
[0.468s] [34mcolcon.colcon_core.verb[0m [1;30mLevel 5[0m set package 'yolobot_recognition' build argument 'cmake_clean_cache' from command line to 'False'
[0.468s] [34mcolcon.colcon_core.verb[0m [1;30mLevel 5[0m set package 'yolobot_recognition' build argument 'cmake_clean_first' from command line to 'False'
[0.468s] [34mcolcon.colcon_core.verb[0m [1;30mLevel 5[0m set package 'yolobot_recognition' build argument 'cmake_force_configure' from command line to 'False'
[0.468s] [34mcolcon.colcon_core.verb[0m [1;30mLevel 5[0m set package 'yolobot_recognition' build argument 'ament_cmake_args' from command line to 'None'
[0.468s] [34mcolcon.colcon_core.verb[0m [1;30mLevel 5[0m set package 'yolobot_recognition' build argument 'catkin_cmake_args' from command line to 'None'
[0.469s] [34mcolcon.colcon_core.verb[0m [1;30mLevel 5[0m set package 'yolobot_recognition' build argument 'catkin_skip_building_tests' from command line to 'False'
[0.469s] [34mcolcon.colcon_core.verb[0m [1;30mDEBUG[0m [32mBuilding package 'yolobot_recognition' with the following arguments: {'ament_cmake_args': None, 'build_base': '/home/carlosmello/ws/build/yolobot_recognition', 'catkin_cmake_args': None, 'catkin_skip_building_tests': False, 'cmake_args': None, 'cmake_clean_cache': False, 'cmake_clean_first': False, 'cmake_force_configure': False, 'cmake_target': None, 'cmake_target_skip_unavailable': False, 'install_base': '/home/carlosmello/ws/install/yolobot_recognition', 'merge_install': False, 'path': '/home/carlosmello/ws/src/yolobot_recognition', 'symlink_install': False, 'test_result_base': None}[0m
[0.469s] [34mcolcon.colcon_core.verb[0m [1;30mLevel 5[0m set package 'yolov8_msgs' build argument 'cmake_args' from command line to 'None'
[0.469s] [34mcolcon.colcon_core.verb[0m [1;30mLevel 5[0m set package 'yolov8_msgs' build argument 'cmake_target' from command line to 'None'
[0.469s] [34mcolcon.colcon_core.verb[0m [1;30mLevel 5[0m set package 'yolov8_msgs' build argument 'cmake_target_skip_unavailable' from command line to 'False'
[0.469s] [34mcolcon.colcon_core.verb[0m [1;30mLevel 5[0m set package 'yolov8_msgs' build argument 'cmake_clean_cache' from command line to 'False'
[0.469s] [34mcolcon.colcon_core.verb[0m [1;30mLevel 5[0m set package 'yolov8_msgs' build argument 'cmake_clean_first' from command line to 'False'
[0.469s] [34mcolcon.colcon_core.verb[0m [1;30mLevel 5[0m set package 'yolov8_msgs' build argument 'cmake_force_configure' from command line to 'False'
[0.469s] [34mcolcon.colcon_core.verb[0m [1;30mLevel 5[0m set package 'yolov8_msgs' build argument 'ament_cmake_args' from command line to 'None'
[0.469s] [34mcolcon.colcon_core.verb[0m [1;30mLevel 5[0m set package 'yolov8_msgs' build argument 'catkin_cmake_args' from command line to 'None'
[0.469s] [34mcolcon.colcon_core.verb[0m [1;30mLevel 5[0m set package 'yolov8_msgs' build argument 'catkin_skip_building_tests' from command line to 'False'
[0.469s] [34mcolcon.colcon_core.verb[0m [1;30mDEBUG[0m [32mBuilding package 'yolov8_msgs' with the following arguments: {'ament_cmake_args': None, 'build_base': '/home/carlosmello/ws/build/yolov8_msgs', 'catkin_cmake_args': None, 'catkin_skip_building_tests': False, 'cmake_args': None, 'cmake_clean_cache': False, 'cmake_clean_first': False, 'cmake_force_configure': False, 'cmake_target': None, 'cmake_target_skip_unavailable': False, 'install_base': '/home/carlosmello/ws/install/yolov8_msgs', 'merge_install': False, 'path': '/home/carlosmello/ws/src/yolov8_msgs', 'symlink_install': False, 'test_result_base': None}[0m
[0.469s] [34mcolcon.colcon_core.executor[0m [1;30mINFO[0m Executing jobs using 'parallel' executor
[0.470s] [34mcolcon.colcon_parallel_executor.executor.parallel[0m [1;30mDEBUG[0m [32mrun_until_complete[0m
[0.470s] [34mcolcon.colcon_ros.task.ament_cmake.build[0m [1;30mINFO[0m Building ROS package in '/home/carlosmello/ws/src/Perception' with build type 'ament_cmake'
[0.471s] [34mcolcon.colcon_cmake.task.cmake.build[0m [1;30mINFO[0m Building CMake package in '/home/carlosmello/ws/src/Perception'
[0.475s] [34mcolcon.colcon_core.plugin_system[0m [1;30mINFO[0m Skipping extension 'colcon_core.shell.bat': Not used on non-Windows systems
[0.476s] [34mcolcon.colcon_core.shell[0m [1;30mINFO[0m Skip shell extension 'powershell' for command environment: Not usable outside of PowerShell
[0.476s] [34mcolcon.colcon_core.shell[0m [1;30mDEBUG[0m [32mSkip shell extension 'dsv' for command environment[0m
[0.480s] [34mcolcon.colcon_ros.task.ament_cmake.build[0m [1;30mINFO[0m Building ROS package in '/home/carlosmello/ws/src/yolobot_control' with build type 'ament_cmake'
[0.481s] [34mcolcon.colcon_cmake.task.cmake.build[0m [1;30mINFO[0m Building CMake package in '/home/carlosmello/ws/src/yolobot_control'
[0.481s] [34mcolcon.colcon_core.shell[0m [1;30mINFO[0m Skip shell extension 'powershell' for command environment: Not usable outside of PowerShell
[0.481s] [34mcolcon.colcon_core.shell[0m [1;30mDEBUG[0m [32mSkip shell extension 'dsv' for command environment[0m
[0.485s] [34mcolcon.colcon_ros.task.ament_cmake.build[0m [1;30mINFO[0m Building ROS package in '/home/carlosmello/ws/src/yolobot_description' with build type 'ament_cmake'
[0.485s] [34mcolcon.colcon_cmake.task.cmake.build[0m [1;30mINFO[0m Building CMake package in '/home/carlosmello/ws/src/yolobot_description'
[0.485s] [34mcolcon.colcon_core.shell[0m [1;30mINFO[0m Skip shell extension 'powershell' for command environment: Not usable outside of PowerShell
[0.485s] [34mcolcon.colcon_core.shell[0m [1;30mDEBUG[0m [32mSkip shell extension 'dsv' for command environment[0m
[0.488s] [34mcolcon.colcon_ros.task.ament_cmake.build[0m [1;30mINFO[0m Building ROS package in '/home/carlosmello/ws/src/yolobot_gazebo' with build type 'ament_cmake'
[0.488s] [34mcolcon.colcon_cmake.task.cmake.build[0m [1;30mINFO[0m Building CMake package in '/home/carlosmello/ws/src/yolobot_gazebo'
[0.488s] [34mcolcon.colcon_core.shell[0m [1;30mINFO[0m Skip shell extension 'powershell' for command environment: Not usable outside of PowerShell
[0.488s] [34mcolcon.colcon_core.shell[0m [1;30mDEBUG[0m [32mSkip shell extension 'dsv' for command environment[0m
[0.492s] [34mcolcon.colcon_ros.task.ament_cmake.build[0m [1;30mINFO[0m Building ROS package in '/home/carlosmello/ws/src/yolobot_recognition' with build type 'ament_cmake'
[0.492s] [34mcolcon.colcon_cmake.task.cmake.build[0m [1;30mINFO[0m Building CMake package in '/home/carlosmello/ws/src/yolobot_recognition'
[0.493s] [34mcolcon.colcon_core.shell[0m [1;30mINFO[0m Skip shell extension 'powershell' for command environment: Not usable outside of PowerShell
[0.493s] [34mcolcon.colcon_core.shell[0m [1;30mDEBUG[0m [32mSkip shell extension 'dsv' for command environment[0m
[0.496s] [34mcolcon.colcon_ros.task.ament_cmake.build[0m [1;30mINFO[0m Building ROS package in '/home/carlosmello/ws/src/yolov8_msgs' with build type 'ament_cmake'
[0.496s] [34mcolcon.colcon_cmake.task.cmake.build[0m [1;30mINFO[0m Building CMake package in '/home/carlosmello/ws/src/yolov8_msgs'
[0.497s] [34mcolcon.colcon_core.shell[0m [1;30mINFO[0m Skip shell extension 'powershell' for command environment: Not usable outside of PowerShell
[0.497s] [34mcolcon.colcon_core.shell[0m [1;30mDEBUG[0m [32mSkip shell extension 'dsv' for command environment[0m
[0.505s] [34mcolcon.colcon_core.event_handler.log_command[0m [1;30mDEBUG[0m [32mInvoking command in '/home/carlosmello/ws/build/perception': CMAKE_PREFIX_PATH=${CMAKE_PREFIX_PATH}:/opt/ros/humble /usr/bin/cmake /home/carlosmello/ws/src/Perception -DCMAKE_INSTALL_PREFIX=/home/carlosmello/ws/install/perception[0m
[0.509s] [34mcolcon.colcon_core.event_handler.log_command[0m [1;30mDEBUG[0m [32mInvoking command in '/home/carlosmello/ws/build/yolobot_control': CMAKE_PREFIX_PATH=${CMAKE_PREFIX_PATH}:/opt/ros/humble /usr/bin/cmake /home/carlosmello/ws/src/yolobot_control -DCMAKE_INSTALL_PREFIX=/home/carlosmello/ws/install/yolobot_control[0m
[0.512s] [34mcolcon.colcon_core.event_handler.log_command[0m [1;30mDEBUG[0m [32mInvoking command in '/home/carlosmello/ws/build/yolobot_description': CMAKE_PREFIX_PATH=${CMAKE_PREFIX_PATH}:/opt/ros/humble /usr/bin/cmake /home/carlosmello/ws/src/yolobot_description -DCMAKE_INSTALL_PREFIX=/home/carlosmello/ws/install/yolobot_description[0m
[0.516s] [34mcolcon.colcon_core.event_handler.log_command[0m [1;30mDEBUG[0m [32mInvoking command in '/home/carlosmello/ws/build/yolobot_gazebo': CMAKE_PREFIX_PATH=${CMAKE_PREFIX_PATH}:/opt/ros/humble /usr/bin/cmake /home/carlosmello/ws/src/yolobot_gazebo -DCMAKE_INSTALL_PREFIX=/home/carlosmello/ws/install/yolobot_gazebo[0m
[0.518s] [34mcolcon.colcon_core.event_handler.log_command[0m [1;30mDEBUG[0m [32mInvoking command in '/home/carlosmello/ws/build/yolobot_recognition': CMAKE_PREFIX_PATH=${CMAKE_PREFIX_PATH}:/opt/ros/humble /usr/bin/cmake /home/carlosmello/ws/src/yolobot_recognition -DCMAKE_INSTALL_PREFIX=/home/carlosmello/ws/install/yolobot_recognition[0m
[0.522s] [34mcolcon.colcon_core.event_handler.log_command[0m [1;30mDEBUG[0m [32mInvoking command in '/home/carlosmello/ws/build/yolov8_msgs': CMAKE_PREFIX_PATH=${CMAKE_PREFIX_PATH}:/opt/ros/humble /usr/bin/cmake /home/carlosmello/ws/src/yolov8_msgs -DCMAKE_INSTALL_PREFIX=/home/carlosmello/ws/install/yolov8_msgs[0m
[1.924s] [34mcolcon.colcon_core.event_handler.log_command[0m [1;30mDEBUG[0m [32mInvoked command in '/home/carlosmello/ws/build/yolobot_gazebo' returned '0': CMAKE_PREFIX_PATH=${CMAKE_PREFIX_PATH}:/opt/ros/humble /usr/bin/cmake /home/carlosmello/ws/src/yolobot_gazebo -DCMAKE_INSTALL_PREFIX=/home/carlosmello/ws/install/yolobot_gazebo[0m
[1.925s] [34mcolcon.colcon_core.event_handler.log_command[0m [1;30mDEBUG[0m [32mInvoking command in '/home/carlosmello/ws/build/yolobot_gazebo': CMAKE_PREFIX_PATH=${CMAKE_PREFIX_PATH}:/opt/ros/humble /usr/bin/cmake --build /home/carlosmello/ws/build/yolobot_gazebo -- -j8 -l8[0m
[1.961s] [34mcolcon.colcon_core.event_handler.log_command[0m [1;30mDEBUG[0m [32mInvoked command in '/home/carlosmello/ws/build/yolobot_recognition' returned '0': CMAKE_PREFIX_PATH=${CMAKE_PREFIX_PATH}:/opt/ros/humble /usr/bin/cmake /home/carlosmello/ws/src/yolobot_recognition -DCMAKE_INSTALL_PREFIX=/home/carlosmello/ws/install/yolobot_recognition[0m
[1.961s] [34mcolcon.colcon_core.event_handler.log_command[0m [1;30mDEBUG[0m [32mInvoking command in '/home/carlosmello/ws/build/yolobot_recognition': CMAKE_PREFIX_PATH=${CMAKE_PREFIX_PATH}:/opt/ros/humble /usr/bin/cmake --build /home/carlosmello/ws/build/yolobot_recognition -- -j8 -l8[0m
[1.982s] [34mcolcon.colcon_core.event_handler.log_command[0m [1;30mDEBUG[0m [32mInvoked command in '/home/carlosmello/ws/build/yolobot_gazebo' returned '0': CMAKE_PREFIX_PATH=${CMAKE_PREFIX_PATH}:/opt/ros/humble /usr/bin/cmake --build /home/carlosmello/ws/build/yolobot_gazebo -- -j8 -l8[0m
[1.994s] [34mcolcon.colcon_core.event_handler.log_command[0m [1;30mDEBUG[0m [32mInvoked command in '/home/carlosmello/ws/build/yolobot_control' returned '0': CMAKE_PREFIX_PATH=${CMAKE_PREFIX_PATH}:/opt/ros/humble /usr/bin/cmake /home/carlosmello/ws/src/yolobot_control -DCMAKE_INSTALL_PREFIX=/home/carlosmello/ws/install/yolobot_control[0m
[2.001s] [34mcolcon.colcon_core.event_handler.log_command[0m [1;30mDEBUG[0m [32mInvoking command in '/home/carlosmello/ws/build/yolobot_control': CMAKE_PREFIX_PATH=${CMAKE_PREFIX_PATH}:/opt/ros/humble /usr/bin/cmake --build /home/carlosmello/ws/build/yolobot_control -- -j8 -l8[0m
[2.020s] [34mcolcon.colcon_core.event_handler.log_command[0m [1;30mDEBUG[0m [32mInvoking command in '/home/carlosmello/ws/build/yolobot_gazebo': CMAKE_PREFIX_PATH=${CMAKE_PREFIX_PATH}:/opt/ros/humble /usr/bin/cmake --install /home/carlosmello/ws/build/yolobot_gazebo[0m
[2.021s] [34mcolcon.colcon_core.event_handler.log_command[0m [1;30mDEBUG[0m [32mInvoked command in '/home/carlosmello/ws/build/yolobot_recognition' returned '0': CMAKE_PREFIX_PATH=${CMAKE_PREFIX_PATH}:/opt/ros/humble /usr/bin/cmake --build /home/carlosmello/ws/build/yolobot_recognition -- -j8 -l8[0m
[2.035s] [34mcolcon.colcon_core.environment[0m [1;30mLevel 1[0m create_environment_scripts_only(yolobot_gazebo)
[2.037s] [34mcolcon.colcon_core.event_handler.log_command[0m [1;30mDEBUG[0m [32mInvoked command in '/home/carlosmello/ws/build/yolobot_gazebo' returned '0': CMAKE_PREFIX_PATH=${CMAKE_PREFIX_PATH}:/opt/ros/humble /usr/bin/cmake --install /home/carlosmello/ws/build/yolobot_gazebo[0m
[2.046s] [34mcolcon.colcon_core.environment[0m [1;30mLevel 1[0m checking '/home/carlosmello/ws/install/yolobot_gazebo' for CMake module files
[2.047s] [34mcolcon.colcon_core.environment[0m [1;30mLevel 1[0m checking '/home/carlosmello/ws/install/yolobot_gazebo' for CMake config files
[2.047s] [34mcolcon.colcon_core.shell[0m [1;30mLevel 1[0m create_environment_hook('yolobot_gazebo', 'cmake_prefix_path')
[2.048s] [34mcolcon.colcon_core.shell[0m [1;30mINFO[0m Creating environment hook '/home/carlosmello/ws/install/yolobot_gazebo/share/yolobot_gazebo/hook/cmake_prefix_path.ps1'
[2.049s] [34mcolcon.colcon_core.shell[0m [1;30mINFO[0m Creating environment descriptor '/home/carlosmello/ws/install/yolobot_gazebo/share/yolobot_gazebo/hook/cmake_prefix_path.dsv'
[2.050s] [34mcolcon.colcon_core.shell[0m [1;30mINFO[0m Creating environment hook '/home/carlosmello/ws/install/yolobot_gazebo/share/yolobot_gazebo/hook/cmake_prefix_path.sh'
[2.052s] [34mcolcon.colcon_core.environment[0m [1;30mLevel 1[0m checking '/home/carlosmello/ws/install/yolobot_gazebo/bin'
[2.052s] [34mcolcon.colcon_core.environment[0m [1;30mLevel 1[0m checking '/home/carlosmello/ws/install/yolobot_gazebo/lib/pkgconfig/yolobot_gazebo.pc'
[2.052s] [34mcolcon.colcon_core.environment[0m [1;30mLevel 1[0m checking '/home/carlosmello/ws/install/yolobot_gazebo/lib/python3.10/site-packages'
[2.052s] [34mcolcon.colcon_core.environment[0m [1;30mLevel 1[0m checking '/home/carlosmello/ws/install/yolobot_gazebo/bin'
[2.053s] [34mcolcon.colcon_core.shell[0m [1;30mINFO[0m Creating package script '/home/carlosmello/ws/install/yolobot_gazebo/share/yolobot_gazebo/package.ps1'
[2.054s] [34mcolcon.colcon_core.shell[0m [1;30mINFO[0m Creating package descriptor '/home/carlosmello/ws/install/yolobot_gazebo/share/yolobot_gazebo/package.dsv'
[2.055s] [34mcolcon.colcon_core.shell[0m [1;30mINFO[0m Creating package script '/home/carlosmello/ws/install/yolobot_gazebo/share/yolobot_gazebo/package.sh'
[2.057s] [34mcolcon.colcon_core.shell[0m [1;30mINFO[0m Creating package script '/home/carlosmello/ws/install/yolobot_gazebo/share/yolobot_gazebo/package.bash'
[2.058s] [34mcolcon.colcon_core.shell[0m [1;30mINFO[0m Creating package script '/home/carlosmello/ws/install/yolobot_gazebo/share/yolobot_gazebo/package.zsh'
[2.060s] [34mcolcon.colcon_core.environment[0m [1;30mLevel 1[0m create_file_with_runtime_dependencies(/home/carlosmello/ws/install/yolobot_gazebo/share/colcon-core/packages/yolobot_gazebo)
[2.064s] [34mcolcon.colcon_core.event_handler.log_command[0m [1;30mDEBUG[0m [32mInvoking command in '/home/carlosmello/ws/build/yolobot_recognition': CMAKE_PREFIX_PATH=${CMAKE_PREFIX_PATH}:/opt/ros/humble /usr/bin/cmake --install /home/carlosmello/ws/build/yolobot_recognition[0m
[2.065s] [34mcolcon.colcon_core.event_handler.log_command[0m [1;30mDEBUG[0m [32mInvoked command in '/home/carlosmello/ws/build/yolobot_control' returned '0': CMAKE_PREFIX_PATH=${CMAKE_PREFIX_PATH}:/opt/ros/humble /usr/bin/cmake --build /home/carlosmello/ws/build/yolobot_control -- -j8 -l8[0m
[2.081s] [34mcolcon.colcon_core.environment[0m [1;30mLevel 1[0m create_environment_scripts_only(yolobot_recognition)
[2.081s] [34mcolcon.colcon_core.environment[0m [1;30mLevel 1[0m checking '/home/carlosmello/ws/install/yolobot_recognition' for CMake module files
[2.082s] [34mcolcon.colcon_core.environment[0m [1;30mLevel 1[0m checking '/home/carlosmello/ws/install/yolobot_recognition' for CMake config files
[2.082s] [34mcolcon.colcon_core.shell[0m [1;30mLevel 1[0m create_environment_hook('yolobot_recognition', 'cmake_prefix_path')
[2.083s] [34mcolcon.colcon_core.shell[0m [1;30mINFO[0m Creating environment hook '/home/carlosmello/ws/install/yolobot_recognition/share/yolobot_recognition/hook/cmake_prefix_path.ps1'
[2.083s] [34mcolcon.colcon_core.shell[0m [1;30mINFO[0m Creating environment descriptor '/home/carlosmello/ws/install/yolobot_recognition/share/yolobot_recognition/hook/cmake_prefix_path.dsv'
[2.084s] [34mcolcon.colcon_core.shell[0m [1;30mINFO[0m Creating environment hook '/home/carlosmello/ws/install/yolobot_recognition/share/yolobot_recognition/hook/cmake_prefix_path.sh'
[2.085s] [34mcolcon.colcon_core.event_handler.log_command[0m [1;30mDEBUG[0m [32mInvoked command in '/home/carlosmello/ws/build/yolobot_recognition' returned '0': CMAKE_PREFIX_PATH=${CMAKE_PREFIX_PATH}:/opt/ros/humble /usr/bin/cmake --install /home/carlosmello/ws/build/yolobot_recognition[0m
[2.087s] [34mcolcon.colcon_core.environment[0m [1;30mLevel 1[0m checking '/home/carlosmello/ws/install/yolobot_recognition/lib'
[2.087s] [34mcolcon.colcon_core.environment[0m [1;30mLevel 1[0m checking '/home/carlosmello/ws/install/yolobot_recognition/bin'
[2.087s] [34mcolcon.colcon_core.environment[0m [1;30mLevel 1[0m checking '/home/carlosmello/ws/install/yolobot_recognition/lib/pkgconfig/yolobot_recognition.pc'
[2.088s] [34mcolcon.colcon_core.environment[0m [1;30mLevel 1[0m checking '/home/carlosmello/ws/install/yolobot_recognition/lib/python3.10/site-packages'
[2.088s] [34mcolcon.colcon_core.environment[0m [1;30mLevel 1[0m checking '/home/carlosmello/ws/install/yolobot_recognition/bin'
[2.089s] [34mcolcon.colcon_core.shell[0m [1;30mINFO[0m Creating package script '/home/carlosmello/ws/install/yolobot_recognition/share/yolobot_recognition/package.ps1'
[2.089s] [34mcolcon.colcon_core.shell[0m [1;30mINFO[0m Creating package descriptor '/home/carlosmello/ws/install/yolobot_recognition/share/yolobot_recognition/package.dsv'
[2.090s] [34mcolcon.colcon_core.shell[0m [1;30mINFO[0m Creating package script '/home/carlosmello/ws/install/yolobot_recognition/share/yolobot_recognition/package.sh'
[2.091s] [34mcolcon.colcon_core.shell[0m [1;30mINFO[0m Creating package script '/home/carlosmello/ws/install/yolobot_recognition/share/yolobot_recognition/package.bash'
[2.091s] [34mcolcon.colcon_core.shell[0m [1;30mINFO[0m Creating package script '/home/carlosmello/ws/install/yolobot_recognition/share/yolobot_recognition/package.zsh'
[2.092s] [34mcolcon.colcon_core.environment[0m [1;30mLevel 1[0m create_file_with_runtime_dependencies(/home/carlosmello/ws/install/yolobot_recognition/share/colcon-core/packages/yolobot_recognition)
[2.095s] [34mcolcon.colcon_core.environment[0m [1;30mLevel 1[0m create_environment_scripts_only(yolobot_gazebo)
[2.095s] [34mcolcon.colcon_core.environment[0m [1;30mLevel 1[0m checking '/home/carlosmello/ws/install/yolobot_gazebo' for CMake module files
[2.096s] [34mcolcon.colcon_core.environment[0m [1;30mLevel 1[0m checking '/home/carlosmello/ws/install/yolobot_gazebo' for CMake config files
[2.097s] [34mcolcon.colcon_core.shell[0m [1;30mLevel 1[0m create_environment_hook('yolobot_gazebo', 'cmake_prefix_path')
[2.097s] [34mcolcon.colcon_core.shell[0m [1;30mINFO[0m Creating environment hook '/home/carlosmello/ws/install/yolobot_gazebo/share/yolobot_gazebo/hook/cmake_prefix_path.ps1'
[2.098s] [34mcolcon.colcon_core.shell[0m [1;30mINFO[0m Creating environment descriptor '/home/carlosmello/ws/install/yolobot_gazebo/share/yolobot_gazebo/hook/cmake_prefix_path.dsv'
[2.098s] [34mcolcon.colcon_core.shell[0m [1;30mINFO[0m Creating environment hook '/home/carlosmello/ws/install/yolobot_gazebo/share/yolobot_gazebo/hook/cmake_prefix_path.sh'
[2.099s] [34mcolcon.colcon_core.environment[0m [1;30mLevel 1[0m checking '/home/carlosmello/ws/install/yolobot_gazebo/bin'
[2.099s] [34mcolcon.colcon_core.environment[0m [1;30mLevel 1[0m checking '/home/carlosmello/ws/install/yolobot_gazebo/lib/pkgconfig/yolobot_gazebo.pc'
[2.100s] [34mcolcon.colcon_core.environment[0m [1;30mLevel 1[0m checking '/home/carlosmello/ws/install/yolobot_gazebo/lib/python3.10/site-packages'
[2.100s] [34mcolcon.colcon_core.environment[0m [1;30mLevel 1[0m checking '/home/carlosmello/ws/install/yolobot_gazebo/bin'
[2.101s] [34mcolcon.colcon_core.shell[0m [1;30mINFO[0m Creating package script '/home/carlosmello/ws/install/yolobot_gazebo/share/yolobot_gazebo/package.ps1'
[2.101s] [34mcolcon.colcon_core.shell[0m [1;30mINFO[0m Creating package descriptor '/home/carlosmello/ws/install/yolobot_gazebo/share/yolobot_gazebo/package.dsv'
[2.102s] [34mcolcon.colcon_core.shell[0m [1;30mINFO[0m Creating package script '/home/carlosmello/ws/install/yolobot_gazebo/share/yolobot_gazebo/package.sh'
[2.103s] [34mcolcon.colcon_core.shell[0m [1;30mINFO[0m Creating package script '/home/carlosmello/ws/install/yolobot_gazebo/share/yolobot_gazebo/package.bash'
[2.103s] [34mcolcon.colcon_core.shell[0m [1;30mINFO[0m Creating package script '/home/carlosmello/ws/install/yolobot_gazebo/share/yolobot_gazebo/package.zsh'
[2.104s] [34mcolcon.colcon_core.environment[0m [1;30mLevel 1[0m create_file_with_runtime_dependencies(/home/carlosmello/ws/install/yolobot_gazebo/share/colcon-core/packages/yolobot_gazebo)
[2.107s] [34mcolcon.colcon_core.event_handler.log_command[0m [1;30mDEBUG[0m [32mInvoking command in '/home/carlosmello/ws/build/yolobot_control': CMAKE_PREFIX_PATH=${CMAKE_PREFIX_PATH}:/opt/ros/humble /usr/bin/cmake --install /home/carlosmello/ws/build/yolobot_control[0m
[2.108s] [34mcolcon.colcon_core.event_handler.log_command[0m [1;30mDEBUG[0m [32mInvoked command in '/home/carlosmello/ws/build/yolobot_description' returned '0': CMAKE_PREFIX_PATH=${CMAKE_PREFIX_PATH}:/opt/ros/humble /usr/bin/cmake /home/carlosmello/ws/src/yolobot_description -DCMAKE_INSTALL_PREFIX=/home/carlosmello/ws/install/yolobot_description[0m
[2.112s] [34mcolcon.colcon_core.event_handler.log_command[0m [1;30mDEBUG[0m [32mInvoking command in '/home/carlosmello/ws/build/yolobot_description': CMAKE_PREFIX_PATH=${CMAKE_PREFIX_PATH}:/opt/ros/humble /usr/bin/cmake --build /home/carlosmello/ws/build/yolobot_description -- -j8 -l8[0m
[2.120s] [34mcolcon.colcon_core.environment[0m [1;30mLevel 1[0m create_environment_scripts_only(yolobot_recognition)
[2.121s] [34mcolcon.colcon_core.environment[0m [1;30mLevel 1[0m checking '/home/carlosmello/ws/install/yolobot_recognition' for CMake module files
[2.121s] [34mcolcon.colcon_core.environment[0m [1;30mLevel 1[0m checking '/home/carlosmello/ws/install/yolobot_recognition' for CMake config files
[2.122s] [34mcolcon.colcon_core.shell[0m [1;30mLevel 1[0m create_environment_hook('yolobot_recognition', 'cmake_prefix_path')
[2.122s] [34mcolcon.colcon_core.shell[0m [1;30mINFO[0m Creating environment hook '/home/carlosmello/ws/install/yolobot_recognition/share/yolobot_recognition/hook/cmake_prefix_path.ps1'
[2.123s] [34mcolcon.colcon_core.shell[0m [1;30mINFO[0m Creating environment descriptor '/home/carlosmello/ws/install/yolobot_recognition/share/yolobot_recognition/hook/cmake_prefix_path.dsv'
[2.123s] [34mcolcon.colcon_core.shell[0m [1;30mINFO[0m Creating environment hook '/home/carlosmello/ws/install/yolobot_recognition/share/yolobot_recognition/hook/cmake_prefix_path.sh'
[2.124s] [34mcolcon.colcon_core.environment[0m [1;30mLevel 1[0m checking '/home/carlosmello/ws/install/yolobot_recognition/lib'
[2.124s] [34mcolcon.colcon_core.environment[0m [1;30mLevel 1[0m checking '/home/carlosmello/ws/install/yolobot_recognition/bin'
[2.124s] [34mcolcon.colcon_core.environment[0m [1;30mLevel 1[0m checking '/home/carlosmello/ws/install/yolobot_recognition/lib/pkgconfig/yolobot_recognition.pc'
[2.125s] [34mcolcon.colcon_core.environment[0m [1;30mLevel 1[0m checking '/home/carlosmello/ws/install/yolobot_recognition/lib/python3.10/site-packages'
[2.125s] [34mcolcon.colcon_core.environment[0m [1;30mLevel 1[0m checking '/home/carlosmello/ws/install/yolobot_recognition/bin'
[2.126s] [34mcolcon.colcon_core.shell[0m [1;30mINFO[0m Creating package script '/home/carlosmello/ws/install/yolobot_recognition/share/yolobot_recognition/package.ps1'
[2.127s] [34mcolcon.colcon_core.shell[0m [1;30mINFO[0m Creating package descriptor '/home/carlosmello/ws/install/yolobot_recognition/share/yolobot_recognition/package.dsv'
[2.127s] [34mcolcon.colcon_core.shell[0m [1;30mINFO[0m Creating package script '/home/carlosmello/ws/install/yolobot_recognition/share/yolobot_recognition/package.sh'
[2.128s] [34mcolcon.colcon_core.shell[0m [1;30mINFO[0m Creating package script '/home/carlosmello/ws/install/yolobot_recognition/share/yolobot_recognition/package.bash'
[2.129s] [34mcolcon.colcon_core.shell[0m [1;30mINFO[0m Creating package script '/home/carlosmello/ws/install/yolobot_recognition/share/yolobot_recognition/package.zsh'
[2.129s] [34mcolcon.colcon_core.environment[0m [1;30mLevel 1[0m create_file_with_runtime_dependencies(/home/carlosmello/ws/install/yolobot_recognition/share/colcon-core/packages/yolobot_recognition)
[2.130s] [34mcolcon.colcon_core.environment[0m [1;30mLevel 1[0m create_environment_scripts_only(yolobot_control)
[2.131s] [34mcolcon.colcon_core.environment[0m [1;30mLevel 1[0m checking '/home/carlosmello/ws/install/yolobot_control' for CMake module files
[2.132s] [34mcolcon.colcon_core.event_handler.log_command[0m [1;30mDEBUG[0m [32mInvoked command in '/home/carlosmello/ws/build/yolobot_control' returned '0': CMAKE_PREFIX_PATH=${CMAKE_PREFIX_PATH}:/opt/ros/humble /usr/bin/cmake --install /home/carlosmello/ws/build/yolobot_control[0m
[2.132s] [34mcolcon.colcon_core.environment[0m [1;30mLevel 1[0m checking '/home/carlosmello/ws/install/yolobot_control' for CMake config files
[2.132s] [34mcolcon.colcon_core.shell[0m [1;30mLevel 1[0m create_environment_hook('yolobot_control', 'cmake_prefix_path')
[2.133s] [34mcolcon.colcon_core.shell[0m [1;30mINFO[0m Creating environment hook '/home/carlosmello/ws/install/yolobot_control/share/yolobot_control/hook/cmake_prefix_path.ps1'
[2.134s] [34mcolcon.colcon_core.shell[0m [1;30mINFO[0m Creating environment descriptor '/home/carlosmello/ws/install/yolobot_control/share/yolobot_control/hook/cmake_prefix_path.dsv'
[2.134s] [34mcolcon.colcon_core.shell[0m [1;30mINFO[0m Creating environment hook '/home/carlosmello/ws/install/yolobot_control/share/yolobot_control/hook/cmake_prefix_path.sh'
[2.135s] [34mcolcon.colcon_core.environment[0m [1;30mLevel 1[0m checking '/home/carlosmello/ws/install/yolobot_control/lib'
[2.135s] [34mcolcon.colcon_core.environment[0m [1;30mLevel 1[0m checking '/home/carlosmello/ws/install/yolobot_control/bin'
[2.135s] [34mcolcon.colcon_core.environment[0m [1;30mLevel 1[0m checking '/home/carlosmello/ws/install/yolobot_control/lib/pkgconfig/yolobot_control.pc'
[2.135s] [34mcolcon.colcon_core.environment[0m [1;30mLevel 1[0m checking '/home/carlosmello/ws/install/yolobot_control/lib/python3.10/site-packages'
[2.136s] [34mcolcon.colcon_core.environment[0m [1;30mLevel 1[0m checking '/home/carlosmello/ws/install/yolobot_control/bin'
[2.136s] [34mcolcon.colcon_core.shell[0m [1;30mINFO[0m Creating package script '/home/carlosmello/ws/install/yolobot_control/share/yolobot_control/package.ps1'
[2.137s] [34mcolcon.colcon_core.shell[0m [1;30mINFO[0m Creating package descriptor '/home/carlosmello/ws/install/yolobot_control/share/yolobot_control/package.dsv'
[2.138s] [34mcolcon.colcon_core.shell[0m [1;30mINFO[0m Creating package script '/home/carlosmello/ws/install/yolobot_control/share/yolobot_control/package.sh'
[2.138s] [34mcolcon.colcon_core.shell[0m [1;30mINFO[0m Creating package script '/home/carlosmello/ws/install/yolobot_control/share/yolobot_control/package.bash'
[2.139s] [34mcolcon.colcon_core.shell[0m [1;30mINFO[0m Creating package script '/home/carlosmello/ws/install/yolobot_control/share/yolobot_control/package.zsh'
[2.139s] [34mcolcon.colcon_core.environment[0m [1;30mLevel 1[0m create_file_with_runtime_dependencies(/home/carlosmello/ws/install/yolobot_control/share/colcon-core/packages/yolobot_control)
[2.153s] [34mcolcon.colcon_core.event_handler.log_command[0m [1;30mDEBUG[0m [32mInvoked command in '/home/carlosmello/ws/build/yolobot_description' returned '0': CMAKE_PREFIX_PATH=${CMAKE_PREFIX_PATH}:/opt/ros/humble /usr/bin/cmake --build /home/carlosmello/ws/build/yolobot_description -- -j8 -l8[0m
[2.161s] [34mcolcon.colcon_core.environment[0m [1;30mLevel 1[0m create_environment_scripts_only(yolobot_control)
[2.162s] [34mcolcon.colcon_core.environment[0m [1;30mLevel 1[0m checking '/home/carlosmello/ws/install/yolobot_control' for CMake module files
[2.162s] [34mcolcon.colcon_core.environment[0m [1;30mLevel 1[0m checking '/home/carlosmello/ws/install/yolobot_control' for CMake config files
[2.162s] [34mcolcon.colcon_core.shell[0m [1;30mLevel 1[0m create_environment_hook('yolobot_control', 'cmake_prefix_path')
[2.162s] [34mcolcon.colcon_core.shell[0m [1;30mINFO[0m Creating environment hook '/home/carlosmello/ws/install/yolobot_control/share/yolobot_control/hook/cmake_prefix_path.ps1'
[2.163s] [34mcolcon.colcon_core.shell[0m [1;30mINFO[0m Creating environment descriptor '/home/carlosmello/ws/install/yolobot_control/share/yolobot_control/hook/cmake_prefix_path.dsv'
[2.163s] [34mcolcon.colcon_core.shell[0m [1;30mINFO[0m Creating environment hook '/home/carlosmello/ws/install/yolobot_control/share/yolobot_control/hook/cmake_prefix_path.sh'
[2.164s] [34mcolcon.colcon_core.environment[0m [1;30mLevel 1[0m checking '/home/carlosmello/ws/install/yolobot_control/lib'
[2.164s] [34mcolcon.colcon_core.environment[0m [1;30mLevel 1[0m checking '/home/carlosmello/ws/install/yolobot_control/bin'
[2.164s] [34mcolcon.colcon_core.environment[0m [1;30mLevel 1[0m checking '/home/carlosmello/ws/install/yolobot_control/lib/pkgconfig/yolobot_control.pc'
[2.164s] [34mcolcon.colcon_core.environment[0m [1;30mLevel 1[0m checking '/home/carlosmello/ws/install/yolobot_control/lib/python3.10/site-packages'
[2.164s] [34mcolcon.colcon_core.environment[0m [1;30mLevel 1[0m checking '/home/carlosmello/ws/install/yolobot_control/bin'
[2.165s] [34mcolcon.colcon_core.shell[0m [1;30mINFO[0m Creating package script '/home/carlosmello/ws/install/yolobot_control/share/yolobot_control/package.ps1'
[2.165s] [34mcolcon.colcon_core.shell[0m [1;30mINFO[0m Creating package descriptor '/home/carlosmello/ws/install/yolobot_control/share/yolobot_control/package.dsv'
[2.166s] [34mcolcon.colcon_core.shell[0m [1;30mINFO[0m Creating package script '/home/carlosmello/ws/install/yolobot_control/share/yolobot_control/package.sh'
[2.166s] [34mcolcon.colcon_core.shell[0m [1;30mINFO[0m Creating package script '/home/carlosmello/ws/install/yolobot_control/share/yolobot_control/package.bash'
[2.166s] [34mcolcon.colcon_core.shell[0m [1;30mINFO[0m Creating package script '/home/carlosmello/ws/install/yolobot_control/share/yolobot_control/package.zsh'
[2.167s] [34mcolcon.colcon_core.environment[0m [1;30mLevel 1[0m create_file_with_runtime_dependencies(/home/carlosmello/ws/install/yolobot_control/share/colcon-core/packages/yolobot_control)
[2.177s] [34mcolcon.colcon_core.event_handler.log_command[0m [1;30mDEBUG[0m [32mInvoking command in '/home/carlosmello/ws/build/yolobot_description': CMAKE_PREFIX_PATH=${CMAKE_PREFIX_PATH}:/opt/ros/humble /usr/bin/cmake --install /home/carlosmello/ws/build/yolobot_description[0m
[2.189s] [34mcolcon.colcon_core.environment[0m [1;30mLevel 1[0m create_environment_scripts_only(yolobot_description)
[2.190s] [34mcolcon.colcon_core.environment[0m [1;30mLevel 1[0m checking '/home/carlosmello/ws/install/yolobot_description' for CMake module files
[2.190s] [34mcolcon.colcon_core.event_handler.log_command[0m [1;30mDEBUG[0m [32mInvoked command in '/home/carlosmello/ws/build/yolobot_description' returned '0': CMAKE_PREFIX_PATH=${CMAKE_PREFIX_PATH}:/opt/ros/humble /usr/bin/cmake --install /home/carlosmello/ws/build/yolobot_description[0m
[2.191s] [34mcolcon.colcon_core.environment[0m [1;30mLevel 1[0m checking '/home/carlosmello/ws/install/yolobot_description' for CMake config files
[2.191s] [34mcolcon.colcon_core.shell[0m [1;30mLevel 1[0m create_environment_hook('yolobot_description', 'cmake_prefix_path')
[2.191s] [34mcolcon.colcon_core.shell[0m [1;30mINFO[0m Creating environment hook '/home/carlosmello/ws/install/yolobot_description/share/yolobot_description/hook/cmake_prefix_path.ps1'
[2.192s] [34mcolcon.colcon_core.shell[0m [1;30mINFO[0m Creating environment descriptor '/home/carlosmello/ws/install/yolobot_description/share/yolobot_description/hook/cmake_prefix_path.dsv'
[2.193s] [34mcolcon.colcon_core.shell[0m [1;30mINFO[0m Creating environment hook '/home/carlosmello/ws/install/yolobot_description/share/yolobot_description/hook/cmake_prefix_path.sh'
[2.193s] [34mcolcon.colcon_core.environment[0m [1;30mLevel 1[0m checking '/home/carlosmello/ws/install/yolobot_description/lib'
[2.193s] [34mcolcon.colcon_core.environment[0m [1;30mLevel 1[0m checking '/home/carlosmello/ws/install/yolobot_description/bin'
[2.194s] [34mcolcon.colcon_core.environment[0m [1;30mLevel 1[0m checking '/home/carlosmello/ws/install/yolobot_description/lib/pkgconfig/yolobot_description.pc'
[2.194s] [34mcolcon.colcon_core.environment[0m [1;30mLevel 1[0m checking '/home/carlosmello/ws/install/yolobot_description/lib/python3.10/site-packages'
[2.194s] [34mcolcon.colcon_core.environment[0m [1;30mLevel 1[0m checking '/home/carlosmello/ws/install/yolobot_description/bin'
[2.195s] [34mcolcon.colcon_core.shell[0m [1;30mINFO[0m Creating package script '/home/carlosmello/ws/install/yolobot_description/share/yolobot_description/package.ps1'
[2.196s] [34mcolcon.colcon_core.shell[0m [1;30mINFO[0m Creating package descriptor '/home/carlosmello/ws/install/yolobot_description/share/yolobot_description/package.dsv'
[2.196s] [34mcolcon.colcon_core.shell[0m [1;30mINFO[0m Creating package script '/home/carlosmello/ws/install/yolobot_description/share/yolobot_description/package.sh'
[2.197s] [34mcolcon.colcon_core.shell[0m [1;30mINFO[0m Creating package script '/home/carlosmello/ws/install/yolobot_description/share/yolobot_description/package.bash'
[2.198s] [34mcolcon.colcon_core.shell[0m [1;30mINFO[0m Creating package script '/home/carlosmello/ws/install/yolobot_description/share/yolobot_description/package.zsh'
[2.198s] [34mcolcon.colcon_core.environment[0m [1;30mLevel 1[0m create_file_with_runtime_dependencies(/home/carlosmello/ws/install/yolobot_description/share/colcon-core/packages/yolobot_description)
[2.206s] [34mcolcon.colcon_core.event_handler.log_command[0m [1;30mDEBUG[0m [32mInvoked command in '/home/carlosmello/ws/build/perception' returned '0': CMAKE_PREFIX_PATH=${CMAKE_PREFIX_PATH}:/opt/ros/humble /usr/bin/cmake /home/carlosmello/ws/src/Perception -DCMAKE_INSTALL_PREFIX=/home/carlosmello/ws/install/perception[0m
[2.208s] [34mcolcon.colcon_core.event_handler.log_command[0m [1;30mDEBUG[0m [32mInvoking command in '/home/carlosmello/ws/build/perception': CMAKE_PREFIX_PATH=${CMAKE_PREFIX_PATH}:/opt/ros/humble /usr/bin/cmake --build /home/carlosmello/ws/build/perception -- -j8 -l8[0m
[2.222s] [34mcolcon.colcon_core.environment[0m [1;30mLevel 1[0m create_environment_scripts_only(yolobot_description)
[2.223s] [34mcolcon.colcon_core.environment[0m [1;30mLevel 1[0m checking '/home/carlosmello/ws/install/yolobot_description' for CMake module files
[2.223s] [34mcolcon.colcon_core.environment[0m [1;30mLevel 1[0m checking '/home/carlosmello/ws/install/yolobot_description' for CMake config files
[2.224s] [34mcolcon.colcon_core.shell[0m [1;30mLevel 1[0m create_environment_hook('yolobot_description', 'cmake_prefix_path')
[2.224s] [34mcolcon.colcon_core.shell[0m [1;30mINFO[0m Creating environment hook '/home/carlosmello/ws/install/yolobot_description/share/yolobot_description/hook/cmake_prefix_path.ps1'
[2.225s] [34mcolcon.colcon_core.shell[0m [1;30mINFO[0m Creating environment descriptor '/home/carlosmello/ws/install/yolobot_description/share/yolobot_description/hook/cmake_prefix_path.dsv'
[2.226s] [34mcolcon.colcon_core.shell[0m [1;30mINFO[0m Creating environment hook '/home/carlosmello/ws/install/yolobot_description/share/yolobot_description/hook/cmake_prefix_path.sh'
[2.227s] [34mcolcon.colcon_core.environment[0m [1;30mLevel 1[0m checking '/home/carlosmello/ws/install/yolobot_description/lib'
[2.227s] [34mcolcon.colcon_core.environment[0m [1;30mLevel 1[0m checking '/home/carlosmello/ws/install/yolobot_description/bin'
[2.227s] [34mcolcon.colcon_core.environment[0m [1;30mLevel 1[0m checking '/home/carlosmello/ws/install/yolobot_description/lib/pkgconfig/yolobot_description.pc'
[2.227s] [34mcolcon.colcon_core.environment[0m [1;30mLevel 1[0m checking '/home/carlosmello/ws/install/yolobot_description/lib/python3.10/site-packages'
[2.228s] [34mcolcon.colcon_core.environment[0m [1;30mLevel 1[0m checking '/home/carlosmello/ws/install/yolobot_description/bin'
[2.228s] [34mcolcon.colcon_core.shell[0m [1;30mINFO[0m Creating package script '/home/carlosmello/ws/install/yolobot_description/share/yolobot_description/package.ps1'
[2.229s] [34mcolcon.colcon_core.shell[0m [1;30mINFO[0m Creating package descriptor '/home/carlosmello/ws/install/yolobot_description/share/yolobot_description/package.dsv'
[2.230s] [34mcolcon.colcon_core.shell[0m [1;30mINFO[0m Creating package script '/home/carlosmello/ws/install/yolobot_description/share/yolobot_description/package.sh'
[2.230s] [34mcolcon.colcon_core.shell[0m [1;30mINFO[0m Creating package script '/home/carlosmello/ws/install/yolobot_description/share/yolobot_description/package.bash'
[2.231s] [34mcolcon.colcon_core.shell[0m [1;30mINFO[0m Creating package script '/home/carlosmello/ws/install/yolobot_description/share/yolobot_description/package.zsh'
[2.232s] [34mcolcon.colcon_core.environment[0m [1;30mLevel 1[0m create_file_with_runtime_dependencies(/home/carlosmello/ws/install/yolobot_description/share/colcon-core/packages/yolobot_description)
[2.252s] [34mcolcon.colcon_core.event_handler.log_command[0m [1;30mDEBUG[0m [32mInvoked command in '/home/carlosmello/ws/build/perception' returned '0': CMAKE_PREFIX_PATH=${CMAKE_PREFIX_PATH}:/opt/ros/humble /usr/bin/cmake --build /home/carlosmello/ws/build/perception -- -j8 -l8[0m
[2.273s] [34mcolcon.colcon_core.event_handler.log_command[0m [1;30mDEBUG[0m [32mInvoking command in '/home/carlosmello/ws/build/perception': CMAKE_PREFIX_PATH=${CMAKE_PREFIX_PATH}:/opt/ros/humble /usr/bin/cmake --install /home/carlosmello/ws/build/perception[0m
[2.284s] [34mcolcon.colcon_core.environment[0m [1;30mLevel 1[0m create_environment_scripts_only(perception)
[2.284s] [34mcolcon.colcon_core.environment[0m [1;30mLevel 1[0m checking '/home/carlosmello/ws/install/perception' for CMake module files
[2.285s] [34mcolcon.colcon_core.event_handler.log_command[0m [1;30mDEBUG[0m [32mInvoked command in '/home/carlosmello/ws/build/perception' returned '0': CMAKE_PREFIX_PATH=${CMAKE_PREFIX_PATH}:/opt/ros/humble /usr/bin/cmake --install /home/carlosmello/ws/build/perception[0m
[2.285s] [34mcolcon.colcon_core.environment[0m [1;30mLevel 1[0m checking '/home/carlosmello/ws/install/perception' for CMake config files
[2.285s] [34mcolcon.colcon_core.shell[0m [1;30mLevel 1[0m create_environment_hook('perception', 'cmake_prefix_path')
[2.286s] [34mcolcon.colcon_core.shell[0m [1;30mINFO[0m Creating environment hook '/home/carlosmello/ws/install/perception/share/perception/hook/cmake_prefix_path.ps1'
[2.286s] [34mcolcon.colcon_core.shell[0m [1;30mINFO[0m Creating environment descriptor '/home/carlosmello/ws/install/perception/share/perception/hook/cmake_prefix_path.dsv'
[2.286s] [34mcolcon.colcon_core.shell[0m [1;30mINFO[0m Creating environment hook '/home/carlosmello/ws/install/perception/share/perception/hook/cmake_prefix_path.sh'
[2.287s] [34mcolcon.colcon_core.environment[0m [1;30mLevel 1[0m checking '/home/carlosmello/ws/install/perception/lib'
[2.287s] [34mcolcon.colcon_core.environment[0m [1;30mLevel 1[0m checking '/home/carlosmello/ws/install/perception/bin'
[2.287s] [34mcolcon.colcon_core.environment[0m [1;30mLevel 1[0m checking '/home/carlosmello/ws/install/perception/lib/pkgconfig/perception.pc'
[2.287s] [34mcolcon.colcon_core.environment[0m [1;30mLevel 1[0m checking '/home/carlosmello/ws/install/perception/lib/python3.10/site-packages'
[2.287s] [34mcolcon.colcon_core.environment[0m [1;30mLevel 1[0m checking '/home/carlosmello/ws/install/perception/bin'
[2.288s] [34mcolcon.colcon_core.shell[0m [1;30mINFO[0m Creating package script '/home/carlosmello/ws/install/perception/share/perception/package.ps1'
[2.288s] [34mcolcon.colcon_core.shell[0m [1;30mINFO[0m Creating package descriptor '/home/carlosmello/ws/install/perception/share/perception/package.dsv'
[2.288s] [34mcolcon.colcon_core.shell[0m [1;30mINFO[0m Creating package script '/home/carlosmello/ws/install/perception/share/perception/package.sh'
[2.289s] [34mcolcon.colcon_core.shell[0m [1;30mINFO[0m Creating package script '/home/carlosmello/ws/install/perception/share/perception/package.bash'
[2.289s] [34mcolcon.colcon_core.shell[0m [1;30mINFO[0m Creating package script '/home/carlosmello/ws/install/perception/share/perception/package.zsh'
[2.290s] [34mcolcon.colcon_core.environment[0m [1;30mLevel 1[0m create_file_with_runtime_dependencies(/home/carlosmello/ws/install/perception/share/colcon-core/packages/perception)
[2.311s] [34mcolcon.colcon_core.environment[0m [1;30mLevel 1[0m create_environment_scripts_only(perception)
[2.311s] [34mcolcon.colcon_core.environment[0m [1;30mLevel 1[0m checking '/home/carlosmello/ws/install/perception' for CMake module files
[2.312s] [34mcolcon.colcon_core.environment[0m [1;30mLevel 1[0m checking '/home/carlosmello/ws/install/perception' for CMake config files
[2.312s] [34mcolcon.colcon_core.shell[0m [1;30mLevel 1[0m create_environment_hook('perception', 'cmake_prefix_path')
[2.312s] [34mcolcon.colcon_core.shell[0m [1;30mINFO[0m Creating environment hook '/home/carlosmello/ws/install/perception/share/perception/hook/cmake_prefix_path.ps1'
[2.313s] [34mcolcon.colcon_core.shell[0m [1;30mINFO[0m Creating environment descriptor '/home/carlosmello/ws/install/perception/share/perception/hook/cmake_prefix_path.dsv'
[2.313s] [34mcolcon.colcon_core.shell[0m [1;30mINFO[0m Creating environment hook '/home/carlosmello/ws/install/perception/share/perception/hook/cmake_prefix_path.sh'
[2.314s] [34mcolcon.colcon_core.environment[0m [1;30mLevel 1[0m checking '/home/carlosmello/ws/install/perception/lib'
[2.314s] [34mcolcon.colcon_core.environment[0m [1;30mLevel 1[0m checking '/home/carlosmello/ws/install/perception/bin'
[2.314s] [34mcolcon.colcon_core.environment[0m [1;30mLevel 1[0m checking '/home/carlosmello/ws/install/perception/lib/pkgconfig/perception.pc'
[2.314s] [34mcolcon.colcon_core.environment[0m [1;30mLevel 1[0m checking '/home/carlosmello/ws/install/perception/lib/python3.10/site-packages'
[2.314s] [34mcolcon.colcon_core.environment[0m [1;30mLevel 1[0m checking '/home/carlosmello/ws/install/perception/bin'
[2.315s] [34mcolcon.colcon_core.shell[0m [1;30mINFO[0m Creating package script '/home/carlosmello/ws/install/perception/share/perception/package.ps1'
[2.315s] [34mcolcon.colcon_core.shell[0m [1;30mINFO[0m Creating package descriptor '/home/carlosmello/ws/install/perception/share/perception/package.dsv'
[2.316s] [34mcolcon.colcon_core.shell[0m [1;30mINFO[0m Creating package script '/home/carlosmello/ws/install/perception/share/perception/package.sh'
[2.316s] [34mcolcon.colcon_core.shell[0m [1;30mINFO[0m Creating package script '/home/carlosmello/ws/install/perception/share/perception/package.bash'
[2.317s] [34mcolcon.colcon_core.shell[0m [1;30mINFO[0m Creating package script '/home/carlosmello/ws/install/perception/share/perception/package.zsh'
[2.317s] [34mcolcon.colcon_core.environment[0m [1;30mLevel 1[0m create_file_with_runtime_dependencies(/home/carlosmello/ws/install/perception/share/colcon-core/packages/perception)
[3.188s] [34mcolcon.colcon_core.event_handler.log_command[0m [1;30mDEBUG[0m [32mInvoked command in '/home/carlosmello/ws/build/yolov8_msgs' returned '0': CMAKE_PREFIX_PATH=${CMAKE_PREFIX_PATH}:/opt/ros/humble /usr/bin/cmake /home/carlosmello/ws/src/yolov8_msgs -DCMAKE_INSTALL_PREFIX=/home/carlosmello/ws/install/yolov8_msgs[0m
[3.190s] [34mcolcon.colcon_core.event_handler.log_command[0m [1;30mDEBUG[0m [32mInvoking command in '/home/carlosmello/ws/build/yolov8_msgs': CMAKE_PREFIX_PATH=${CMAKE_PREFIX_PATH}:/opt/ros/humble /usr/bin/cmake --build /home/carlosmello/ws/build/yolov8_msgs -- -j8 -l8[0m
[5.921s] [34mcolcon.colcon_core.event_handler.log_command[0m [1;30mDEBUG[0m [32mInvoked command in '/home/carlosmello/ws/build/yolov8_msgs' returned '0': CMAKE_PREFIX_PATH=${CMAKE_PREFIX_PATH}:/opt/ros/humble /usr/bin/cmake --build /home/carlosmello/ws/build/yolov8_msgs -- -j8 -l8[0m
[5.992s] [34mcolcon.colcon_core.event_handler.log_command[0m [1;30mDEBUG[0m [32mInvoking command in '/home/carlosmello/ws/build/yolov8_msgs': CMAKE_PREFIX_PATH=${CMAKE_PREFIX_PATH}:/opt/ros/humble /usr/bin/cmake --install /home/carlosmello/ws/build/yolov8_msgs[0m
[6.070s] [34mcolcon.colcon_core.environment[0m [1;30mLevel 1[0m create_environment_scripts_only(yolov8_msgs)
[6.071s] [34mcolcon.colcon_core.environment[0m [1;30mLevel 1[0m checking '/home/carlosmello/ws/install/yolov8_msgs' for CMake module files
[6.071s] [34mcolcon.colcon_core.event_handler.log_command[0m [1;30mDEBUG[0m [32mInvoked command in '/home/carlosmello/ws/build/yolov8_msgs' returned '0': CMAKE_PREFIX_PATH=${CMAKE_PREFIX_PATH}:/opt/ros/humble /usr/bin/cmake --install /home/carlosmello/ws/build/yolov8_msgs[0m
[6.072s] [34mcolcon.colcon_core.environment[0m [1;30mLevel 1[0m checking '/home/carlosmello/ws/install/yolov8_msgs' for CMake config files
[6.072s] [34mcolcon.colcon_core.shell[0m [1;30mLevel 1[0m create_environment_hook('yolov8_msgs', 'cmake_prefix_path')
[6.072s] [34mcolcon.colcon_core.shell[0m [1;30mINFO[0m Creating environment hook '/home/carlosmello/ws/install/yolov8_msgs/share/yolov8_msgs/hook/cmake_prefix_path.ps1'
[6.073s] [34mcolcon.colcon_core.shell[0m [1;30mINFO[0m Creating environment descriptor '/home/carlosmello/ws/install/yolov8_msgs/share/yolov8_msgs/hook/cmake_prefix_path.dsv'
[6.073s] [34mcolcon.colcon_core.shell[0m [1;30mINFO[0m Creating environment hook '/home/carlosmello/ws/install/yolov8_msgs/share/yolov8_msgs/hook/cmake_prefix_path.sh'
[6.074s] [34mcolcon.colcon_core.environment[0m [1;30mLevel 1[0m checking '/home/carlosmello/ws/install/yolov8_msgs/lib'
[6.074s] [34mcolcon.colcon_core.shell[0m [1;30mLevel 1[0m create_environment_hook('yolov8_msgs', 'ld_library_path_lib')
[6.074s] [34mcolcon.colcon_core.shell[0m [1;30mINFO[0m Creating environment hook '/home/carlosmello/ws/install/yolov8_msgs/share/yolov8_msgs/hook/ld_library_path_lib.ps1'
[6.075s] [34mcolcon.colcon_core.shell[0m [1;30mINFO[0m Creating environment descriptor '/home/carlosmello/ws/install/yolov8_msgs/share/yolov8_msgs/hook/ld_library_path_lib.dsv'
[6.075s] [34mcolcon.colcon_core.shell[0m [1;30mINFO[0m Creating environment hook '/home/carlosmello/ws/install/yolov8_msgs/share/yolov8_msgs/hook/ld_library_path_lib.sh'
[6.076s] [34mcolcon.colcon_core.environment[0m [1;30mLevel 1[0m checking '/home/carlosmello/ws/install/yolov8_msgs/bin'
[6.076s] [34mcolcon.colcon_core.environment[0m [1;30mLevel 1[0m checking '/home/carlosmello/ws/install/yolov8_msgs/lib/pkgconfig/yolov8_msgs.pc'
[6.076s] [34mcolcon.colcon_core.environment[0m [1;30mLevel 1[0m checking '/home/carlosmello/ws/install/yolov8_msgs/lib/python3.10/site-packages'
[6.077s] [34mcolcon.colcon_core.environment[0m [1;30mLevel 1[0m checking '/home/carlosmello/ws/install/yolov8_msgs/bin'
[6.077s] [34mcolcon.colcon_core.shell[0m [1;30mINFO[0m Creating package script '/home/carlosmello/ws/install/yolov8_msgs/share/yolov8_msgs/package.ps1'
[6.078s] [34mcolcon.colcon_core.shell[0m [1;30mINFO[0m Creating package descriptor '/home/carlosmello/ws/install/yolov8_msgs/share/yolov8_msgs/package.dsv'
[6.079s] [34mcolcon.colcon_core.shell[0m [1;30mINFO[0m Creating package script '/home/carlosmello/ws/install/yolov8_msgs/share/yolov8_msgs/package.sh'
[6.079s] [34mcolcon.colcon_core.shell[0m [1;30mINFO[0m Creating package script '/home/carlosmello/ws/install/yolov8_msgs/share/yolov8_msgs/package.bash'
[6.080s] [34mcolcon.colcon_core.shell[0m [1;30mINFO[0m Creating package script '/home/carlosmello/ws/install/yolov8_msgs/share/yolov8_msgs/package.zsh'
[6.080s] [34mcolcon.colcon_core.environment[0m [1;30mLevel 1[0m create_file_with_runtime_dependencies(/home/carlosmello/ws/install/yolov8_msgs/share/colcon-core/packages/yolov8_msgs)
[6.147s] [34mcolcon.colcon_core.environment[0m [1;30mLevel 1[0m create_environment_scripts_only(yolov8_msgs)
[6.147s] [34mcolcon.colcon_core.environment[0m [1;30mLevel 1[0m checking '/home/carlosmello/ws/install/yolov8_msgs' for CMake module files
[6.148s] [34mcolcon.colcon_core.environment[0m [1;30mLevel 1[0m checking '/home/carlosmello/ws/install/yolov8_msgs' for CMake config files
[6.148s] [34mcolcon.colcon_core.shell[0m [1;30mLevel 1[0m create_environment_hook('yolov8_msgs', 'cmake_prefix_path')
[6.149s] [34mcolcon.colcon_core.shell[0m [1;30mINFO[0m Creating environment hook '/home/carlosmello/ws/install/yolov8_msgs/share/yolov8_msgs/hook/cmake_prefix_path.ps1'
[6.149s] [34mcolcon.colcon_core.shell[0m [1;30mINFO[0m Creating environment descriptor '/home/carlosmello/ws/install/yolov8_msgs/share/yolov8_msgs/hook/cmake_prefix_path.dsv'
[6.150s] [34mcolcon.colcon_core.shell[0m [1;30mINFO[0m Creating environment hook '/home/carlosmello/ws/install/yolov8_msgs/share/yolov8_msgs/hook/cmake_prefix_path.sh'
[6.150s] [34mcolcon.colcon_core.environment[0m [1;30mLevel 1[0m checking '/home/carlosmello/ws/install/yolov8_msgs/lib'
[6.151s] [34mcolcon.colcon_core.shell[0m [1;30mLevel 1[0m create_environment_hook('yolov8_msgs', 'ld_library_path_lib')
[6.151s] [34mcolcon.colcon_core.shell[0m [1;30mINFO[0m Creating environment hook '/home/carlosmello/ws/install/yolov8_msgs/share/yolov8_msgs/hook/ld_library_path_lib.ps1'
[6.151s] [34mcolcon.colcon_core.shell[0m [1;30mINFO[0m Creating environment descriptor '/home/carlosmello/ws/install/yolov8_msgs/share/yolov8_msgs/hook/ld_library_path_lib.dsv'
[6.152s] [34mcolcon.colcon_core.shell[0m [1;30mINFO[0m Creating environment hook '/home/carlosmello/ws/install/yolov8_msgs/share/yolov8_msgs/hook/ld_library_path_lib.sh'
[6.152s] [34mcolcon.colcon_core.environment[0m [1;30mLevel 1[0m checking '/home/carlosmello/ws/install/yolov8_msgs/bin'
[6.152s] [34mcolcon.colcon_core.environment[0m [1;30mLevel 1[0m checking '/home/carlosmello/ws/install/yolov8_msgs/lib/pkgconfig/yolov8_msgs.pc'
[6.153s] [34mcolcon.colcon_core.environment[0m [1;30mLevel 1[0m checking '/home/carlosmello/ws/install/yolov8_msgs/lib/python3.10/site-packages'
[6.153s] [34mcolcon.colcon_core.environment[0m [1;30mLevel 1[0m checking '/home/carlosmello/ws/install/yolov8_msgs/bin'
[6.153s] [34mcolcon.colcon_core.shell[0m [1;30mINFO[0m Creating package script '/home/carlosmello/ws/install/yolov8_msgs/share/yolov8_msgs/package.ps1'
[6.154s] [34mcolcon.colcon_core.shell[0m [1;30mINFO[0m Creating package descriptor '/home/carlosmello/ws/install/yolov8_msgs/share/yolov8_msgs/package.dsv'
[6.155s] [34mcolcon.colcon_core.shell[0m [1;30mINFO[0m Creating package script '/home/carlosmello/ws/install/yolov8_msgs/share/yolov8_msgs/package.sh'
[6.155s] [34mcolcon.colcon_core.shell[0m [1;30mINFO[0m Creating package script '/home/carlosmello/ws/install/yolov8_msgs/share/yolov8_msgs/package.bash'
[6.156s] [34mcolcon.colcon_core.shell[0m [1;30mINFO[0m Creating package script '/home/carlosmello/ws/install/yolov8_msgs/share/yolov8_msgs/package.zsh'
[6.156s] [34mcolcon.colcon_core.environment[0m [1;30mLevel 1[0m create_file_with_runtime_dependencies(/home/carlosmello/ws/install/yolov8_msgs/share/colcon-core/packages/yolov8_msgs)
[6.157s] [34mcolcon.colcon_parallel_executor.executor.parallel[0m [1;30mDEBUG[0m [32mclosing loop[0m
[6.157s] [34mcolcon.colcon_parallel_executor.executor.parallel[0m [1;30mDEBUG[0m [32mloop closed[0m
[6.157s] [34mcolcon.colcon_parallel_executor.executor.parallel[0m [1;30mDEBUG[0m [32mrun_until_complete finished with '0'[0m
[6.157s] [34mcolcon.colcon_core.event_reactor[0m [1;30mDEBUG[0m [32mjoining thread[0m
[6.163s] [34mcolcon.colcon_core.plugin_system[0m [1;30mINFO[0m Skipping extension 'colcon_notification.desktop_notification.terminal_notifier': Not used on non-Darwin systems
[6.164s] [34mcolcon.colcon_core.plugin_system[0m [1;30mINFO[0m Skipping extension 'colcon_notification.desktop_notification.win32': Not used on non-Windows systems
[6.164s] [34mcolcon.colcon_notification.desktop_notification[0m [1;30mINFO[0m Sending desktop notification using 'notify2'
[6.189s] [34mcolcon.colcon_core.event_reactor[0m [1;30mDEBUG[0m [32mjoined thread[0m
[6.189s] [34mcolcon.colcon_core.shell[0m [1;30mINFO[0m Creating prefix script '/home/carlosmello/ws/install/local_setup.ps1'
[6.191s] [34mcolcon.colcon_core.shell[0m [1;30mINFO[0m Creating prefix util module '/home/carlosmello/ws/install/_local_setup_util_ps1.py'
[6.193s] [34mcolcon.colcon_core.shell[0m [1;30mINFO[0m Creating prefix chain script '/home/carlosmello/ws/install/setup.ps1'
[6.196s] [34mcolcon.colcon_core.shell[0m [1;30mINFO[0m Creating prefix script '/home/carlosmello/ws/install/local_setup.sh'
[6.197s] [34mcolcon.colcon_core.shell[0m [1;30mINFO[0m Creating prefix util module '/home/carlosmello/ws/install/_local_setup_util_sh.py'
[6.198s] [34mcolcon.colcon_core.shell[0m [1;30mINFO[0m Creating prefix chain script '/home/carlosmello/ws/install/setup.sh'
[6.200s] [34mcolcon.colcon_core.shell[0m [1;30mINFO[0m Creating prefix script '/home/carlosmello/ws/install/local_setup.bash'
[6.200s] [34mcolcon.colcon_core.shell[0m [1;30mINFO[0m Creating prefix chain script '/home/carlosmello/ws/install/setup.bash'
[6.202s] [34mcolcon.colcon_core.shell[0m [1;30mINFO[0m Creating prefix script '/home/carlosmello/ws/install/local_setup.zsh'
[6.202s] [34mcolcon.colcon_core.shell[0m [1;30mINFO[0m Creating prefix chain script '/home/carlosmello/ws/install/setup.zsh'
