[0.108s] [34mcolcon[0m [1;30mDEBUG[0m [32mCommand line arguments: ['/usr/bin/colcon', 'build'][0m
[0.108s] [34mcolcon[0m [1;30mDEBUG[0m [32mParsed command line arguments: Namespace(log_base=None, log_level=None, verb_name='build', build_base='build', install_base='install', merge_install=False, symlink_install=False, test_result_base=None, continue_on_error=False, executor='parallel', parallel_workers=8, event_handlers=None, ignore_user_meta=False, metas=['./colcon.meta'], base_paths=['.'], packages_ignore=None, packages_ignore_regex=None, paths=None, packages_up_to=None, packages_up_to_regex=None, packages_above=None, packages_above_and_dependencies=None, packages_above_depth=None, packages_select_by_dep=None, packages_skip_by_dep=None, packages_skip_up_to=None, packages_select_build_failed=False, packages_skip_build_finished=False, packages_select_test_failures=False, packages_skip_test_passed=False, packages_select=None, packages_skip=None, packages_select_regex=None, packages_skip_regex=None, packages_start=None, packages_end=None, allow_overriding=[], cmake_args=None, cmake_target=None, cmake_target_skip_unavailable=False, cmake_clean_cache=False, cmake_clean_first=False, cmake_force_configure=False, ament_cmake_args=None, catkin_cmake_args=None, catkin_skip_building_tests=False, verb_parser=<colcon_defaults.argument_parser.defaults.DefaultArgumentsDecorator object at 0x71aeed3cc610>, verb_extension=<colcon_core.verb.build.BuildVerb object at 0x71aeed4b18a0>, main=<bound method BuildVerb.main of <colcon_core.verb.build.BuildVerb object at 0x71aeed4b18a0>>)[0m
[0.141s] [34mcolcon.colcon_core.package_discovery[0m [1;30mLevel 1[0m discover_packages(colcon_meta) check parameters
[0.142s] [34mcolcon.colcon_core.package_discovery[0m [1;30mLevel 1[0m discover_packages(recursive) check parameters
[0.142s] [34mcolcon.colcon_core.package_discovery[0m [1;30mLevel 1[0m discover_packages(ignore) check parameters
[0.142s] [34mcolcon.colcon_core.package_discovery[0m [1;30mLevel 1[0m discover_packages(path) check parameters
[0.142s] [34mcolcon.colcon_core.package_discovery[0m [1;30mLevel 1[0m discover_packages(colcon_meta) discover
[0.142s] [34mcolcon.colcon_core.package_discovery[0m [1;30mLevel 1[0m discover_packages(recursive) discover
[0.142s] [34mcolcon.colcon_core.package_discovery[0m [1;30mINFO[0m Crawling recursively for packages in '/home/carlosmello/ws'
[0.142s] [34mcolcon.colcon_core.package_identification[0m [1;30mLevel 1[0m _identify(.) by extensions ['ignore', 'ignore_ament_install']
[0.142s] [34mcolcon.colcon_core.package_identification[0m [1;30mLevel 1[0m _identify(.) by extension 'ignore'
[0.142s] [34mcolcon.colcon_core.package_identification[0m [1;30mLevel 1[0m _identify(.) by extension 'ignore_ament_install'
[0.142s] [34mcolcon.colcon_core.package_identification[0m [1;30mLevel 1[0m _identify(.) by extensions ['colcon_pkg']
[0.142s] [34mcolcon.colcon_core.package_identification[0m [1;30mLevel 1[0m _identify(.) by extension 'colcon_pkg'
[0.142s] [34mcolcon.colcon_core.package_identification[0m [1;30mLevel 1[0m _identify(.) by extensions ['colcon_meta']
[0.142s] [34mcolcon.colcon_core.package_identification[0m [1;30mLevel 1[0m _identify(.) by extension 'colcon_meta'
[0.143s] [34mcolcon.colcon_core.package_identification[0m [1;30mLevel 1[0m _identify(.) by extensions ['ros']
[0.143s] [34mcolcon.colcon_core.package_identification[0m [1;30mLevel 1[0m _identify(.) by extension 'ros'
[0.156s] [34mcolcon.colcon_core.package_identification[0m [1;30mLevel 1[0m _identify(.) by extensions ['cmake', 'python']
[0.156s] [34mcolcon.colcon_core.package_identification[0m [1;30mLevel 1[0m _identify(.) by extension 'cmake'
[0.156s] [34mcolcon.colcon_core.package_identification[0m [1;30mLevel 1[0m _identify(.) by extension 'python'
[0.156s] [34mcolcon.colcon_core.package_identification[0m [1;30mLevel 1[0m _identify(.) by extensions ['python_setup_py']
[0.156s] [34mcolcon.colcon_core.package_identification[0m [1;30mLevel 1[0m _identify(.) by extension 'python_setup_py'
[0.156s] [34mcolcon.colcon_core.package_identification[0m [1;30mLevel 1[0m _identify(build) by extensions ['ignore', 'ignore_ament_install']
[0.156s] [34mcolcon.colcon_core.package_identification[0m [1;30mLevel 1[0m _identify(build) by extension 'ignore'
[0.156s] [34mcolcon.colcon_core.package_identification[0m [1;30mLevel 1[0m _identify(build) ignored
[0.156s] [34mcolcon.colcon_core.package_identification[0m [1;30mLevel 1[0m _identify(install) by extensions ['ignore', 'ignore_ament_install']
[0.157s] [34mcolcon.colcon_core.package_identification[0m [1;30mLevel 1[0m _identify(install) by extension 'ignore'
[0.157s] [34mcolcon.colcon_core.package_identification[0m [1;30mLevel 1[0m _identify(install) ignored
[0.157s] [34mcolcon.colcon_core.package_identification[0m [1;30mLevel 1[0m _identify(log) by extensions ['ignore', 'ignore_ament_install']
[0.157s] [34mcolcon.colcon_core.package_identification[0m [1;30mLevel 1[0m _identify(log) by extension 'ignore'
[0.157s] [34mcolcon.colcon_core.package_identification[0m [1;30mLevel 1[0m _identify(log) ignored
[0.157s] [34mcolcon.colcon_core.package_identification[0m [1;30mLevel 1[0m _identify(src) by extensions ['ignore', 'ignore_ament_install']
[0.157s] [34mcolcon.colcon_core.package_identification[0m [1;30mLevel 1[0m _identify(src) by extension 'ignore'
[0.157s] [34mcolcon.colcon_core.package_identification[0m [1;30mLevel 1[0m _identify(src) by extension 'ignore_ament_install'
[0.158s] [34mcolcon.colcon_core.package_identification[0m [1;30mLevel 1[0m _identify(src) by extensions ['colcon_pkg']
[0.158s] [34mcolcon.colcon_core.package_identification[0m [1;30mLevel 1[0m _identify(src) by extension 'colcon_pkg'
[0.158s] [34mcolcon.colcon_core.package_identification[0m [1;30mLevel 1[0m _identify(src) by extensions ['colcon_meta']
[0.158s] [34mcolcon.colcon_core.package_identification[0m [1;30mLevel 1[0m _identify(src) by extension 'colcon_meta'
[0.158s] [34mcolcon.colcon_core.package_identification[0m [1;30mLevel 1[0m _identify(src) by extensions ['ros']
[0.158s] [34mcolcon.colcon_core.package_identification[0m [1;30mLevel 1[0m _identify(src) by extension 'ros'
[0.158s] [34mcolcon.colcon_core.package_identification[0m [1;30mLevel 1[0m _identify(src) by extensions ['cmake', 'python']
[0.158s] [34mcolcon.colcon_core.package_identification[0m [1;30mLevel 1[0m _identify(src) by extension 'cmake'
[0.158s] [34mcolcon.colcon_core.package_identification[0m [1;30mLevel 1[0m _identify(src) by extension 'python'
[0.158s] [34mcolcon.colcon_core.package_identification[0m [1;30mLevel 1[0m _identify(src) by extensions ['python_setup_py']
[0.158s] [34mcolcon.colcon_core.package_identification[0m [1;30mLevel 1[0m _identify(src) by extension 'python_setup_py'
[0.158s] [34mcolcon.colcon_core.package_identification[0m [1;30mLevel 1[0m _identify(src/Perception) by extensions ['ignore', 'ignore_ament_install']
[0.158s] [34mcolcon.colcon_core.package_identification[0m [1;30mLevel 1[0m _identify(src/Perception) by extension 'ignore'
[0.158s] [34mcolcon.colcon_core.package_identification[0m [1;30mLevel 1[0m _identify(src/Perception) by extension 'ignore_ament_install'
[0.159s] [34mcolcon.colcon_core.package_identification[0m [1;30mLevel 1[0m _identify(src/Perception) by extensions ['colcon_pkg']
[0.159s] [34mcolcon.colcon_core.package_identification[0m [1;30mLevel 1[0m _identify(src/Perception) by extension 'colcon_pkg'
[0.159s] [34mcolcon.colcon_core.package_identification[0m [1;30mLevel 1[0m _identify(src/Perception) by extensions ['colcon_meta']
[0.159s] [34mcolcon.colcon_core.package_identification[0m [1;30mLevel 1[0m _identify(src/Perception) by extension 'colcon_meta'
[0.159s] [34mcolcon.colcon_core.package_identification[0m [1;30mLevel 1[0m _identify(src/Perception) by extensions ['ros']
[0.159s] [34mcolcon.colcon_core.package_identification[0m [1;30mLevel 1[0m _identify(src/Perception) by extension 'ros'
[0.161s] [34mcolcon.colcon_core.package_identification[0m [1;30mDEBUG[0m [32mPackage 'src/Perception' with type 'ros.ament_cmake' and name 'perception'[0m
[0.161s] [34mcolcon.colcon_core.package_identification[0m [1;30mLevel 1[0m _identify(src/yolobot_control) by extensions ['ignore', 'ignore_ament_install']
[0.161s] [34mcolcon.colcon_core.package_identification[0m [1;30mLevel 1[0m _identify(src/yolobot_control) by extension 'ignore'
[0.161s] [34mcolcon.colcon_core.package_identification[0m [1;30mLevel 1[0m _identify(src/yolobot_control) by extension 'ignore_ament_install'
[0.161s] [34mcolcon.colcon_core.package_identification[0m [1;30mLevel 1[0m _identify(src/yolobot_control) by extensions ['colcon_pkg']
[0.161s] [34mcolcon.colcon_core.package_identification[0m [1;30mLevel 1[0m _identify(src/yolobot_control) by extension 'colcon_pkg'
[0.161s] [34mcolcon.colcon_core.package_identification[0m [1;30mLevel 1[0m _identify(src/yolobot_control) by extensions ['colcon_meta']
[0.161s] [34mcolcon.colcon_core.package_identification[0m [1;30mLevel 1[0m _identify(src/yolobot_control) by extension 'colcon_meta'
[0.162s] [34mcolcon.colcon_core.package_identification[0m [1;30mLevel 1[0m _identify(src/yolobot_control) by extensions ['ros']
[0.162s] [34mcolcon.colcon_core.package_identification[0m [1;30mLevel 1[0m _identify(src/yolobot_control) by extension 'ros'
[0.162s] [34mcolcon.colcon_core.package_identification[0m [1;30mDEBUG[0m [32mPackage 'src/yolobot_control' with type 'ros.ament_cmake' and name 'yolobot_control'[0m
[0.162s] [34mcolcon.colcon_core.package_identification[0m [1;30mLevel 1[0m _identify(src/yolobot_description) by extensions ['ignore', 'ignore_ament_install']
[0.162s] [34mcolcon.colcon_core.package_identification[0m [1;30mLevel 1[0m _identify(src/yolobot_description) by extension 'ignore'
[0.162s] [34mcolcon.colcon_core.package_identification[0m [1;30mLevel 1[0m _identify(src/yolobot_description) by extension 'ignore_ament_install'
[0.162s] [34mcolcon.colcon_core.package_identification[0m [1;30mLevel 1[0m _identify(src/yolobot_description) by extensions ['colcon_pkg']
[0.163s] [34mcolcon.colcon_core.package_identification[0m [1;30mLevel 1[0m _identify(src/yolobot_description) by extension 'colcon_pkg'
[0.163s] [34mcolcon.colcon_core.package_identification[0m [1;30mLevel 1[0m _identify(src/yolobot_description) by extensions ['colcon_meta']
[0.163s] [34mcolcon.colcon_core.package_identification[0m [1;30mLevel 1[0m _identify(src/yolobot_description) by extension 'colcon_meta'
[0.163s] [34mcolcon.colcon_core.package_identification[0m [1;30mLevel 1[0m _identify(src/yolobot_description) by extensions ['ros']
[0.163s] [34mcolcon.colcon_core.package_identification[0m [1;30mLevel 1[0m _identify(src/yolobot_description) by extension 'ros'
[0.163s] [34mcolcon.colcon_core.package_identification[0m [1;30mDEBUG[0m [32mPackage 'src/yolobot_description' with type 'ros.ament_cmake' and name 'yolobot_description'[0m
[0.163s] [34mcolcon.colcon_core.package_identification[0m [1;30mLevel 1[0m _identify(src/yolobot_gazebo) by extensions ['ignore', 'ignore_ament_install']
[0.164s] [34mcolcon.colcon_core.package_identification[0m [1;30mLevel 1[0m _identify(src/yolobot_gazebo) by extension 'ignore'
[0.164s] [34mcolcon.colcon_core.package_identification[0m [1;30mLevel 1[0m _identify(src/yolobot_gazebo) by extension 'ignore_ament_install'
[0.164s] [34mcolcon.colcon_core.package_identification[0m [1;30mLevel 1[0m _identify(src/yolobot_gazebo) by extensions ['colcon_pkg']
[0.164s] [34mcolcon.colcon_core.package_identification[0m [1;30mLevel 1[0m _identify(src/yolobot_gazebo) by extension 'colcon_pkg'
[0.164s] [34mcolcon.colcon_core.package_identification[0m [1;30mLevel 1[0m _identify(src/yolobot_gazebo) by extensions ['colcon_meta']
[0.164s] [34mcolcon.colcon_core.package_identification[0m [1;30mLevel 1[0m _identify(src/yolobot_gazebo) by extension 'colcon_meta'
[0.164s] [34mcolcon.colcon_core.package_identification[0m [1;30mLevel 1[0m _identify(src/yolobot_gazebo) by extensions ['ros']
[0.164s] [34mcolcon.colcon_core.package_identification[0m [1;30mLevel 1[0m _identify(src/yolobot_gazebo) by extension 'ros'
[0.165s] [34mcolcon.colcon_core.package_identification[0m [1;30mDEBUG[0m [32mPackage 'src/yolobot_gazebo' with type 'ros.ament_cmake' and name 'yolobot_gazebo'[0m
[0.165s] [34mcolcon.colcon_core.package_identification[0m [1;30mLevel 1[0m _identify(src/yolobot_recognition) by extensions ['ignore', 'ignore_ament_install']
[0.165s] [34mcolcon.colcon_core.package_identification[0m [1;30mLevel 1[0m _identify(src/yolobot_recognition) by extension 'ignore'
[0.165s] [34mcolcon.colcon_core.package_identification[0m [1;30mLevel 1[0m _identify(src/yolobot_recognition) by extension 'ignore_ament_install'
[0.165s] [34mcolcon.colcon_core.package_identification[0m [1;30mLevel 1[0m _identify(src/yolobot_recognition) by extensions ['colcon_pkg']
[0.165s] [34mcolcon.colcon_core.package_identification[0m [1;30mLevel 1[0m _identify(src/yolobot_recognition) by extension 'colcon_pkg'
[0.165s] [34mcolcon.colcon_core.package_identification[0m [1;30mLevel 1[0m _identify(src/yolobot_recognition) by extensions ['colcon_meta']
[0.165s] [34mcolcon.colcon_core.package_identification[0m [1;30mLevel 1[0m _identify(src/yolobot_recognition) by extension 'colcon_meta'
[0.165s] [34mcolcon.colcon_core.package_identification[0m [1;30mLevel 1[0m _identify(src/yolobot_recognition) by extensions ['ros']
[0.165s] [34mcolcon.colcon_core.package_identification[0m [1;30mLevel 1[0m _identify(src/yolobot_recognition) by extension 'ros'
[0.166s] [34mcolcon.colcon_core.package_identification[0m [1;30mDEBUG[0m [32mPackage 'src/yolobot_recognition' with type 'ros.ament_cmake' and name 'yolobot_recognition'[0m
[0.166s] [34mcolcon.colcon_core.package_identification[0m [1;30mLevel 1[0m _identify(src/yolov8_msgs) by extensions ['ignore', 'ignore_ament_install']
[0.166s] [34mcolcon.colcon_core.package_identification[0m [1;30mLevel 1[0m _identify(src/yolov8_msgs) by extension 'ignore'
[0.166s] [34mcolcon.colcon_core.package_identification[0m [1;30mLevel 1[0m _identify(src/yolov8_msgs) by extension 'ignore_ament_install'
[0.166s] [34mcolcon.colcon_core.package_identification[0m [1;30mLevel 1[0m _identify(src/yolov8_msgs) by extensions ['colcon_pkg']
[0.166s] [34mcolcon.colcon_core.package_identification[0m [1;30mLevel 1[0m _identify(src/yolov8_msgs) by extension 'colcon_pkg'
[0.166s] [34mcolcon.colcon_core.package_identification[0m [1;30mLevel 1[0m _identify(src/yolov8_msgs) by extensions ['colcon_meta']
[0.166s] [34mcolcon.colcon_core.package_identification[0m [1;30mLevel 1[0m _identify(src/yolov8_msgs) by extension 'colcon_meta'
[0.166s] [34mcolcon.colcon_core.package_identification[0m [1;30mLevel 1[0m _identify(src/yolov8_msgs) by extensions ['ros']
[0.166s] [34mcolcon.colcon_core.package_identification[0m [1;30mLevel 1[0m _identify(src/yolov8_msgs) by extension 'ros'
[0.167s] [34mcolcon.colcon_core.package_identification[0m [1;30mDEBUG[0m [32mPackage 'src/yolov8_msgs' with type 'ros.ament_cmake' and name 'yolov8_msgs'[0m
[0.167s] [34mcolcon.colcon_core.package_discovery[0m [1;30mLevel 1[0m discover_packages(recursive) using defaults
[0.167s] [34mcolcon.colcon_core.package_discovery[0m [1;30mLevel 1[0m discover_packages(ignore) discover
[0.167s] [34mcolcon.colcon_core.package_discovery[0m [1;30mLevel 1[0m discover_packages(ignore) using defaults
[0.167s] [34mcolcon.colcon_core.package_discovery[0m [1;30mLevel 1[0m discover_packages(path) discover
[0.167s] [34mcolcon.colcon_core.package_discovery[0m [1;30mLevel 1[0m discover_packages(path) using defaults
[0.182s] [34mcolcon.colcon_core.package_discovery[0m [1;30mLevel 1[0m discover_packages(prefix_path) check parameters
[0.182s] [34mcolcon.colcon_core.package_discovery[0m [1;30mLevel 1[0m discover_packages(prefix_path) discover
[0.185s] [34mcolcon.colcon_installed_package_information.package_discovery[0m [1;30mDEBUG[0m [32mFound 323 installed packages in /opt/ros/humble[0m
[0.186s] [34mcolcon.colcon_core.package_discovery[0m [1;30mLevel 1[0m discover_packages(prefix_path) using defaults
[0.226s] [34mcolcon.colcon_core.verb[0m [1;30mLevel 5[0m set package 'perception' build argument 'cmake_args' from command line to 'None'
[0.226s] [34mcolcon.colcon_core.verb[0m [1;30mLevel 5[0m set package 'perception' build argument 'cmake_target' from command line to 'None'
[0.227s] [34mcolcon.colcon_core.verb[0m [1;30mLevel 5[0m set package 'perception' build argument 'cmake_target_skip_unavailable' from command line to 'False'
[0.227s] [34mcolcon.colcon_core.verb[0m [1;30mLevel 5[0m set package 'perception' build argument 'cmake_clean_cache' from command line to 'False'
[0.227s] [34mcolcon.colcon_core.verb[0m [1;30mLevel 5[0m set package 'perception' build argument 'cmake_clean_first' from command line to 'False'
[0.227s] [34mcolcon.colcon_core.verb[0m [1;30mLevel 5[0m set package 'perception' build argument 'cmake_force_configure' from command line to 'False'
[0.227s] [34mcolcon.colcon_core.verb[0m [1;30mLevel 5[0m set package 'perception' build argument 'ament_cmake_args' from command line to 'None'
[0.227s] [34mcolcon.colcon_core.verb[0m [1;30mLevel 5[0m set package 'perception' build argument 'catkin_cmake_args' from command line to 'None'
[0.227s] [34mcolcon.colcon_core.verb[0m [1;30mLevel 5[0m set package 'perception' build argument 'catkin_skip_building_tests' from command line to 'False'
[0.227s] [34mcolcon.colcon_core.verb[0m [1;30mDEBUG[0m [32mBuilding package 'perception' with the following arguments: {'ament_cmake_args': None, 'build_base': '/home/carlosmello/ws/build/perception', 'catkin_cmake_args': None, 'catkin_skip_building_tests': False, 'cmake_args': None, 'cmake_clean_cache': False, 'cmake_clean_first': False, 'cmake_force_configure': False, 'cmake_target': None, 'cmake_target_skip_unavailable': False, 'install_base': '/home/carlosmello/ws/install/perception', 'merge_install': False, 'path': '/home/carlosmello/ws/src/Perception', 'symlink_install': False, 'test_result_base': None}[0m
[0.227s] [34mcolcon.colcon_core.verb[0m [1;30mLevel 5[0m set package 'yolobot_control' build argument 'cmake_args' from command line to 'None'
[0.227s] [34mcolcon.colcon_core.verb[0m [1;30mLevel 5[0m set package 'yolobot_control' build argument 'cmake_target' from command line to 'None'
[0.227s] [34mcolcon.colcon_core.verb[0m [1;30mLevel 5[0m set package 'yolobot_control' build argument 'cmake_target_skip_unavailable' from command line to 'False'
[0.227s] [34mcolcon.colcon_core.verb[0m [1;30mLevel 5[0m set package 'yolobot_control' build argument 'cmake_clean_cache' from command line to 'False'
[0.227s] [34mcolcon.colcon_core.verb[0m [1;30mLevel 5[0m set package 'yolobot_control' build argument 'cmake_clean_first' from command line to 'False'
[0.227s] [34mcolcon.colcon_core.verb[0m [1;30mLevel 5[0m set package 'yolobot_control' build argument 'cmake_force_configure' from command line to 'False'
[0.227s] [34mcolcon.colcon_core.verb[0m [1;30mLevel 5[0m set package 'yolobot_control' build argument 'ament_cmake_args' from command line to 'None'
[0.228s] [34mcolcon.colcon_core.verb[0m [1;30mLevel 5[0m set package 'yolobot_control' build argument 'catkin_cmake_args' from command line to 'None'
[0.228s] [34mcolcon.colcon_core.verb[0m [1;30mLevel 5[0m set package 'yolobot_control' build argument 'catkin_skip_building_tests' from command line to 'False'
[0.228s] [34mcolcon.colcon_core.verb[0m [1;30mDEBUG[0m [32mBuilding package 'yolobot_control' with the following arguments: {'ament_cmake_args': None, 'build_base': '/home/carlosmello/ws/build/yolobot_control', 'catkin_cmake_args': None, 'catkin_skip_building_tests': False, 'cmake_args': None, 'cmake_clean_cache': False, 'cmake_clean_first': False, 'cmake_force_configure': False, 'cmake_target': None, 'cmake_target_skip_unavailable': False, 'install_base': '/home/carlosmello/ws/install/yolobot_control', 'merge_install': False, 'path': '/home/carlosmello/ws/src/yolobot_control', 'symlink_install': False, 'test_result_base': None}[0m
[0.228s] [34mcolcon.colcon_core.verb[0m [1;30mLevel 5[0m set package 'yolobot_description' build argument 'cmake_args' from command line to 'None'
[0.228s] [34mcolcon.colcon_core.verb[0m [1;30mLevel 5[0m set package 'yolobot_description' build argument 'cmake_target' from command line to 'None'
[0.228s] [34mcolcon.colcon_core.verb[0m [1;30mLevel 5[0m set package 'yolobot_description' build argument 'cmake_target_skip_unavailable' from command line to 'False'
[0.228s] [34mcolcon.colcon_core.verb[0m [1;30mLevel 5[0m set package 'yolobot_description' build argument 'cmake_clean_cache' from command line to 'False'
[0.228s] [34mcolcon.colcon_core.verb[0m [1;30mLevel 5[0m set package 'yolobot_description' build argument 'cmake_clean_first' from command line to 'False'
[0.228s] [34mcolcon.colcon_core.verb[0m [1;30mLevel 5[0m set package 'yolobot_description' build argument 'cmake_force_configure' from command line to 'False'
[0.228s] [34mcolcon.colcon_core.verb[0m [1;30mLevel 5[0m set package 'yolobot_description' build argument 'ament_cmake_args' from command line to 'None'
[0.228s] [34mcolcon.colcon_core.verb[0m [1;30mLevel 5[0m set package 'yolobot_description' build argument 'catkin_cmake_args' from command line to 'None'
[0.228s] [34mcolcon.colcon_core.verb[0m [1;30mLevel 5[0m set package 'yolobot_description' build argument 'catkin_skip_building_tests' from command line to 'False'
[0.228s] [34mcolcon.colcon_core.verb[0m [1;30mDEBUG[0m [32mBuilding package 'yolobot_description' with the following arguments: {'ament_cmake_args': None, 'build_base': '/home/carlosmello/ws/build/yolobot_description', 'catkin_cmake_args': None, 'catkin_skip_building_tests': False, 'cmake_args': None, 'cmake_clean_cache': False, 'cmake_clean_first': False, 'cmake_force_configure': False, 'cmake_target': None, 'cmake_target_skip_unavailable': False, 'install_base': '/home/carlosmello/ws/install/yolobot_description', 'merge_install': False, 'path': '/home/carlosmello/ws/src/yolobot_description', 'symlink_install': False, 'test_result_base': None}[0m
[0.229s] [34mcolcon.colcon_core.verb[0m [1;30mLevel 5[0m set package 'yolobot_gazebo' build argument 'cmake_args' from command line to 'None'
[0.229s] [34mcolcon.colcon_core.verb[0m [1;30mLevel 5[0m set package 'yolobot_gazebo' build argument 'cmake_target' from command line to 'None'
[0.229s] [34mcolcon.colcon_core.verb[0m [1;30mLevel 5[0m set package 'yolobot_gazebo' build argument 'cmake_target_skip_unavailable' from command line to 'False'
[0.229s] [34mcolcon.colcon_core.verb[0m [1;30mLevel 5[0m set package 'yolobot_gazebo' build argument 'cmake_clean_cache' from command line to 'False'
[0.229s] [34mcolcon.colcon_core.verb[0m [1;30mLevel 5[0m set package 'yolobot_gazebo' build argument 'cmake_clean_first' from command line to 'False'
[0.229s] [34mcolcon.colcon_core.verb[0m [1;30mLevel 5[0m set package 'yolobot_gazebo' build argument 'cmake_force_configure' from command line to 'False'
[0.229s] [34mcolcon.colcon_core.verb[0m [1;30mLevel 5[0m set package 'yolobot_gazebo' build argument 'ament_cmake_args' from command line to 'None'
[0.229s] [34mcolcon.colcon_core.verb[0m [1;30mLevel 5[0m set package 'yolobot_gazebo' build argument 'catkin_cmake_args' from command line to 'None'
[0.229s] [34mcolcon.colcon_core.verb[0m [1;30mLevel 5[0m set package 'yolobot_gazebo' build argument 'catkin_skip_building_tests' from command line to 'False'
[0.229s] [34mcolcon.colcon_core.verb[0m [1;30mDEBUG[0m [32mBuilding package 'yolobot_gazebo' with the following arguments: {'ament_cmake_args': None, 'build_base': '/home/carlosmello/ws/build/yolobot_gazebo', 'catkin_cmake_args': None, 'catkin_skip_building_tests': False, 'cmake_args': None, 'cmake_clean_cache': False, 'cmake_clean_first': False, 'cmake_force_configure': False, 'cmake_target': None, 'cmake_target_skip_unavailable': False, 'install_base': '/home/carlosmello/ws/install/yolobot_gazebo', 'merge_install': False, 'path': '/home/carlosmello/ws/src/yolobot_gazebo', 'symlink_install': False, 'test_result_base': None}[0m
[0.230s] [34mcolcon.colcon_core.verb[0m [1;30mLevel 5[0m set package 'yolobot_recognition' build argument 'cmake_args' from command line to 'None'
[0.230s] [34mcolcon.colcon_core.verb[0m [1;30mLevel 5[0m set package 'yolobot_recognition' build argument 'cmake_target' from command line to 'None'
[0.230s] [34mcolcon.colcon_core.verb[0m [1;30mLevel 5[0m set package 'yolobot_recognition' build argument 'cmake_target_skip_unavailable' from command line to 'False'
[0.230s] [34mcolcon.colcon_core.verb[0m [1;30mLevel 5[0m set package 'yolobot_recognition' build argument 'cmake_clean_cache' from command line to 'False'
[0.230s] [34mcolcon.colcon_core.verb[0m [1;30mLevel 5[0m set package 'yolobot_recognition' build argument 'cmake_clean_first' from command line to 'False'
[0.230s] [34mcolcon.colcon_core.verb[0m [1;30mLevel 5[0m set package 'yolobot_recognition' build argument 'cmake_force_configure' from command line to 'False'
[0.230s] [34mcolcon.colcon_core.verb[0m [1;30mLevel 5[0m set package 'yolobot_recognition' build argument 'ament_cmake_args' from command line to 'None'
[0.230s] [34mcolcon.colcon_core.verb[0m [1;30mLevel 5[0m set package 'yolobot_recognition' build argument 'catkin_cmake_args' from command line to 'None'
[0.230s] [34mcolcon.colcon_core.verb[0m [1;30mLevel 5[0m set package 'yolobot_recognition' build argument 'catkin_skip_building_tests' from command line to 'False'
[0.230s] [34mcolcon.colcon_core.verb[0m [1;30mDEBUG[0m [32mBuilding package 'yolobot_recognition' with the following arguments: {'ament_cmake_args': None, 'build_base': '/home/carlosmello/ws/build/yolobot_recognition', 'catkin_cmake_args': None, 'catkin_skip_building_tests': False, 'cmake_args': None, 'cmake_clean_cache': False, 'cmake_clean_first': False, 'cmake_force_configure': False, 'cmake_target': None, 'cmake_target_skip_unavailable': False, 'install_base': '/home/carlosmello/ws/install/yolobot_recognition', 'merge_install': False, 'path': '/home/carlosmello/ws/src/yolobot_recognition', 'symlink_install': False, 'test_result_base': None}[0m
[0.230s] [34mcolcon.colcon_core.verb[0m [1;30mLevel 5[0m set package 'yolov8_msgs' build argument 'cmake_args' from command line to 'None'
[0.230s] [34mcolcon.colcon_core.verb[0m [1;30mLevel 5[0m set package 'yolov8_msgs' build argument 'cmake_target' from command line to 'None'
[0.231s] [34mcolcon.colcon_core.verb[0m [1;30mLevel 5[0m set package 'yolov8_msgs' build argument 'cmake_target_skip_unavailable' from command line to 'False'
[0.231s] [34mcolcon.colcon_core.verb[0m [1;30mLevel 5[0m set package 'yolov8_msgs' build argument 'cmake_clean_cache' from command line to 'False'
[0.231s] [34mcolcon.colcon_core.verb[0m [1;30mLevel 5[0m set package 'yolov8_msgs' build argument 'cmake_clean_first' from command line to 'False'
[0.231s] [34mcolcon.colcon_core.verb[0m [1;30mLevel 5[0m set package 'yolov8_msgs' build argument 'cmake_force_configure' from command line to 'False'
[0.231s] [34mcolcon.colcon_core.verb[0m [1;30mLevel 5[0m set package 'yolov8_msgs' build argument 'ament_cmake_args' from command line to 'None'
[0.231s] [34mcolcon.colcon_core.verb[0m [1;30mLevel 5[0m set package 'yolov8_msgs' build argument 'catkin_cmake_args' from command line to 'None'
[0.231s] [34mcolcon.colcon_core.verb[0m [1;30mLevel 5[0m set package 'yolov8_msgs' build argument 'catkin_skip_building_tests' from command line to 'False'
[0.231s] [34mcolcon.colcon_core.verb[0m [1;30mDEBUG[0m [32mBuilding package 'yolov8_msgs' with the following arguments: {'ament_cmake_args': None, 'build_base': '/home/carlosmello/ws/build/yolov8_msgs', 'catkin_cmake_args': None, 'catkin_skip_building_tests': False, 'cmake_args': None, 'cmake_clean_cache': False, 'cmake_clean_first': False, 'cmake_force_configure': False, 'cmake_target': None, 'cmake_target_skip_unavailable': False, 'install_base': '/home/carlosmello/ws/install/yolov8_msgs', 'merge_install': False, 'path': '/home/carlosmello/ws/src/yolov8_msgs', 'symlink_install': False, 'test_result_base': None}[0m
[0.231s] [34mcolcon.colcon_core.executor[0m [1;30mINFO[0m Executing jobs using 'parallel' executor
[0.232s] [34mcolcon.colcon_parallel_executor.executor.parallel[0m [1;30mDEBUG[0m [32mrun_until_complete[0m
[0.232s] [34mcolcon.colcon_ros.task.ament_cmake.build[0m [1;30mINFO[0m Building ROS package in '/home/carlosmello/ws/src/Perception' with build type 'ament_cmake'
[0.232s] [34mcolcon.colcon_cmake.task.cmake.build[0m [1;30mINFO[0m Building CMake package in '/home/carlosmello/ws/src/Perception'
[0.234s] [34mcolcon.colcon_core.plugin_system[0m [1;30mINFO[0m Skipping extension 'colcon_core.shell.bat': Not used on non-Windows systems
[0.235s] [34mcolcon.colcon_core.shell[0m [1;30mINFO[0m Skip shell extension 'powershell' for command environment: Not usable outside of PowerShell
[0.235s] [34mcolcon.colcon_core.shell[0m [1;30mDEBUG[0m [32mSkip shell extension 'dsv' for command environment[0m
[0.237s] [34mcolcon.colcon_ros.task.ament_cmake.build[0m [1;30mINFO[0m Building ROS package in '/home/carlosmello/ws/src/yolobot_control' with build type 'ament_cmake'
[0.238s] [34mcolcon.colcon_cmake.task.cmake.build[0m [1;30mINFO[0m Building CMake package in '/home/carlosmello/ws/src/yolobot_control'
[0.238s] [34mcolcon.colcon_core.shell[0m [1;30mINFO[0m Skip shell extension 'powershell' for command environment: Not usable outside of PowerShell
[0.238s] [34mcolcon.colcon_core.shell[0m [1;30mDEBUG[0m [32mSkip shell extension 'dsv' for command environment[0m
[0.241s] [34mcolcon.colcon_ros.task.ament_cmake.build[0m [1;30mINFO[0m Building ROS package in '/home/carlosmello/ws/src/yolobot_description' with build type 'ament_cmake'
[0.241s] [34mcolcon.colcon_cmake.task.cmake.build[0m [1;30mINFO[0m Building CMake package in '/home/carlosmello/ws/src/yolobot_description'
[0.241s] [34mcolcon.colcon_core.shell[0m [1;30mINFO[0m Skip shell extension 'powershell' for command environment: Not usable outside of PowerShell
[0.241s] [34mcolcon.colcon_core.shell[0m [1;30mDEBUG[0m [32mSkip shell extension 'dsv' for command environment[0m
[0.244s] [34mcolcon.colcon_ros.task.ament_cmake.build[0m [1;30mINFO[0m Building ROS package in '/home/carlosmello/ws/src/yolobot_gazebo' with build type 'ament_cmake'
[0.244s] [34mcolcon.colcon_cmake.task.cmake.build[0m [1;30mINFO[0m Building CMake package in '/home/carlosmello/ws/src/yolobot_gazebo'
[0.244s] [34mcolcon.colcon_core.shell[0m [1;30mINFO[0m Skip shell extension 'powershell' for command environment: Not usable outside of PowerShell
[0.244s] [34mcolcon.colcon_core.shell[0m [1;30mDEBUG[0m [32mSkip shell extension 'dsv' for command environment[0m
[0.247s] [34mcolcon.colcon_ros.task.ament_cmake.build[0m [1;30mINFO[0m Building ROS package in '/home/carlosmello/ws/src/yolobot_recognition' with build type 'ament_cmake'
[0.247s] [34mcolcon.colcon_cmake.task.cmake.build[0m [1;30mINFO[0m Building CMake package in '/home/carlosmello/ws/src/yolobot_recognition'
[0.248s] [34mcolcon.colcon_core.shell[0m [1;30mINFO[0m Skip shell extension 'powershell' for command environment: Not usable outside of PowerShell
[0.248s] [34mcolcon.colcon_core.shell[0m [1;30mDEBUG[0m [32mSkip shell extension 'dsv' for command environment[0m
[0.250s] [34mcolcon.colcon_ros.task.ament_cmake.build[0m [1;30mINFO[0m Building ROS package in '/home/carlosmello/ws/src/yolov8_msgs' with build type 'ament_cmake'
[0.250s] [34mcolcon.colcon_cmake.task.cmake.build[0m [1;30mINFO[0m Building CMake package in '/home/carlosmello/ws/src/yolov8_msgs'
[0.250s] [34mcolcon.colcon_core.shell[0m [1;30mINFO[0m Skip shell extension 'powershell' for command environment: Not usable outside of PowerShell
[0.251s] [34mcolcon.colcon_core.shell[0m [1;30mDEBUG[0m [32mSkip shell extension 'dsv' for command environment[0m
[0.258s] [34mcolcon.colcon_core.event_handler.log_command[0m [1;30mDEBUG[0m [32mInvoking command in '/home/carlosmello/ws/build/perception': CMAKE_PREFIX_PATH=/opt/ros/humble /usr/bin/cmake --build /home/carlosmello/ws/build/perception -- -j8 -l8[0m
[0.261s] [34mcolcon.colcon_core.event_handler.log_command[0m [1;30mDEBUG[0m [32mInvoking command in '/home/carlosmello/ws/build/yolobot_control': CMAKE_PREFIX_PATH=/opt/ros/humble /usr/bin/cmake --build /home/carlosmello/ws/build/yolobot_control -- -j8 -l8[0m
[0.265s] [34mcolcon.colcon_core.event_handler.log_command[0m [1;30mDEBUG[0m [32mInvoking command in '/home/carlosmello/ws/build/yolobot_description': CMAKE_PREFIX_PATH=/opt/ros/humble /usr/bin/cmake --build /home/carlosmello/ws/build/yolobot_description -- -j8 -l8[0m
[0.269s] [34mcolcon.colcon_core.event_handler.log_command[0m [1;30mDEBUG[0m [32mInvoking command in '/home/carlosmello/ws/build/yolobot_gazebo': CMAKE_PREFIX_PATH=/opt/ros/humble /usr/bin/cmake --build /home/carlosmello/ws/build/yolobot_gazebo -- -j8 -l8[0m
[0.272s] [34mcolcon.colcon_core.event_handler.log_command[0m [1;30mDEBUG[0m [32mInvoking command in '/home/carlosmello/ws/build/yolobot_recognition': CMAKE_PREFIX_PATH=/opt/ros/humble /usr/bin/cmake --build /home/carlosmello/ws/build/yolobot_recognition -- -j8 -l8[0m
[0.279s] [34mcolcon.colcon_core.event_handler.log_command[0m [1;30mDEBUG[0m [32mInvoking command in '/home/carlosmello/ws/build/yolov8_msgs': CMAKE_PREFIX_PATH=/opt/ros/humble /usr/bin/cmake --build /home/carlosmello/ws/build/yolov8_msgs -- -j8 -l8[0m
[0.299s] [34mcolcon.colcon_core.event_handler.log_command[0m [1;30mDEBUG[0m [32mInvoked command in '/home/carlosmello/ws/build/perception' returned '0': CMAKE_PREFIX_PATH=/opt/ros/humble /usr/bin/cmake --build /home/carlosmello/ws/build/perception -- -j8 -l8[0m
[0.306s] [34mcolcon.colcon_core.event_handler.log_command[0m [1;30mDEBUG[0m [32mInvoked command in '/home/carlosmello/ws/build/yolobot_description' returned '0': CMAKE_PREFIX_PATH=/opt/ros/humble /usr/bin/cmake --build /home/carlosmello/ws/build/yolobot_description -- -j8 -l8[0m
[0.308s] [34mcolcon.colcon_core.event_handler.log_command[0m [1;30mDEBUG[0m [32mInvoked command in '/home/carlosmello/ws/build/yolobot_control' returned '0': CMAKE_PREFIX_PATH=/opt/ros/humble /usr/bin/cmake --build /home/carlosmello/ws/build/yolobot_control -- -j8 -l8[0m
[0.310s] [34mcolcon.colcon_core.event_handler.log_command[0m [1;30mDEBUG[0m [32mInvoked command in '/home/carlosmello/ws/build/yolobot_gazebo' returned '0': CMAKE_PREFIX_PATH=/opt/ros/humble /usr/bin/cmake --build /home/carlosmello/ws/build/yolobot_gazebo -- -j8 -l8[0m
[0.312s] [34mcolcon.colcon_core.event_handler.log_command[0m [1;30mDEBUG[0m [32mInvoked command in '/home/carlosmello/ws/build/yolov8_msgs' returned '2': CMAKE_PREFIX_PATH=/opt/ros/humble /usr/bin/cmake --build /home/carlosmello/ws/build/yolov8_msgs -- -j8 -l8[0m
[0.316s] [34mcolcon.colcon_core.event_handler.log_command[0m [1;30mDEBUG[0m [32mInvoked command in '/home/carlosmello/ws/build/yolobot_recognition' returned '0': CMAKE_PREFIX_PATH=/opt/ros/humble /usr/bin/cmake --build /home/carlosmello/ws/build/yolobot_recognition -- -j8 -l8[0m
[0.333s] [34mcolcon.colcon_core.event_handler.log_command[0m [1;30mDEBUG[0m [32mInvoking command in '/home/carlosmello/ws/build/perception': CMAKE_PREFIX_PATH=/opt/ros/humble /usr/bin/cmake --install /home/carlosmello/ws/build/perception[0m
[0.336s] [34mcolcon.colcon_core.event_handler.log_command[0m [1;30mDEBUG[0m [32mInvoking command in '/home/carlosmello/ws/build/yolobot_control': CMAKE_PREFIX_PATH=/opt/ros/humble /usr/bin/cmake --install /home/carlosmello/ws/build/yolobot_control[0m
[0.337s] [34mcolcon.colcon_core.event_handler.log_command[0m [1;30mDEBUG[0m [32mInvoking command in '/home/carlosmello/ws/build/yolobot_description': CMAKE_PREFIX_PATH=/opt/ros/humble /usr/bin/cmake --install /home/carlosmello/ws/build/yolobot_description[0m
[0.339s] [34mcolcon.colcon_core.event_handler.log_command[0m [1;30mDEBUG[0m [32mInvoking command in '/home/carlosmello/ws/build/yolobot_gazebo': CMAKE_PREFIX_PATH=/opt/ros/humble /usr/bin/cmake --install /home/carlosmello/ws/build/yolobot_gazebo[0m
[0.345s] [34mcolcon.colcon_core.event_handler.log_command[0m [1;30mDEBUG[0m [32mInvoking command in '/home/carlosmello/ws/build/yolobot_recognition': CMAKE_PREFIX_PATH=/opt/ros/humble /usr/bin/cmake --install /home/carlosmello/ws/build/yolobot_recognition[0m
[0.351s] [34mcolcon.colcon_core.environment[0m [1;30mLevel 1[0m create_environment_scripts_only(perception)
[0.357s] [34mcolcon.colcon_core.event_handler.log_command[0m [1;30mDEBUG[0m [32mInvoked command in '/home/carlosmello/ws/build/perception' returned '0': CMAKE_PREFIX_PATH=/opt/ros/humble /usr/bin/cmake --install /home/carlosmello/ws/build/perception[0m
[0.363s] [34mcolcon.colcon_core.environment[0m [1;30mLevel 1[0m checking '/home/carlosmello/ws/install/perception' for CMake module files
[0.363s] [34mcolcon.colcon_core.environment[0m [1;30mLevel 1[0m checking '/home/carlosmello/ws/install/perception' for CMake config files
[0.364s] [34mcolcon.colcon_core.shell[0m [1;30mLevel 1[0m create_environment_hook('perception', 'cmake_prefix_path')
[0.364s] [34mcolcon.colcon_core.shell[0m [1;30mINFO[0m Creating environment hook '/home/carlosmello/ws/install/perception/share/perception/hook/cmake_prefix_path.ps1'
[0.364s] [34mcolcon.colcon_core.shell[0m [1;30mINFO[0m Creating environment descriptor '/home/carlosmello/ws/install/perception/share/perception/hook/cmake_prefix_path.dsv'
[0.365s] [34mcolcon.colcon_core.shell[0m [1;30mINFO[0m Creating environment hook '/home/carlosmello/ws/install/perception/share/perception/hook/cmake_prefix_path.sh'
[0.366s] [34mcolcon.colcon_core.environment[0m [1;30mLevel 1[0m checking '/home/carlosmello/ws/install/perception/lib'
[0.366s] [34mcolcon.colcon_core.environment[0m [1;30mLevel 1[0m checking '/home/carlosmello/ws/install/perception/bin'
[0.366s] [34mcolcon.colcon_core.environment[0m [1;30mLevel 1[0m checking '/home/carlosmello/ws/install/perception/lib/pkgconfig/perception.pc'
[0.366s] [34mcolcon.colcon_core.environment[0m [1;30mLevel 1[0m checking '/home/carlosmello/ws/install/perception/lib/python3.10/site-packages'
[0.367s] [34mcolcon.colcon_core.environment[0m [1;30mLevel 1[0m checking '/home/carlosmello/ws/install/perception/bin'
[0.367s] [34mcolcon.colcon_core.shell[0m [1;30mINFO[0m Creating package script '/home/carlosmello/ws/install/perception/share/perception/package.ps1'
[0.368s] [34mcolcon.colcon_core.shell[0m [1;30mINFO[0m Creating package descriptor '/home/carlosmello/ws/install/perception/share/perception/package.dsv'
[0.368s] [34mcolcon.colcon_core.shell[0m [1;30mINFO[0m Creating package script '/home/carlosmello/ws/install/perception/share/perception/package.sh'
[0.369s] [34mcolcon.colcon_core.shell[0m [1;30mINFO[0m Creating package script '/home/carlosmello/ws/install/perception/share/perception/package.bash'
[0.370s] [34mcolcon.colcon_core.shell[0m [1;30mINFO[0m Creating package script '/home/carlosmello/ws/install/perception/share/perception/package.zsh'
[0.370s] [34mcolcon.colcon_core.environment[0m [1;30mLevel 1[0m create_file_with_runtime_dependencies(/home/carlosmello/ws/install/perception/share/colcon-core/packages/perception)
[0.372s] [34mcolcon.colcon_core.environment[0m [1;30mLevel 1[0m create_environment_scripts_only(yolobot_control)
[0.372s] [34mcolcon.colcon_core.environment[0m [1;30mLevel 1[0m checking '/home/carlosmello/ws/install/yolobot_control' for CMake module files
[0.373s] [34mcolcon.colcon_core.event_handler.log_command[0m [1;30mDEBUG[0m [32mInvoked command in '/home/carlosmello/ws/build/yolobot_control' returned '0': CMAKE_PREFIX_PATH=/opt/ros/humble /usr/bin/cmake --install /home/carlosmello/ws/build/yolobot_control[0m
[0.374s] [34mcolcon.colcon_core.environment[0m [1;30mLevel 1[0m checking '/home/carlosmello/ws/install/yolobot_control' for CMake config files
[0.374s] [34mcolcon.colcon_core.shell[0m [1;30mLevel 1[0m create_environment_hook('yolobot_control', 'cmake_prefix_path')
[0.374s] [34mcolcon.colcon_core.shell[0m [1;30mINFO[0m Creating environment hook '/home/carlosmello/ws/install/yolobot_control/share/yolobot_control/hook/cmake_prefix_path.ps1'
[0.374s] [34mcolcon.colcon_core.shell[0m [1;30mINFO[0m Creating environment descriptor '/home/carlosmello/ws/install/yolobot_control/share/yolobot_control/hook/cmake_prefix_path.dsv'
[0.375s] [34mcolcon.colcon_core.shell[0m [1;30mINFO[0m Creating environment hook '/home/carlosmello/ws/install/yolobot_control/share/yolobot_control/hook/cmake_prefix_path.sh'
[0.375s] [34mcolcon.colcon_core.environment[0m [1;30mLevel 1[0m checking '/home/carlosmello/ws/install/yolobot_control/lib'
[0.375s] [34mcolcon.colcon_core.environment[0m [1;30mLevel 1[0m checking '/home/carlosmello/ws/install/yolobot_control/bin'
[0.375s] [34mcolcon.colcon_core.environment[0m [1;30mLevel 1[0m checking '/home/carlosmello/ws/install/yolobot_control/lib/pkgconfig/yolobot_control.pc'
[0.375s] [34mcolcon.colcon_core.environment[0m [1;30mLevel 1[0m checking '/home/carlosmello/ws/install/yolobot_control/lib/python3.10/site-packages'
[0.376s] [34mcolcon.colcon_core.environment[0m [1;30mLevel 1[0m checking '/home/carlosmello/ws/install/yolobot_control/bin'
[0.376s] [34mcolcon.colcon_core.shell[0m [1;30mINFO[0m Creating package script '/home/carlosmello/ws/install/yolobot_control/share/yolobot_control/package.ps1'
[0.376s] [34mcolcon.colcon_core.shell[0m [1;30mINFO[0m Creating package descriptor '/home/carlosmello/ws/install/yolobot_control/share/yolobot_control/package.dsv'
[0.377s] [34mcolcon.colcon_core.shell[0m [1;30mINFO[0m Creating package script '/home/carlosmello/ws/install/yolobot_control/share/yolobot_control/package.sh'
[0.377s] [34mcolcon.colcon_core.shell[0m [1;30mINFO[0m Creating package script '/home/carlosmello/ws/install/yolobot_control/share/yolobot_control/package.bash'
[0.377s] [34mcolcon.colcon_core.shell[0m [1;30mINFO[0m Creating package script '/home/carlosmello/ws/install/yolobot_control/share/yolobot_control/package.zsh'
[0.378s] [34mcolcon.colcon_core.environment[0m [1;30mLevel 1[0m create_file_with_runtime_dependencies(/home/carlosmello/ws/install/yolobot_control/share/colcon-core/packages/yolobot_control)
[0.379s] [34mcolcon.colcon_core.environment[0m [1;30mLevel 1[0m create_environment_scripts_only(yolobot_description)
[0.379s] [34mcolcon.colcon_core.environment[0m [1;30mLevel 1[0m checking '/home/carlosmello/ws/install/yolobot_description' for CMake module files
[0.380s] [34mcolcon.colcon_core.event_handler.log_command[0m [1;30mDEBUG[0m [32mInvoked command in '/home/carlosmello/ws/build/yolobot_description' returned '0': CMAKE_PREFIX_PATH=/opt/ros/humble /usr/bin/cmake --install /home/carlosmello/ws/build/yolobot_description[0m
[0.380s] [34mcolcon.colcon_core.environment[0m [1;30mLevel 1[0m checking '/home/carlosmello/ws/install/yolobot_description' for CMake config files
[0.381s] [34mcolcon.colcon_core.shell[0m [1;30mLevel 1[0m create_environment_hook('yolobot_description', 'cmake_prefix_path')
[0.381s] [34mcolcon.colcon_core.shell[0m [1;30mINFO[0m Creating environment hook '/home/carlosmello/ws/install/yolobot_description/share/yolobot_description/hook/cmake_prefix_path.ps1'
[0.382s] [34mcolcon.colcon_core.shell[0m [1;30mINFO[0m Creating environment descriptor '/home/carlosmello/ws/install/yolobot_description/share/yolobot_description/hook/cmake_prefix_path.dsv'
[0.382s] [34mcolcon.colcon_core.shell[0m [1;30mINFO[0m Creating environment hook '/home/carlosmello/ws/install/yolobot_description/share/yolobot_description/hook/cmake_prefix_path.sh'
[0.383s] [34mcolcon.colcon_core.environment[0m [1;30mLevel 1[0m checking '/home/carlosmello/ws/install/yolobot_description/lib'
[0.383s] [34mcolcon.colcon_core.environment[0m [1;30mLevel 1[0m checking '/home/carlosmello/ws/install/yolobot_description/bin'
[0.383s] [34mcolcon.colcon_core.environment[0m [1;30mLevel 1[0m checking '/home/carlosmello/ws/install/yolobot_description/lib/pkgconfig/yolobot_description.pc'
[0.383s] [34mcolcon.colcon_core.environment[0m [1;30mLevel 1[0m checking '/home/carlosmello/ws/install/yolobot_description/lib/python3.10/site-packages'
[0.384s] [34mcolcon.colcon_core.environment[0m [1;30mLevel 1[0m checking '/home/carlosmello/ws/install/yolobot_description/bin'
[0.384s] [34mcolcon.colcon_core.shell[0m [1;30mINFO[0m Creating package script '/home/carlosmello/ws/install/yolobot_description/share/yolobot_description/package.ps1'
[0.385s] [34mcolcon.colcon_core.shell[0m [1;30mINFO[0m Creating package descriptor '/home/carlosmello/ws/install/yolobot_description/share/yolobot_description/package.dsv'
[0.385s] [34mcolcon.colcon_core.shell[0m [1;30mINFO[0m Creating package script '/home/carlosmello/ws/install/yolobot_description/share/yolobot_description/package.sh'
[0.386s] [34mcolcon.colcon_core.shell[0m [1;30mINFO[0m Creating package script '/home/carlosmello/ws/install/yolobot_description/share/yolobot_description/package.bash'
[0.387s] [34mcolcon.colcon_core.shell[0m [1;30mINFO[0m Creating package script '/home/carlosmello/ws/install/yolobot_description/share/yolobot_description/package.zsh'
[0.387s] [34mcolcon.colcon_core.environment[0m [1;30mLevel 1[0m create_file_with_runtime_dependencies(/home/carlosmello/ws/install/yolobot_description/share/colcon-core/packages/yolobot_description)
[0.388s] [34mcolcon.colcon_core.environment[0m [1;30mLevel 1[0m create_environment_scripts_only(yolobot_gazebo)
[0.389s] [34mcolcon.colcon_core.environment[0m [1;30mLevel 1[0m checking '/home/carlosmello/ws/install/yolobot_gazebo' for CMake module files
[0.389s] [34mcolcon.colcon_core.event_handler.log_command[0m [1;30mDEBUG[0m [32mInvoked command in '/home/carlosmello/ws/build/yolobot_gazebo' returned '0': CMAKE_PREFIX_PATH=/opt/ros/humble /usr/bin/cmake --install /home/carlosmello/ws/build/yolobot_gazebo[0m
[0.390s] [34mcolcon.colcon_core.environment[0m [1;30mLevel 1[0m checking '/home/carlosmello/ws/install/yolobot_gazebo' for CMake config files
[0.390s] [34mcolcon.colcon_core.shell[0m [1;30mLevel 1[0m create_environment_hook('yolobot_gazebo', 'cmake_prefix_path')
[0.390s] [34mcolcon.colcon_core.shell[0m [1;30mINFO[0m Creating environment hook '/home/carlosmello/ws/install/yolobot_gazebo/share/yolobot_gazebo/hook/cmake_prefix_path.ps1'
[0.390s] [34mcolcon.colcon_core.shell[0m [1;30mINFO[0m Creating environment descriptor '/home/carlosmello/ws/install/yolobot_gazebo/share/yolobot_gazebo/hook/cmake_prefix_path.dsv'
[0.391s] [34mcolcon.colcon_core.shell[0m [1;30mINFO[0m Creating environment hook '/home/carlosmello/ws/install/yolobot_gazebo/share/yolobot_gazebo/hook/cmake_prefix_path.sh'
[0.391s] [34mcolcon.colcon_core.environment[0m [1;30mLevel 1[0m checking '/home/carlosmello/ws/install/yolobot_gazebo/bin'
[0.391s] [34mcolcon.colcon_core.environment[0m [1;30mLevel 1[0m checking '/home/carlosmello/ws/install/yolobot_gazebo/lib/pkgconfig/yolobot_gazebo.pc'
[0.392s] [34mcolcon.colcon_core.environment[0m [1;30mLevel 1[0m checking '/home/carlosmello/ws/install/yolobot_gazebo/lib/python3.10/site-packages'
[0.392s] [34mcolcon.colcon_core.environment[0m [1;30mLevel 1[0m checking '/home/carlosmello/ws/install/yolobot_gazebo/bin'
[0.392s] [34mcolcon.colcon_core.shell[0m [1;30mINFO[0m Creating package script '/home/carlosmello/ws/install/yolobot_gazebo/share/yolobot_gazebo/package.ps1'
[0.392s] [34mcolcon.colcon_core.shell[0m [1;30mINFO[0m Creating package descriptor '/home/carlosmello/ws/install/yolobot_gazebo/share/yolobot_gazebo/package.dsv'
[0.393s] [34mcolcon.colcon_core.shell[0m [1;30mINFO[0m Creating package script '/home/carlosmello/ws/install/yolobot_gazebo/share/yolobot_gazebo/package.sh'
[0.393s] [34mcolcon.colcon_core.shell[0m [1;30mINFO[0m Creating package script '/home/carlosmello/ws/install/yolobot_gazebo/share/yolobot_gazebo/package.bash'
[0.394s] [34mcolcon.colcon_core.shell[0m [1;30mINFO[0m Creating package script '/home/carlosmello/ws/install/yolobot_gazebo/share/yolobot_gazebo/package.zsh'
[0.394s] [34mcolcon.colcon_core.environment[0m [1;30mLevel 1[0m create_file_with_runtime_dependencies(/home/carlosmello/ws/install/yolobot_gazebo/share/colcon-core/packages/yolobot_gazebo)
[0.395s] [34mcolcon.colcon_core.environment[0m [1;30mLevel 1[0m create_environment_scripts_only(yolobot_recognition)
[0.396s] [34mcolcon.colcon_core.environment[0m [1;30mLevel 1[0m checking '/home/carlosmello/ws/install/yolobot_recognition' for CMake module files
[0.397s] [34mcolcon.colcon_core.event_handler.log_command[0m [1;30mDEBUG[0m [32mInvoked command in '/home/carlosmello/ws/build/yolobot_recognition' returned '0': CMAKE_PREFIX_PATH=/opt/ros/humble /usr/bin/cmake --install /home/carlosmello/ws/build/yolobot_recognition[0m
[0.397s] [34mcolcon.colcon_core.environment[0m [1;30mLevel 1[0m checking '/home/carlosmello/ws/install/yolobot_recognition' for CMake config files
[0.398s] [34mcolcon.colcon_core.shell[0m [1;30mLevel 1[0m create_environment_hook('yolobot_recognition', 'cmake_prefix_path')
[0.398s] [34mcolcon.colcon_core.shell[0m [1;30mINFO[0m Creating environment hook '/home/carlosmello/ws/install/yolobot_recognition/share/yolobot_recognition/hook/cmake_prefix_path.ps1'
[0.399s] [34mcolcon.colcon_core.shell[0m [1;30mINFO[0m Creating environment descriptor '/home/carlosmello/ws/install/yolobot_recognition/share/yolobot_recognition/hook/cmake_prefix_path.dsv'
[0.399s] [34mcolcon.colcon_core.shell[0m [1;30mINFO[0m Creating environment hook '/home/carlosmello/ws/install/yolobot_recognition/share/yolobot_recognition/hook/cmake_prefix_path.sh'
[0.400s] [34mcolcon.colcon_core.environment[0m [1;30mLevel 1[0m checking '/home/carlosmello/ws/install/yolobot_recognition/lib'
[0.400s] [34mcolcon.colcon_core.environment[0m [1;30mLevel 1[0m checking '/home/carlosmello/ws/install/yolobot_recognition/bin'
[0.400s] [34mcolcon.colcon_core.environment[0m [1;30mLevel 1[0m checking '/home/carlosmello/ws/install/yolobot_recognition/lib/pkgconfig/yolobot_recognition.pc'
[0.400s] [34mcolcon.colcon_core.environment[0m [1;30mLevel 1[0m checking '/home/carlosmello/ws/install/yolobot_recognition/lib/python3.10/site-packages'
[0.401s] [34mcolcon.colcon_core.environment[0m [1;30mLevel 1[0m checking '/home/carlosmello/ws/install/yolobot_recognition/bin'
[0.401s] [34mcolcon.colcon_core.shell[0m [1;30mINFO[0m Creating package script '/home/carlosmello/ws/install/yolobot_recognition/share/yolobot_recognition/package.ps1'
[0.401s] [34mcolcon.colcon_core.shell[0m [1;30mINFO[0m Creating package descriptor '/home/carlosmello/ws/install/yolobot_recognition/share/yolobot_recognition/package.dsv'
[0.402s] [34mcolcon.colcon_core.shell[0m [1;30mINFO[0m Creating package script '/home/carlosmello/ws/install/yolobot_recognition/share/yolobot_recognition/package.sh'
[0.402s] [34mcolcon.colcon_core.shell[0m [1;30mINFO[0m Creating package script '/home/carlosmello/ws/install/yolobot_recognition/share/yolobot_recognition/package.bash'
[0.403s] [34mcolcon.colcon_core.shell[0m [1;30mINFO[0m Creating package script '/home/carlosmello/ws/install/yolobot_recognition/share/yolobot_recognition/package.zsh'
[0.403s] [34mcolcon.colcon_core.environment[0m [1;30mLevel 1[0m create_file_with_runtime_dependencies(/home/carlosmello/ws/install/yolobot_recognition/share/colcon-core/packages/yolobot_recognition)
[0.406s] [34mcolcon.colcon_core.environment[0m [1;30mLevel 1[0m create_environment_scripts_only(perception)
[0.406s] [34mcolcon.colcon_core.environment[0m [1;30mLevel 1[0m checking '/home/carlosmello/ws/install/perception' for CMake module files
[0.407s] [34mcolcon.colcon_core.environment[0m [1;30mLevel 1[0m checking '/home/carlosmello/ws/install/perception' for CMake config files
[0.407s] [34mcolcon.colcon_core.shell[0m [1;30mLevel 1[0m create_environment_hook('perception', 'cmake_prefix_path')
[0.408s] [34mcolcon.colcon_core.shell[0m [1;30mINFO[0m Creating environment hook '/home/carlosmello/ws/install/perception/share/perception/hook/cmake_prefix_path.ps1'
[0.409s] [34mcolcon.colcon_core.shell[0m [1;30mINFO[0m Creating environment descriptor '/home/carlosmello/ws/install/perception/share/perception/hook/cmake_prefix_path.dsv'
[0.409s] [34mcolcon.colcon_core.shell[0m [1;30mINFO[0m Creating environment hook '/home/carlosmello/ws/install/perception/share/perception/hook/cmake_prefix_path.sh'
[0.410s] [34mcolcon.colcon_core.environment[0m [1;30mLevel 1[0m checking '/home/carlosmello/ws/install/perception/lib'
[0.410s] [34mcolcon.colcon_core.environment[0m [1;30mLevel 1[0m checking '/home/carlosmello/ws/install/perception/bin'
[0.410s] [34mcolcon.colcon_core.environment[0m [1;30mLevel 1[0m checking '/home/carlosmello/ws/install/perception/lib/pkgconfig/perception.pc'
[0.411s] [34mcolcon.colcon_core.environment[0m [1;30mLevel 1[0m checking '/home/carlosmello/ws/install/perception/lib/python3.10/site-packages'
[0.411s] [34mcolcon.colcon_core.environment[0m [1;30mLevel 1[0m checking '/home/carlosmello/ws/install/perception/bin'
[0.412s] [34mcolcon.colcon_core.shell[0m [1;30mINFO[0m Creating package script '/home/carlosmello/ws/install/perception/share/perception/package.ps1'
[0.413s] [34mcolcon.colcon_core.shell[0m [1;30mINFO[0m Creating package descriptor '/home/carlosmello/ws/install/perception/share/perception/package.dsv'
[0.414s] [34mcolcon.colcon_core.shell[0m [1;30mINFO[0m Creating package script '/home/carlosmello/ws/install/perception/share/perception/package.sh'
[0.414s] [34mcolcon.colcon_core.shell[0m [1;30mINFO[0m Creating package script '/home/carlosmello/ws/install/perception/share/perception/package.bash'
[0.415s] [34mcolcon.colcon_core.shell[0m [1;30mINFO[0m Creating package script '/home/carlosmello/ws/install/perception/share/perception/package.zsh'
[0.415s] [34mcolcon.colcon_core.environment[0m [1;30mLevel 1[0m create_file_with_runtime_dependencies(/home/carlosmello/ws/install/perception/share/colcon-core/packages/perception)
[0.416s] [34mcolcon.colcon_core.environment[0m [1;30mLevel 1[0m create_environment_scripts_only(yolobot_control)
[0.417s] [34mcolcon.colcon_core.environment[0m [1;30mLevel 1[0m checking '/home/carlosmello/ws/install/yolobot_control' for CMake module files
[0.417s] [34mcolcon.colcon_core.environment[0m [1;30mLevel 1[0m checking '/home/carlosmello/ws/install/yolobot_control' for CMake config files
[0.418s] [34mcolcon.colcon_core.shell[0m [1;30mLevel 1[0m create_environment_hook('yolobot_control', 'cmake_prefix_path')
[0.418s] [34mcolcon.colcon_core.shell[0m [1;30mINFO[0m Creating environment hook '/home/carlosmello/ws/install/yolobot_control/share/yolobot_control/hook/cmake_prefix_path.ps1'
[0.418s] [34mcolcon.colcon_core.shell[0m [1;30mINFO[0m Creating environment descriptor '/home/carlosmello/ws/install/yolobot_control/share/yolobot_control/hook/cmake_prefix_path.dsv'
[0.419s] [34mcolcon.colcon_core.shell[0m [1;30mINFO[0m Creating environment hook '/home/carlosmello/ws/install/yolobot_control/share/yolobot_control/hook/cmake_prefix_path.sh'
[0.419s] [34mcolcon.colcon_core.environment[0m [1;30mLevel 1[0m checking '/home/carlosmello/ws/install/yolobot_control/lib'
[0.419s] [34mcolcon.colcon_core.environment[0m [1;30mLevel 1[0m checking '/home/carlosmello/ws/install/yolobot_control/bin'
[0.419s] [34mcolcon.colcon_core.environment[0m [1;30mLevel 1[0m checking '/home/carlosmello/ws/install/yolobot_control/lib/pkgconfig/yolobot_control.pc'
[0.420s] [34mcolcon.colcon_core.environment[0m [1;30mLevel 1[0m checking '/home/carlosmello/ws/install/yolobot_control/lib/python3.10/site-packages'
[0.420s] [34mcolcon.colcon_core.environment[0m [1;30mLevel 1[0m checking '/home/carlosmello/ws/install/yolobot_control/bin'
[0.420s] [34mcolcon.colcon_core.shell[0m [1;30mINFO[0m Creating package script '/home/carlosmello/ws/install/yolobot_control/share/yolobot_control/package.ps1'
[0.421s] [34mcolcon.colcon_core.shell[0m [1;30mINFO[0m Creating package descriptor '/home/carlosmello/ws/install/yolobot_control/share/yolobot_control/package.dsv'
[0.421s] [34mcolcon.colcon_core.shell[0m [1;30mINFO[0m Creating package script '/home/carlosmello/ws/install/yolobot_control/share/yolobot_control/package.sh'
[0.422s] [34mcolcon.colcon_core.shell[0m [1;30mINFO[0m Creating package script '/home/carlosmello/ws/install/yolobot_control/share/yolobot_control/package.bash'
[0.422s] [34mcolcon.colcon_core.shell[0m [1;30mINFO[0m Creating package script '/home/carlosmello/ws/install/yolobot_control/share/yolobot_control/package.zsh'
[0.423s] [34mcolcon.colcon_core.environment[0m [1;30mLevel 1[0m create_file_with_runtime_dependencies(/home/carlosmello/ws/install/yolobot_control/share/colcon-core/packages/yolobot_control)
[0.424s] [34mcolcon.colcon_core.environment[0m [1;30mLevel 1[0m create_environment_scripts_only(yolobot_gazebo)
[0.424s] [34mcolcon.colcon_core.environment[0m [1;30mLevel 1[0m checking '/home/carlosmello/ws/install/yolobot_gazebo' for CMake module files
[0.425s] [34mcolcon.colcon_core.environment[0m [1;30mLevel 1[0m checking '/home/carlosmello/ws/install/yolobot_gazebo' for CMake config files
[0.425s] [34mcolcon.colcon_core.shell[0m [1;30mLevel 1[0m create_environment_hook('yolobot_gazebo', 'cmake_prefix_path')
[0.425s] [34mcolcon.colcon_core.shell[0m [1;30mINFO[0m Creating environment hook '/home/carlosmello/ws/install/yolobot_gazebo/share/yolobot_gazebo/hook/cmake_prefix_path.ps1'
[0.426s] [34mcolcon.colcon_core.shell[0m [1;30mINFO[0m Creating environment descriptor '/home/carlosmello/ws/install/yolobot_gazebo/share/yolobot_gazebo/hook/cmake_prefix_path.dsv'
[0.426s] [34mcolcon.colcon_core.shell[0m [1;30mINFO[0m Creating environment hook '/home/carlosmello/ws/install/yolobot_gazebo/share/yolobot_gazebo/hook/cmake_prefix_path.sh'
[0.426s] [34mcolcon.colcon_core.environment[0m [1;30mLevel 1[0m checking '/home/carlosmello/ws/install/yolobot_gazebo/bin'
[0.427s] [34mcolcon.colcon_core.environment[0m [1;30mLevel 1[0m checking '/home/carlosmello/ws/install/yolobot_gazebo/lib/pkgconfig/yolobot_gazebo.pc'
[0.427s] [34mcolcon.colcon_core.environment[0m [1;30mLevel 1[0m checking '/home/carlosmello/ws/install/yolobot_gazebo/lib/python3.10/site-packages'
[0.427s] [34mcolcon.colcon_core.environment[0m [1;30mLevel 1[0m checking '/home/carlosmello/ws/install/yolobot_gazebo/bin'
[0.427s] [34mcolcon.colcon_core.shell[0m [1;30mINFO[0m Creating package script '/home/carlosmello/ws/install/yolobot_gazebo/share/yolobot_gazebo/package.ps1'
[0.428s] [34mcolcon.colcon_core.shell[0m [1;30mINFO[0m Creating package descriptor '/home/carlosmello/ws/install/yolobot_gazebo/share/yolobot_gazebo/package.dsv'
[0.428s] [34mcolcon.colcon_core.shell[0m [1;30mINFO[0m Creating package script '/home/carlosmello/ws/install/yolobot_gazebo/share/yolobot_gazebo/package.sh'
[0.429s] [34mcolcon.colcon_core.shell[0m [1;30mINFO[0m Creating package script '/home/carlosmello/ws/install/yolobot_gazebo/share/yolobot_gazebo/package.bash'
[0.429s] [34mcolcon.colcon_core.shell[0m [1;30mINFO[0m Creating package script '/home/carlosmello/ws/install/yolobot_gazebo/share/yolobot_gazebo/package.zsh'
[0.430s] [34mcolcon.colcon_core.environment[0m [1;30mLevel 1[0m create_file_with_runtime_dependencies(/home/carlosmello/ws/install/yolobot_gazebo/share/colcon-core/packages/yolobot_gazebo)
[0.430s] [34mcolcon.colcon_core.environment[0m [1;30mLevel 1[0m create_environment_scripts_only(yolobot_description)
[0.431s] [34mcolcon.colcon_core.environment[0m [1;30mLevel 1[0m checking '/home/carlosmello/ws/install/yolobot_description' for CMake module files
[0.432s] [34mcolcon.colcon_core.environment[0m [1;30mLevel 1[0m checking '/home/carlosmello/ws/install/yolobot_description' for CMake config files
[0.432s] [34mcolcon.colcon_core.shell[0m [1;30mLevel 1[0m create_environment_hook('yolobot_description', 'cmake_prefix_path')
[0.432s] [34mcolcon.colcon_core.shell[0m [1;30mINFO[0m Creating environment hook '/home/carlosmello/ws/install/yolobot_description/share/yolobot_description/hook/cmake_prefix_path.ps1'
[0.433s] [34mcolcon.colcon_core.shell[0m [1;30mINFO[0m Creating environment descriptor '/home/carlosmello/ws/install/yolobot_description/share/yolobot_description/hook/cmake_prefix_path.dsv'
[0.433s] [34mcolcon.colcon_core.shell[0m [1;30mINFO[0m Creating environment hook '/home/carlosmello/ws/install/yolobot_description/share/yolobot_description/hook/cmake_prefix_path.sh'
[0.434s] [34mcolcon.colcon_core.environment[0m [1;30mLevel 1[0m checking '/home/carlosmello/ws/install/yolobot_description/lib'
[0.434s] [34mcolcon.colcon_core.environment[0m [1;30mLevel 1[0m checking '/home/carlosmello/ws/install/yolobot_description/bin'
[0.434s] [34mcolcon.colcon_core.environment[0m [1;30mLevel 1[0m checking '/home/carlosmello/ws/install/yolobot_description/lib/pkgconfig/yolobot_description.pc'
[0.434s] [34mcolcon.colcon_core.environment[0m [1;30mLevel 1[0m checking '/home/carlosmello/ws/install/yolobot_description/lib/python3.10/site-packages'
[0.435s] [34mcolcon.colcon_core.environment[0m [1;30mLevel 1[0m checking '/home/carlosmello/ws/install/yolobot_description/bin'
[0.435s] [34mcolcon.colcon_core.shell[0m [1;30mINFO[0m Creating package script '/home/carlosmello/ws/install/yolobot_description/share/yolobot_description/package.ps1'
[0.436s] [34mcolcon.colcon_core.shell[0m [1;30mINFO[0m Creating package descriptor '/home/carlosmello/ws/install/yolobot_description/share/yolobot_description/package.dsv'
[0.436s] [34mcolcon.colcon_core.shell[0m [1;30mINFO[0m Creating package script '/home/carlosmello/ws/install/yolobot_description/share/yolobot_description/package.sh'
[0.436s] [34mcolcon.colcon_core.shell[0m [1;30mINFO[0m Creating package script '/home/carlosmello/ws/install/yolobot_description/share/yolobot_description/package.bash'
[0.437s] [34mcolcon.colcon_core.shell[0m [1;30mINFO[0m Creating package script '/home/carlosmello/ws/install/yolobot_description/share/yolobot_description/package.zsh'
[0.437s] [34mcolcon.colcon_core.environment[0m [1;30mLevel 1[0m create_file_with_runtime_dependencies(/home/carlosmello/ws/install/yolobot_description/share/colcon-core/packages/yolobot_description)
[0.438s] [34mcolcon.colcon_core.environment[0m [1;30mLevel 1[0m create_environment_scripts_only(yolobot_recognition)
[0.439s] [34mcolcon.colcon_core.environment[0m [1;30mLevel 1[0m checking '/home/carlosmello/ws/install/yolobot_recognition' for CMake module files
[0.439s] [34mcolcon.colcon_core.environment[0m [1;30mLevel 1[0m checking '/home/carlosmello/ws/install/yolobot_recognition' for CMake config files
[0.440s] [34mcolcon.colcon_core.shell[0m [1;30mLevel 1[0m create_environment_hook('yolobot_recognition', 'cmake_prefix_path')
[0.440s] [34mcolcon.colcon_core.shell[0m [1;30mINFO[0m Creating environment hook '/home/carlosmello/ws/install/yolobot_recognition/share/yolobot_recognition/hook/cmake_prefix_path.ps1'
[0.440s] [34mcolcon.colcon_core.shell[0m [1;30mINFO[0m Creating environment descriptor '/home/carlosmello/ws/install/yolobot_recognition/share/yolobot_recognition/hook/cmake_prefix_path.dsv'
[0.440s] [34mcolcon.colcon_core.shell[0m [1;30mINFO[0m Creating environment hook '/home/carlosmello/ws/install/yolobot_recognition/share/yolobot_recognition/hook/cmake_prefix_path.sh'
[0.441s] [34mcolcon.colcon_core.environment[0m [1;30mLevel 1[0m checking '/home/carlosmello/ws/install/yolobot_recognition/lib'
[0.441s] [34mcolcon.colcon_core.environment[0m [1;30mLevel 1[0m checking '/home/carlosmello/ws/install/yolobot_recognition/bin'
[0.441s] [34mcolcon.colcon_core.environment[0m [1;30mLevel 1[0m checking '/home/carlosmello/ws/install/yolobot_recognition/lib/pkgconfig/yolobot_recognition.pc'
[0.442s] [34mcolcon.colcon_core.environment[0m [1;30mLevel 1[0m checking '/home/carlosmello/ws/install/yolobot_recognition/lib/python3.10/site-packages'
[0.442s] [34mcolcon.colcon_core.environment[0m [1;30mLevel 1[0m checking '/home/carlosmello/ws/install/yolobot_recognition/bin'
[0.442s] [34mcolcon.colcon_core.shell[0m [1;30mINFO[0m Creating package script '/home/carlosmello/ws/install/yolobot_recognition/share/yolobot_recognition/package.ps1'
[0.443s] [34mcolcon.colcon_core.shell[0m [1;30mINFO[0m Creating package descriptor '/home/carlosmello/ws/install/yolobot_recognition/share/yolobot_recognition/package.dsv'
[0.443s] [34mcolcon.colcon_core.shell[0m [1;30mINFO[0m Creating package script '/home/carlosmello/ws/install/yolobot_recognition/share/yolobot_recognition/package.sh'
[0.444s] [34mcolcon.colcon_core.shell[0m [1;30mINFO[0m Creating package script '/home/carlosmello/ws/install/yolobot_recognition/share/yolobot_recognition/package.bash'
[0.444s] [34mcolcon.colcon_core.shell[0m [1;30mINFO[0m Creating package script '/home/carlosmello/ws/install/yolobot_recognition/share/yolobot_recognition/package.zsh'
[0.444s] [34mcolcon.colcon_core.environment[0m [1;30mLevel 1[0m create_file_with_runtime_dependencies(/home/carlosmello/ws/install/yolobot_recognition/share/colcon-core/packages/yolobot_recognition)
[0.534s] [34mcolcon.colcon_core.environment[0m [1;30mLevel 1[0m create_environment_scripts_only(yolov8_msgs)
[0.535s] [34mcolcon.colcon_core.environment[0m [1;30mLevel 1[0m checking '/home/carlosmello/ws/install/yolov8_msgs' for CMake module files
[0.535s] [34mcolcon.colcon_core.environment[0m [1;30mLevel 1[0m checking '/home/carlosmello/ws/install/yolov8_msgs' for CMake config files
[0.536s] [34mcolcon.colcon_core.shell[0m [1;30mLevel 1[0m create_environment_hook('yolov8_msgs', 'cmake_prefix_path')
[0.536s] [34mcolcon.colcon_core.shell[0m [1;30mINFO[0m Creating environment hook '/home/carlosmello/ws/install/yolov8_msgs/share/yolov8_msgs/hook/cmake_prefix_path.ps1'
[0.537s] [34mcolcon.colcon_core.shell[0m [1;30mINFO[0m Creating environment descriptor '/home/carlosmello/ws/install/yolov8_msgs/share/yolov8_msgs/hook/cmake_prefix_path.dsv'
[0.537s] [34mcolcon.colcon_core.shell[0m [1;30mINFO[0m Creating environment hook '/home/carlosmello/ws/install/yolov8_msgs/share/yolov8_msgs/hook/cmake_prefix_path.sh'
[0.538s] [34mcolcon.colcon_core.environment[0m [1;30mLevel 1[0m checking '/home/carlosmello/ws/install/yolov8_msgs/lib'
[0.538s] [34mcolcon.colcon_core.shell[0m [1;30mLevel 1[0m create_environment_hook('yolov8_msgs', 'ld_library_path_lib')
[0.538s] [34mcolcon.colcon_core.shell[0m [1;30mINFO[0m Creating environment hook '/home/carlosmello/ws/install/yolov8_msgs/share/yolov8_msgs/hook/ld_library_path_lib.ps1'
[0.539s] [34mcolcon.colcon_core.shell[0m [1;30mINFO[0m Creating environment descriptor '/home/carlosmello/ws/install/yolov8_msgs/share/yolov8_msgs/hook/ld_library_path_lib.dsv'
[0.539s] [34mcolcon.colcon_core.shell[0m [1;30mINFO[0m Creating environment hook '/home/carlosmello/ws/install/yolov8_msgs/share/yolov8_msgs/hook/ld_library_path_lib.sh'
[0.539s] [34mcolcon.colcon_core.environment[0m [1;30mLevel 1[0m checking '/home/carlosmello/ws/install/yolov8_msgs/bin'
[0.540s] [34mcolcon.colcon_core.environment[0m [1;30mLevel 1[0m checking '/home/carlosmello/ws/install/yolov8_msgs/lib/pkgconfig/yolov8_msgs.pc'
[0.540s] [34mcolcon.colcon_core.environment[0m [1;30mLevel 1[0m checking '/home/carlosmello/ws/install/yolov8_msgs/lib/python3.10/site-packages'
[0.540s] [34mcolcon.colcon_core.environment[0m [1;30mLevel 1[0m checking '/home/carlosmello/ws/install/yolov8_msgs/bin'
[0.540s] [34mcolcon.colcon_core.shell[0m [1;30mINFO[0m Creating package script '/home/carlosmello/ws/install/yolov8_msgs/share/yolov8_msgs/package.ps1'
[0.541s] [34mcolcon.colcon_core.shell[0m [1;30mINFO[0m Creating package descriptor '/home/carlosmello/ws/install/yolov8_msgs/share/yolov8_msgs/package.dsv'
[0.542s] [34mcolcon.colcon_core.shell[0m [1;30mINFO[0m Creating package script '/home/carlosmello/ws/install/yolov8_msgs/share/yolov8_msgs/package.sh'
[0.542s] [34mcolcon.colcon_core.shell[0m [1;30mINFO[0m Creating package script '/home/carlosmello/ws/install/yolov8_msgs/share/yolov8_msgs/package.bash'
[0.543s] [34mcolcon.colcon_core.shell[0m [1;30mINFO[0m Creating package script '/home/carlosmello/ws/install/yolov8_msgs/share/yolov8_msgs/package.zsh'
[0.543s] [34mcolcon.colcon_core.environment[0m [1;30mLevel 1[0m create_file_with_runtime_dependencies(/home/carlosmello/ws/install/yolov8_msgs/share/colcon-core/packages/yolov8_msgs)
[0.553s] [34mcolcon.colcon_parallel_executor.executor.parallel[0m [1;30mDEBUG[0m [32mclosing loop[0m
[0.554s] [34mcolcon.colcon_parallel_executor.executor.parallel[0m [1;30mDEBUG[0m [32mloop closed[0m
[0.554s] [34mcolcon.colcon_parallel_executor.executor.parallel[0m [1;30mDEBUG[0m [32mrun_until_complete finished with '2'[0m
[0.554s] [34mcolcon.colcon_core.event_reactor[0m [1;30mDEBUG[0m [32mjoining thread[0m
[0.559s] [34mcolcon.colcon_core.plugin_system[0m [1;30mINFO[0m Skipping extension 'colcon_notification.desktop_notification.terminal_notifier': Not used on non-Darwin systems
[0.559s] [34mcolcon.colcon_core.plugin_system[0m [1;30mINFO[0m Skipping extension 'colcon_notification.desktop_notification.win32': Not used on non-Windows systems
[0.559s] [34mcolcon.colcon_notification.desktop_notification[0m [1;30mINFO[0m Sending desktop notification using 'notify2'
[0.569s] [34mcolcon.colcon_core.event_reactor[0m [1;30mDEBUG[0m [32mjoined thread[0m
[0.569s] [34mcolcon.colcon_core.shell[0m [1;30mINFO[0m Creating prefix script '/home/carlosmello/ws/install/local_setup.ps1'
[0.570s] [34mcolcon.colcon_core.shell[0m [1;30mINFO[0m Creating prefix util module '/home/carlosmello/ws/install/_local_setup_util_ps1.py'
[0.572s] [34mcolcon.colcon_core.shell[0m [1;30mINFO[0m Creating prefix chain script '/home/carlosmello/ws/install/setup.ps1'
[0.573s] [34mcolcon.colcon_core.shell[0m [1;30mINFO[0m Creating prefix script '/home/carlosmello/ws/install/local_setup.sh'
[0.573s] [34mcolcon.colcon_core.shell[0m [1;30mINFO[0m Creating prefix util module '/home/carlosmello/ws/install/_local_setup_util_sh.py'
[0.574s] [34mcolcon.colcon_core.shell[0m [1;30mINFO[0m Creating prefix chain script '/home/carlosmello/ws/install/setup.sh'
[0.575s] [34mcolcon.colcon_core.shell[0m [1;30mINFO[0m Creating prefix script '/home/carlosmello/ws/install/local_setup.bash'
[0.575s] [34mcolcon.colcon_core.shell[0m [1;30mINFO[0m Creating prefix chain script '/home/carlosmello/ws/install/setup.bash'
[0.576s] [34mcolcon.colcon_core.shell[0m [1;30mINFO[0m Creating prefix script '/home/carlosmello/ws/install/local_setup.zsh'
[0.577s] [34mcolcon.colcon_core.shell[0m [1;30mINFO[0m Creating prefix chain script '/home/carlosmello/ws/install/setup.zsh'
