[0.029s] Invoking command in '/home/carlosmello/ws/build/perception': CMAKE_PREFIX_PATH=${CMAKE_PREFIX_PATH}:/opt/ros/humble /usr/bin/cmake --build /home/carlosmello/ws/build/perception -- -j8 -l8
[0.108s] Invoked command in '/home/carlosmello/ws/build/perception' returned '0': CMAKE_PREFIX_PATH=${CMAKE_PREFIX_PATH}:/opt/ros/humble /usr/bin/cmake --build /home/carlosmello/ws/build/perception -- -j8 -l8
[0.144s] Invoking command in '/home/carlosmello/ws/build/perception': CMAKE_PREFIX_PATH=${CMAKE_PREFIX_PATH}:/opt/ros/humble /usr/bin/cmake --install /home/carlosmello/ws/build/perception
[0.165s] -- Install configuration: ""
[0.166s] -- Installing: /home/carlosmello/ws/install/perception/lib/perception/position_estimator.py
[0.166s] -- Up-to-date: /home/carlosmello/ws/install/perception/lib/perception
[0.167s] -- Installing: /home/carlosmello/ws/install/perception/lib/perception/__init__.py
[0.167s] -- Up-to-date: /home/carlosmello/ws/install/perception/lib/perception/cone_detection.py
[0.168s] -- Up-to-date: /home/carlosmello/ws/install/perception/lib/perception
[0.169s] -- Installing: /home/carlosmello/ws/install/perception/lib/perception/__init__.py
[0.169s] -- Up-to-date: /home/carlosmello/ws/install/perception/share/ament_index/resource_index/package_run_dependencies/perception
[0.169s] -- Up-to-date: /home/carlosmello/ws/install/perception/share/ament_index/resource_index/parent_prefix_path/perception
[0.169s] -- Up-to-date: /home/carlosmello/ws/install/perception/share/perception/environment/ament_prefix_path.sh
[0.169s] -- Up-to-date: /home/carlosmello/ws/install/perception/share/perception/environment/ament_prefix_path.dsv
[0.169s] -- Up-to-date: /home/carlosmello/ws/install/perception/share/perception/environment/path.sh
[0.169s] -- Up-to-date: /home/carlosmello/ws/install/perception/share/perception/environment/path.dsv
[0.169s] -- Up-to-date: /home/carlosmello/ws/install/perception/share/perception/local_setup.bash
[0.169s] -- Up-to-date: /home/carlosmello/ws/install/perception/share/perception/local_setup.sh
[0.170s] -- Up-to-date: /home/carlosmello/ws/install/perception/share/perception/local_setup.zsh
[0.170s] -- Up-to-date: /home/carlosmello/ws/install/perception/share/perception/local_setup.dsv
[0.170s] -- Up-to-date: /home/carlosmello/ws/install/perception/share/perception/package.dsv
[0.170s] -- Up-to-date: /home/carlosmello/ws/install/perception/share/ament_index/resource_index/packages/perception
[0.170s] -- Up-to-date: /home/carlosmello/ws/install/perception/share/perception/cmake/perceptionConfig.cmake
[0.170s] -- Up-to-date: /home/carlosmello/ws/install/perception/share/perception/cmake/perceptionConfig-version.cmake
[0.170s] -- Up-to-date: /home/carlosmello/ws/install/perception/share/perception/package.xml
[0.176s] Invoked command in '/home/carlosmello/ws/build/perception' returned '0': CMAKE_PREFIX_PATH=${CMAKE_PREFIX_PATH}:/opt/ros/humble /usr/bin/cmake --install /home/carlosmello/ws/build/perception
