[0.059s] Invoking command in '/home/carlosmello/ws/build/perception': CMAKE_PREFIX_PATH=${CMAKE_PREFIX_PATH}:/opt/ros/humble /usr/bin/cmake --build /home/carlosmello/ws/build/perception -- -j8 -l8
[0.121s] -- Found ament_cmake: 1.3.10 (/opt/ros/humble/share/ament_cmake/cmake)
[0.461s] -- Found sensor_msgs: 4.2.4 (/opt/ros/humble/share/sensor_msgs/cmake)
[0.504s] -- Found rosidl_generator_c: 3.1.5 (/opt/ros/humble/share/rosidl_generator_c/cmake)
[0.505s] -- Found rosidl_adapter: 3.1.5 (/opt/ros/humble/share/rosidl_adapter/cmake)
[0.514s] -- Found rosidl_generator_cpp: 3.1.5 (/opt/ros/humble/share/rosidl_generator_cpp/cmake)
[0.528s] -- Using all available rosidl_typesupport_c: rosidl_typesupport_fastrtps_c;rosidl_typesupport_introspection_c
[0.547s] -- Using all available rosidl_typesupport_cpp: rosidl_typesupport_fastrtps_cpp;rosidl_typesupport_introspection_cpp
[0.656s] -- Found rosidl_default_generators: 1.2.0 (/opt/ros/humble/share/rosidl_default_generators/cmake)
[0.675s] -- Found yolov8_msgs: 0.0.0 (/home/carlosmello/ws/install/yolov8_msgs/share/yolov8_msgs/cmake)
[0.700s] -- Found ament_lint_auto: 0.12.11 (/opt/ros/humble/share/ament_lint_auto/cmake)
[0.798s] -- Added test 'flake8' to check Python code syntax and style conventions
[0.798s] -- Added test 'lint_cmake' to check CMake code style
[0.798s] -- Added test 'pep257' to check Python code against some of the docstring style conventions in PEP 257
[0.800s] -- Added test 'xmllint' to check XML markup files
[0.802s] -- Configuring done
[0.808s] -- Generating done
[0.810s] -- Build files have been written to: /home/carlosmello/ws/build/perception
[0.847s] Invoked command in '/home/carlosmello/ws/build/perception' returned '0': CMAKE_PREFIX_PATH=${CMAKE_PREFIX_PATH}:/opt/ros/humble /usr/bin/cmake --build /home/carlosmello/ws/build/perception -- -j8 -l8
[0.876s] Invoking command in '/home/carlosmello/ws/build/perception': CMAKE_PREFIX_PATH=${CMAKE_PREFIX_PATH}:/opt/ros/humble /usr/bin/cmake --install /home/carlosmello/ws/build/perception
[0.888s] -- Install configuration: ""
[0.888s] -- Up-to-date: /home/carlosmello/ws/install/perception/lib/perception/image_subscriber.py
[0.888s] -- Up-to-date: /home/carlosmello/ws/install/perception/lib/perception
[0.889s] -- Up-to-date: /home/carlosmello/ws/install/perception/lib/perception/__init__.py
[0.890s] -- Up-to-date: /home/carlosmello/ws/install/perception/lib/perception/cone_detection.py
[0.890s] -- Up-to-date: /home/carlosmello/ws/install/perception/lib/perception
[0.890s] -- Installing: /home/carlosmello/ws/install/perception/lib/perception/position_estimator.py
[0.890s] -- Installing: /home/carlosmello/ws/install/perception/lib/perception/__init__.py
[0.891s] -- Installing: /home/carlosmello/ws/install/perception/share/ament_index/resource_index/package_run_dependencies/perception
[0.891s] -- Up-to-date: /home/carlosmello/ws/install/perception/share/ament_index/resource_index/parent_prefix_path/perception
[0.891s] -- Up-to-date: /home/carlosmello/ws/install/perception/share/perception/environment/ament_prefix_path.sh
[0.891s] -- Installing: /home/carlosmello/ws/install/perception/share/perception/environment/ament_prefix_path.dsv
[0.891s] -- Up-to-date: /home/carlosmello/ws/install/perception/share/perception/environment/path.sh
[0.892s] -- Installing: /home/carlosmello/ws/install/perception/share/perception/environment/path.dsv
[0.893s] -- Up-to-date: /home/carlosmello/ws/install/perception/share/perception/local_setup.bash
[0.894s] -- Up-to-date: /home/carlosmello/ws/install/perception/share/perception/local_setup.sh
[0.894s] -- Up-to-date: /home/carlosmello/ws/install/perception/share/perception/local_setup.zsh
[0.894s] -- Installing: /home/carlosmello/ws/install/perception/share/perception/local_setup.dsv
[0.894s] -- Installing: /home/carlosmello/ws/install/perception/share/perception/package.dsv
[0.895s] -- Up-to-date: /home/carlosmello/ws/install/perception/share/ament_index/resource_index/packages/perception
[0.895s] -- Up-to-date: /home/carlosmello/ws/install/perception/share/perception/cmake/perceptionConfig.cmake
[0.895s] -- Up-to-date: /home/carlosmello/ws/install/perception/share/perception/cmake/perceptionConfig-version.cmake
[0.895s] -- Installing: /home/carlosmello/ws/install/perception/share/perception/package.xml
[0.895s] Invoked command in '/home/carlosmello/ws/build/perception' returned '0': CMAKE_PREFIX_PATH=${CMAKE_PREFIX_PATH}:/opt/ros/humble /usr/bin/cmake --install /home/carlosmello/ws/build/perception
