[0.028s] Invoking command in '/home/carlosmello/ws/build/yolobot_control': CMAKE_PREFIX_PATH=${CMAKE_PREFIX_PATH}:/opt/ros/humble /usr/bin/cmake /home/carlosmello/ws/src/yolobot_control -DCMAKE_INSTALL_PREFIX=/home/carlosmello/ws/install/yolobot_control
[0.198s] -- The C compiler identification is GNU 11.4.0
[0.323s] -- The CXX compiler identification is GNU 11.4.0
[0.334s] -- Detecting C compiler ABI info
[0.437s] -- Detecting C compiler ABI info - done
[0.449s] -- Check for working C compiler: /usr/bin/cc - skipped
[0.449s] -- Detecting C compile features
[0.452s] -- Detecting C compile features - done
[0.456s] -- Detecting CXX compiler ABI info
[0.573s] -- Detecting CXX compiler ABI info - done
[0.586s] -- Check for working CXX compiler: /usr/bin/c++ - skipped
[0.586s] -- Detecting CXX compile features
[0.587s] -- Detecting CXX compile features - done
[0.597s] -- Found ament_cmake: 1.3.10 (/opt/ros/humble/share/ament_cmake/cmake)
[1.229s] -- Found Python3: /usr/bin/python3 (found version "3.10.12") found components: Interpreter 
[1.366s] -- Found ament_lint_auto: 0.12.11 (/opt/ros/humble/share/ament_lint_auto/cmake)
[1.494s] -- Added test 'copyright' to check source files copyright and LICENSE
[1.495s] -- Added test 'flake8' to check Python code syntax and style conventions
[1.496s] -- Added test 'lint_cmake' to check CMake code style
[1.497s] -- Added test 'pep257' to check Python code against some of the docstring style conventions in PEP 257
[1.499s] -- Added test 'xmllint' to check XML markup files
[1.500s] -- Configuring done
[1.505s] -- Generating done
[1.505s] -- Build files have been written to: /home/carlosmello/ws/build/yolobot_control
[1.513s] Invoked command in '/home/carlosmello/ws/build/yolobot_control' returned '0': CMAKE_PREFIX_PATH=${CMAKE_PREFIX_PATH}:/opt/ros/humble /usr/bin/cmake /home/carlosmello/ws/src/yolobot_control -DCMAKE_INSTALL_PREFIX=/home/carlosmello/ws/install/yolobot_control
[1.520s] Invoking command in '/home/carlosmello/ws/build/yolobot_control': CMAKE_PREFIX_PATH=${CMAKE_PREFIX_PATH}:/opt/ros/humble /usr/bin/cmake --build /home/carlosmello/ws/build/yolobot_control -- -j8 -l8
[1.584s] Invoked command in '/home/carlosmello/ws/build/yolobot_control' returned '0': CMAKE_PREFIX_PATH=${CMAKE_PREFIX_PATH}:/opt/ros/humble /usr/bin/cmake --build /home/carlosmello/ws/build/yolobot_control -- -j8 -l8
[1.625s] Invoking command in '/home/carlosmello/ws/build/yolobot_control': CMAKE_PREFIX_PATH=${CMAKE_PREFIX_PATH}:/opt/ros/humble /usr/bin/cmake --install /home/carlosmello/ws/build/yolobot_control
[1.633s] -- Install configuration: ""
[1.634s] -- Up-to-date: /home/carlosmello/ws/install/yolobot_control/share/yolobot_control//scripts
[1.634s] -- Up-to-date: /home/carlosmello/ws/install/yolobot_control/share/yolobot_control//scripts/robot_control.py
[1.634s] -- Up-to-date: /home/carlosmello/ws/install/yolobot_control/share/yolobot_control//launch
[1.634s] -- Up-to-date: /home/carlosmello/ws/install/yolobot_control/share/yolobot_control//launch/yolobot_control.launch.py
[1.634s] -- Up-to-date: /home/carlosmello/ws/install/yolobot_control/lib/yolobot_control/robot_control.py
[1.635s] -- Up-to-date: /home/carlosmello/ws/install/yolobot_control/lib/yolobot_control/yolobot_control.launch.py
[1.635s] -- Installing: /home/carlosmello/ws/install/yolobot_control/share/ament_index/resource_index/package_run_dependencies/yolobot_control
[1.635s] -- Installing: /home/carlosmello/ws/install/yolobot_control/share/ament_index/resource_index/parent_prefix_path/yolobot_control
[1.635s] -- Up-to-date: /home/carlosmello/ws/install/yolobot_control/share/yolobot_control/environment/ament_prefix_path.sh
[1.635s] -- Installing: /home/carlosmello/ws/install/yolobot_control/share/yolobot_control/environment/ament_prefix_path.dsv
[1.635s] -- Up-to-date: /home/carlosmello/ws/install/yolobot_control/share/yolobot_control/environment/path.sh
[1.636s] -- Installing: /home/carlosmello/ws/install/yolobot_control/share/yolobot_control/environment/path.dsv
[1.636s] -- Installing: /home/carlosmello/ws/install/yolobot_control/share/yolobot_control/local_setup.bash
[1.636s] -- Installing: /home/carlosmello/ws/install/yolobot_control/share/yolobot_control/local_setup.sh
[1.637s] -- Installing: /home/carlosmello/ws/install/yolobot_control/share/yolobot_control/local_setup.zsh
[1.637s] -- Installing: /home/carlosmello/ws/install/yolobot_control/share/yolobot_control/local_setup.dsv
[1.637s] -- Installing: /home/carlosmello/ws/install/yolobot_control/share/yolobot_control/package.dsv
[1.637s] -- Installing: /home/carlosmello/ws/install/yolobot_control/share/ament_index/resource_index/packages/yolobot_control
[1.637s] -- Installing: /home/carlosmello/ws/install/yolobot_control/share/yolobot_control/cmake/yolobot_controlConfig.cmake
[1.638s] -- Installing: /home/carlosmello/ws/install/yolobot_control/share/yolobot_control/cmake/yolobot_controlConfig-version.cmake
[1.638s] -- Up-to-date: /home/carlosmello/ws/install/yolobot_control/share/yolobot_control/package.xml
[1.650s] Invoked command in '/home/carlosmello/ws/build/yolobot_control' returned '0': CMAKE_PREFIX_PATH=${CMAKE_PREFIX_PATH}:/opt/ros/humble /usr/bin/cmake --install /home/carlosmello/ws/build/yolobot_control
