[0.034s] Invoking command in '/home/carlosmello/ws/build/perception': CMAKE_PREFIX_PATH=${CMAKE_PREFIX_PATH}:/opt/ros/humble /usr/bin/cmake --build /home/carlosmello/ws/build/perception -- -j8 -l8
[0.081s] -- Found ament_cmake: 1.3.10 (/opt/ros/humble/share/ament_cmake/cmake)
[0.434s] -- Found sensor_msgs: 4.2.4 (/opt/ros/humble/share/sensor_msgs/cmake)
[0.494s] -- Found rosidl_generator_c: 3.1.5 (/opt/ros/humble/share/rosidl_generator_c/cmake)
[0.498s] -- Found rosidl_adapter: 3.1.5 (/opt/ros/humble/share/rosidl_adapter/cmake)
[0.508s] -- Found rosidl_generator_cpp: 3.1.5 (/opt/ros/humble/share/rosidl_generator_cpp/cmake)
[0.526s] -- Using all available rosidl_typesupport_c: rosidl_typesupport_fastrtps_c;rosidl_typesupport_introspection_c
[0.547s] -- Using all available rosidl_typesupport_cpp: rosidl_typesupport_fastrtps_cpp;rosidl_typesupport_introspection_cpp
[0.645s] -- Found rosidl_default_generators: 1.2.0 (/opt/ros/humble/share/rosidl_default_generators/cmake)
[0.663s] -- Found yolov8_msgs: 0.0.0 (/home/carlosmello/ws/install/yolov8_msgs/share/yolov8_msgs/cmake)
[0.689s] -- Found ament_lint_auto: 0.12.11 (/opt/ros/humble/share/ament_lint_auto/cmake)
[0.822s] -- Added test 'flake8' to check Python code syntax and style conventions
[0.825s] -- Added test 'lint_cmake' to check CMake code style
[0.827s] -- Added test 'pep257' to check Python code against some of the docstring style conventions in PEP 257
[0.831s] -- Added test 'xmllint' to check XML markup files
[0.833s] -- Configuring done
[0.845s] -- Generating done
[0.848s] -- Build files have been written to: /home/carlosmello/ws/build/perception
[0.908s] Invoked command in '/home/carlosmello/ws/build/perception' returned '0': CMAKE_PREFIX_PATH=${CMAKE_PREFIX_PATH}:/opt/ros/humble /usr/bin/cmake --build /home/carlosmello/ws/build/perception -- -j8 -l8
[0.980s] Invoking command in '/home/carlosmello/ws/build/perception': CMAKE_PREFIX_PATH=${CMAKE_PREFIX_PATH}:/opt/ros/humble /usr/bin/cmake --install /home/carlosmello/ws/build/perception
[0.997s] -- Install configuration: ""
[0.997s] -- Installing: /home/carlosmello/ws/install/perception/lib/perception/position_estimator.py
[0.998s] -- Up-to-date: /home/carlosmello/ws/install/perception/lib/perception
[0.998s] -- Installing: /home/carlosmello/ws/install/perception/lib/perception/__init__.py
[0.999s] -- Up-to-date: /home/carlosmello/ws/install/perception/lib/perception/cone_detection.py
[1.001s] -- Up-to-date: /home/carlosmello/ws/install/perception/lib/perception
[1.001s] -- Installing: /home/carlosmello/ws/install/perception/lib/perception/stereo_pipeline.py
[1.002s] -- Installing: /home/carlosmello/ws/install/perception/lib/perception/__init__.py
[1.002s] -- Up-to-date: /home/carlosmello/ws/install/perception/share/ament_index/resource_index/package_run_dependencies/perception
[1.002s] -- Up-to-date: /home/carlosmello/ws/install/perception/share/ament_index/resource_index/parent_prefix_path/perception
[1.002s] -- Up-to-date: /home/carlosmello/ws/install/perception/share/perception/environment/ament_prefix_path.sh
[1.002s] -- Installing: /home/carlosmello/ws/install/perception/share/perception/environment/ament_prefix_path.dsv
[1.002s] -- Up-to-date: /home/carlosmello/ws/install/perception/share/perception/environment/path.sh
[1.002s] -- Installing: /home/carlosmello/ws/install/perception/share/perception/environment/path.dsv
[1.003s] -- Up-to-date: /home/carlosmello/ws/install/perception/share/perception/local_setup.bash
[1.003s] -- Up-to-date: /home/carlosmello/ws/install/perception/share/perception/local_setup.sh
[1.003s] -- Up-to-date: /home/carlosmello/ws/install/perception/share/perception/local_setup.zsh
[1.006s] -- Installing: /home/carlosmello/ws/install/perception/share/perception/local_setup.dsv
[1.006s] -- Installing: /home/carlosmello/ws/install/perception/share/perception/package.dsv
[1.006s] -- Up-to-date: /home/carlosmello/ws/install/perception/share/ament_index/resource_index/packages/perception
[1.007s] -- Up-to-date: /home/carlosmello/ws/install/perception/share/perception/cmake/perceptionConfig.cmake
[1.007s] -- Up-to-date: /home/carlosmello/ws/install/perception/share/perception/cmake/perceptionConfig-version.cmake
[1.007s] -- Up-to-date: /home/carlosmello/ws/install/perception/share/perception/package.xml
[1.008s] Invoked command in '/home/carlosmello/ws/build/perception' returned '0': CMAKE_PREFIX_PATH=${CMAKE_PREFIX_PATH}:/opt/ros/humble /usr/bin/cmake --install /home/carlosmello/ws/build/perception
