[0.022s] Invoking command in '/home/carlosmello/ws/build/yolobot_description': CMAKE_PREFIX_PATH=${CMAKE_PREFIX_PATH}:/opt/ros/humble /usr/bin/cmake --build /home/carlosmello/ws/build/yolobot_description -- -j8 -l8
[0.074s] -- Found ament_cmake: 1.3.10 (/opt/ros/humble/share/ament_cmake/cmake)
[0.270s] -- Found urdf: 2.6.1 (/opt/ros/humble/share/urdf/cmake)
[0.325s] -- Found ament_lint_auto: 0.12.11 (/opt/ros/humble/share/ament_lint_auto/cmake)
[0.409s] -- Added test 'copyright' to check source files copyright and LICENSE
[0.411s] -- Added test 'flake8' to check Python code syntax and style conventions
[0.412s] -- Added test 'lint_cmake' to check CMake code style
[0.412s] -- Added test 'pep257' to check Python code against some of the docstring style conventions in PEP 257
[0.415s] -- Added test 'xmllint' to check XML markup files
[0.416s] -- Configuring done
[0.421s] -- Generating done
[0.423s] -- Build files have been written to: /home/carlosmello/ws/build/yolobot_description
[0.448s] Invoked command in '/home/carlosmello/ws/build/yolobot_description' returned '0': CMAKE_PREFIX_PATH=${CMAKE_PREFIX_PATH}:/opt/ros/humble /usr/bin/cmake --build /home/carlosmello/ws/build/yolobot_description -- -j8 -l8
[0.468s] Invoking command in '/home/carlosmello/ws/build/yolobot_description': CMAKE_PREFIX_PATH=${CMAKE_PREFIX_PATH}:/opt/ros/humble /usr/bin/cmake --install /home/carlosmello/ws/build/yolobot_description
[0.475s] -- Install configuration: ""
[0.475s] -- Up-to-date: /home/carlosmello/ws/install/yolobot_description/share/yolobot_description//launch
[0.475s] -- Up-to-date: /home/carlosmello/ws/install/yolobot_description/share/yolobot_description//launch/spawn_yolobot.py
[0.475s] -- Up-to-date: /home/carlosmello/ws/install/yolobot_description/share/yolobot_description//launch/spawn_yolobot_launch.launch.py
[0.475s] -- Up-to-date: /home/carlosmello/ws/install/yolobot_description/share/yolobot_description//robot
[0.476s] -- Up-to-date: /home/carlosmello/ws/install/yolobot_description/share/yolobot_description//robot/yolobot.urdf
[0.476s] -- Up-to-date: /home/carlosmello/ws/install/yolobot_description/lib/yolobot_description/spawn_yolobot.py
[0.476s] -- Up-to-date: /home/carlosmello/ws/install/yolobot_description/share/ament_index/resource_index/package_run_dependencies/yolobot_description
[0.476s] -- Up-to-date: /home/carlosmello/ws/install/yolobot_description/share/ament_index/resource_index/parent_prefix_path/yolobot_description
[0.476s] -- Installing: /home/carlosmello/ws/install/yolobot_description/share/yolobot_description/environment/ament_prefix_path.sh
[0.476s] -- Installing: /home/carlosmello/ws/install/yolobot_description/share/yolobot_description/environment/ament_prefix_path.dsv
[0.476s] -- Installing: /home/carlosmello/ws/install/yolobot_description/share/yolobot_description/environment/path.sh
[0.476s] -- Installing: /home/carlosmello/ws/install/yolobot_description/share/yolobot_description/environment/path.dsv
[0.477s] -- Up-to-date: /home/carlosmello/ws/install/yolobot_description/share/yolobot_description/local_setup.bash
[0.477s] -- Up-to-date: /home/carlosmello/ws/install/yolobot_description/share/yolobot_description/local_setup.sh
[0.477s] -- Up-to-date: /home/carlosmello/ws/install/yolobot_description/share/yolobot_description/local_setup.zsh
[0.477s] -- Installing: /home/carlosmello/ws/install/yolobot_description/share/yolobot_description/local_setup.dsv
[0.477s] -- Installing: /home/carlosmello/ws/install/yolobot_description/share/yolobot_description/package.dsv
[0.477s] -- Up-to-date: /home/carlosmello/ws/install/yolobot_description/share/ament_index/resource_index/packages/yolobot_description
[0.477s] -- Up-to-date: /home/carlosmello/ws/install/yolobot_description/share/yolobot_description/cmake/yolobot_descriptionConfig.cmake
[0.477s] -- Up-to-date: /home/carlosmello/ws/install/yolobot_description/share/yolobot_description/cmake/yolobot_descriptionConfig-version.cmake
[0.477s] -- Up-to-date: /home/carlosmello/ws/install/yolobot_description/share/yolobot_description/package.xml
[0.479s] Invoked command in '/home/carlosmello/ws/build/yolobot_description' returned '0': CMAKE_PREFIX_PATH=${CMAKE_PREFIX_PATH}:/opt/ros/humble /usr/bin/cmake --install /home/carlosmello/ws/build/yolobot_description
