[0.075s] Invoking command in '/home/carlosmello/ws/build/yolobot_gazebo': CMAKE_PREFIX_PATH=${CMAKE_PREFIX_PATH}:/opt/ros/humble /usr/bin/cmake --build /home/carlosmello/ws/build/yolobot_gazebo -- -j8 -l8
[0.218s] Invoked command in '/home/carlosmello/ws/build/yolobot_gazebo' returned '0': CMAKE_PREFIX_PATH=${CMAKE_PREFIX_PATH}:/opt/ros/humble /usr/bin/cmake --build /home/carlosmello/ws/build/yolobot_gazebo -- -j8 -l8
[0.316s] Invoking command in '/home/carlosmello/ws/build/yolobot_gazebo': CMAKE_PREFIX_PATH=${CMAKE_PREFIX_PATH}:/opt/ros/humble /usr/bin/cmake --install /home/carlosmello/ws/build/yolobot_gazebo
[0.336s] -- Install configuration: ""
[0.336s] -- Up-to-date: /home/carlosmello/ws/install/yolobot_gazebo/share/yolobot_gazebo//launch
[0.337s] -- Up-to-date: /home/carlosmello/ws/install/yolobot_gazebo/share/yolobot_gazebo//launch/start_world_launch.py
[0.337s] -- Up-to-date: /home/carlosmello/ws/install/yolobot_gazebo/share/yolobot_gazebo//launch/yolobot_launch.py
[0.337s] -- Up-to-date: /home/carlosmello/ws/install/yolobot_gazebo/share/yolobot_gazebo//worlds
[0.337s] -- Up-to-date: /home/carlosmello/ws/install/yolobot_gazebo/share/yolobot_gazebo//worlds/yolo_test.world
[0.337s] -- Up-to-date: /home/carlosmello/ws/install/yolobot_gazebo/share/ament_index/resource_index/package_run_dependencies/yolobot_gazebo
[0.339s] -- Up-to-date: /home/carlosmello/ws/install/yolobot_gazebo/share/ament_index/resource_index/parent_prefix_path/yolobot_gazebo
[0.339s] -- Up-to-date: /home/carlosmello/ws/install/yolobot_gazebo/share/yolobot_gazebo/environment/ament_prefix_path.sh
[0.339s] -- Up-to-date: /home/carlosmello/ws/install/yolobot_gazebo/share/yolobot_gazebo/environment/ament_prefix_path.dsv
[0.339s] -- Up-to-date: /home/carlosmello/ws/install/yolobot_gazebo/share/yolobot_gazebo/environment/path.sh
[0.339s] -- Up-to-date: /home/carlosmello/ws/install/yolobot_gazebo/share/yolobot_gazebo/environment/path.dsv
[0.339s] -- Up-to-date: /home/carlosmello/ws/install/yolobot_gazebo/share/yolobot_gazebo/local_setup.bash
[0.340s] -- Up-to-date: /home/carlosmello/ws/install/yolobot_gazebo/share/yolobot_gazebo/local_setup.sh
[0.345s] -- Up-to-date: /home/carlosmello/ws/install/yolobot_gazebo/share/yolobot_gazebo/local_setup.zsh
[0.345s] -- Up-to-date: /home/carlosmello/ws/install/yolobot_gazebo/share/yolobot_gazebo/local_setup.dsv
[0.345s] -- Installing: /home/carlosmello/ws/install/yolobot_gazebo/share/yolobot_gazebo/package.dsv
[0.347s] -- Up-to-date: /home/carlosmello/ws/install/yolobot_gazebo/share/ament_index/resource_index/packages/yolobot_gazebo
[0.347s] -- Up-to-date: /home/carlosmello/ws/install/yolobot_gazebo/share/yolobot_gazebo/cmake/yolobot_gazeboConfig.cmake
[0.351s] -- Up-to-date: /home/carlosmello/ws/install/yolobot_gazebo/share/yolobot_gazebo/cmake/yolobot_gazeboConfig-version.cmake
[0.351s] -- Up-to-date: /home/carlosmello/ws/install/yolobot_gazebo/share/yolobot_gazebo/package.xml
[0.397s] Invoked command in '/home/carlosmello/ws/build/yolobot_gazebo' returned '0': CMAKE_PREFIX_PATH=${CMAKE_PREFIX_PATH}:/opt/ros/humble /usr/bin/cmake --install /home/carlosmello/ws/build/yolobot_gazebo
