[0.037s] Invoking command in '/home/carlosmello/ws/build/perception': CMAKE_PREFIX_PATH=${CMAKE_PREFIX_PATH}:/opt/ros/humble /usr/bin/cmake --build /home/carlosmello/ws/build/perception -- -j8 -l8
[0.114s] Invoked command in '/home/carlosmello/ws/build/perception' returned '0': CMAKE_PREFIX_PATH=${CMAKE_PREFIX_PATH}:/opt/ros/humble /usr/bin/cmake --build /home/carlosmello/ws/build/perception -- -j8 -l8
[0.172s] Invoking command in '/home/carlosmello/ws/build/perception': CMAKE_PREFIX_PATH=${CMAKE_PREFIX_PATH}:/opt/ros/humble /usr/bin/cmake --install /home/carlosmello/ws/build/perception
[0.196s] -- Install configuration: ""
[0.197s] -- Installing: /home/carlosmello/ws/install/perception/lib/perception/position_estimator.py
[0.197s] -- Up-to-date: /home/carlosmello/ws/install/perception/lib/perception
[0.198s] -- Installing: /home/carlosmello/ws/install/perception/lib/perception/__init__.py
[0.198s] -- Up-to-date: /home/carlosmello/ws/install/perception/lib/perception/cone_detection.py
[0.199s] -- Up-to-date: /home/carlosmello/ws/install/perception/lib/perception
[0.199s] -- Installing: /home/carlosmello/ws/install/perception/lib/perception/__init__.py
[0.199s] -- Up-to-date: /home/carlosmello/ws/install/perception/share/ament_index/resource_index/package_run_dependencies/perception
[0.199s] -- Up-to-date: /home/carlosmello/ws/install/perception/share/ament_index/resource_index/parent_prefix_path/perception
[0.200s] -- Up-to-date: /home/carlosmello/ws/install/perception/share/perception/environment/ament_prefix_path.sh
[0.200s] -- Up-to-date: /home/carlosmello/ws/install/perception/share/perception/environment/ament_prefix_path.dsv
[0.201s] -- Up-to-date: /home/carlosmello/ws/install/perception/share/perception/environment/path.sh
[0.201s] -- Up-to-date: /home/carlosmello/ws/install/perception/share/perception/environment/path.dsv
[0.201s] -- Up-to-date: /home/carlosmello/ws/install/perception/share/perception/local_setup.bash
[0.201s] -- Up-to-date: /home/carlosmello/ws/install/perception/share/perception/local_setup.sh
[0.201s] -- Up-to-date: /home/carlosmello/ws/install/perception/share/perception/local_setup.zsh
[0.201s] -- Up-to-date: /home/carlosmello/ws/install/perception/share/perception/local_setup.dsv
[0.201s] -- Installing: /home/carlosmello/ws/install/perception/share/perception/package.dsv
[0.201s] -- Up-to-date: /home/carlosmello/ws/install/perception/share/ament_index/resource_index/packages/perception
[0.202s] -- Up-to-date: /home/carlosmello/ws/install/perception/share/perception/cmake/perceptionConfig.cmake
[0.202s] -- Up-to-date: /home/carlosmello/ws/install/perception/share/perception/cmake/perceptionConfig-version.cmake
[0.202s] -- Up-to-date: /home/carlosmello/ws/install/perception/share/perception/package.xml
[0.212s] Invoked command in '/home/carlosmello/ws/build/perception' returned '0': CMAKE_PREFIX_PATH=${CMAKE_PREFIX_PATH}:/opt/ros/humble /usr/bin/cmake --install /home/carlosmello/ws/build/perception
