[  0%] Built target yolov8_msgs__cpp
[  0%] Built target ament_cmake_python_copy_yolov8_msgs
[ 12%] Built target yolov8_msgs__rosidl_generator_c
[ 32%] Built target yolov8_msgs__rosidl_typesupport_cpp
[ 36%] Built target yolov8_msgs__rosidl_typesupport_introspection_cpp
[ 47%] Built target yolov8_msgs__rosidl_typesupport_fastrtps_cpp
[ 59%] Built target yolov8_msgs__rosidl_typesupport_c
[ 73%] Built target yolov8_msgs__rosidl_typesupport_introspection_c
[ 83%] Built target yolov8_msgs__rosidl_typesupport_fastrtps_c
[ 83%] Built target yolov8_msgs
[ 84%] Built target yolov8_msgs__py
[ 86%] [32mBuilding C object CMakeFiles/yolov8_msgs__rosidl_generator_py.dir/rosidl_generator_py/yolov8_msgs/msg/_bounding_box3_d_s.c.o[0m
[ 86%] [32mBuilding C object CMakeFiles/yolov8_msgs__rosidl_generator_py.dir/rosidl_generator_py/yolov8_msgs/msg/_point2_d_s.c.o[0m
[ 87%] [32mBuilding C object CMakeFiles/yolov8_msgs__rosidl_generator_py.dir/rosidl_generator_py/yolov8_msgs/msg/_vector2_s.c.o[0m
[ 88%] [32mBuilding C object CMakeFiles/yolov8_msgs__rosidl_generator_py.dir/rosidl_generator_py/yolov8_msgs/msg/_bounding_box2_d_s.c.o[0m
[ 89%] [32mBuilding C object CMakeFiles/yolov8_msgs__rosidl_generator_py.dir/rosidl_generator_py/yolov8_msgs/msg/_key_point2_d_s.c.o[0m
[ 89%] [32mBuilding C object CMakeFiles/yolov8_msgs__rosidl_generator_py.dir/rosidl_generator_py/yolov8_msgs/msg/_pose2_d_s.c.o[0m
[ 90%] [32mBuilding C object CMakeFiles/yolov8_msgs__rosidl_generator_py.dir/rosidl_generator_py/yolov8_msgs/msg/_mask_s.c.o[0m
running egg_info
[ 91%] [32mBuilding C object CMakeFiles/yolov8_msgs__rosidl_generator_py.dir/rosidl_generator_py/yolov8_msgs/msg/_key_point2_d_array_s.c.o[0m
[ 91%] [32mBuilding C object CMakeFiles/yolov8_msgs__rosidl_generator_py.dir/rosidl_generator_py/yolov8_msgs/msg/_key_point3_d_array_s.c.o[0m
[ 92%] [32mBuilding C object CMakeFiles/yolov8_msgs__rosidl_generator_py.dir/rosidl_generator_py/yolov8_msgs/msg/_detection_s.c.o[0m
[ 93%] [32mBuilding C object CMakeFiles/yolov8_msgs__rosidl_generator_py.dir/rosidl_generator_py/yolov8_msgs/msg/_detection_array_s.c.o[0m
[ 94%] [32mBuilding C object CMakeFiles/yolov8_msgs__rosidl_generator_py.dir/rosidl_generator_py/yolov8_msgs/msg/_key_point3_d_s.c.o[0m
writing yolov8_msgs.egg-info/PKG-INFO
writing dependency_links to yolov8_msgs.egg-info/dependency_links.txt
writing top-level names to yolov8_msgs.egg-info/top_level.txt
reading manifest file 'yolov8_msgs.egg-info/SOURCES.txt'
Traceback (most recent call last):
  File "/home/carlosmello/ws/build/yolov8_msgs/ament_cmake_python/yolov8_msgs/setup.py", line 4, in <module>
    setup(
  File "/home/carlosmello/.local/lib/python3.10/site-packages/setuptools/__init__.py", line 117, in setup
    return distutils.core.setup(**attrs)
  File "/home/carlosmello/.local/lib/python3.10/site-packages/setuptools/_distutils/core.py", line 183, in setup
    return run_commands(dist)
  File "/home/carlosmello/.local/lib/python3.10/site-packages/setuptools/_distutils/core.py", line 199, in run_commands
    dist.run_commands()
  File "/home/carlosmello/.local/lib/python3.10/site-packages/setuptools/_distutils/dist.py", line 954, in run_commands
    self.run_command(cmd)
  File "/home/carlosmello/.local/lib/python3.10/site-packages/setuptools/dist.py", line 991, in run_command
    super().run_command(command)
  File "/home/carlosmello/.local/lib/python3.10/site-packages/setuptools/_distutils/dist.py", line 973, in run_command
    cmd_obj.run()
  File "/home/carlosmello/.local/lib/python3.10/site-packages/setuptools/command/egg_info.py", line 315, in run
    self.find_sources()
  File "/home/carlosmello/.local/lib/python3.10/site-packages/setuptools/command/egg_info.py", line 323, in find_sources
    mm.run()
  File "/home/carlosmello/.local/lib/python3.10/site-packages/setuptools/command/egg_info.py", line 549, in run
    self.prune_file_list()
  File "/home/carlosmello/.local/lib/python3.10/site-packages/setuptools/command/sdist.py", line 161, in prune_file_list
    super().prune_file_list()
  File "/home/carlosmello/.local/lib/python3.10/site-packages/setuptools/_distutils/command/sdist.py", line 380, in prune_file_list
    base_dir = self.distribution.get_fullname()
  File "/home/carlosmello/.local/lib/python3.10/site-packages/setuptools/_core_metadata.py", line 267, in get_fullname
    return _distribution_fullname(self.get_name(), self.get_version())
  File "/home/carlosmello/.local/lib/python3.10/site-packages/setuptools/_core_metadata.py", line 285, in _distribution_fullname
    canonicalize_version(version, strip_trailing_zero=False),
TypeError: canonicalize_version() got an unexpected keyword argument 'strip_trailing_zero'
[ 95%] [32m[1mLinking C shared library rosidl_generator_py/yolov8_msgs/libyolov8_msgs__rosidl_generator_py.so[0m
gmake[2]: *** [CMakeFiles/ament_cmake_python_build_yolov8_msgs_egg.dir/build.make:70: CMakeFiles/ament_cmake_python_build_yolov8_msgs_egg] Erro 1
gmake[1]: *** [CMakeFiles/Makefile2:447: CMakeFiles/ament_cmake_python_build_yolov8_msgs_egg.dir/all] Erro 2
gmake[1]: ** Esperando que outros processos terminem.
[ 95%] Built target yolov8_msgs__rosidl_generator_py
gmake: *** [Makefile:146: all] Erro 2
