[0.017s] Invoking command in '/home/carlosmello/ws/build/yolov8_msgs': CMAKE_PREFIX_PATH=/opt/ros/humble /usr/bin/cmake --build /home/carlosmello/ws/build/yolov8_msgs -- -j8 -l8
[0.108s] [  0%] Built target yolov8_msgs__cpp
[0.123s] [  0%] Built target ament_cmake_python_copy_yolov8_msgs
[0.125s] [ 12%] Built target yolov8_msgs__rosidl_generator_c
[0.157s] [ 32%] Built target yolov8_msgs__rosidl_typesupport_cpp
[0.157s] [ 36%] Built target yolov8_msgs__rosidl_typesupport_introspection_cpp
[0.163s] [ 47%] Built target yolov8_msgs__rosidl_typesupport_fastrtps_cpp
[0.165s] [ 59%] Built target yolov8_msgs__rosidl_typesupport_c
[0.172s] [ 73%] Built target yolov8_msgs__rosidl_typesupport_introspection_c
[0.172s] [ 83%] Built target yolov8_msgs__rosidl_typesupport_fastrtps_c
[0.192s] [ 83%] Built target yolov8_msgs
[0.213s] [ 84%] Built target yolov8_msgs__py
[0.237s] [ 86%] [32mBuilding C object CMakeFiles/yolov8_msgs__rosidl_generator_py.dir/rosidl_generator_py/yolov8_msgs/msg/_bounding_box3_d_s.c.o[0m
[0.237s] [ 86%] [32mBuilding C object CMakeFiles/yolov8_msgs__rosidl_generator_py.dir/rosidl_generator_py/yolov8_msgs/msg/_point2_d_s.c.o[0m
[0.237s] [ 87%] [32mBuilding C object CMakeFiles/yolov8_msgs__rosidl_generator_py.dir/rosidl_generator_py/yolov8_msgs/msg/_vector2_s.c.o[0m
[0.237s] [ 88%] [32mBuilding C object CMakeFiles/yolov8_msgs__rosidl_generator_py.dir/rosidl_generator_py/yolov8_msgs/msg/_bounding_box2_d_s.c.o[0m
[0.237s] [ 89%] [32mBuilding C object CMakeFiles/yolov8_msgs__rosidl_generator_py.dir/rosidl_generator_py/yolov8_msgs/msg/_key_point2_d_s.c.o[0m
[0.239s] [ 89%] [32mBuilding C object CMakeFiles/yolov8_msgs__rosidl_generator_py.dir/rosidl_generator_py/yolov8_msgs/msg/_pose2_d_s.c.o[0m
[0.241s] [ 90%] [32mBuilding C object CMakeFiles/yolov8_msgs__rosidl_generator_py.dir/rosidl_generator_py/yolov8_msgs/msg/_mask_s.c.o[0m
[0.511s] running egg_info
[0.540s] [ 91%] [32mBuilding C object CMakeFiles/yolov8_msgs__rosidl_generator_py.dir/rosidl_generator_py/yolov8_msgs/msg/_key_point2_d_array_s.c.o[0m
[0.540s] [ 91%] [32mBuilding C object CMakeFiles/yolov8_msgs__rosidl_generator_py.dir/rosidl_generator_py/yolov8_msgs/msg/_key_point3_d_array_s.c.o[0m
[0.540s] [ 92%] [32mBuilding C object CMakeFiles/yolov8_msgs__rosidl_generator_py.dir/rosidl_generator_py/yolov8_msgs/msg/_detection_s.c.o[0m
[0.543s] [ 93%] [32mBuilding C object CMakeFiles/yolov8_msgs__rosidl_generator_py.dir/rosidl_generator_py/yolov8_msgs/msg/_detection_array_s.c.o[0m
[0.544s] [ 94%] [32mBuilding C object CMakeFiles/yolov8_msgs__rosidl_generator_py.dir/rosidl_generator_py/yolov8_msgs/msg/_key_point3_d_s.c.o[0m
[0.550s] writing yolov8_msgs.egg-info/PKG-INFO
[0.552s] writing dependency_links to yolov8_msgs.egg-info/dependency_links.txt
[0.552s] writing top-level names to yolov8_msgs.egg-info/top_level.txt
[0.667s] reading manifest file 'yolov8_msgs.egg-info/SOURCES.txt'
[0.695s] Traceback (most recent call last):
[0.695s]   File "/home/carlosmello/ws/build/yolov8_msgs/ament_cmake_python/yolov8_msgs/setup.py", line 4, in <module>
[0.695s]     setup(
[0.696s]   File "/home/carlosmello/.local/lib/python3.10/site-packages/setuptools/__init__.py", line 117, in setup
[0.696s]     return distutils.core.setup(**attrs)
[0.696s]   File "/home/carlosmello/.local/lib/python3.10/site-packages/setuptools/_distutils/core.py", line 183, in setup
[0.696s]     return run_commands(dist)
[0.696s]   File "/home/carlosmello/.local/lib/python3.10/site-packages/setuptools/_distutils/core.py", line 199, in run_commands
[0.696s]     dist.run_commands()
[0.696s]   File "/home/carlosmello/.local/lib/python3.10/site-packages/setuptools/_distutils/dist.py", line 954, in run_commands
[0.696s]     self.run_command(cmd)
[0.696s]   File "/home/carlosmello/.local/lib/python3.10/site-packages/setuptools/dist.py", line 991, in run_command
[0.697s]     super().run_command(command)
[0.697s]   File "/home/carlosmello/.local/lib/python3.10/site-packages/setuptools/_distutils/dist.py", line 973, in run_command
[0.697s]     cmd_obj.run()
[0.697s]   File "/home/carlosmello/.local/lib/python3.10/site-packages/setuptools/command/egg_info.py", line 315, in run
[0.697s]     self.find_sources()
[0.697s]   File "/home/carlosmello/.local/lib/python3.10/site-packages/setuptools/command/egg_info.py", line 323, in find_sources
[0.697s]     mm.run()
[0.697s]   File "/home/carlosmello/.local/lib/python3.10/site-packages/setuptools/command/egg_info.py", line 549, in run
[0.698s]     self.prune_file_list()
[0.698s]   File "/home/carlosmello/.local/lib/python3.10/site-packages/setuptools/command/sdist.py", line 161, in prune_file_list
[0.698s]     super().prune_file_list()
[0.698s]   File "/home/carlosmello/.local/lib/python3.10/site-packages/setuptools/_distutils/command/sdist.py", line 380, in prune_file_list
[0.698s]     base_dir = self.distribution.get_fullname()
[0.698s]   File "/home/carlosmello/.local/lib/python3.10/site-packages/setuptools/_core_metadata.py", line 267, in get_fullname
[0.698s]     return _distribution_fullname(self.get_name(), self.get_version())
[0.698s]   File "/home/carlosmello/.local/lib/python3.10/site-packages/setuptools/_core_metadata.py", line 285, in _distribution_fullname
[0.698s]     canonicalize_version(version, strip_trailing_zero=False),
[0.699s] TypeError: canonicalize_version() got an unexpected keyword argument 'strip_trailing_zero'
[0.717s] [ 95%] [32m[1mLinking C shared library rosidl_generator_py/yolov8_msgs/libyolov8_msgs__rosidl_generator_py.so[0m
[0.737s] gmake[2]: *** [CMakeFiles/ament_cmake_python_build_yolov8_msgs_egg.dir/build.make:70: CMakeFiles/ament_cmake_python_build_yolov8_msgs_egg] Erro 1
[0.737s] gmake[1]: *** [CMakeFiles/Makefile2:447: CMakeFiles/ament_cmake_python_build_yolov8_msgs_egg.dir/all] Erro 2
[0.737s] gmake[1]: ** Esperando que outros processos terminem.
[0.777s] [ 95%] Built target yolov8_msgs__rosidl_generator_py
[0.777s] gmake: *** [Makefile:146: all] Erro 2
[0.779s] Invoked command in '/home/carlosmello/ws/build/yolov8_msgs' returned '2': CMAKE_PREFIX_PATH=/opt/ros/humble /usr/bin/cmake --build /home/carlosmello/ws/build/yolov8_msgs -- -j8 -l8
