[0.009s] Invoking command in '/home/carlosmello/ws/build/perception': CMAKE_PREFIX_PATH=${CMAKE_PREFIX_PATH}:/opt/ros/humble /usr/bin/cmake /home/carlosmello/ws/src/Perception -DCMAKE_INSTALL_PREFIX=/home/carlosmello/ws/install/perception
[0.123s] -- The C compiler identification is GNU 11.4.0
[0.228s] -- The CXX compiler identification is GNU 11.4.0
[0.235s] -- Detecting C compiler ABI info
[0.298s] -- Detecting C compiler ABI info - done
[0.305s] -- Check for working C compiler: /usr/bin/cc - skipped
[0.305s] -- Detecting C compile features
[0.306s] -- Detecting C compile features - done
[0.309s] -- Detecting CXX compiler ABI info
[0.383s] -- Detecting CXX compiler ABI info - done
[0.392s] -- Check for working CXX compiler: /usr/bin/c++ - skipped
[0.392s] -- Detecting CXX compile features
[0.392s] -- Detecting CXX compile features - done
[0.401s] -- Found ament_cmake: 1.3.10 (/opt/ros/humble/share/ament_cmake/cmake)
[0.539s] -- Found Python3: /usr/bin/python3 (found version "3.10.12") found components: Interpreter 
[0.612s] -- Found sensor_msgs: 4.2.4 (/opt/ros/humble/share/sensor_msgs/cmake)
[0.643s] -- Found rosidl_generator_c: 3.1.5 (/opt/ros/humble/share/rosidl_generator_c/cmake)
[0.648s] -- Found rosidl_adapter: 3.1.5 (/opt/ros/humble/share/rosidl_adapter/cmake)
[0.655s] -- Found rosidl_generator_cpp: 3.1.5 (/opt/ros/humble/share/rosidl_generator_cpp/cmake)
[0.667s] -- Using all available rosidl_typesupport_c: rosidl_typesupport_fastrtps_c;rosidl_typesupport_introspection_c
[0.681s] -- Using all available rosidl_typesupport_cpp: rosidl_typesupport_fastrtps_cpp;rosidl_typesupport_introspection_cpp
[0.738s] -- Found ament_lint_auto: 0.12.11 (/opt/ros/humble/share/ament_lint_auto/cmake)
[0.806s] -- Added test 'flake8' to check Python code syntax and style conventions
[0.806s] -- Added test 'lint_cmake' to check CMake code style
[0.807s] -- Added test 'pep257' to check Python code against some of the docstring style conventions in PEP 257
[0.808s] -- Added test 'xmllint' to check XML markup files
[0.809s] -- Configuring done
[0.812s] -- Generating done
[0.813s] -- Build files have been written to: /home/carlosmello/ws/build/perception
[0.820s] Invoked command in '/home/carlosmello/ws/build/perception' returned '0': CMAKE_PREFIX_PATH=${CMAKE_PREFIX_PATH}:/opt/ros/humble /usr/bin/cmake /home/carlosmello/ws/src/Perception -DCMAKE_INSTALL_PREFIX=/home/carlosmello/ws/install/perception
[0.821s] Invoking command in '/home/carlosmello/ws/build/perception': CMAKE_PREFIX_PATH=${CMAKE_PREFIX_PATH}:/opt/ros/humble /usr/bin/cmake --build /home/carlosmello/ws/build/perception -- -j8 -l8
[0.854s] Invoked command in '/home/carlosmello/ws/build/perception' returned '0': CMAKE_PREFIX_PATH=${CMAKE_PREFIX_PATH}:/opt/ros/humble /usr/bin/cmake --build /home/carlosmello/ws/build/perception -- -j8 -l8
[0.881s] Invoking command in '/home/carlosmello/ws/build/perception': CMAKE_PREFIX_PATH=${CMAKE_PREFIX_PATH}:/opt/ros/humble /usr/bin/cmake --install /home/carlosmello/ws/build/perception
[0.887s] -- Install configuration: ""
[0.887s] -- Installing: /home/carlosmello/ws/install/perception/lib/perception/image_subscriber.py
[0.887s] -- Up-to-date: /home/carlosmello/ws/install/perception/lib/perception
[0.888s] -- Installing: /home/carlosmello/ws/install/perception/lib/perception/__init__.py
[0.888s] -- Installing: /home/carlosmello/ws/install/perception/lib/perception/cone_detection.py
[0.888s] -- Installing: /home/carlosmello/ws/install/perception/share/ament_index/resource_index/package_run_dependencies/perception
[0.888s] -- Installing: /home/carlosmello/ws/install/perception/share/ament_index/resource_index/parent_prefix_path/perception
[0.888s] -- Installing: /home/carlosmello/ws/install/perception/share/perception/environment/ament_prefix_path.sh
[0.888s] -- Installing: /home/carlosmello/ws/install/perception/share/perception/environment/ament_prefix_path.dsv
[0.888s] -- Installing: /home/carlosmello/ws/install/perception/share/perception/environment/path.sh
[0.889s] -- Installing: /home/carlosmello/ws/install/perception/share/perception/environment/path.dsv
[0.889s] -- Installing: /home/carlosmello/ws/install/perception/share/perception/local_setup.bash
[0.889s] -- Installing: /home/carlosmello/ws/install/perception/share/perception/local_setup.sh
[0.889s] -- Installing: /home/carlosmello/ws/install/perception/share/perception/local_setup.zsh
[0.889s] -- Installing: /home/carlosmello/ws/install/perception/share/perception/local_setup.dsv
[0.889s] -- Installing: /home/carlosmello/ws/install/perception/share/perception/package.dsv
[0.890s] -- Installing: /home/carlosmello/ws/install/perception/share/ament_index/resource_index/packages/perception
[0.890s] -- Installing: /home/carlosmello/ws/install/perception/share/perception/cmake/perceptionConfig.cmake
[0.890s] -- Installing: /home/carlosmello/ws/install/perception/share/perception/cmake/perceptionConfig-version.cmake
[0.890s] -- Installing: /home/carlosmello/ws/install/perception/share/perception/package.xml
[0.892s] Invoked command in '/home/carlosmello/ws/build/perception' returned '0': CMAKE_PREFIX_PATH=${CMAKE_PREFIX_PATH}:/opt/ros/humble /usr/bin/cmake --install /home/carlosmello/ws/build/perception
