[0.008s] Invoking command in '/home/carlosmello/ws/build/perception': CMAKE_PREFIX_PATH=/opt/ros/humble /usr/bin/cmake /home/carlosmello/ws/src/Perception -DCMAKE_INSTALL_PREFIX=/home/carlosmello/ws/install/perception
[0.124s] -- The C compiler identification is GNU 11.4.0
[0.225s] -- The CXX compiler identification is GNU 11.4.0
[0.234s] -- Detecting C compiler ABI info
[0.297s] -- Detecting C compiler ABI info - done
[0.304s] -- Check for working C compiler: /usr/bin/cc - skipped
[0.305s] -- Detecting C compile features
[0.306s] -- Detecting C compile features - done
[0.309s] -- Detecting CXX compiler ABI info
[0.382s] -- Detecting CXX compiler ABI info - done
[0.389s] -- Check for working CXX compiler: /usr/bin/c++ - skipped
[0.390s] -- Detecting CXX compile features
[0.390s] -- Detecting CXX compile features - done
[0.393s] -- Found ament_cmake: 1.3.10 (/opt/ros/humble/share/ament_cmake/cmake)
[0.775s] -- Found Python3: /usr/bin/python3 (found version "3.10.12") found components: Interpreter 
[0.869s] -- Found sensor_msgs: 4.2.4 (/opt/ros/humble/share/sensor_msgs/cmake)
[0.904s] -- Found rosidl_generator_c: 3.1.5 (/opt/ros/humble/share/rosidl_generator_c/cmake)
[0.908s] -- Found rosidl_adapter: 3.1.5 (/opt/ros/humble/share/rosidl_adapter/cmake)
[0.916s] -- Found rosidl_generator_cpp: 3.1.5 (/opt/ros/humble/share/rosidl_generator_cpp/cmake)
[0.931s] -- Using all available rosidl_typesupport_c: rosidl_typesupport_fastrtps_c;rosidl_typesupport_introspection_c
[0.946s] -- Using all available rosidl_typesupport_cpp: rosidl_typesupport_fastrtps_cpp;rosidl_typesupport_introspection_cpp
[1.015s] -- Found ament_lint_auto: 0.12.11 (/opt/ros/humble/share/ament_lint_auto/cmake)
[1.092s] -- Added test 'flake8' to check Python code syntax and style conventions
[1.092s] -- Added test 'lint_cmake' to check CMake code style
[1.093s] -- Added test 'pep257' to check Python code against some of the docstring style conventions in PEP 257
[1.094s] -- Added test 'xmllint' to check XML markup files
[1.096s] -- Configuring done
[1.099s] -- Generating done
[1.100s] -- Build files have been written to: /home/carlosmello/ws/build/perception
[1.106s] Invoked command in '/home/carlosmello/ws/build/perception' returned '0': CMAKE_PREFIX_PATH=/opt/ros/humble /usr/bin/cmake /home/carlosmello/ws/src/Perception -DCMAKE_INSTALL_PREFIX=/home/carlosmello/ws/install/perception
[1.108s] Invoking command in '/home/carlosmello/ws/build/perception': CMAKE_PREFIX_PATH=/opt/ros/humble /usr/bin/cmake --build /home/carlosmello/ws/build/perception -- -j8 -l8
[1.143s] Invoked command in '/home/carlosmello/ws/build/perception' returned '0': CMAKE_PREFIX_PATH=/opt/ros/humble /usr/bin/cmake --build /home/carlosmello/ws/build/perception -- -j8 -l8
[1.170s] Invoking command in '/home/carlosmello/ws/build/perception': CMAKE_PREFIX_PATH=/opt/ros/humble /usr/bin/cmake --install /home/carlosmello/ws/build/perception
[1.176s] -- Install configuration: ""
[1.176s] -- Installing: /home/carlosmello/ws/install/perception/lib/perception/image_subscriber.py
[1.176s] -- Up-to-date: /home/carlosmello/ws/install/perception/lib/perception
[1.176s] -- Installing: /home/carlosmello/ws/install/perception/lib/perception/__init__.py
[1.176s] -- Installing: /home/carlosmello/ws/install/perception/lib/perception/cone_detection.py
[1.177s] -- Installing: /home/carlosmello/ws/install/perception/share/ament_index/resource_index/package_run_dependencies/perception
[1.177s] -- Installing: /home/carlosmello/ws/install/perception/share/ament_index/resource_index/parent_prefix_path/perception
[1.177s] -- Installing: /home/carlosmello/ws/install/perception/share/perception/environment/ament_prefix_path.sh
[1.177s] -- Installing: /home/carlosmello/ws/install/perception/share/perception/environment/ament_prefix_path.dsv
[1.177s] -- Installing: /home/carlosmello/ws/install/perception/share/perception/environment/path.sh
[1.178s] -- Installing: /home/carlosmello/ws/install/perception/share/perception/environment/path.dsv
[1.178s] -- Installing: /home/carlosmello/ws/install/perception/share/perception/local_setup.bash
[1.178s] -- Installing: /home/carlosmello/ws/install/perception/share/perception/local_setup.sh
[1.178s] -- Installing: /home/carlosmello/ws/install/perception/share/perception/local_setup.zsh
[1.179s] -- Installing: /home/carlosmello/ws/install/perception/share/perception/local_setup.dsv
[1.179s] -- Installing: /home/carlosmello/ws/install/perception/share/perception/package.dsv
[1.179s] -- Installing: /home/carlosmello/ws/install/perception/share/ament_index/resource_index/packages/perception
[1.179s] -- Installing: /home/carlosmello/ws/install/perception/share/perception/cmake/perceptionConfig.cmake
[1.179s] -- Installing: /home/carlosmello/ws/install/perception/share/perception/cmake/perceptionConfig-version.cmake
[1.179s] -- Installing: /home/carlosmello/ws/install/perception/share/perception/package.xml
[1.180s] Invoked command in '/home/carlosmello/ws/build/perception' returned '0': CMAKE_PREFIX_PATH=/opt/ros/humble /usr/bin/cmake --install /home/carlosmello/ws/build/perception
