[0.069s] Invoking command in '/home/carlosmello/ws/build/yolov8_msgs': CMAKE_PREFIX_PATH=${CMAKE_PREFIX_PATH}:/opt/ros/humble /usr/bin/cmake --build /home/carlosmello/ws/build/yolov8_msgs -- -j8 -l8
[0.240s] [  2%] Built target yolov8_msgs__cpp
[0.311s] [  2%] Built target ament_cmake_python_copy_yolov8_msgs
[0.393s] [ 12%] Built target yolov8_msgs__rosidl_typesupport_introspection_cpp
[0.846s] running egg_info
[0.887s] writing yolov8_msgs.egg-info/PKG-INFO
[0.887s] writing dependency_links to yolov8_msgs.egg-info/dependency_links.txt
[0.890s] writing top-level names to yolov8_msgs.egg-info/top_level.txt
[0.998s] reading manifest file 'yolov8_msgs.egg-info/SOURCES.txt'
[1.000s] writing manifest file 'yolov8_msgs.egg-info/SOURCES.txt'
[1.076s] [ 12%] Built target ament_cmake_python_build_yolov8_msgs_egg
[1.126s] [ 23%] Built target yolov8_msgs__rosidl_typesupport_fastrtps_cpp
[1.193s] [ 33%] Built target yolov8_msgs__rosidl_typesupport_cpp
[1.244s] [ 43%] Built target yolov8_msgs__rosidl_generator_c
[1.289s] [ 53%] Built target yolov8_msgs__rosidl_typesupport_fastrtps_c
[1.334s] [ 64%] Built target yolov8_msgs__rosidl_typesupport_c
[1.375s] [ 74%] Built target yolov8_msgs__rosidl_typesupport_introspection_c
[1.414s] [ 74%] Built target yolov8_msgs
[1.487s] [ 76%] Built target yolov8_msgs__py
[1.553s] [ 84%] Built target yolov8_msgs__rosidl_generator_py
[1.601s] [ 89%] Built target yolov8_msgs__rosidl_typesupport_fastrtps_c__pyext
[1.655s] [ 94%] Built target yolov8_msgs__rosidl_typesupport_c__pyext
[1.705s] [100%] Built target yolov8_msgs__rosidl_typesupport_introspection_c__pyext
[1.731s] Invoked command in '/home/carlosmello/ws/build/yolov8_msgs' returned '0': CMAKE_PREFIX_PATH=${CMAKE_PREFIX_PATH}:/opt/ros/humble /usr/bin/cmake --build /home/carlosmello/ws/build/yolov8_msgs -- -j8 -l8
[1.936s] Invoking command in '/home/carlosmello/ws/build/yolov8_msgs': CMAKE_PREFIX_PATH=${CMAKE_PREFIX_PATH}:/opt/ros/humble /usr/bin/cmake --install /home/carlosmello/ws/build/yolov8_msgs
[1.952s] -- Install configuration: ""
[1.952s] -- Up-to-date: /home/carlosmello/ws/install/yolov8_msgs/share/ament_index/resource_index/rosidl_interfaces/yolov8_msgs
[1.953s] -- Up-to-date: /home/carlosmello/ws/install/yolov8_msgs/include/yolov8_msgs/yolov8_msgs
[1.953s] -- Up-to-date: /home/carlosmello/ws/install/yolov8_msgs/include/yolov8_msgs/yolov8_msgs/msg
[1.953s] -- Up-to-date: /home/carlosmello/ws/install/yolov8_msgs/include/yolov8_msgs/yolov8_msgs/msg/rosidl_generator_c__visibility_control.h
[1.953s] -- Up-to-date: /home/carlosmello/ws/install/yolov8_msgs/include/yolov8_msgs/yolov8_msgs/msg/inference_result.h
[1.953s] -- Up-to-date: /home/carlosmello/ws/install/yolov8_msgs/include/yolov8_msgs/yolov8_msgs/msg/yolov8_inference.h
[1.953s] -- Up-to-date: /home/carlosmello/ws/install/yolov8_msgs/include/yolov8_msgs/yolov8_msgs/msg/detail
[1.954s] -- Up-to-date: /home/carlosmello/ws/install/yolov8_msgs/include/yolov8_msgs/yolov8_msgs/msg/detail/inference_result__struct.h
[1.954s] -- Up-to-date: /home/carlosmello/ws/install/yolov8_msgs/include/yolov8_msgs/yolov8_msgs/msg/detail/inference_result__functions.h
[1.954s] -- Up-to-date: /home/carlosmello/ws/install/yolov8_msgs/include/yolov8_msgs/yolov8_msgs/msg/detail/yolov8_inference__type_support.h
[1.954s] -- Up-to-date: /home/carlosmello/ws/install/yolov8_msgs/include/yolov8_msgs/yolov8_msgs/msg/detail/inference_result__type_support.h
[1.954s] -- Up-to-date: /home/carlosmello/ws/install/yolov8_msgs/include/yolov8_msgs/yolov8_msgs/msg/detail/yolov8_inference__functions.c
[1.954s] -- Up-to-date: /home/carlosmello/ws/install/yolov8_msgs/include/yolov8_msgs/yolov8_msgs/msg/detail/inference_result__functions.c
[1.954s] -- Up-to-date: /home/carlosmello/ws/install/yolov8_msgs/include/yolov8_msgs/yolov8_msgs/msg/detail/yolov8_inference__functions.h
[1.954s] -- Up-to-date: /home/carlosmello/ws/install/yolov8_msgs/include/yolov8_msgs/yolov8_msgs/msg/detail/yolov8_inference__struct.h
[1.954s] -- Up-to-date: /home/carlosmello/ws/install/yolov8_msgs/share/yolov8_msgs/environment/library_path.sh
[1.954s] -- Up-to-date: /home/carlosmello/ws/install/yolov8_msgs/share/yolov8_msgs/environment/library_path.dsv
[1.955s] -- Up-to-date: /home/carlosmello/ws/install/yolov8_msgs/lib/libyolov8_msgs__rosidl_generator_c.so
[1.955s] -- Up-to-date: /home/carlosmello/ws/install/yolov8_msgs/include/yolov8_msgs/yolov8_msgs
[1.955s] -- Up-to-date: /home/carlosmello/ws/install/yolov8_msgs/include/yolov8_msgs/yolov8_msgs/msg
[1.955s] -- Up-to-date: /home/carlosmello/ws/install/yolov8_msgs/include/yolov8_msgs/yolov8_msgs/msg/rosidl_typesupport_fastrtps_c__visibility_control.h
[1.959s] -- Up-to-date: /home/carlosmello/ws/install/yolov8_msgs/include/yolov8_msgs/yolov8_msgs/msg/detail
[1.960s] -- Up-to-date: /home/carlosmello/ws/install/yolov8_msgs/include/yolov8_msgs/yolov8_msgs/msg/detail/inference_result__rosidl_typesupport_fastrtps_c.h
[1.960s] -- Up-to-date: /home/carlosmello/ws/install/yolov8_msgs/include/yolov8_msgs/yolov8_msgs/msg/detail/yolov8_inference__rosidl_typesupport_fastrtps_c.h
[1.960s] -- Up-to-date: /home/carlosmello/ws/install/yolov8_msgs/lib/libyolov8_msgs__rosidl_typesupport_fastrtps_c.so
[1.960s] -- Up-to-date: /home/carlosmello/ws/install/yolov8_msgs/include/yolov8_msgs/yolov8_msgs
[1.960s] -- Up-to-date: /home/carlosmello/ws/install/yolov8_msgs/include/yolov8_msgs/yolov8_msgs/msg
[1.960s] -- Up-to-date: /home/carlosmello/ws/install/yolov8_msgs/include/yolov8_msgs/yolov8_msgs/msg/inference_result.hpp
[1.960s] -- Up-to-date: /home/carlosmello/ws/install/yolov8_msgs/include/yolov8_msgs/yolov8_msgs/msg/yolov8_inference.hpp
[1.960s] -- Up-to-date: /home/carlosmello/ws/install/yolov8_msgs/include/yolov8_msgs/yolov8_msgs/msg/detail
[1.960s] -- Up-to-date: /home/carlosmello/ws/install/yolov8_msgs/include/yolov8_msgs/yolov8_msgs/msg/detail/inference_result__traits.hpp
[1.960s] -- Up-to-date: /home/carlosmello/ws/install/yolov8_msgs/include/yolov8_msgs/yolov8_msgs/msg/detail/inference_result__struct.hpp
[1.961s] -- Up-to-date: /home/carlosmello/ws/install/yolov8_msgs/include/yolov8_msgs/yolov8_msgs/msg/detail/yolov8_inference__traits.hpp
[1.961s] -- Up-to-date: /home/carlosmello/ws/install/yolov8_msgs/include/yolov8_msgs/yolov8_msgs/msg/detail/yolov8_inference__struct.hpp
[1.961s] -- Up-to-date: /home/carlosmello/ws/install/yolov8_msgs/include/yolov8_msgs/yolov8_msgs/msg/detail/inference_result__builder.hpp
[1.961s] -- Up-to-date: /home/carlosmello/ws/install/yolov8_msgs/include/yolov8_msgs/yolov8_msgs/msg/detail/yolov8_inference__builder.hpp
[1.961s] -- Up-to-date: /home/carlosmello/ws/install/yolov8_msgs/include/yolov8_msgs/yolov8_msgs
[1.961s] -- Up-to-date: /home/carlosmello/ws/install/yolov8_msgs/include/yolov8_msgs/yolov8_msgs/msg
[1.961s] -- Up-to-date: /home/carlosmello/ws/install/yolov8_msgs/include/yolov8_msgs/yolov8_msgs/msg/rosidl_typesupport_fastrtps_cpp__visibility_control.h
[1.961s] -- Up-to-date: /home/carlosmello/ws/install/yolov8_msgs/include/yolov8_msgs/yolov8_msgs/msg/detail
[1.961s] -- Up-to-date: /home/carlosmello/ws/install/yolov8_msgs/include/yolov8_msgs/yolov8_msgs/msg/detail/yolov8_inference__rosidl_typesupport_fastrtps_cpp.hpp
[1.961s] -- Up-to-date: /home/carlosmello/ws/install/yolov8_msgs/include/yolov8_msgs/yolov8_msgs/msg/detail/inference_result__rosidl_typesupport_fastrtps_cpp.hpp
[1.961s] -- Up-to-date: /home/carlosmello/ws/install/yolov8_msgs/include/yolov8_msgs/yolov8_msgs/msg/detail/dds_fastrtps
[1.962s] -- Up-to-date: /home/carlosmello/ws/install/yolov8_msgs/lib/libyolov8_msgs__rosidl_typesupport_fastrtps_cpp.so
[1.962s] -- Up-to-date: /home/carlosmello/ws/install/yolov8_msgs/include/yolov8_msgs/yolov8_msgs
[1.962s] -- Up-to-date: /home/carlosmello/ws/install/yolov8_msgs/include/yolov8_msgs/yolov8_msgs/msg
[1.962s] -- Up-to-date: /home/carlosmello/ws/install/yolov8_msgs/include/yolov8_msgs/yolov8_msgs/msg/rosidl_typesupport_introspection_c__visibility_control.h
[1.962s] -- Up-to-date: /home/carlosmello/ws/install/yolov8_msgs/include/yolov8_msgs/yolov8_msgs/msg/detail
[1.962s] -- Up-to-date: /home/carlosmello/ws/install/yolov8_msgs/include/yolov8_msgs/yolov8_msgs/msg/detail/inference_result__rosidl_typesupport_introspection_c.h
[1.962s] -- Up-to-date: /home/carlosmello/ws/install/yolov8_msgs/include/yolov8_msgs/yolov8_msgs/msg/detail/yolov8_inference__type_support.c
[1.962s] -- Up-to-date: /home/carlosmello/ws/install/yolov8_msgs/include/yolov8_msgs/yolov8_msgs/msg/detail/yolov8_inference__rosidl_typesupport_introspection_c.h
[1.962s] -- Up-to-date: /home/carlosmello/ws/install/yolov8_msgs/include/yolov8_msgs/yolov8_msgs/msg/detail/inference_result__type_support.c
[1.962s] -- Up-to-date: /home/carlosmello/ws/install/yolov8_msgs/lib/libyolov8_msgs__rosidl_typesupport_introspection_c.so
[1.962s] -- Up-to-date: /home/carlosmello/ws/install/yolov8_msgs/lib/libyolov8_msgs__rosidl_typesupport_c.so
[1.962s] -- Up-to-date: /home/carlosmello/ws/install/yolov8_msgs/include/yolov8_msgs/yolov8_msgs
[1.963s] -- Up-to-date: /home/carlosmello/ws/install/yolov8_msgs/include/yolov8_msgs/yolov8_msgs/msg
[1.963s] -- Up-to-date: /home/carlosmello/ws/install/yolov8_msgs/include/yolov8_msgs/yolov8_msgs/msg/detail
[1.963s] -- Up-to-date: /home/carlosmello/ws/install/yolov8_msgs/include/yolov8_msgs/yolov8_msgs/msg/detail/inference_result__rosidl_typesupport_introspection_cpp.hpp
[1.963s] -- Up-to-date: /home/carlosmello/ws/install/yolov8_msgs/include/yolov8_msgs/yolov8_msgs/msg/detail/yolov8_inference__type_support.cpp
[1.963s] -- Up-to-date: /home/carlosmello/ws/install/yolov8_msgs/include/yolov8_msgs/yolov8_msgs/msg/detail/yolov8_inference__rosidl_typesupport_introspection_cpp.hpp
[1.963s] -- Up-to-date: /home/carlosmello/ws/install/yolov8_msgs/include/yolov8_msgs/yolov8_msgs/msg/detail/inference_result__type_support.cpp
[1.963s] -- Up-to-date: /home/carlosmello/ws/install/yolov8_msgs/lib/libyolov8_msgs__rosidl_typesupport_introspection_cpp.so
[1.963s] -- Up-to-date: /home/carlosmello/ws/install/yolov8_msgs/lib/libyolov8_msgs__rosidl_typesupport_cpp.so
[1.963s] -- Up-to-date: /home/carlosmello/ws/install/yolov8_msgs/share/yolov8_msgs/environment/pythonpath.sh
[1.963s] -- Up-to-date: /home/carlosmello/ws/install/yolov8_msgs/share/yolov8_msgs/environment/pythonpath.dsv
[1.963s] -- Up-to-date: /home/carlosmello/ws/install/yolov8_msgs/local/lib/python3.10/dist-packages/yolov8_msgs-0.0.0-py3.10.egg-info
[1.963s] -- Installing: /home/carlosmello/ws/install/yolov8_msgs/local/lib/python3.10/dist-packages/yolov8_msgs-0.0.0-py3.10.egg-info/top_level.txt
[1.964s] -- Installing: /home/carlosmello/ws/install/yolov8_msgs/local/lib/python3.10/dist-packages/yolov8_msgs-0.0.0-py3.10.egg-info/SOURCES.txt
[1.964s] -- Installing: /home/carlosmello/ws/install/yolov8_msgs/local/lib/python3.10/dist-packages/yolov8_msgs-0.0.0-py3.10.egg-info/dependency_links.txt
[1.964s] -- Installing: /home/carlosmello/ws/install/yolov8_msgs/local/lib/python3.10/dist-packages/yolov8_msgs-0.0.0-py3.10.egg-info/PKG-INFO
[1.964s] -- Up-to-date: /home/carlosmello/ws/install/yolov8_msgs/local/lib/python3.10/dist-packages/yolov8_msgs
[1.964s] -- Up-to-date: /home/carlosmello/ws/install/yolov8_msgs/local/lib/python3.10/dist-packages/yolov8_msgs/libyolov8_msgs__rosidl_generator_py.so
[1.964s] -- Up-to-date: /home/carlosmello/ws/install/yolov8_msgs/local/lib/python3.10/dist-packages/yolov8_msgs/_yolov8_msgs_s.ep.rosidl_typesupport_c.c
[1.964s] -- Up-to-date: /home/carlosmello/ws/install/yolov8_msgs/local/lib/python3.10/dist-packages/yolov8_msgs/yolov8_msgs_s__rosidl_typesupport_c.cpython-310-x86_64-linux-gnu.so
[1.964s] -- Up-to-date: /home/carlosmello/ws/install/yolov8_msgs/local/lib/python3.10/dist-packages/yolov8_msgs/yolov8_msgs_s__rosidl_typesupport_fastrtps_c.cpython-310-x86_64-linux-gnu.so
[1.964s] -- Up-to-date: /home/carlosmello/ws/install/yolov8_msgs/local/lib/python3.10/dist-packages/yolov8_msgs/yolov8_msgs_s__rosidl_typesupport_introspection_c.cpython-310-x86_64-linux-gnu.so
[1.964s] -- Up-to-date: /home/carlosmello/ws/install/yolov8_msgs/local/lib/python3.10/dist-packages/yolov8_msgs/_yolov8_msgs_s.ep.rosidl_typesupport_fastrtps_c.c
[1.964s] -- Up-to-date: /home/carlosmello/ws/install/yolov8_msgs/local/lib/python3.10/dist-packages/yolov8_msgs/__init__.py
[1.965s] -- Up-to-date: /home/carlosmello/ws/install/yolov8_msgs/local/lib/python3.10/dist-packages/yolov8_msgs/_yolov8_msgs_s.ep.rosidl_typesupport_introspection_c.c
[1.965s] -- Up-to-date: /home/carlosmello/ws/install/yolov8_msgs/local/lib/python3.10/dist-packages/yolov8_msgs/msg
[1.965s] -- Up-to-date: /home/carlosmello/ws/install/yolov8_msgs/local/lib/python3.10/dist-packages/yolov8_msgs/msg/_yolov8_inference.py
[1.965s] -- Up-to-date: /home/carlosmello/ws/install/yolov8_msgs/local/lib/python3.10/dist-packages/yolov8_msgs/msg/_inference_result.py
[1.965s] -- Up-to-date: /home/carlosmello/ws/install/yolov8_msgs/local/lib/python3.10/dist-packages/yolov8_msgs/msg/__init__.py
[1.965s] -- Up-to-date: /home/carlosmello/ws/install/yolov8_msgs/local/lib/python3.10/dist-packages/yolov8_msgs/msg/_yolov8_inference_s.c
[1.965s] -- Up-to-date: /home/carlosmello/ws/install/yolov8_msgs/local/lib/python3.10/dist-packages/yolov8_msgs/msg/_inference_result_s.c
[2.053s] Listing '/home/carlosmello/ws/install/yolov8_msgs/local/lib/python3.10/dist-packages/yolov8_msgs'...
[2.053s] Listing '/home/carlosmello/ws/install/yolov8_msgs/local/lib/python3.10/dist-packages/yolov8_msgs/msg'...
[2.063s] -- Up-to-date: /home/carlosmello/ws/install/yolov8_msgs/local/lib/python3.10/dist-packages/yolov8_msgs/yolov8_msgs_s__rosidl_typesupport_fastrtps_c.cpython-310-x86_64-linux-gnu.so
[2.064s] -- Up-to-date: /home/carlosmello/ws/install/yolov8_msgs/local/lib/python3.10/dist-packages/yolov8_msgs/yolov8_msgs_s__rosidl_typesupport_introspection_c.cpython-310-x86_64-linux-gnu.so
[2.066s] -- Up-to-date: /home/carlosmello/ws/install/yolov8_msgs/local/lib/python3.10/dist-packages/yolov8_msgs/yolov8_msgs_s__rosidl_typesupport_c.cpython-310-x86_64-linux-gnu.so
[2.067s] -- Up-to-date: /home/carlosmello/ws/install/yolov8_msgs/lib/libyolov8_msgs__rosidl_generator_py.so
[2.068s] -- Up-to-date: /home/carlosmello/ws/install/yolov8_msgs/share/yolov8_msgs/msg/InferenceResult.idl
[2.070s] -- Up-to-date: /home/carlosmello/ws/install/yolov8_msgs/share/yolov8_msgs/msg/Yolov8Inference.idl
[2.071s] -- Up-to-date: /home/carlosmello/ws/install/yolov8_msgs/share/yolov8_msgs/msg/InferenceResult.msg
[2.071s] -- Up-to-date: /home/carlosmello/ws/install/yolov8_msgs/share/yolov8_msgs/msg/Yolov8Inference.msg
[2.071s] -- Up-to-date: /home/carlosmello/ws/install/yolov8_msgs/share/ament_index/resource_index/package_run_dependencies/yolov8_msgs
[2.071s] -- Up-to-date: /home/carlosmello/ws/install/yolov8_msgs/share/ament_index/resource_index/parent_prefix_path/yolov8_msgs
[2.071s] -- Up-to-date: /home/carlosmello/ws/install/yolov8_msgs/share/yolov8_msgs/environment/ament_prefix_path.sh
[2.071s] -- Up-to-date: /home/carlosmello/ws/install/yolov8_msgs/share/yolov8_msgs/environment/ament_prefix_path.dsv
[2.071s] -- Up-to-date: /home/carlosmello/ws/install/yolov8_msgs/share/yolov8_msgs/environment/path.sh
[2.071s] -- Up-to-date: /home/carlosmello/ws/install/yolov8_msgs/share/yolov8_msgs/environment/path.dsv
[2.071s] -- Up-to-date: /home/carlosmello/ws/install/yolov8_msgs/share/yolov8_msgs/local_setup.bash
[2.071s] -- Up-to-date: /home/carlosmello/ws/install/yolov8_msgs/share/yolov8_msgs/local_setup.sh
[2.072s] -- Up-to-date: /home/carlosmello/ws/install/yolov8_msgs/share/yolov8_msgs/local_setup.zsh
[2.072s] -- Up-to-date: /home/carlosmello/ws/install/yolov8_msgs/share/yolov8_msgs/local_setup.dsv
[2.072s] -- Installing: /home/carlosmello/ws/install/yolov8_msgs/share/yolov8_msgs/package.dsv
[2.076s] -- Up-to-date: /home/carlosmello/ws/install/yolov8_msgs/share/ament_index/resource_index/packages/yolov8_msgs
[2.077s] -- Up-to-date: /home/carlosmello/ws/install/yolov8_msgs/share/yolov8_msgs/cmake/export_yolov8_msgs__rosidl_generator_cExport.cmake
[2.077s] -- Up-to-date: /home/carlosmello/ws/install/yolov8_msgs/share/yolov8_msgs/cmake/export_yolov8_msgs__rosidl_generator_cExport-noconfig.cmake
[2.077s] -- Up-to-date: /home/carlosmello/ws/install/yolov8_msgs/share/yolov8_msgs/cmake/export_yolov8_msgs__rosidl_typesupport_fastrtps_cExport.cmake
[2.077s] -- Up-to-date: /home/carlosmello/ws/install/yolov8_msgs/share/yolov8_msgs/cmake/export_yolov8_msgs__rosidl_typesupport_fastrtps_cExport-noconfig.cmake
[2.077s] -- Up-to-date: /home/carlosmello/ws/install/yolov8_msgs/share/yolov8_msgs/cmake/export_yolov8_msgs__rosidl_generator_cppExport.cmake
[2.078s] -- Up-to-date: /home/carlosmello/ws/install/yolov8_msgs/share/yolov8_msgs/cmake/export_yolov8_msgs__rosidl_typesupport_fastrtps_cppExport.cmake
[2.078s] -- Up-to-date: /home/carlosmello/ws/install/yolov8_msgs/share/yolov8_msgs/cmake/export_yolov8_msgs__rosidl_typesupport_fastrtps_cppExport-noconfig.cmake
[2.079s] -- Up-to-date: /home/carlosmello/ws/install/yolov8_msgs/share/yolov8_msgs/cmake/yolov8_msgs__rosidl_typesupport_introspection_cExport.cmake
[2.079s] -- Up-to-date: /home/carlosmello/ws/install/yolov8_msgs/share/yolov8_msgs/cmake/yolov8_msgs__rosidl_typesupport_introspection_cExport-noconfig.cmake
[2.079s] -- Up-to-date: /home/carlosmello/ws/install/yolov8_msgs/share/yolov8_msgs/cmake/yolov8_msgs__rosidl_typesupport_cExport.cmake
[2.079s] -- Up-to-date: /home/carlosmello/ws/install/yolov8_msgs/share/yolov8_msgs/cmake/yolov8_msgs__rosidl_typesupport_cExport-noconfig.cmake
[2.080s] -- Up-to-date: /home/carlosmello/ws/install/yolov8_msgs/share/yolov8_msgs/cmake/yolov8_msgs__rosidl_typesupport_introspection_cppExport.cmake
[2.080s] -- Up-to-date: /home/carlosmello/ws/install/yolov8_msgs/share/yolov8_msgs/cmake/yolov8_msgs__rosidl_typesupport_introspection_cppExport-noconfig.cmake
[2.080s] -- Up-to-date: /home/carlosmello/ws/install/yolov8_msgs/share/yolov8_msgs/cmake/yolov8_msgs__rosidl_typesupport_cppExport.cmake
[2.080s] -- Up-to-date: /home/carlosmello/ws/install/yolov8_msgs/share/yolov8_msgs/cmake/yolov8_msgs__rosidl_typesupport_cppExport-noconfig.cmake
[2.080s] -- Up-to-date: /home/carlosmello/ws/install/yolov8_msgs/share/yolov8_msgs/cmake/export_yolov8_msgs__rosidl_generator_pyExport.cmake
[2.081s] -- Up-to-date: /home/carlosmello/ws/install/yolov8_msgs/share/yolov8_msgs/cmake/export_yolov8_msgs__rosidl_generator_pyExport-noconfig.cmake
[2.081s] -- Up-to-date: /home/carlosmello/ws/install/yolov8_msgs/share/yolov8_msgs/cmake/rosidl_cmake-extras.cmake
[2.081s] -- Up-to-date: /home/carlosmello/ws/install/yolov8_msgs/share/yolov8_msgs/cmake/ament_cmake_export_dependencies-extras.cmake
[2.081s] -- Up-to-date: /home/carlosmello/ws/install/yolov8_msgs/share/yolov8_msgs/cmake/ament_cmake_export_include_directories-extras.cmake
[2.082s] -- Up-to-date: /home/carlosmello/ws/install/yolov8_msgs/share/yolov8_msgs/cmake/ament_cmake_export_libraries-extras.cmake
[2.088s] -- Up-to-date: /home/carlosmello/ws/install/yolov8_msgs/share/yolov8_msgs/cmake/ament_cmake_export_targets-extras.cmake
[2.088s] -- Up-to-date: /home/carlosmello/ws/install/yolov8_msgs/share/yolov8_msgs/cmake/rosidl_cmake_export_typesupport_targets-extras.cmake
[2.088s] -- Up-to-date: /home/carlosmello/ws/install/yolov8_msgs/share/yolov8_msgs/cmake/rosidl_cmake_export_typesupport_libraries-extras.cmake
[2.089s] -- Up-to-date: /home/carlosmello/ws/install/yolov8_msgs/share/yolov8_msgs/cmake/yolov8_msgsConfig.cmake
[2.089s] -- Up-to-date: /home/carlosmello/ws/install/yolov8_msgs/share/yolov8_msgs/cmake/yolov8_msgsConfig-version.cmake
[2.089s] -- Up-to-date: /home/carlosmello/ws/install/yolov8_msgs/share/yolov8_msgs/package.xml
[2.090s] Invoked command in '/home/carlosmello/ws/build/yolov8_msgs' returned '0': CMAKE_PREFIX_PATH=${CMAKE_PREFIX_PATH}:/opt/ros/humble /usr/bin/cmake --install /home/carlosmello/ws/build/yolov8_msgs
