[0.025s] Invoking command in '/home/carlosmello/ws/build/yolov8_msgs': CMAKE_PREFIX_PATH=${CMAKE_PREFIX_PATH}:/opt/ros/humble /usr/bin/cmake /home/carlosmello/ws/src/yolov8_msgs -DCMAKE_INSTALL_PREFIX=/home/carlosmello/ws/install/yolov8_msgs
[0.178s] -- The C compiler identification is GNU 11.4.0
[0.309s] -- The CXX compiler identification is GNU 11.4.0
[0.319s] -- Detecting C compiler ABI info
[0.425s] -- Detecting C compiler ABI info - done
[0.438s] -- Check for working C compiler: /usr/bin/cc - skipped
[0.438s] -- Detecting C compile features
[0.439s] -- Detecting C compile features - done
[0.442s] -- Detecting CXX compiler ABI info
[0.549s] -- Detecting CXX compiler ABI info - done
[0.561s] -- Check for working CXX compiler: /usr/bin/c++ - skipped
[0.562s] -- Detecting CXX compile features
[0.562s] -- Detecting CXX compile features - done
[0.568s] -- Found ament_cmake: 1.3.10 (/opt/ros/humble/share/ament_cmake/cmake)
[1.217s] -- Found Python3: /usr/bin/python3 (found version "3.10.12") found components: Interpreter 
[1.357s] -- Found std_msgs: 4.2.4 (/opt/ros/humble/share/std_msgs/cmake)
[1.401s] -- Found rosidl_generator_c: 3.1.5 (/opt/ros/humble/share/rosidl_generator_c/cmake)
[1.409s] -- Found rosidl_adapter: 3.1.5 (/opt/ros/humble/share/rosidl_adapter/cmake)
[1.424s] -- Found rosidl_generator_cpp: 3.1.5 (/opt/ros/humble/share/rosidl_generator_cpp/cmake)
[1.446s] -- Using all available rosidl_typesupport_c: rosidl_typesupport_fastrtps_c;rosidl_typesupport_introspection_c
[1.471s] -- Using all available rosidl_typesupport_cpp: rosidl_typesupport_fastrtps_cpp;rosidl_typesupport_introspection_cpp
[1.514s] -- Found rosidl_default_generators: 1.2.0 (/opt/ros/humble/share/rosidl_default_generators/cmake)
[1.898s] -- Found ament_cmake_ros: 0.10.0 (/opt/ros/humble/share/ament_cmake_ros/cmake)
[2.310s] -- Using all available rosidl_typesupport_c: rosidl_typesupport_fastrtps_c;rosidl_typesupport_introspection_c
[2.469s] -- Using all available rosidl_typesupport_cpp: rosidl_typesupport_fastrtps_cpp;rosidl_typesupport_introspection_cpp
[2.498s] -- Found PythonInterp: /usr/bin/python3 (found suitable version "3.10.12", minimum required is "3.6") 
[2.501s] -- Found python_cmake_module: 0.10.0 (/opt/ros/humble/share/python_cmake_module/cmake)
[2.530s] -- Found PythonLibs: /usr/lib/x86_64-linux-gnu/libpython3.10.so (found suitable version "3.10.12", minimum required is "3.5") 
[2.530s] -- Using PYTHON_EXECUTABLE: /usr/bin/python3
[2.530s] -- Using PYTHON_INCLUDE_DIRS: /usr/include/python3.10
[2.530s] -- Using PYTHON_LIBRARIES: /usr/lib/x86_64-linux-gnu/libpython3.10.so
[2.553s] -- Found PythonExtra: .so  
[2.608s] -- Found ament_lint_auto: 0.12.11 (/opt/ros/humble/share/ament_lint_auto/cmake)
[2.632s] -- Added test 'copyright' to check source files copyright and LICENSE
[2.635s] -- Added test 'lint_cmake' to check CMake code style
[2.636s] -- Added test 'xmllint' to check XML markup files
[2.639s] -- Configuring done
[2.679s] -- Generating done
[2.681s] -- Build files have been written to: /home/carlosmello/ws/build/yolov8_msgs
[2.691s] Invoked command in '/home/carlosmello/ws/build/yolov8_msgs' returned '0': CMAKE_PREFIX_PATH=${CMAKE_PREFIX_PATH}:/opt/ros/humble /usr/bin/cmake /home/carlosmello/ws/src/yolov8_msgs -DCMAKE_INSTALL_PREFIX=/home/carlosmello/ws/install/yolov8_msgs
[2.693s] Invoking command in '/home/carlosmello/ws/build/yolov8_msgs': CMAKE_PREFIX_PATH=${CMAKE_PREFIX_PATH}:/opt/ros/humble /usr/bin/cmake --build /home/carlosmello/ws/build/yolov8_msgs -- -j8 -l8
[2.732s] [  2%] [34m[1mGenerating C code for ROS interfaces[0m
[2.742s] [  5%] [34m[1mGenerating C++ code for ROS interfaces[0m
[2.750s] [  5%] Built target ament_cmake_python_copy_yolov8_msgs
[3.003s] running egg_info
[3.026s] creating yolov8_msgs.egg-info
[3.026s] writing yolov8_msgs.egg-info/PKG-INFO
[3.027s] writing dependency_links to yolov8_msgs.egg-info/dependency_links.txt
[3.027s] writing top-level names to yolov8_msgs.egg-info/top_level.txt
[3.027s] writing manifest file 'yolov8_msgs.egg-info/SOURCES.txt'
[3.060s] [  5%] Built target yolov8_msgs__cpp
[3.071s] [ 10%] [34m[1mGenerating C++ introspection for ROS interfaces[0m
[3.071s] [ 10%] [34m[1mGenerating C++ type support for eProsima Fast-RTPS[0m
[3.075s] [ 12%] [34m[1mGenerating C++ type support dispatch for ROS interfaces[0m
[3.128s] reading manifest file 'yolov8_msgs.egg-info/SOURCES.txt'
[3.130s] writing manifest file 'yolov8_msgs.egg-info/SOURCES.txt'
[3.133s] [ 15%] [32mBuilding C object CMakeFiles/yolov8_msgs__rosidl_generator_c.dir/rosidl_generator_c/yolov8_msgs/msg/detail/inference_result__functions.c.o[0m
[3.133s] [ 17%] [32mBuilding C object CMakeFiles/yolov8_msgs__rosidl_generator_c.dir/rosidl_generator_c/yolov8_msgs/msg/detail/yolov8_inference__functions.c.o[0m
[3.184s] [ 17%] Built target ament_cmake_python_build_yolov8_msgs_egg
[3.218s] [ 20%] [32m[1mLinking C shared library libyolov8_msgs__rosidl_generator_c.so[0m
[3.263s] [ 20%] Built target yolov8_msgs__rosidl_generator_c
[3.275s] [ 23%] [34m[1mGenerating C type support dispatch for ROS interfaces[0m
[3.277s] [ 28%] [34m[1mGenerating C type support for eProsima Fast-RTPS[0m
[3.277s] [ 28%] [34m[1mGenerating C introspection for ROS interfaces[0m
[3.402s] [ 30%] [32mBuilding CXX object CMakeFiles/yolov8_msgs__rosidl_typesupport_cpp.dir/rosidl_typesupport_cpp/yolov8_msgs/msg/inference_result__type_support.cpp.o[0m
[3.402s] [ 33%] [32mBuilding CXX object CMakeFiles/yolov8_msgs__rosidl_typesupport_cpp.dir/rosidl_typesupport_cpp/yolov8_msgs/msg/yolov8_inference__type_support.cpp.o[0m
[3.462s] [ 35%] [32mBuilding CXX object CMakeFiles/yolov8_msgs__rosidl_typesupport_fastrtps_cpp.dir/rosidl_typesupport_fastrtps_cpp/yolov8_msgs/msg/detail/dds_fastrtps/inference_result__type_support.cpp.o[0m
[3.464s] [ 38%] [32mBuilding CXX object CMakeFiles/yolov8_msgs__rosidl_typesupport_fastrtps_cpp.dir/rosidl_typesupport_fastrtps_cpp/yolov8_msgs/msg/detail/dds_fastrtps/yolov8_inference__type_support.cpp.o[0m
[3.500s] [ 41%] [32mBuilding CXX object CMakeFiles/yolov8_msgs__rosidl_typesupport_introspection_cpp.dir/rosidl_typesupport_introspection_cpp/yolov8_msgs/msg/detail/inference_result__type_support.cpp.o[0m
[3.735s] [ 43%] [32mBuilding CXX object CMakeFiles/yolov8_msgs__rosidl_typesupport_c.dir/rosidl_typesupport_c/yolov8_msgs/msg/inference_result__type_support.cpp.o[0m
[3.810s] [ 46%] [32mBuilding CXX object CMakeFiles/yolov8_msgs__rosidl_typesupport_c.dir/rosidl_typesupport_c/yolov8_msgs/msg/yolov8_inference__type_support.cpp.o[0m
[3.849s] [ 48%] [32mBuilding C object CMakeFiles/yolov8_msgs__rosidl_typesupport_introspection_c.dir/rosidl_typesupport_introspection_c/yolov8_msgs/msg/detail/inference_result__type_support.c.o[0m
[3.856s] [ 51%] [32mBuilding CXX object CMakeFiles/yolov8_msgs__rosidl_typesupport_fastrtps_c.dir/rosidl_typesupport_fastrtps_c/yolov8_msgs/msg/detail/inference_result__type_support_c.cpp.o[0m
[3.870s] [ 53%] [32m[1mLinking CXX shared library libyolov8_msgs__rosidl_typesupport_c.so[0m
[3.918s] [ 56%] [32mBuilding C object CMakeFiles/yolov8_msgs__rosidl_typesupport_introspection_c.dir/rosidl_typesupport_introspection_c/yolov8_msgs/msg/detail/yolov8_inference__type_support.c.o[0m
[3.960s] [ 56%] Built target yolov8_msgs__rosidl_typesupport_c
[3.966s] [ 58%] [32mBuilding CXX object CMakeFiles/yolov8_msgs__rosidl_typesupport_fastrtps_c.dir/rosidl_typesupport_fastrtps_c/yolov8_msgs/msg/detail/yolov8_inference__type_support_c.cpp.o[0m
[3.974s] [ 61%] [32m[1mLinking CXX shared library libyolov8_msgs__rosidl_typesupport_cpp.so[0m
[3.978s] [ 64%] [32m[1mLinking C shared library libyolov8_msgs__rosidl_typesupport_introspection_c.so[0m
[3.988s] [ 66%] [32mBuilding CXX object CMakeFiles/yolov8_msgs__rosidl_typesupport_introspection_cpp.dir/rosidl_typesupport_introspection_cpp/yolov8_msgs/msg/detail/yolov8_inference__type_support.cpp.o[0m
[4.058s] [ 66%] Built target yolov8_msgs__rosidl_typesupport_introspection_c
[4.065s] [ 66%] Built target yolov8_msgs__rosidl_typesupport_cpp
[4.246s] [ 69%] [32m[1mLinking CXX shared library libyolov8_msgs__rosidl_typesupport_fastrtps_cpp.so[0m
[4.341s] [ 69%] Built target yolov8_msgs__rosidl_typesupport_fastrtps_cpp
[4.474s] [ 71%] [32m[1mLinking CXX shared library libyolov8_msgs__rosidl_typesupport_fastrtps_c.so[0m
[4.550s] [ 74%] [32m[1mLinking CXX shared library libyolov8_msgs__rosidl_typesupport_introspection_cpp.so[0m
[4.566s] [ 74%] Built target yolov8_msgs__rosidl_typesupport_fastrtps_c
[4.636s] [ 74%] Built target yolov8_msgs__rosidl_typesupport_introspection_cpp
[4.655s] [ 74%] Built target yolov8_msgs
[4.676s] [ 76%] [34m[1mGenerating Python code for ROS interfaces[0m
[5.065s] [ 76%] Built target yolov8_msgs__py
[5.085s] [ 82%] [32mBuilding C object CMakeFiles/yolov8_msgs__rosidl_generator_py.dir/rosidl_generator_py/yolov8_msgs/msg/_inference_result_s.c.o[0m
[5.085s] [ 82%] [32mBuilding C object CMakeFiles/yolov8_msgs__rosidl_generator_py.dir/rosidl_generator_py/yolov8_msgs/msg/_yolov8_inference_s.c.o[0m
[5.211s] [ 84%] [32m[1mLinking C shared library rosidl_generator_py/yolov8_msgs/libyolov8_msgs__rosidl_generator_py.so[0m
[5.252s] [ 84%] Built target yolov8_msgs__rosidl_generator_py
[5.271s] [ 92%] [32mBuilding C object CMakeFiles/yolov8_msgs__rosidl_typesupport_introspection_c__pyext.dir/rosidl_generator_py/yolov8_msgs/_yolov8_msgs_s.ep.rosidl_typesupport_introspection_c.c.o[0m
[5.271s] [ 92%] [32mBuilding C object CMakeFiles/yolov8_msgs__rosidl_typesupport_fastrtps_c__pyext.dir/rosidl_generator_py/yolov8_msgs/_yolov8_msgs_s.ep.rosidl_typesupport_fastrtps_c.c.o[0m
[5.271s] [ 92%] [32mBuilding C object CMakeFiles/yolov8_msgs__rosidl_typesupport_c__pyext.dir/rosidl_generator_py/yolov8_msgs/_yolov8_msgs_s.ep.rosidl_typesupport_c.c.o[0m
[5.371s] [ 97%] [32m[1mLinking C shared library rosidl_generator_py/yolov8_msgs/yolov8_msgs_s__rosidl_typesupport_c.cpython-310-x86_64-linux-gnu.so[0m
[5.372s] [ 97%] [32m[1mLinking C shared library rosidl_generator_py/yolov8_msgs/yolov8_msgs_s__rosidl_typesupport_introspection_c.cpython-310-x86_64-linux-gnu.so[0m
[5.372s] [100%] [32m[1mLinking C shared library rosidl_generator_py/yolov8_msgs/yolov8_msgs_s__rosidl_typesupport_fastrtps_c.cpython-310-x86_64-linux-gnu.so[0m
[5.410s] [100%] Built target yolov8_msgs__rosidl_typesupport_c__pyext
[5.412s] [100%] Built target yolov8_msgs__rosidl_typesupport_fastrtps_c__pyext
[5.414s] [100%] Built target yolov8_msgs__rosidl_typesupport_introspection_c__pyext
[5.425s] Invoked command in '/home/carlosmello/ws/build/yolov8_msgs' returned '0': CMAKE_PREFIX_PATH=${CMAKE_PREFIX_PATH}:/opt/ros/humble /usr/bin/cmake --build /home/carlosmello/ws/build/yolov8_msgs -- -j8 -l8
[5.495s] Invoking command in '/home/carlosmello/ws/build/yolov8_msgs': CMAKE_PREFIX_PATH=${CMAKE_PREFIX_PATH}:/opt/ros/humble /usr/bin/cmake --install /home/carlosmello/ws/build/yolov8_msgs
[5.503s] -- Install configuration: ""
[5.503s] -- Installing: /home/carlosmello/ws/install/yolov8_msgs/share/ament_index/resource_index/rosidl_interfaces/yolov8_msgs
[5.503s] -- Up-to-date: /home/carlosmello/ws/install/yolov8_msgs/include/yolov8_msgs/yolov8_msgs
[5.503s] -- Up-to-date: /home/carlosmello/ws/install/yolov8_msgs/include/yolov8_msgs/yolov8_msgs/msg
[5.503s] -- Installing: /home/carlosmello/ws/install/yolov8_msgs/include/yolov8_msgs/yolov8_msgs/msg/rosidl_generator_c__visibility_control.h
[5.504s] -- Installing: /home/carlosmello/ws/install/yolov8_msgs/include/yolov8_msgs/yolov8_msgs/msg/inference_result.h
[5.504s] -- Installing: /home/carlosmello/ws/install/yolov8_msgs/include/yolov8_msgs/yolov8_msgs/msg/yolov8_inference.h
[5.504s] -- Up-to-date: /home/carlosmello/ws/install/yolov8_msgs/include/yolov8_msgs/yolov8_msgs/msg/detail
[5.504s] -- Installing: /home/carlosmello/ws/install/yolov8_msgs/include/yolov8_msgs/yolov8_msgs/msg/detail/inference_result__struct.h
[5.504s] -- Installing: /home/carlosmello/ws/install/yolov8_msgs/include/yolov8_msgs/yolov8_msgs/msg/detail/inference_result__functions.h
[5.504s] -- Installing: /home/carlosmello/ws/install/yolov8_msgs/include/yolov8_msgs/yolov8_msgs/msg/detail/yolov8_inference__type_support.h
[5.505s] -- Installing: /home/carlosmello/ws/install/yolov8_msgs/include/yolov8_msgs/yolov8_msgs/msg/detail/inference_result__type_support.h
[5.505s] -- Installing: /home/carlosmello/ws/install/yolov8_msgs/include/yolov8_msgs/yolov8_msgs/msg/detail/yolov8_inference__functions.c
[5.505s] -- Installing: /home/carlosmello/ws/install/yolov8_msgs/include/yolov8_msgs/yolov8_msgs/msg/detail/inference_result__functions.c
[5.505s] -- Installing: /home/carlosmello/ws/install/yolov8_msgs/include/yolov8_msgs/yolov8_msgs/msg/detail/yolov8_inference__functions.h
[5.505s] -- Installing: /home/carlosmello/ws/install/yolov8_msgs/include/yolov8_msgs/yolov8_msgs/msg/detail/yolov8_inference__struct.h
[5.505s] -- Up-to-date: /home/carlosmello/ws/install/yolov8_msgs/share/yolov8_msgs/environment/library_path.sh
[5.505s] -- Installing: /home/carlosmello/ws/install/yolov8_msgs/share/yolov8_msgs/environment/library_path.dsv
[5.506s] -- Installing: /home/carlosmello/ws/install/yolov8_msgs/lib/libyolov8_msgs__rosidl_generator_c.so
[5.506s] -- Set runtime path of "/home/carlosmello/ws/install/yolov8_msgs/lib/libyolov8_msgs__rosidl_generator_c.so" to ""
[5.506s] -- Up-to-date: /home/carlosmello/ws/install/yolov8_msgs/include/yolov8_msgs/yolov8_msgs
[5.506s] -- Up-to-date: /home/carlosmello/ws/install/yolov8_msgs/include/yolov8_msgs/yolov8_msgs/msg
[5.506s] -- Installing: /home/carlosmello/ws/install/yolov8_msgs/include/yolov8_msgs/yolov8_msgs/msg/rosidl_typesupport_fastrtps_c__visibility_control.h
[5.507s] -- Up-to-date: /home/carlosmello/ws/install/yolov8_msgs/include/yolov8_msgs/yolov8_msgs/msg/detail
[5.507s] -- Installing: /home/carlosmello/ws/install/yolov8_msgs/include/yolov8_msgs/yolov8_msgs/msg/detail/inference_result__rosidl_typesupport_fastrtps_c.h
[5.507s] -- Installing: /home/carlosmello/ws/install/yolov8_msgs/include/yolov8_msgs/yolov8_msgs/msg/detail/yolov8_inference__rosidl_typesupport_fastrtps_c.h
[5.507s] -- Installing: /home/carlosmello/ws/install/yolov8_msgs/lib/libyolov8_msgs__rosidl_typesupport_fastrtps_c.so
[5.508s] -- Set runtime path of "/home/carlosmello/ws/install/yolov8_msgs/lib/libyolov8_msgs__rosidl_typesupport_fastrtps_c.so" to ""
[5.508s] -- Up-to-date: /home/carlosmello/ws/install/yolov8_msgs/include/yolov8_msgs/yolov8_msgs
[5.508s] -- Up-to-date: /home/carlosmello/ws/install/yolov8_msgs/include/yolov8_msgs/yolov8_msgs/msg
[5.508s] -- Installing: /home/carlosmello/ws/install/yolov8_msgs/include/yolov8_msgs/yolov8_msgs/msg/inference_result.hpp
[5.508s] -- Installing: /home/carlosmello/ws/install/yolov8_msgs/include/yolov8_msgs/yolov8_msgs/msg/yolov8_inference.hpp
[5.508s] -- Up-to-date: /home/carlosmello/ws/install/yolov8_msgs/include/yolov8_msgs/yolov8_msgs/msg/detail
[5.509s] -- Installing: /home/carlosmello/ws/install/yolov8_msgs/include/yolov8_msgs/yolov8_msgs/msg/detail/inference_result__traits.hpp
[5.509s] -- Installing: /home/carlosmello/ws/install/yolov8_msgs/include/yolov8_msgs/yolov8_msgs/msg/detail/inference_result__struct.hpp
[5.509s] -- Installing: /home/carlosmello/ws/install/yolov8_msgs/include/yolov8_msgs/yolov8_msgs/msg/detail/yolov8_inference__traits.hpp
[5.509s] -- Installing: /home/carlosmello/ws/install/yolov8_msgs/include/yolov8_msgs/yolov8_msgs/msg/detail/yolov8_inference__struct.hpp
[5.509s] -- Installing: /home/carlosmello/ws/install/yolov8_msgs/include/yolov8_msgs/yolov8_msgs/msg/detail/inference_result__builder.hpp
[5.509s] -- Installing: /home/carlosmello/ws/install/yolov8_msgs/include/yolov8_msgs/yolov8_msgs/msg/detail/yolov8_inference__builder.hpp
[5.509s] -- Up-to-date: /home/carlosmello/ws/install/yolov8_msgs/include/yolov8_msgs/yolov8_msgs
[5.509s] -- Up-to-date: /home/carlosmello/ws/install/yolov8_msgs/include/yolov8_msgs/yolov8_msgs/msg
[5.509s] -- Installing: /home/carlosmello/ws/install/yolov8_msgs/include/yolov8_msgs/yolov8_msgs/msg/rosidl_typesupport_fastrtps_cpp__visibility_control.h
[5.510s] -- Up-to-date: /home/carlosmello/ws/install/yolov8_msgs/include/yolov8_msgs/yolov8_msgs/msg/detail
[5.510s] -- Installing: /home/carlosmello/ws/install/yolov8_msgs/include/yolov8_msgs/yolov8_msgs/msg/detail/yolov8_inference__rosidl_typesupport_fastrtps_cpp.hpp
[5.510s] -- Installing: /home/carlosmello/ws/install/yolov8_msgs/include/yolov8_msgs/yolov8_msgs/msg/detail/inference_result__rosidl_typesupport_fastrtps_cpp.hpp
[5.510s] -- Up-to-date: /home/carlosmello/ws/install/yolov8_msgs/include/yolov8_msgs/yolov8_msgs/msg/detail/dds_fastrtps
[5.510s] -- Installing: /home/carlosmello/ws/install/yolov8_msgs/lib/libyolov8_msgs__rosidl_typesupport_fastrtps_cpp.so
[5.510s] -- Set runtime path of "/home/carlosmello/ws/install/yolov8_msgs/lib/libyolov8_msgs__rosidl_typesupport_fastrtps_cpp.so" to ""
[5.510s] -- Up-to-date: /home/carlosmello/ws/install/yolov8_msgs/include/yolov8_msgs/yolov8_msgs
[5.511s] -- Up-to-date: /home/carlosmello/ws/install/yolov8_msgs/include/yolov8_msgs/yolov8_msgs/msg
[5.511s] -- Installing: /home/carlosmello/ws/install/yolov8_msgs/include/yolov8_msgs/yolov8_msgs/msg/rosidl_typesupport_introspection_c__visibility_control.h
[5.511s] -- Up-to-date: /home/carlosmello/ws/install/yolov8_msgs/include/yolov8_msgs/yolov8_msgs/msg/detail
[5.511s] -- Installing: /home/carlosmello/ws/install/yolov8_msgs/include/yolov8_msgs/yolov8_msgs/msg/detail/inference_result__rosidl_typesupport_introspection_c.h
[5.511s] -- Installing: /home/carlosmello/ws/install/yolov8_msgs/include/yolov8_msgs/yolov8_msgs/msg/detail/yolov8_inference__type_support.c
[5.511s] -- Installing: /home/carlosmello/ws/install/yolov8_msgs/include/yolov8_msgs/yolov8_msgs/msg/detail/yolov8_inference__rosidl_typesupport_introspection_c.h
[5.511s] -- Installing: /home/carlosmello/ws/install/yolov8_msgs/include/yolov8_msgs/yolov8_msgs/msg/detail/inference_result__type_support.c
[5.512s] -- Installing: /home/carlosmello/ws/install/yolov8_msgs/lib/libyolov8_msgs__rosidl_typesupport_introspection_c.so
[5.512s] -- Set runtime path of "/home/carlosmello/ws/install/yolov8_msgs/lib/libyolov8_msgs__rosidl_typesupport_introspection_c.so" to ""
[5.513s] -- Installing: /home/carlosmello/ws/install/yolov8_msgs/lib/libyolov8_msgs__rosidl_typesupport_c.so
[5.513s] -- Set runtime path of "/home/carlosmello/ws/install/yolov8_msgs/lib/libyolov8_msgs__rosidl_typesupport_c.so" to ""
[5.513s] -- Up-to-date: /home/carlosmello/ws/install/yolov8_msgs/include/yolov8_msgs/yolov8_msgs
[5.513s] -- Up-to-date: /home/carlosmello/ws/install/yolov8_msgs/include/yolov8_msgs/yolov8_msgs/msg
[5.513s] -- Up-to-date: /home/carlosmello/ws/install/yolov8_msgs/include/yolov8_msgs/yolov8_msgs/msg/detail
[5.514s] -- Installing: /home/carlosmello/ws/install/yolov8_msgs/include/yolov8_msgs/yolov8_msgs/msg/detail/inference_result__rosidl_typesupport_introspection_cpp.hpp
[5.514s] -- Installing: /home/carlosmello/ws/install/yolov8_msgs/include/yolov8_msgs/yolov8_msgs/msg/detail/yolov8_inference__type_support.cpp
[5.514s] -- Installing: /home/carlosmello/ws/install/yolov8_msgs/include/yolov8_msgs/yolov8_msgs/msg/detail/yolov8_inference__rosidl_typesupport_introspection_cpp.hpp
[5.514s] -- Installing: /home/carlosmello/ws/install/yolov8_msgs/include/yolov8_msgs/yolov8_msgs/msg/detail/inference_result__type_support.cpp
[5.514s] -- Installing: /home/carlosmello/ws/install/yolov8_msgs/lib/libyolov8_msgs__rosidl_typesupport_introspection_cpp.so
[5.515s] -- Set runtime path of "/home/carlosmello/ws/install/yolov8_msgs/lib/libyolov8_msgs__rosidl_typesupport_introspection_cpp.so" to ""
[5.515s] -- Installing: /home/carlosmello/ws/install/yolov8_msgs/lib/libyolov8_msgs__rosidl_typesupport_cpp.so
[5.516s] -- Set runtime path of "/home/carlosmello/ws/install/yolov8_msgs/lib/libyolov8_msgs__rosidl_typesupport_cpp.so" to ""
[5.516s] -- Installing: /home/carlosmello/ws/install/yolov8_msgs/share/yolov8_msgs/environment/pythonpath.sh
[5.516s] -- Installing: /home/carlosmello/ws/install/yolov8_msgs/share/yolov8_msgs/environment/pythonpath.dsv
[5.516s] -- Installing: /home/carlosmello/ws/install/yolov8_msgs/local/lib/python3.10/dist-packages/yolov8_msgs-0.0.0-py3.10.egg-info
[5.516s] -- Installing: /home/carlosmello/ws/install/yolov8_msgs/local/lib/python3.10/dist-packages/yolov8_msgs-0.0.0-py3.10.egg-info/top_level.txt
[5.516s] -- Installing: /home/carlosmello/ws/install/yolov8_msgs/local/lib/python3.10/dist-packages/yolov8_msgs-0.0.0-py3.10.egg-info/SOURCES.txt
[5.516s] -- Installing: /home/carlosmello/ws/install/yolov8_msgs/local/lib/python3.10/dist-packages/yolov8_msgs-0.0.0-py3.10.egg-info/dependency_links.txt
[5.517s] -- Installing: /home/carlosmello/ws/install/yolov8_msgs/local/lib/python3.10/dist-packages/yolov8_msgs-0.0.0-py3.10.egg-info/PKG-INFO
[5.517s] -- Up-to-date: /home/carlosmello/ws/install/yolov8_msgs/local/lib/python3.10/dist-packages/yolov8_msgs
[5.517s] -- Installing: /home/carlosmello/ws/install/yolov8_msgs/local/lib/python3.10/dist-packages/yolov8_msgs/libyolov8_msgs__rosidl_generator_py.so
[5.517s] -- Installing: /home/carlosmello/ws/install/yolov8_msgs/local/lib/python3.10/dist-packages/yolov8_msgs/_yolov8_msgs_s.ep.rosidl_typesupport_c.c
[5.517s] -- Installing: /home/carlosmello/ws/install/yolov8_msgs/local/lib/python3.10/dist-packages/yolov8_msgs/yolov8_msgs_s__rosidl_typesupport_c.cpython-310-x86_64-linux-gnu.so
[5.517s] -- Installing: /home/carlosmello/ws/install/yolov8_msgs/local/lib/python3.10/dist-packages/yolov8_msgs/yolov8_msgs_s__rosidl_typesupport_fastrtps_c.cpython-310-x86_64-linux-gnu.so
[5.517s] -- Installing: /home/carlosmello/ws/install/yolov8_msgs/local/lib/python3.10/dist-packages/yolov8_msgs/yolov8_msgs_s__rosidl_typesupport_introspection_c.cpython-310-x86_64-linux-gnu.so
[5.517s] -- Installing: /home/carlosmello/ws/install/yolov8_msgs/local/lib/python3.10/dist-packages/yolov8_msgs/_yolov8_msgs_s.ep.rosidl_typesupport_fastrtps_c.c
[5.518s] -- Installing: /home/carlosmello/ws/install/yolov8_msgs/local/lib/python3.10/dist-packages/yolov8_msgs/__init__.py
[5.518s] -- Installing: /home/carlosmello/ws/install/yolov8_msgs/local/lib/python3.10/dist-packages/yolov8_msgs/_yolov8_msgs_s.ep.rosidl_typesupport_introspection_c.c
[5.518s] -- Up-to-date: /home/carlosmello/ws/install/yolov8_msgs/local/lib/python3.10/dist-packages/yolov8_msgs/msg
[5.518s] -- Installing: /home/carlosmello/ws/install/yolov8_msgs/local/lib/python3.10/dist-packages/yolov8_msgs/msg/_yolov8_inference.py
[5.518s] -- Installing: /home/carlosmello/ws/install/yolov8_msgs/local/lib/python3.10/dist-packages/yolov8_msgs/msg/_inference_result.py
[5.518s] -- Installing: /home/carlosmello/ws/install/yolov8_msgs/local/lib/python3.10/dist-packages/yolov8_msgs/msg/__init__.py
[5.518s] -- Installing: /home/carlosmello/ws/install/yolov8_msgs/local/lib/python3.10/dist-packages/yolov8_msgs/msg/_yolov8_inference_s.c
[5.518s] -- Installing: /home/carlosmello/ws/install/yolov8_msgs/local/lib/python3.10/dist-packages/yolov8_msgs/msg/_inference_result_s.c
[5.556s] Listing '/home/carlosmello/ws/install/yolov8_msgs/local/lib/python3.10/dist-packages/yolov8_msgs'...
[5.556s] Compiling '/home/carlosmello/ws/install/yolov8_msgs/local/lib/python3.10/dist-packages/yolov8_msgs/__init__.py'...
[5.556s] Listing '/home/carlosmello/ws/install/yolov8_msgs/local/lib/python3.10/dist-packages/yolov8_msgs/msg'...
[5.556s] Compiling '/home/carlosmello/ws/install/yolov8_msgs/local/lib/python3.10/dist-packages/yolov8_msgs/msg/__init__.py'...
[5.556s] Compiling '/home/carlosmello/ws/install/yolov8_msgs/local/lib/python3.10/dist-packages/yolov8_msgs/msg/_inference_result.py'...
[5.556s] Compiling '/home/carlosmello/ws/install/yolov8_msgs/local/lib/python3.10/dist-packages/yolov8_msgs/msg/_yolov8_inference.py'...
[5.561s] -- Installing: /home/carlosmello/ws/install/yolov8_msgs/local/lib/python3.10/dist-packages/yolov8_msgs/yolov8_msgs_s__rosidl_typesupport_fastrtps_c.cpython-310-x86_64-linux-gnu.so
[5.562s] -- Set runtime path of "/home/carlosmello/ws/install/yolov8_msgs/local/lib/python3.10/dist-packages/yolov8_msgs/yolov8_msgs_s__rosidl_typesupport_fastrtps_c.cpython-310-x86_64-linux-gnu.so" to ""
[5.562s] -- Installing: /home/carlosmello/ws/install/yolov8_msgs/local/lib/python3.10/dist-packages/yolov8_msgs/yolov8_msgs_s__rosidl_typesupport_introspection_c.cpython-310-x86_64-linux-gnu.so
[5.562s] -- Set runtime path of "/home/carlosmello/ws/install/yolov8_msgs/local/lib/python3.10/dist-packages/yolov8_msgs/yolov8_msgs_s__rosidl_typesupport_introspection_c.cpython-310-x86_64-linux-gnu.so" to ""
[5.563s] -- Installing: /home/carlosmello/ws/install/yolov8_msgs/local/lib/python3.10/dist-packages/yolov8_msgs/yolov8_msgs_s__rosidl_typesupport_c.cpython-310-x86_64-linux-gnu.so
[5.563s] -- Set runtime path of "/home/carlosmello/ws/install/yolov8_msgs/local/lib/python3.10/dist-packages/yolov8_msgs/yolov8_msgs_s__rosidl_typesupport_c.cpython-310-x86_64-linux-gnu.so" to ""
[5.564s] -- Installing: /home/carlosmello/ws/install/yolov8_msgs/lib/libyolov8_msgs__rosidl_generator_py.so
[5.564s] -- Set runtime path of "/home/carlosmello/ws/install/yolov8_msgs/lib/libyolov8_msgs__rosidl_generator_py.so" to ""
[5.564s] -- Installing: /home/carlosmello/ws/install/yolov8_msgs/share/yolov8_msgs/msg/InferenceResult.idl
[5.564s] -- Installing: /home/carlosmello/ws/install/yolov8_msgs/share/yolov8_msgs/msg/Yolov8Inference.idl
[5.564s] -- Installing: /home/carlosmello/ws/install/yolov8_msgs/share/yolov8_msgs/msg/InferenceResult.msg
[5.565s] -- Installing: /home/carlosmello/ws/install/yolov8_msgs/share/yolov8_msgs/msg/Yolov8Inference.msg
[5.565s] -- Installing: /home/carlosmello/ws/install/yolov8_msgs/share/ament_index/resource_index/package_run_dependencies/yolov8_msgs
[5.565s] -- Installing: /home/carlosmello/ws/install/yolov8_msgs/share/ament_index/resource_index/parent_prefix_path/yolov8_msgs
[5.565s] -- Up-to-date: /home/carlosmello/ws/install/yolov8_msgs/share/yolov8_msgs/environment/ament_prefix_path.sh
[5.565s] -- Installing: /home/carlosmello/ws/install/yolov8_msgs/share/yolov8_msgs/environment/ament_prefix_path.dsv
[5.565s] -- Up-to-date: /home/carlosmello/ws/install/yolov8_msgs/share/yolov8_msgs/environment/path.sh
[5.566s] -- Installing: /home/carlosmello/ws/install/yolov8_msgs/share/yolov8_msgs/environment/path.dsv
[5.566s] -- Installing: /home/carlosmello/ws/install/yolov8_msgs/share/yolov8_msgs/local_setup.bash
[5.566s] -- Installing: /home/carlosmello/ws/install/yolov8_msgs/share/yolov8_msgs/local_setup.sh
[5.566s] -- Installing: /home/carlosmello/ws/install/yolov8_msgs/share/yolov8_msgs/local_setup.zsh
[5.566s] -- Installing: /home/carlosmello/ws/install/yolov8_msgs/share/yolov8_msgs/local_setup.dsv
[5.566s] -- Installing: /home/carlosmello/ws/install/yolov8_msgs/share/yolov8_msgs/package.dsv
[5.566s] -- Installing: /home/carlosmello/ws/install/yolov8_msgs/share/ament_index/resource_index/packages/yolov8_msgs
[5.567s] -- Old export file "/home/carlosmello/ws/install/yolov8_msgs/share/yolov8_msgs/cmake/export_yolov8_msgs__rosidl_generator_cExport.cmake" will be replaced.  Removing files [/home/carlosmello/ws/install/yolov8_msgs/share/yolov8_msgs/cmake/export_yolov8_msgs__rosidl_generator_cExport-noconfig.cmake].
[5.567s] -- Installing: /home/carlosmello/ws/install/yolov8_msgs/share/yolov8_msgs/cmake/export_yolov8_msgs__rosidl_generator_cExport.cmake
[5.567s] -- Installing: /home/carlosmello/ws/install/yolov8_msgs/share/yolov8_msgs/cmake/export_yolov8_msgs__rosidl_generator_cExport-noconfig.cmake
[5.567s] -- Old export file "/home/carlosmello/ws/install/yolov8_msgs/share/yolov8_msgs/cmake/export_yolov8_msgs__rosidl_typesupport_fastrtps_cExport.cmake" will be replaced.  Removing files [/home/carlosmello/ws/install/yolov8_msgs/share/yolov8_msgs/cmake/export_yolov8_msgs__rosidl_typesupport_fastrtps_cExport-noconfig.cmake].
[5.567s] -- Installing: /home/carlosmello/ws/install/yolov8_msgs/share/yolov8_msgs/cmake/export_yolov8_msgs__rosidl_typesupport_fastrtps_cExport.cmake
[5.567s] -- Installing: /home/carlosmello/ws/install/yolov8_msgs/share/yolov8_msgs/cmake/export_yolov8_msgs__rosidl_typesupport_fastrtps_cExport-noconfig.cmake
[5.567s] -- Installing: /home/carlosmello/ws/install/yolov8_msgs/share/yolov8_msgs/cmake/export_yolov8_msgs__rosidl_generator_cppExport.cmake
[5.568s] -- Old export file "/home/carlosmello/ws/install/yolov8_msgs/share/yolov8_msgs/cmake/export_yolov8_msgs__rosidl_typesupport_fastrtps_cppExport.cmake" will be replaced.  Removing files [/home/carlosmello/ws/install/yolov8_msgs/share/yolov8_msgs/cmake/export_yolov8_msgs__rosidl_typesupport_fastrtps_cppExport-noconfig.cmake].
[5.568s] -- Installing: /home/carlosmello/ws/install/yolov8_msgs/share/yolov8_msgs/cmake/export_yolov8_msgs__rosidl_typesupport_fastrtps_cppExport.cmake
[5.568s] -- Installing: /home/carlosmello/ws/install/yolov8_msgs/share/yolov8_msgs/cmake/export_yolov8_msgs__rosidl_typesupport_fastrtps_cppExport-noconfig.cmake
[5.568s] -- Old export file "/home/carlosmello/ws/install/yolov8_msgs/share/yolov8_msgs/cmake/yolov8_msgs__rosidl_typesupport_introspection_cExport.cmake" will be replaced.  Removing files [/home/carlosmello/ws/install/yolov8_msgs/share/yolov8_msgs/cmake/yolov8_msgs__rosidl_typesupport_introspection_cExport-noconfig.cmake].
[5.568s] -- Installing: /home/carlosmello/ws/install/yolov8_msgs/share/yolov8_msgs/cmake/yolov8_msgs__rosidl_typesupport_introspection_cExport.cmake
[5.568s] -- Installing: /home/carlosmello/ws/install/yolov8_msgs/share/yolov8_msgs/cmake/yolov8_msgs__rosidl_typesupport_introspection_cExport-noconfig.cmake
[5.569s] -- Old export file "/home/carlosmello/ws/install/yolov8_msgs/share/yolov8_msgs/cmake/yolov8_msgs__rosidl_typesupport_cExport.cmake" will be replaced.  Removing files [/home/carlosmello/ws/install/yolov8_msgs/share/yolov8_msgs/cmake/yolov8_msgs__rosidl_typesupport_cExport-noconfig.cmake].
[5.569s] -- Installing: /home/carlosmello/ws/install/yolov8_msgs/share/yolov8_msgs/cmake/yolov8_msgs__rosidl_typesupport_cExport.cmake
[5.569s] -- Installing: /home/carlosmello/ws/install/yolov8_msgs/share/yolov8_msgs/cmake/yolov8_msgs__rosidl_typesupport_cExport-noconfig.cmake
[5.569s] -- Old export file "/home/carlosmello/ws/install/yolov8_msgs/share/yolov8_msgs/cmake/yolov8_msgs__rosidl_typesupport_introspection_cppExport.cmake" will be replaced.  Removing files [/home/carlosmello/ws/install/yolov8_msgs/share/yolov8_msgs/cmake/yolov8_msgs__rosidl_typesupport_introspection_cppExport-noconfig.cmake].
[5.569s] -- Installing: /home/carlosmello/ws/install/yolov8_msgs/share/yolov8_msgs/cmake/yolov8_msgs__rosidl_typesupport_introspection_cppExport.cmake
[5.569s] -- Installing: /home/carlosmello/ws/install/yolov8_msgs/share/yolov8_msgs/cmake/yolov8_msgs__rosidl_typesupport_introspection_cppExport-noconfig.cmake
[5.570s] -- Old export file "/home/carlosmello/ws/install/yolov8_msgs/share/yolov8_msgs/cmake/yolov8_msgs__rosidl_typesupport_cppExport.cmake" will be replaced.  Removing files [/home/carlosmello/ws/install/yolov8_msgs/share/yolov8_msgs/cmake/yolov8_msgs__rosidl_typesupport_cppExport-noconfig.cmake].
[5.570s] -- Installing: /home/carlosmello/ws/install/yolov8_msgs/share/yolov8_msgs/cmake/yolov8_msgs__rosidl_typesupport_cppExport.cmake
[5.570s] -- Installing: /home/carlosmello/ws/install/yolov8_msgs/share/yolov8_msgs/cmake/yolov8_msgs__rosidl_typesupport_cppExport-noconfig.cmake
[5.570s] -- Old export file "/home/carlosmello/ws/install/yolov8_msgs/share/yolov8_msgs/cmake/export_yolov8_msgs__rosidl_generator_pyExport.cmake" will be replaced.  Removing files [/home/carlosmello/ws/install/yolov8_msgs/share/yolov8_msgs/cmake/export_yolov8_msgs__rosidl_generator_pyExport-noconfig.cmake].
[5.570s] -- Installing: /home/carlosmello/ws/install/yolov8_msgs/share/yolov8_msgs/cmake/export_yolov8_msgs__rosidl_generator_pyExport.cmake
[5.570s] -- Installing: /home/carlosmello/ws/install/yolov8_msgs/share/yolov8_msgs/cmake/export_yolov8_msgs__rosidl_generator_pyExport-noconfig.cmake
[5.570s] -- Installing: /home/carlosmello/ws/install/yolov8_msgs/share/yolov8_msgs/cmake/rosidl_cmake-extras.cmake
[5.570s] -- Installing: /home/carlosmello/ws/install/yolov8_msgs/share/yolov8_msgs/cmake/ament_cmake_export_dependencies-extras.cmake
[5.570s] -- Installing: /home/carlosmello/ws/install/yolov8_msgs/share/yolov8_msgs/cmake/ament_cmake_export_include_directories-extras.cmake
[5.571s] -- Installing: /home/carlosmello/ws/install/yolov8_msgs/share/yolov8_msgs/cmake/ament_cmake_export_libraries-extras.cmake
[5.571s] -- Installing: /home/carlosmello/ws/install/yolov8_msgs/share/yolov8_msgs/cmake/ament_cmake_export_targets-extras.cmake
[5.571s] -- Installing: /home/carlosmello/ws/install/yolov8_msgs/share/yolov8_msgs/cmake/rosidl_cmake_export_typesupport_targets-extras.cmake
[5.571s] -- Installing: /home/carlosmello/ws/install/yolov8_msgs/share/yolov8_msgs/cmake/rosidl_cmake_export_typesupport_libraries-extras.cmake
[5.571s] -- Installing: /home/carlosmello/ws/install/yolov8_msgs/share/yolov8_msgs/cmake/yolov8_msgsConfig.cmake
[5.571s] -- Installing: /home/carlosmello/ws/install/yolov8_msgs/share/yolov8_msgs/cmake/yolov8_msgsConfig-version.cmake
[5.571s] -- Installing: /home/carlosmello/ws/install/yolov8_msgs/share/yolov8_msgs/package.xml
[5.574s] Invoked command in '/home/carlosmello/ws/build/yolov8_msgs' returned '0': CMAKE_PREFIX_PATH=${CMAKE_PREFIX_PATH}:/opt/ros/humble /usr/bin/cmake --install /home/carlosmello/ws/build/yolov8_msgs
