[0.016s] Invoking command in '/home/carlosmello/ws/build/perception': CMAKE_PREFIX_PATH=${CMAKE_PREFIX_PATH}:/opt/ros/humble /usr/bin/cmake --build /home/carlosmello/ws/build/perception -- -j8 -l8
[0.046s] -- Found ament_cmake: 1.3.10 (/opt/ros/humble/share/ament_cmake/cmake)
[0.233s] -- Found sensor_msgs: 4.2.4 (/opt/ros/humble/share/sensor_msgs/cmake)
[0.269s] -- Found rosidl_generator_c: 3.1.5 (/opt/ros/humble/share/rosidl_generator_c/cmake)
[0.273s] -- Found rosidl_adapter: 3.1.5 (/opt/ros/humble/share/rosidl_adapter/cmake)
[0.280s] -- Found rosidl_generator_cpp: 3.1.5 (/opt/ros/humble/share/rosidl_generator_cpp/cmake)
[0.291s] -- Using all available rosidl_typesupport_c: rosidl_typesupport_fastrtps_c;rosidl_typesupport_introspection_c
[0.307s] -- Using all available rosidl_typesupport_cpp: rosidl_typesupport_fastrtps_cpp;rosidl_typesupport_introspection_cpp
[0.383s] -- Found rosidl_default_generators: 1.2.0 (/opt/ros/humble/share/rosidl_default_generators/cmake)
[0.391s] -- Found yolov8_msgs: 0.0.0 (/home/carlosmello/ws/install/yolov8_msgs/share/yolov8_msgs/cmake)
[0.406s] -- Found ament_lint_auto: 0.12.11 (/opt/ros/humble/share/ament_lint_auto/cmake)
[0.498s] -- Added test 'flake8' to check Python code syntax and style conventions
[0.499s] -- Added test 'lint_cmake' to check CMake code style
[0.499s] -- Added test 'pep257' to check Python code against some of the docstring style conventions in PEP 257
[0.501s] -- Added test 'xmllint' to check XML markup files
[0.502s] -- Configuring done
[0.505s] -- Generating done
[0.506s] -- Build files have been written to: /home/carlosmello/ws/build/perception
[0.538s] Invoked command in '/home/carlosmello/ws/build/perception' returned '0': CMAKE_PREFIX_PATH=${CMAKE_PREFIX_PATH}:/opt/ros/humble /usr/bin/cmake --build /home/carlosmello/ws/build/perception -- -j8 -l8
[0.567s] Invoking command in '/home/carlosmello/ws/build/perception': CMAKE_PREFIX_PATH=${CMAKE_PREFIX_PATH}:/opt/ros/humble /usr/bin/cmake --install /home/carlosmello/ws/build/perception
[0.577s] -- Install configuration: ""
[0.577s] -- Up-to-date: /home/carlosmello/ws/install/perception/lib/perception/image_subscriber.py
[0.577s] -- Up-to-date: /home/carlosmello/ws/install/perception/lib/perception
[0.578s] -- Installing: /home/carlosmello/ws/install/perception/lib/perception/__init__.py
[0.578s] -- Up-to-date: /home/carlosmello/ws/install/perception/lib/perception/cone_detection.py
[0.578s] -- Up-to-date: /home/carlosmello/ws/install/perception/lib/perception
[0.578s] -- Up-to-date: /home/carlosmello/ws/install/perception/lib/perception/position_estimator.py
[0.578s] -- Installing: /home/carlosmello/ws/install/perception/lib/perception/__init__.py
[0.578s] -- Installing: /home/carlosmello/ws/install/perception/share/ament_index/resource_index/package_run_dependencies/perception
[0.578s] -- Up-to-date: /home/carlosmello/ws/install/perception/share/ament_index/resource_index/parent_prefix_path/perception
[0.578s] -- Up-to-date: /home/carlosmello/ws/install/perception/share/perception/environment/ament_prefix_path.sh
[0.579s] -- Installing: /home/carlosmello/ws/install/perception/share/perception/environment/ament_prefix_path.dsv
[0.579s] -- Up-to-date: /home/carlosmello/ws/install/perception/share/perception/environment/path.sh
[0.579s] -- Installing: /home/carlosmello/ws/install/perception/share/perception/environment/path.dsv
[0.579s] -- Up-to-date: /home/carlosmello/ws/install/perception/share/perception/local_setup.bash
[0.579s] -- Up-to-date: /home/carlosmello/ws/install/perception/share/perception/local_setup.sh
[0.579s] -- Up-to-date: /home/carlosmello/ws/install/perception/share/perception/local_setup.zsh
[0.579s] -- Installing: /home/carlosmello/ws/install/perception/share/perception/local_setup.dsv
[0.579s] -- Installing: /home/carlosmello/ws/install/perception/share/perception/package.dsv
[0.580s] -- Up-to-date: /home/carlosmello/ws/install/perception/share/ament_index/resource_index/packages/perception
[0.580s] -- Up-to-date: /home/carlosmello/ws/install/perception/share/perception/cmake/perceptionConfig.cmake
[0.580s] -- Up-to-date: /home/carlosmello/ws/install/perception/share/perception/cmake/perceptionConfig-version.cmake
[0.580s] -- Installing: /home/carlosmello/ws/install/perception/share/perception/package.xml
[0.584s] Invoked command in '/home/carlosmello/ws/build/perception' returned '0': CMAKE_PREFIX_PATH=${CMAKE_PREFIX_PATH}:/opt/ros/humble /usr/bin/cmake --install /home/carlosmello/ws/build/perception
