[  0%] Built target yolov8_msgs__cpp
[ 12%] Built target yolov8_msgs__rosidl_generator_c
[ 12%] Built target ament_cmake_python_copy_yolov8_msgs
[35m[1mConsolidate compiler generated dependencies of target yolov8_msgs__rosidl_typesupport_cpp[0m
[35m[1mConsolidate compiler generated dependencies of target yolov8_msgs__rosidl_typesupport_introspection_cpp[0m
[35m[1mConsolidate compiler generated dependencies of target yolov8_msgs__rosidl_typesupport_fastrtps_cpp[0m
[35m[1mConsolidate compiler generated dependencies of target yolov8_msgs__rosidl_typesupport_c[0m
[35m[1mConsolidate compiler generated dependencies of target yolov8_msgs__rosidl_typesupport_introspection_c[0m
[35m[1mConsolidate compiler generated dependencies of target yolov8_msgs__rosidl_typesupport_fastrtps_c[0m
[ 24%] Built target yolov8_msgs__rosidl_typesupport_c
[ 48%] Built target yolov8_msgs__rosidl_typesupport_cpp
[ 48%] Built target yolov8_msgs__rosidl_typesupport_introspection_c
[ 70%] Built target yolov8_msgs__rosidl_typesupport_fastrtps_cpp
[ 71%] Built target yolov8_msgs__rosidl_typesupport_introspection_cpp
[ 83%] Built target yolov8_msgs__rosidl_typesupport_fastrtps_c
[ 83%] Built target yolov8_msgs
[ 84%] [34m[1mGenerating Python code for ROS interfaces[0m
running egg_info
writing yolov8_msgs.egg-info/PKG-INFO
writing dependency_links to yolov8_msgs.egg-info/dependency_links.txt
writing top-level names to yolov8_msgs.egg-info/top_level.txt
reading manifest file 'yolov8_msgs.egg-info/SOURCES.txt'
[ 84%] Built target yolov8_msgs__py
