[0.012s] Invoking command in '/home/carlosmello/ws/build/yolov8_msgs': CMAKE_PREFIX_PATH=/opt/ros/humble /usr/bin/cmake --build /home/carlosmello/ws/build/yolov8_msgs -- -j8 -l8
[0.060s] [  0%] Built target yolov8_msgs__cpp
[0.063s] [ 12%] Built target yolov8_msgs__rosidl_generator_c
[0.072s] [ 12%] Built target ament_cmake_python_copy_yolov8_msgs
[0.076s] [35m[1mConsolidate compiler generated dependencies of target yolov8_msgs__rosidl_typesupport_cpp[0m
[0.077s] [35m[1mConsolidate compiler generated dependencies of target yolov8_msgs__rosidl_typesupport_introspection_cpp[0m
[0.078s] [35m[1mConsolidate compiler generated dependencies of target yolov8_msgs__rosidl_typesupport_fastrtps_cpp[0m
[0.079s] [35m[1mConsolidate compiler generated dependencies of target yolov8_msgs__rosidl_typesupport_c[0m
[0.080s] [35m[1mConsolidate compiler generated dependencies of target yolov8_msgs__rosidl_typesupport_introspection_c[0m
[0.081s] [35m[1mConsolidate compiler generated dependencies of target yolov8_msgs__rosidl_typesupport_fastrtps_c[0m
[0.102s] [ 24%] Built target yolov8_msgs__rosidl_typesupport_c
[0.105s] [ 48%] Built target yolov8_msgs__rosidl_typesupport_cpp
[0.106s] [ 48%] Built target yolov8_msgs__rosidl_typesupport_introspection_c
[0.110s] [ 70%] Built target yolov8_msgs__rosidl_typesupport_fastrtps_cpp
[0.110s] [ 71%] Built target yolov8_msgs__rosidl_typesupport_introspection_cpp
[0.116s] [ 83%] Built target yolov8_msgs__rosidl_typesupport_fastrtps_c
[0.135s] [ 83%] Built target yolov8_msgs
[0.153s] [ 84%] [34m[1mGenerating Python code for ROS interfaces[0m
[0.325s] running egg_info
[0.345s] writing yolov8_msgs.egg-info/PKG-INFO
[0.345s] writing dependency_links to yolov8_msgs.egg-info/dependency_links.txt
[0.346s] writing top-level names to yolov8_msgs.egg-info/top_level.txt
[0.403s] reading manifest file 'yolov8_msgs.egg-info/SOURCES.txt'
[0.417s] Traceback (most recent call last):
[0.417s]   File "/home/carlosmello/ws/build/yolov8_msgs/ament_cmake_python/yolov8_msgs/setup.py", line 4, in <module>
[0.417s]     setup(
[0.417s]   File "/home/carlosmello/.local/lib/python3.10/site-packages/setuptools/__init__.py", line 117, in setup
[0.417s]     return distutils.core.setup(**attrs)
[0.418s]   File "/home/carlosmello/.local/lib/python3.10/site-packages/setuptools/_distutils/core.py", line 183, in setup
[0.418s]     return run_commands(dist)
[0.418s]   File "/home/carlosmello/.local/lib/python3.10/site-packages/setuptools/_distutils/core.py", line 199, in run_commands
[0.418s]     dist.run_commands()
[0.418s]   File "/home/carlosmello/.local/lib/python3.10/site-packages/setuptools/_distutils/dist.py", line 954, in run_commands
[0.418s]     self.run_command(cmd)
[0.418s]   File "/home/carlosmello/.local/lib/python3.10/site-packages/setuptools/dist.py", line 991, in run_command
[0.418s]     super().run_command(command)
[0.418s]   File "/home/carlosmello/.local/lib/python3.10/site-packages/setuptools/_distutils/dist.py", line 973, in run_command
[0.418s]     cmd_obj.run()
[0.418s]   File "/home/carlosmello/.local/lib/python3.10/site-packages/setuptools/command/egg_info.py", line 315, in run
[0.418s]     self.find_sources()
[0.418s]   File "/home/carlosmello/.local/lib/python3.10/site-packages/setuptools/command/egg_info.py", line 323, in find_sources
[0.418s]     mm.run()
[0.418s]   File "/home/carlosmello/.local/lib/python3.10/site-packages/setuptools/command/egg_info.py", line 549, in run
[0.418s]     self.prune_file_list()
[0.419s]   File "/home/carlosmello/.local/lib/python3.10/site-packages/setuptools/command/sdist.py", line 161, in prune_file_list
[0.419s]     super().prune_file_list()
[0.419s]   File "/home/carlosmello/.local/lib/python3.10/site-packages/setuptools/_distutils/command/sdist.py", line 380, in prune_file_list
[0.419s]     base_dir = self.distribution.get_fullname()
[0.419s]   File "/home/carlosmello/.local/lib/python3.10/site-packages/setuptools/_core_metadata.py", line 267, in get_fullname
[0.419s]     return _distribution_fullname(self.get_name(), self.get_version())
[0.419s]   File "/home/carlosmello/.local/lib/python3.10/site-packages/setuptools/_core_metadata.py", line 285, in _distribution_fullname
[0.419s]     canonicalize_version(version, strip_trailing_zero=False),
[0.419s] TypeError: canonicalize_version() got an unexpected keyword argument 'strip_trailing_zero'
[0.445s] gmake[2]: *** [CMakeFiles/ament_cmake_python_build_yolov8_msgs_egg.dir/build.make:70: CMakeFiles/ament_cmake_python_build_yolov8_msgs_egg] Erro 1
[0.446s] gmake[1]: *** [CMakeFiles/Makefile2:447: CMakeFiles/ament_cmake_python_build_yolov8_msgs_egg.dir/all] Erro 2
[0.446s] gmake[1]: ** Esperando que outros processos terminem.
[1.790s] [ 84%] Built target yolov8_msgs__py
[1.791s] gmake: *** [Makefile:146: all] Erro 2
[1.793s] Invoked command in '/home/carlosmello/ws/build/yolov8_msgs' returned '2': CMAKE_PREFIX_PATH=/opt/ros/humble /usr/bin/cmake --build /home/carlosmello/ws/build/yolov8_msgs -- -j8 -l8
