[0.069s] Invoking command in '/home/carlosmello/ws/build/yolov8_msgs': CMAKE_PREFIX_PATH=${CMAKE_PREFIX_PATH}:/opt/ros/humble /usr/bin/cmake --build /home/carlosmello/ws/build/yolov8_msgs -- -j8 -l8
[0.207s] [  2%] Built target yolov8_msgs__cpp
[0.223s] [ 12%] Built target yolov8_msgs__rosidl_generator_c
[0.230s] [ 12%] Built target ament_cmake_python_copy_yolov8_msgs
[0.277s] [ 33%] Built target yolov8_msgs__rosidl_typesupport_cpp
[0.282s] [ 33%] Built target yolov8_msgs__rosidl_typesupport_fastrtps_cpp
[0.282s] [ 43%] Built target yolov8_msgs__rosidl_typesupport_c
[0.282s] [ 53%] Built target yolov8_msgs__rosidl_typesupport_introspection_cpp
[0.293s] [ 64%] Built target yolov8_msgs__rosidl_typesupport_introspection_c
[0.315s] [ 74%] Built target yolov8_msgs__rosidl_typesupport_fastrtps_c
[0.354s] [ 74%] Built target yolov8_msgs
[0.410s] [ 76%] Built target yolov8_msgs__py
[0.467s] [ 84%] Built target yolov8_msgs__rosidl_generator_py
[0.522s] [ 89%] Built target yolov8_msgs__rosidl_typesupport_introspection_c__pyext
[0.522s] [ 94%] Built target yolov8_msgs__rosidl_typesupport_fastrtps_c__pyext
[0.531s] [100%] Built target yolov8_msgs__rosidl_typesupport_c__pyext
[0.744s] running egg_info
[0.775s] writing yolov8_msgs.egg-info/PKG-INFO
[0.776s] writing dependency_links to yolov8_msgs.egg-info/dependency_links.txt
[0.776s] writing top-level names to yolov8_msgs.egg-info/top_level.txt
[0.875s] reading manifest file 'yolov8_msgs.egg-info/SOURCES.txt'
[0.877s] writing manifest file 'yolov8_msgs.egg-info/SOURCES.txt'
[0.953s] [100%] Built target ament_cmake_python_build_yolov8_msgs_egg
[0.969s] Invoked command in '/home/carlosmello/ws/build/yolov8_msgs' returned '0': CMAKE_PREFIX_PATH=${CMAKE_PREFIX_PATH}:/opt/ros/humble /usr/bin/cmake --build /home/carlosmello/ws/build/yolov8_msgs -- -j8 -l8
[1.072s] Invoking command in '/home/carlosmello/ws/build/yolov8_msgs': CMAKE_PREFIX_PATH=${CMAKE_PREFIX_PATH}:/opt/ros/humble /usr/bin/cmake --install /home/carlosmello/ws/build/yolov8_msgs
[1.089s] -- Install configuration: ""
[1.089s] -- Up-to-date: /home/carlosmello/ws/install/yolov8_msgs/share/ament_index/resource_index/rosidl_interfaces/yolov8_msgs
[1.089s] -- Up-to-date: /home/carlosmello/ws/install/yolov8_msgs/include/yolov8_msgs/yolov8_msgs
[1.089s] -- Up-to-date: /home/carlosmello/ws/install/yolov8_msgs/include/yolov8_msgs/yolov8_msgs/msg
[1.089s] -- Up-to-date: /home/carlosmello/ws/install/yolov8_msgs/include/yolov8_msgs/yolov8_msgs/msg/rosidl_generator_c__visibility_control.h
[1.090s] -- Up-to-date: /home/carlosmello/ws/install/yolov8_msgs/include/yolov8_msgs/yolov8_msgs/msg/inference_result.h
[1.090s] -- Up-to-date: /home/carlosmello/ws/install/yolov8_msgs/include/yolov8_msgs/yolov8_msgs/msg/yolov8_inference.h
[1.090s] -- Up-to-date: /home/carlosmello/ws/install/yolov8_msgs/include/yolov8_msgs/yolov8_msgs/msg/detail
[1.090s] -- Up-to-date: /home/carlosmello/ws/install/yolov8_msgs/include/yolov8_msgs/yolov8_msgs/msg/detail/inference_result__struct.h
[1.090s] -- Up-to-date: /home/carlosmello/ws/install/yolov8_msgs/include/yolov8_msgs/yolov8_msgs/msg/detail/inference_result__functions.h
[1.090s] -- Up-to-date: /home/carlosmello/ws/install/yolov8_msgs/include/yolov8_msgs/yolov8_msgs/msg/detail/yolov8_inference__type_support.h
[1.090s] -- Up-to-date: /home/carlosmello/ws/install/yolov8_msgs/include/yolov8_msgs/yolov8_msgs/msg/detail/inference_result__type_support.h
[1.090s] -- Up-to-date: /home/carlosmello/ws/install/yolov8_msgs/include/yolov8_msgs/yolov8_msgs/msg/detail/yolov8_inference__functions.c
[1.090s] -- Up-to-date: /home/carlosmello/ws/install/yolov8_msgs/include/yolov8_msgs/yolov8_msgs/msg/detail/inference_result__functions.c
[1.092s] -- Up-to-date: /home/carlosmello/ws/install/yolov8_msgs/include/yolov8_msgs/yolov8_msgs/msg/detail/yolov8_inference__functions.h
[1.092s] -- Up-to-date: /home/carlosmello/ws/install/yolov8_msgs/include/yolov8_msgs/yolov8_msgs/msg/detail/yolov8_inference__struct.h
[1.092s] -- Up-to-date: /home/carlosmello/ws/install/yolov8_msgs/share/yolov8_msgs/environment/library_path.sh
[1.095s] -- Up-to-date: /home/carlosmello/ws/install/yolov8_msgs/share/yolov8_msgs/environment/library_path.dsv
[1.095s] -- Up-to-date: /home/carlosmello/ws/install/yolov8_msgs/lib/libyolov8_msgs__rosidl_generator_c.so
[1.096s] -- Up-to-date: /home/carlosmello/ws/install/yolov8_msgs/include/yolov8_msgs/yolov8_msgs
[1.096s] -- Up-to-date: /home/carlosmello/ws/install/yolov8_msgs/include/yolov8_msgs/yolov8_msgs/msg
[1.096s] -- Up-to-date: /home/carlosmello/ws/install/yolov8_msgs/include/yolov8_msgs/yolov8_msgs/msg/rosidl_typesupport_fastrtps_c__visibility_control.h
[1.096s] -- Up-to-date: /home/carlosmello/ws/install/yolov8_msgs/include/yolov8_msgs/yolov8_msgs/msg/detail
[1.096s] -- Up-to-date: /home/carlosmello/ws/install/yolov8_msgs/include/yolov8_msgs/yolov8_msgs/msg/detail/inference_result__rosidl_typesupport_fastrtps_c.h
[1.098s] -- Up-to-date: /home/carlosmello/ws/install/yolov8_msgs/include/yolov8_msgs/yolov8_msgs/msg/detail/yolov8_inference__rosidl_typesupport_fastrtps_c.h
[1.098s] -- Up-to-date: /home/carlosmello/ws/install/yolov8_msgs/lib/libyolov8_msgs__rosidl_typesupport_fastrtps_c.so
[1.098s] -- Up-to-date: /home/carlosmello/ws/install/yolov8_msgs/include/yolov8_msgs/yolov8_msgs
[1.098s] -- Up-to-date: /home/carlosmello/ws/install/yolov8_msgs/include/yolov8_msgs/yolov8_msgs/msg
[1.098s] -- Up-to-date: /home/carlosmello/ws/install/yolov8_msgs/include/yolov8_msgs/yolov8_msgs/msg/inference_result.hpp
[1.099s] -- Up-to-date: /home/carlosmello/ws/install/yolov8_msgs/include/yolov8_msgs/yolov8_msgs/msg/yolov8_inference.hpp
[1.099s] -- Up-to-date: /home/carlosmello/ws/install/yolov8_msgs/include/yolov8_msgs/yolov8_msgs/msg/detail
[1.099s] -- Up-to-date: /home/carlosmello/ws/install/yolov8_msgs/include/yolov8_msgs/yolov8_msgs/msg/detail/inference_result__traits.hpp
[1.099s] -- Up-to-date: /home/carlosmello/ws/install/yolov8_msgs/include/yolov8_msgs/yolov8_msgs/msg/detail/inference_result__struct.hpp
[1.099s] -- Up-to-date: /home/carlosmello/ws/install/yolov8_msgs/include/yolov8_msgs/yolov8_msgs/msg/detail/yolov8_inference__traits.hpp
[1.100s] -- Up-to-date: /home/carlosmello/ws/install/yolov8_msgs/include/yolov8_msgs/yolov8_msgs/msg/detail/yolov8_inference__struct.hpp
[1.101s] -- Up-to-date: /home/carlosmello/ws/install/yolov8_msgs/include/yolov8_msgs/yolov8_msgs/msg/detail/inference_result__builder.hpp
[1.101s] -- Up-to-date: /home/carlosmello/ws/install/yolov8_msgs/include/yolov8_msgs/yolov8_msgs/msg/detail/yolov8_inference__builder.hpp
[1.101s] -- Up-to-date: /home/carlosmello/ws/install/yolov8_msgs/include/yolov8_msgs/yolov8_msgs
[1.102s] -- Up-to-date: /home/carlosmello/ws/install/yolov8_msgs/include/yolov8_msgs/yolov8_msgs/msg
[1.102s] -- Up-to-date: /home/carlosmello/ws/install/yolov8_msgs/include/yolov8_msgs/yolov8_msgs/msg/rosidl_typesupport_fastrtps_cpp__visibility_control.h
[1.102s] -- Up-to-date: /home/carlosmello/ws/install/yolov8_msgs/include/yolov8_msgs/yolov8_msgs/msg/detail
[1.102s] -- Up-to-date: /home/carlosmello/ws/install/yolov8_msgs/include/yolov8_msgs/yolov8_msgs/msg/detail/yolov8_inference__rosidl_typesupport_fastrtps_cpp.hpp
[1.102s] -- Up-to-date: /home/carlosmello/ws/install/yolov8_msgs/include/yolov8_msgs/yolov8_msgs/msg/detail/inference_result__rosidl_typesupport_fastrtps_cpp.hpp
[1.103s] -- Up-to-date: /home/carlosmello/ws/install/yolov8_msgs/include/yolov8_msgs/yolov8_msgs/msg/detail/dds_fastrtps
[1.103s] -- Up-to-date: /home/carlosmello/ws/install/yolov8_msgs/lib/libyolov8_msgs__rosidl_typesupport_fastrtps_cpp.so
[1.103s] -- Up-to-date: /home/carlosmello/ws/install/yolov8_msgs/include/yolov8_msgs/yolov8_msgs
[1.103s] -- Up-to-date: /home/carlosmello/ws/install/yolov8_msgs/include/yolov8_msgs/yolov8_msgs/msg
[1.103s] -- Up-to-date: /home/carlosmello/ws/install/yolov8_msgs/include/yolov8_msgs/yolov8_msgs/msg/rosidl_typesupport_introspection_c__visibility_control.h
[1.103s] -- Up-to-date: /home/carlosmello/ws/install/yolov8_msgs/include/yolov8_msgs/yolov8_msgs/msg/detail
[1.103s] -- Up-to-date: /home/carlosmello/ws/install/yolov8_msgs/include/yolov8_msgs/yolov8_msgs/msg/detail/inference_result__rosidl_typesupport_introspection_c.h
[1.103s] -- Up-to-date: /home/carlosmello/ws/install/yolov8_msgs/include/yolov8_msgs/yolov8_msgs/msg/detail/yolov8_inference__type_support.c
[1.103s] -- Up-to-date: /home/carlosmello/ws/install/yolov8_msgs/include/yolov8_msgs/yolov8_msgs/msg/detail/yolov8_inference__rosidl_typesupport_introspection_c.h
[1.104s] -- Up-to-date: /home/carlosmello/ws/install/yolov8_msgs/include/yolov8_msgs/yolov8_msgs/msg/detail/inference_result__type_support.c
[1.104s] -- Up-to-date: /home/carlosmello/ws/install/yolov8_msgs/lib/libyolov8_msgs__rosidl_typesupport_introspection_c.so
[1.104s] -- Up-to-date: /home/carlosmello/ws/install/yolov8_msgs/lib/libyolov8_msgs__rosidl_typesupport_c.so
[1.104s] -- Up-to-date: /home/carlosmello/ws/install/yolov8_msgs/include/yolov8_msgs/yolov8_msgs
[1.104s] -- Up-to-date: /home/carlosmello/ws/install/yolov8_msgs/include/yolov8_msgs/yolov8_msgs/msg
[1.104s] -- Up-to-date: /home/carlosmello/ws/install/yolov8_msgs/include/yolov8_msgs/yolov8_msgs/msg/detail
[1.104s] -- Up-to-date: /home/carlosmello/ws/install/yolov8_msgs/include/yolov8_msgs/yolov8_msgs/msg/detail/inference_result__rosidl_typesupport_introspection_cpp.hpp
[1.104s] -- Up-to-date: /home/carlosmello/ws/install/yolov8_msgs/include/yolov8_msgs/yolov8_msgs/msg/detail/yolov8_inference__type_support.cpp
[1.105s] -- Up-to-date: /home/carlosmello/ws/install/yolov8_msgs/include/yolov8_msgs/yolov8_msgs/msg/detail/yolov8_inference__rosidl_typesupport_introspection_cpp.hpp
[1.105s] -- Up-to-date: /home/carlosmello/ws/install/yolov8_msgs/include/yolov8_msgs/yolov8_msgs/msg/detail/inference_result__type_support.cpp
[1.105s] -- Up-to-date: /home/carlosmello/ws/install/yolov8_msgs/lib/libyolov8_msgs__rosidl_typesupport_introspection_cpp.so
[1.105s] -- Up-to-date: /home/carlosmello/ws/install/yolov8_msgs/lib/libyolov8_msgs__rosidl_typesupport_cpp.so
[1.105s] -- Up-to-date: /home/carlosmello/ws/install/yolov8_msgs/share/yolov8_msgs/environment/pythonpath.sh
[1.105s] -- Up-to-date: /home/carlosmello/ws/install/yolov8_msgs/share/yolov8_msgs/environment/pythonpath.dsv
[1.106s] -- Up-to-date: /home/carlosmello/ws/install/yolov8_msgs/local/lib/python3.10/dist-packages/yolov8_msgs-0.0.0-py3.10.egg-info
[1.106s] -- Installing: /home/carlosmello/ws/install/yolov8_msgs/local/lib/python3.10/dist-packages/yolov8_msgs-0.0.0-py3.10.egg-info/top_level.txt
[1.106s] -- Installing: /home/carlosmello/ws/install/yolov8_msgs/local/lib/python3.10/dist-packages/yolov8_msgs-0.0.0-py3.10.egg-info/SOURCES.txt
[1.106s] -- Installing: /home/carlosmello/ws/install/yolov8_msgs/local/lib/python3.10/dist-packages/yolov8_msgs-0.0.0-py3.10.egg-info/dependency_links.txt
[1.106s] -- Installing: /home/carlosmello/ws/install/yolov8_msgs/local/lib/python3.10/dist-packages/yolov8_msgs-0.0.0-py3.10.egg-info/PKG-INFO
[1.106s] -- Up-to-date: /home/carlosmello/ws/install/yolov8_msgs/local/lib/python3.10/dist-packages/yolov8_msgs
[1.106s] -- Up-to-date: /home/carlosmello/ws/install/yolov8_msgs/local/lib/python3.10/dist-packages/yolov8_msgs/libyolov8_msgs__rosidl_generator_py.so
[1.106s] -- Up-to-date: /home/carlosmello/ws/install/yolov8_msgs/local/lib/python3.10/dist-packages/yolov8_msgs/_yolov8_msgs_s.ep.rosidl_typesupport_c.c
[1.106s] -- Up-to-date: /home/carlosmello/ws/install/yolov8_msgs/local/lib/python3.10/dist-packages/yolov8_msgs/yolov8_msgs_s__rosidl_typesupport_c.cpython-310-x86_64-linux-gnu.so
[1.106s] -- Up-to-date: /home/carlosmello/ws/install/yolov8_msgs/local/lib/python3.10/dist-packages/yolov8_msgs/yolov8_msgs_s__rosidl_typesupport_fastrtps_c.cpython-310-x86_64-linux-gnu.so
[1.107s] -- Up-to-date: /home/carlosmello/ws/install/yolov8_msgs/local/lib/python3.10/dist-packages/yolov8_msgs/yolov8_msgs_s__rosidl_typesupport_introspection_c.cpython-310-x86_64-linux-gnu.so
[1.107s] -- Up-to-date: /home/carlosmello/ws/install/yolov8_msgs/local/lib/python3.10/dist-packages/yolov8_msgs/_yolov8_msgs_s.ep.rosidl_typesupport_fastrtps_c.c
[1.107s] -- Up-to-date: /home/carlosmello/ws/install/yolov8_msgs/local/lib/python3.10/dist-packages/yolov8_msgs/__init__.py
[1.107s] -- Up-to-date: /home/carlosmello/ws/install/yolov8_msgs/local/lib/python3.10/dist-packages/yolov8_msgs/_yolov8_msgs_s.ep.rosidl_typesupport_introspection_c.c
[1.107s] -- Up-to-date: /home/carlosmello/ws/install/yolov8_msgs/local/lib/python3.10/dist-packages/yolov8_msgs/msg
[1.107s] -- Up-to-date: /home/carlosmello/ws/install/yolov8_msgs/local/lib/python3.10/dist-packages/yolov8_msgs/msg/_yolov8_inference.py
[1.108s] -- Up-to-date: /home/carlosmello/ws/install/yolov8_msgs/local/lib/python3.10/dist-packages/yolov8_msgs/msg/_inference_result.py
[1.108s] -- Up-to-date: /home/carlosmello/ws/install/yolov8_msgs/local/lib/python3.10/dist-packages/yolov8_msgs/msg/__init__.py
[1.108s] -- Up-to-date: /home/carlosmello/ws/install/yolov8_msgs/local/lib/python3.10/dist-packages/yolov8_msgs/msg/_yolov8_inference_s.c
[1.108s] -- Up-to-date: /home/carlosmello/ws/install/yolov8_msgs/local/lib/python3.10/dist-packages/yolov8_msgs/msg/_inference_result_s.c
[1.155s] Listing '/home/carlosmello/ws/install/yolov8_msgs/local/lib/python3.10/dist-packages/yolov8_msgs'...
[1.155s] Listing '/home/carlosmello/ws/install/yolov8_msgs/local/lib/python3.10/dist-packages/yolov8_msgs/msg'...
[1.160s] -- Up-to-date: /home/carlosmello/ws/install/yolov8_msgs/local/lib/python3.10/dist-packages/yolov8_msgs/yolov8_msgs_s__rosidl_typesupport_fastrtps_c.cpython-310-x86_64-linux-gnu.so
[1.160s] -- Up-to-date: /home/carlosmello/ws/install/yolov8_msgs/local/lib/python3.10/dist-packages/yolov8_msgs/yolov8_msgs_s__rosidl_typesupport_introspection_c.cpython-310-x86_64-linux-gnu.so
[1.161s] -- Up-to-date: /home/carlosmello/ws/install/yolov8_msgs/local/lib/python3.10/dist-packages/yolov8_msgs/yolov8_msgs_s__rosidl_typesupport_c.cpython-310-x86_64-linux-gnu.so
[1.161s] -- Up-to-date: /home/carlosmello/ws/install/yolov8_msgs/lib/libyolov8_msgs__rosidl_generator_py.so
[1.161s] -- Up-to-date: /home/carlosmello/ws/install/yolov8_msgs/share/yolov8_msgs/msg/InferenceResult.idl
[1.162s] -- Up-to-date: /home/carlosmello/ws/install/yolov8_msgs/share/yolov8_msgs/msg/Yolov8Inference.idl
[1.162s] -- Up-to-date: /home/carlosmello/ws/install/yolov8_msgs/share/yolov8_msgs/msg/InferenceResult.msg
[1.162s] -- Up-to-date: /home/carlosmello/ws/install/yolov8_msgs/share/yolov8_msgs/msg/Yolov8Inference.msg
[1.162s] -- Up-to-date: /home/carlosmello/ws/install/yolov8_msgs/share/ament_index/resource_index/package_run_dependencies/yolov8_msgs
[1.163s] -- Up-to-date: /home/carlosmello/ws/install/yolov8_msgs/share/ament_index/resource_index/parent_prefix_path/yolov8_msgs
[1.163s] -- Up-to-date: /home/carlosmello/ws/install/yolov8_msgs/share/yolov8_msgs/environment/ament_prefix_path.sh
[1.163s] -- Up-to-date: /home/carlosmello/ws/install/yolov8_msgs/share/yolov8_msgs/environment/ament_prefix_path.dsv
[1.163s] -- Up-to-date: /home/carlosmello/ws/install/yolov8_msgs/share/yolov8_msgs/environment/path.sh
[1.163s] -- Up-to-date: /home/carlosmello/ws/install/yolov8_msgs/share/yolov8_msgs/environment/path.dsv
[1.164s] -- Up-to-date: /home/carlosmello/ws/install/yolov8_msgs/share/yolov8_msgs/local_setup.bash
[1.164s] -- Up-to-date: /home/carlosmello/ws/install/yolov8_msgs/share/yolov8_msgs/local_setup.sh
[1.164s] -- Up-to-date: /home/carlosmello/ws/install/yolov8_msgs/share/yolov8_msgs/local_setup.zsh
[1.165s] -- Up-to-date: /home/carlosmello/ws/install/yolov8_msgs/share/yolov8_msgs/local_setup.dsv
[1.165s] -- Installing: /home/carlosmello/ws/install/yolov8_msgs/share/yolov8_msgs/package.dsv
[1.165s] -- Up-to-date: /home/carlosmello/ws/install/yolov8_msgs/share/ament_index/resource_index/packages/yolov8_msgs
[1.166s] -- Up-to-date: /home/carlosmello/ws/install/yolov8_msgs/share/yolov8_msgs/cmake/export_yolov8_msgs__rosidl_generator_cExport.cmake
[1.166s] -- Up-to-date: /home/carlosmello/ws/install/yolov8_msgs/share/yolov8_msgs/cmake/export_yolov8_msgs__rosidl_generator_cExport-noconfig.cmake
[1.166s] -- Up-to-date: /home/carlosmello/ws/install/yolov8_msgs/share/yolov8_msgs/cmake/export_yolov8_msgs__rosidl_typesupport_fastrtps_cExport.cmake
[1.166s] -- Up-to-date: /home/carlosmello/ws/install/yolov8_msgs/share/yolov8_msgs/cmake/export_yolov8_msgs__rosidl_typesupport_fastrtps_cExport-noconfig.cmake
[1.166s] -- Up-to-date: /home/carlosmello/ws/install/yolov8_msgs/share/yolov8_msgs/cmake/export_yolov8_msgs__rosidl_generator_cppExport.cmake
[1.166s] -- Up-to-date: /home/carlosmello/ws/install/yolov8_msgs/share/yolov8_msgs/cmake/export_yolov8_msgs__rosidl_typesupport_fastrtps_cppExport.cmake
[1.167s] -- Up-to-date: /home/carlosmello/ws/install/yolov8_msgs/share/yolov8_msgs/cmake/export_yolov8_msgs__rosidl_typesupport_fastrtps_cppExport-noconfig.cmake
[1.167s] -- Up-to-date: /home/carlosmello/ws/install/yolov8_msgs/share/yolov8_msgs/cmake/yolov8_msgs__rosidl_typesupport_introspection_cExport.cmake
[1.167s] -- Up-to-date: /home/carlosmello/ws/install/yolov8_msgs/share/yolov8_msgs/cmake/yolov8_msgs__rosidl_typesupport_introspection_cExport-noconfig.cmake
[1.167s] -- Up-to-date: /home/carlosmello/ws/install/yolov8_msgs/share/yolov8_msgs/cmake/yolov8_msgs__rosidl_typesupport_cExport.cmake
[1.167s] -- Up-to-date: /home/carlosmello/ws/install/yolov8_msgs/share/yolov8_msgs/cmake/yolov8_msgs__rosidl_typesupport_cExport-noconfig.cmake
[1.167s] -- Up-to-date: /home/carlosmello/ws/install/yolov8_msgs/share/yolov8_msgs/cmake/yolov8_msgs__rosidl_typesupport_introspection_cppExport.cmake
[1.167s] -- Up-to-date: /home/carlosmello/ws/install/yolov8_msgs/share/yolov8_msgs/cmake/yolov8_msgs__rosidl_typesupport_introspection_cppExport-noconfig.cmake
[1.167s] -- Up-to-date: /home/carlosmello/ws/install/yolov8_msgs/share/yolov8_msgs/cmake/yolov8_msgs__rosidl_typesupport_cppExport.cmake
[1.168s] -- Up-to-date: /home/carlosmello/ws/install/yolov8_msgs/share/yolov8_msgs/cmake/yolov8_msgs__rosidl_typesupport_cppExport-noconfig.cmake
[1.168s] -- Up-to-date: /home/carlosmello/ws/install/yolov8_msgs/share/yolov8_msgs/cmake/export_yolov8_msgs__rosidl_generator_pyExport.cmake
[1.168s] -- Up-to-date: /home/carlosmello/ws/install/yolov8_msgs/share/yolov8_msgs/cmake/export_yolov8_msgs__rosidl_generator_pyExport-noconfig.cmake
[1.168s] -- Up-to-date: /home/carlosmello/ws/install/yolov8_msgs/share/yolov8_msgs/cmake/rosidl_cmake-extras.cmake
[1.168s] -- Up-to-date: /home/carlosmello/ws/install/yolov8_msgs/share/yolov8_msgs/cmake/ament_cmake_export_dependencies-extras.cmake
[1.170s] -- Up-to-date: /home/carlosmello/ws/install/yolov8_msgs/share/yolov8_msgs/cmake/ament_cmake_export_include_directories-extras.cmake
[1.171s] -- Up-to-date: /home/carlosmello/ws/install/yolov8_msgs/share/yolov8_msgs/cmake/ament_cmake_export_libraries-extras.cmake
[1.171s] -- Up-to-date: /home/carlosmello/ws/install/yolov8_msgs/share/yolov8_msgs/cmake/ament_cmake_export_targets-extras.cmake
[1.171s] -- Up-to-date: /home/carlosmello/ws/install/yolov8_msgs/share/yolov8_msgs/cmake/rosidl_cmake_export_typesupport_targets-extras.cmake
[1.171s] -- Up-to-date: /home/carlosmello/ws/install/yolov8_msgs/share/yolov8_msgs/cmake/rosidl_cmake_export_typesupport_libraries-extras.cmake
[1.172s] -- Up-to-date: /home/carlosmello/ws/install/yolov8_msgs/share/yolov8_msgs/cmake/yolov8_msgsConfig.cmake
[1.172s] -- Up-to-date: /home/carlosmello/ws/install/yolov8_msgs/share/yolov8_msgs/cmake/yolov8_msgsConfig-version.cmake
[1.172s] -- Up-to-date: /home/carlosmello/ws/install/yolov8_msgs/share/yolov8_msgs/package.xml
[1.176s] Invoked command in '/home/carlosmello/ws/build/yolov8_msgs' returned '0': CMAKE_PREFIX_PATH=${CMAKE_PREFIX_PATH}:/opt/ros/humble /usr/bin/cmake --install /home/carlosmello/ws/build/yolov8_msgs
