-- Install configuration: ""
-- Up-to-date: /home/carlosmello/ws/install/perception/lib/perception/image_subscriber.py
-- Up-to-date: /home/carlosmello/ws/install/perception/lib/perception
-- Up-to-date: /home/carlosmello/ws/install/perception/lib/perception/__init__.py
-- Up-to-date: /home/carlosmello/ws/install/perception/lib/perception/cone_detection.py
-- Up-to-date: /home/carlosmello/ws/install/perception/share/ament_index/resource_index/package_run_dependencies/perception
-- Up-to-date: /home/carlosmello/ws/install/perception/share/ament_index/resource_index/parent_prefix_path/perception
-- Up-to-date: /home/carlosmello/ws/install/perception/share/perception/environment/ament_prefix_path.sh
-- Up-to-date: /home/carlosmello/ws/install/perception/share/perception/environment/ament_prefix_path.dsv
-- Up-to-date: /home/carlosmello/ws/install/perception/share/perception/environment/path.sh
-- Up-to-date: /home/carlosmello/ws/install/perception/share/perception/environment/path.dsv
-- Up-to-date: /home/carlosmello/ws/install/perception/share/perception/local_setup.bash
-- Up-to-date: /home/carlosmello/ws/install/perception/share/perception/local_setup.sh
-- Up-to-date: /home/carlosmello/ws/install/perception/share/perception/local_setup.zsh
-- Up-to-date: /home/carlosmello/ws/install/perception/share/perception/local_setup.dsv
-- Up-to-date: /home/carlosmello/ws/install/perception/share/perception/package.dsv
-- Up-to-date: /home/carlosmello/ws/install/perception/share/ament_index/resource_index/packages/perception
-- Up-to-date: /home/carlosmello/ws/install/perception/share/perception/cmake/perceptionConfig.cmake
-- Up-to-date: /home/carlosmello/ws/install/perception/share/perception/cmake/perceptionConfig-version.cmake
-- Up-to-date: /home/carlosmello/ws/install/perception/share/perception/package.xml
