[0.060s] Invoking command in '/home/carlosmello/ws/build/yolobot_control': CMAKE_PREFIX_PATH=${CMAKE_PREFIX_PATH}:/opt/ros/humble /usr/bin/cmake --build /home/carlosmello/ws/build/yolobot_control -- -j8 -l8
[0.273s] Invoked command in '/home/carlosmello/ws/build/yolobot_control' returned '0': CMAKE_PREFIX_PATH=${CMAKE_PREFIX_PATH}:/opt/ros/humble /usr/bin/cmake --build /home/carlosmello/ws/build/yolobot_control -- -j8 -l8
[0.342s] Invoking command in '/home/carlosmello/ws/build/yolobot_control': CMAKE_PREFIX_PATH=${CMAKE_PREFIX_PATH}:/opt/ros/humble /usr/bin/cmake --install /home/carlosmello/ws/build/yolobot_control
[0.360s] -- Install configuration: ""
[0.361s] -- Up-to-date: /home/carlosmello/ws/install/yolobot_control/share/yolobot_control//scripts
[0.362s] -- Up-to-date: /home/carlosmello/ws/install/yolobot_control/share/yolobot_control//scripts/robot_control.py
[0.362s] -- Up-to-date: /home/carlosmello/ws/install/yolobot_control/share/yolobot_control//launch
[0.362s] -- Up-to-date: /home/carlosmello/ws/install/yolobot_control/share/yolobot_control//launch/yolobot_control.launch.py
[0.365s] -- Up-to-date: /home/carlosmello/ws/install/yolobot_control/lib/yolobot_control/robot_control.py
[0.376s] -- Up-to-date: /home/carlosmello/ws/install/yolobot_control/lib/yolobot_control/yolobot_control.launch.py
[0.376s] -- Up-to-date: /home/carlosmello/ws/install/yolobot_control/share/ament_index/resource_index/package_run_dependencies/yolobot_control
[0.376s] -- Up-to-date: /home/carlosmello/ws/install/yolobot_control/share/ament_index/resource_index/parent_prefix_path/yolobot_control
[0.385s] -- Up-to-date: /home/carlosmello/ws/install/yolobot_control/share/yolobot_control/environment/ament_prefix_path.sh
[0.386s] -- Up-to-date: /home/carlosmello/ws/install/yolobot_control/share/yolobot_control/environment/ament_prefix_path.dsv
[0.386s] -- Up-to-date: /home/carlosmello/ws/install/yolobot_control/share/yolobot_control/environment/path.sh
[0.386s] -- Up-to-date: /home/carlosmello/ws/install/yolobot_control/share/yolobot_control/environment/path.dsv
[0.386s] -- Up-to-date: /home/carlosmello/ws/install/yolobot_control/share/yolobot_control/local_setup.bash
[0.386s] -- Up-to-date: /home/carlosmello/ws/install/yolobot_control/share/yolobot_control/local_setup.sh
[0.387s] -- Up-to-date: /home/carlosmello/ws/install/yolobot_control/share/yolobot_control/local_setup.zsh
[0.387s] -- Up-to-date: /home/carlosmello/ws/install/yolobot_control/share/yolobot_control/local_setup.dsv
[0.387s] -- Installing: /home/carlosmello/ws/install/yolobot_control/share/yolobot_control/package.dsv
[0.388s] -- Up-to-date: /home/carlosmello/ws/install/yolobot_control/share/ament_index/resource_index/packages/yolobot_control
[0.394s] -- Up-to-date: /home/carlosmello/ws/install/yolobot_control/share/yolobot_control/cmake/yolobot_controlConfig.cmake
[0.394s] -- Up-to-date: /home/carlosmello/ws/install/yolobot_control/share/yolobot_control/cmake/yolobot_controlConfig-version.cmake
[0.395s] -- Up-to-date: /home/carlosmello/ws/install/yolobot_control/share/yolobot_control/package.xml
[0.437s] Invoked command in '/home/carlosmello/ws/build/yolobot_control' returned '0': CMAKE_PREFIX_PATH=${CMAKE_PREFIX_PATH}:/opt/ros/humble /usr/bin/cmake --install /home/carlosmello/ws/build/yolobot_control
