[0.079s] Invoking command in '/home/carlosmello/ws/build/yolobot_recognition': CMAKE_PREFIX_PATH=${CMAKE_PREFIX_PATH}:/opt/ros/humble /usr/bin/cmake --build /home/carlosmello/ws/build/yolobot_recognition -- -j8 -l8
[0.202s] Invoked command in '/home/carlosmello/ws/build/yolobot_recognition' returned '0': CMAKE_PREFIX_PATH=${CMAKE_PREFIX_PATH}:/opt/ros/humble /usr/bin/cmake --build /home/carlosmello/ws/build/yolobot_recognition -- -j8 -l8
[0.271s] Invoking command in '/home/carlosmello/ws/build/yolobot_recognition': CMAKE_PREFIX_PATH=${CMAKE_PREFIX_PATH}:/opt/ros/humble /usr/bin/cmake --install /home/carlosmello/ws/build/yolobot_recognition
[0.304s] -- Install configuration: ""
[0.304s] -- Up-to-date: /home/carlosmello/ws/install/yolobot_recognition/share/yolobot_recognition//scripts
[0.304s] -- Up-to-date: /home/carlosmello/ws/install/yolobot_recognition/share/yolobot_recognition//scripts/.dockerignore
[0.304s] -- Up-to-date: /home/carlosmello/ws/install/yolobot_recognition/share/yolobot_recognition//scripts/yolov8_ros2_subscriber.py
[0.304s] -- Up-to-date: /home/carlosmello/ws/install/yolobot_recognition/share/yolobot_recognition//scripts/best_nano.pt
[0.305s] -- Up-to-date: /home/carlosmello/ws/install/yolobot_recognition/share/yolobot_recognition//scripts/.gitattributes
[0.306s] -- Up-to-date: /home/carlosmello/ws/install/yolobot_recognition/share/yolobot_recognition//scripts/best.pt
[0.306s] -- Up-to-date: /home/carlosmello/ws/install/yolobot_recognition/share/yolobot_recognition//scripts/yolov8n.pt
[0.306s] -- Up-to-date: /home/carlosmello/ws/install/yolobot_recognition/share/yolobot_recognition//scripts/.gitignore
[0.306s] -- Up-to-date: /home/carlosmello/ws/install/yolobot_recognition/share/yolobot_recognition//scripts/yolov8_ros2_pt.py
[0.306s] -- Up-to-date: /home/carlosmello/ws/install/yolobot_recognition/share/yolobot_recognition//launch
[0.306s] -- Up-to-date: /home/carlosmello/ws/install/yolobot_recognition/share/yolobot_recognition//launch/launch_yolov8.launch.py
[0.306s] -- Up-to-date: /home/carlosmello/ws/install/yolobot_recognition/lib/yolobot_recognition/yolov8_ros2_pt.py
[0.306s] -- Up-to-date: /home/carlosmello/ws/install/yolobot_recognition/lib/yolobot_recognition/yolov8_ros2_subscriber.py
[0.306s] -- Up-to-date: /home/carlosmello/ws/install/yolobot_recognition/lib/yolobot_recognition/launch_yolov8.launch.py
[0.306s] -- Up-to-date: /home/carlosmello/ws/install/yolobot_recognition/share/ament_index/resource_index/package_run_dependencies/yolobot_recognition
[0.308s] -- Up-to-date: /home/carlosmello/ws/install/yolobot_recognition/share/ament_index/resource_index/parent_prefix_path/yolobot_recognition
[0.313s] -- Up-to-date: /home/carlosmello/ws/install/yolobot_recognition/share/yolobot_recognition/environment/ament_prefix_path.sh
[0.313s] -- Up-to-date: /home/carlosmello/ws/install/yolobot_recognition/share/yolobot_recognition/environment/ament_prefix_path.dsv
[0.313s] -- Up-to-date: /home/carlosmello/ws/install/yolobot_recognition/share/yolobot_recognition/environment/path.sh
[0.313s] -- Up-to-date: /home/carlosmello/ws/install/yolobot_recognition/share/yolobot_recognition/environment/path.dsv
[0.313s] -- Up-to-date: /home/carlosmello/ws/install/yolobot_recognition/share/yolobot_recognition/local_setup.bash
[0.313s] -- Up-to-date: /home/carlosmello/ws/install/yolobot_recognition/share/yolobot_recognition/local_setup.sh
[0.315s] -- Up-to-date: /home/carlosmello/ws/install/yolobot_recognition/share/yolobot_recognition/local_setup.zsh
[0.315s] -- Up-to-date: /home/carlosmello/ws/install/yolobot_recognition/share/yolobot_recognition/local_setup.dsv
[0.315s] -- Installing: /home/carlosmello/ws/install/yolobot_recognition/share/yolobot_recognition/package.dsv
[0.315s] -- Up-to-date: /home/carlosmello/ws/install/yolobot_recognition/share/ament_index/resource_index/packages/yolobot_recognition
[0.316s] -- Up-to-date: /home/carlosmello/ws/install/yolobot_recognition/share/yolobot_recognition/cmake/yolobot_recognitionConfig.cmake
[0.318s] -- Up-to-date: /home/carlosmello/ws/install/yolobot_recognition/share/yolobot_recognition/cmake/yolobot_recognitionConfig-version.cmake
[0.318s] -- Up-to-date: /home/carlosmello/ws/install/yolobot_recognition/share/yolobot_recognition/package.xml
[0.373s] Invoked command in '/home/carlosmello/ws/build/yolobot_recognition' returned '0': CMAKE_PREFIX_PATH=${CMAKE_PREFIX_PATH}:/opt/ros/humble /usr/bin/cmake --install /home/carlosmello/ws/build/yolobot_recognition
