[0.195s] DEBUG:colcon:Command line arguments: ['/usr/bin/colcon', 'build']
[0.195s] DEBUG:colcon:Parsed command line arguments: Namespace(log_base=None, log_level=None, verb_name='build', build_base='build', install_base='install', merge_install=False, symlink_install=False, test_result_base=None, continue_on_error=False, executor='parallel', parallel_workers=8, event_handlers=None, ignore_user_meta=False, metas=['./colcon.meta'], base_paths=['.'], packages_ignore=None, packages_ignore_regex=None, paths=None, packages_up_to=None, packages_up_to_regex=None, packages_above=None, packages_above_and_dependencies=None, packages_above_depth=None, packages_select_by_dep=None, packages_skip_by_dep=None, packages_skip_up_to=None, packages_select_build_failed=False, packages_skip_build_finished=False, packages_select_test_failures=False, packages_skip_test_passed=False, packages_select=None, packages_skip=None, packages_select_regex=None, packages_skip_regex=None, packages_start=None, packages_end=None, allow_overriding=[], cmake_args=None, cmake_target=None, cmake_target_skip_unavailable=False, cmake_clean_cache=False, cmake_clean_first=False, cmake_force_configure=False, ament_cmake_args=None, catkin_cmake_args=None, catkin_skip_building_tests=False, verb_parser=<colcon_defaults.argument_parser.defaults.DefaultArgumentsDecorator object at 0x7823888506d0>, verb_extension=<colcon_core.verb.build.BuildVerb object at 0x78238895d2d0>, main=<bound method BuildVerb.main of <colcon_core.verb.build.BuildVerb object at 0x78238895d2d0>>)
[0.541s] Level 1:colcon.colcon_core.package_discovery:discover_packages(colcon_meta) check parameters
[0.541s] Level 1:colcon.colcon_core.package_discovery:discover_packages(recursive) check parameters
[0.541s] Level 1:colcon.colcon_core.package_discovery:discover_packages(ignore) check parameters
[0.541s] Level 1:colcon.colcon_core.package_discovery:discover_packages(path) check parameters
[0.542s] Level 1:colcon.colcon_core.package_discovery:discover_packages(colcon_meta) discover
[0.542s] Level 1:colcon.colcon_core.package_discovery:discover_packages(recursive) discover
[0.542s] INFO:colcon.colcon_core.package_discovery:Crawling recursively for packages in '/home/carlosmello/ws'
[0.542s] Level 1:colcon.colcon_core.package_identification:_identify(.) by extensions ['ignore', 'ignore_ament_install']
[0.542s] Level 1:colcon.colcon_core.package_identification:_identify(.) by extension 'ignore'
[0.542s] Level 1:colcon.colcon_core.package_identification:_identify(.) by extension 'ignore_ament_install'
[0.542s] Level 1:colcon.colcon_core.package_identification:_identify(.) by extensions ['colcon_pkg']
[0.542s] Level 1:colcon.colcon_core.package_identification:_identify(.) by extension 'colcon_pkg'
[0.542s] Level 1:colcon.colcon_core.package_identification:_identify(.) by extensions ['colcon_meta']
[0.542s] Level 1:colcon.colcon_core.package_identification:_identify(.) by extension 'colcon_meta'
[0.542s] Level 1:colcon.colcon_core.package_identification:_identify(.) by extensions ['ros']
[0.542s] Level 1:colcon.colcon_core.package_identification:_identify(.) by extension 'ros'
[0.564s] Level 1:colcon.colcon_core.package_identification:_identify(.) by extensions ['cmake', 'python']
[0.565s] Level 1:colcon.colcon_core.package_identification:_identify(.) by extension 'cmake'
[0.565s] Level 1:colcon.colcon_core.package_identification:_identify(.) by extension 'python'
[0.565s] Level 1:colcon.colcon_core.package_identification:_identify(.) by extensions ['python_setup_py']
[0.565s] Level 1:colcon.colcon_core.package_identification:_identify(.) by extension 'python_setup_py'
[0.565s] Level 1:colcon.colcon_core.package_identification:_identify(build) by extensions ['ignore', 'ignore_ament_install']
[0.565s] Level 1:colcon.colcon_core.package_identification:_identify(build) by extension 'ignore'
[0.565s] Level 1:colcon.colcon_core.package_identification:_identify(build) ignored
[0.565s] Level 1:colcon.colcon_core.package_identification:_identify(install) by extensions ['ignore', 'ignore_ament_install']
[0.566s] Level 1:colcon.colcon_core.package_identification:_identify(install) by extension 'ignore'
[0.566s] Level 1:colcon.colcon_core.package_identification:_identify(install) ignored
[0.566s] Level 1:colcon.colcon_core.package_identification:_identify(log) by extensions ['ignore', 'ignore_ament_install']
[0.566s] Level 1:colcon.colcon_core.package_identification:_identify(log) by extension 'ignore'
[0.566s] Level 1:colcon.colcon_core.package_identification:_identify(log) ignored
[0.566s] Level 1:colcon.colcon_core.package_identification:_identify(src) by extensions ['ignore', 'ignore_ament_install']
[0.566s] Level 1:colcon.colcon_core.package_identification:_identify(src) by extension 'ignore'
[0.566s] Level 1:colcon.colcon_core.package_identification:_identify(src) by extension 'ignore_ament_install'
[0.566s] Level 1:colcon.colcon_core.package_identification:_identify(src) by extensions ['colcon_pkg']
[0.566s] Level 1:colcon.colcon_core.package_identification:_identify(src) by extension 'colcon_pkg'
[0.566s] Level 1:colcon.colcon_core.package_identification:_identify(src) by extensions ['colcon_meta']
[0.566s] Level 1:colcon.colcon_core.package_identification:_identify(src) by extension 'colcon_meta'
[0.567s] Level 1:colcon.colcon_core.package_identification:_identify(src) by extensions ['ros']
[0.567s] Level 1:colcon.colcon_core.package_identification:_identify(src) by extension 'ros'
[0.567s] Level 1:colcon.colcon_core.package_identification:_identify(src) by extensions ['cmake', 'python']
[0.567s] Level 1:colcon.colcon_core.package_identification:_identify(src) by extension 'cmake'
[0.567s] Level 1:colcon.colcon_core.package_identification:_identify(src) by extension 'python'
[0.567s] Level 1:colcon.colcon_core.package_identification:_identify(src) by extensions ['python_setup_py']
[0.567s] Level 1:colcon.colcon_core.package_identification:_identify(src) by extension 'python_setup_py'
[0.567s] Level 1:colcon.colcon_core.package_identification:_identify(src/Perception) by extensions ['ignore', 'ignore_ament_install']
[0.567s] Level 1:colcon.colcon_core.package_identification:_identify(src/Perception) by extension 'ignore'
[0.567s] Level 1:colcon.colcon_core.package_identification:_identify(src/Perception) by extension 'ignore_ament_install'
[0.567s] Level 1:colcon.colcon_core.package_identification:_identify(src/Perception) by extensions ['colcon_pkg']
[0.567s] Level 1:colcon.colcon_core.package_identification:_identify(src/Perception) by extension 'colcon_pkg'
[0.567s] Level 1:colcon.colcon_core.package_identification:_identify(src/Perception) by extensions ['colcon_meta']
[0.567s] Level 1:colcon.colcon_core.package_identification:_identify(src/Perception) by extension 'colcon_meta'
[0.567s] Level 1:colcon.colcon_core.package_identification:_identify(src/Perception) by extensions ['ros']
[0.568s] Level 1:colcon.colcon_core.package_identification:_identify(src/Perception) by extension 'ros'
[0.572s] DEBUG:colcon.colcon_core.package_identification:Package 'src/Perception' with type 'ros.ament_cmake' and name 'perception'
[0.572s] Level 1:colcon.colcon_core.package_identification:_identify(src/yolobot_control) by extensions ['ignore', 'ignore_ament_install']
[0.572s] Level 1:colcon.colcon_core.package_identification:_identify(src/yolobot_control) by extension 'ignore'
[0.572s] Level 1:colcon.colcon_core.package_identification:_identify(src/yolobot_control) by extension 'ignore_ament_install'
[0.573s] Level 1:colcon.colcon_core.package_identification:_identify(src/yolobot_control) by extensions ['colcon_pkg']
[0.573s] Level 1:colcon.colcon_core.package_identification:_identify(src/yolobot_control) by extension 'colcon_pkg'
[0.573s] Level 1:colcon.colcon_core.package_identification:_identify(src/yolobot_control) by extensions ['colcon_meta']
[0.573s] Level 1:colcon.colcon_core.package_identification:_identify(src/yolobot_control) by extension 'colcon_meta'
[0.573s] Level 1:colcon.colcon_core.package_identification:_identify(src/yolobot_control) by extensions ['ros']
[0.573s] Level 1:colcon.colcon_core.package_identification:_identify(src/yolobot_control) by extension 'ros'
[0.574s] DEBUG:colcon.colcon_core.package_identification:Package 'src/yolobot_control' with type 'ros.ament_cmake' and name 'yolobot_control'
[0.574s] Level 1:colcon.colcon_core.package_identification:_identify(src/yolobot_description) by extensions ['ignore', 'ignore_ament_install']
[0.574s] Level 1:colcon.colcon_core.package_identification:_identify(src/yolobot_description) by extension 'ignore'
[0.574s] Level 1:colcon.colcon_core.package_identification:_identify(src/yolobot_description) by extension 'ignore_ament_install'
[0.574s] Level 1:colcon.colcon_core.package_identification:_identify(src/yolobot_description) by extensions ['colcon_pkg']
[0.574s] Level 1:colcon.colcon_core.package_identification:_identify(src/yolobot_description) by extension 'colcon_pkg'
[0.574s] Level 1:colcon.colcon_core.package_identification:_identify(src/yolobot_description) by extensions ['colcon_meta']
[0.574s] Level 1:colcon.colcon_core.package_identification:_identify(src/yolobot_description) by extension 'colcon_meta'
[0.575s] Level 1:colcon.colcon_core.package_identification:_identify(src/yolobot_description) by extensions ['ros']
[0.575s] Level 1:colcon.colcon_core.package_identification:_identify(src/yolobot_description) by extension 'ros'
[0.575s] DEBUG:colcon.colcon_core.package_identification:Package 'src/yolobot_description' with type 'ros.ament_cmake' and name 'yolobot_description'
[0.576s] Level 1:colcon.colcon_core.package_identification:_identify(src/yolobot_gazebo) by extensions ['ignore', 'ignore_ament_install']
[0.576s] Level 1:colcon.colcon_core.package_identification:_identify(src/yolobot_gazebo) by extension 'ignore'
[0.576s] Level 1:colcon.colcon_core.package_identification:_identify(src/yolobot_gazebo) by extension 'ignore_ament_install'
[0.576s] Level 1:colcon.colcon_core.package_identification:_identify(src/yolobot_gazebo) by extensions ['colcon_pkg']
[0.576s] Level 1:colcon.colcon_core.package_identification:_identify(src/yolobot_gazebo) by extension 'colcon_pkg'
[0.576s] Level 1:colcon.colcon_core.package_identification:_identify(src/yolobot_gazebo) by extensions ['colcon_meta']
[0.576s] Level 1:colcon.colcon_core.package_identification:_identify(src/yolobot_gazebo) by extension 'colcon_meta'
[0.576s] Level 1:colcon.colcon_core.package_identification:_identify(src/yolobot_gazebo) by extensions ['ros']
[0.576s] Level 1:colcon.colcon_core.package_identification:_identify(src/yolobot_gazebo) by extension 'ros'
[0.577s] DEBUG:colcon.colcon_core.package_identification:Package 'src/yolobot_gazebo' with type 'ros.ament_cmake' and name 'yolobot_gazebo'
[0.577s] Level 1:colcon.colcon_core.package_identification:_identify(src/yolobot_recognition) by extensions ['ignore', 'ignore_ament_install']
[0.577s] Level 1:colcon.colcon_core.package_identification:_identify(src/yolobot_recognition) by extension 'ignore'
[0.577s] Level 1:colcon.colcon_core.package_identification:_identify(src/yolobot_recognition) by extension 'ignore_ament_install'
[0.577s] Level 1:colcon.colcon_core.package_identification:_identify(src/yolobot_recognition) by extensions ['colcon_pkg']
[0.577s] Level 1:colcon.colcon_core.package_identification:_identify(src/yolobot_recognition) by extension 'colcon_pkg'
[0.577s] Level 1:colcon.colcon_core.package_identification:_identify(src/yolobot_recognition) by extensions ['colcon_meta']
[0.577s] Level 1:colcon.colcon_core.package_identification:_identify(src/yolobot_recognition) by extension 'colcon_meta'
[0.577s] Level 1:colcon.colcon_core.package_identification:_identify(src/yolobot_recognition) by extensions ['ros']
[0.577s] Level 1:colcon.colcon_core.package_identification:_identify(src/yolobot_recognition) by extension 'ros'
[0.578s] DEBUG:colcon.colcon_core.package_identification:Package 'src/yolobot_recognition' with type 'ros.ament_cmake' and name 'yolobot_recognition'
[0.579s] Level 1:colcon.colcon_core.package_identification:_identify(src/yolov8_msgs) by extensions ['ignore', 'ignore_ament_install']
[0.579s] Level 1:colcon.colcon_core.package_identification:_identify(src/yolov8_msgs) by extension 'ignore'
[0.579s] Level 1:colcon.colcon_core.package_identification:_identify(src/yolov8_msgs) by extension 'ignore_ament_install'
[0.579s] Level 1:colcon.colcon_core.package_identification:_identify(src/yolov8_msgs) by extensions ['colcon_pkg']
[0.579s] Level 1:colcon.colcon_core.package_identification:_identify(src/yolov8_msgs) by extension 'colcon_pkg'
[0.579s] Level 1:colcon.colcon_core.package_identification:_identify(src/yolov8_msgs) by extensions ['colcon_meta']
[0.579s] Level 1:colcon.colcon_core.package_identification:_identify(src/yolov8_msgs) by extension 'colcon_meta'
[0.579s] Level 1:colcon.colcon_core.package_identification:_identify(src/yolov8_msgs) by extensions ['ros']
[0.579s] Level 1:colcon.colcon_core.package_identification:_identify(src/yolov8_msgs) by extension 'ros'
[0.580s] DEBUG:colcon.colcon_core.package_identification:Package 'src/yolov8_msgs' with type 'ros.ament_cmake' and name 'yolov8_msgs'
[0.581s] Level 1:colcon.colcon_core.package_identification:_identify(~) by extensions ['ignore', 'ignore_ament_install']
[0.581s] Level 1:colcon.colcon_core.package_identification:_identify(~) by extension 'ignore'
[0.581s] Level 1:colcon.colcon_core.package_identification:_identify(~) by extension 'ignore_ament_install'
[0.581s] Level 1:colcon.colcon_core.package_identification:_identify(~) by extensions ['colcon_pkg']
[0.581s] Level 1:colcon.colcon_core.package_identification:_identify(~) by extension 'colcon_pkg'
[0.581s] Level 1:colcon.colcon_core.package_identification:_identify(~) by extensions ['colcon_meta']
[0.581s] Level 1:colcon.colcon_core.package_identification:_identify(~) by extension 'colcon_meta'
[0.581s] Level 1:colcon.colcon_core.package_identification:_identify(~) by extensions ['ros']
[0.581s] Level 1:colcon.colcon_core.package_identification:_identify(~) by extension 'ros'
[0.581s] Level 1:colcon.colcon_core.package_identification:_identify(~) by extensions ['cmake', 'python']
[0.581s] Level 1:colcon.colcon_core.package_identification:_identify(~) by extension 'cmake'
[0.582s] Level 1:colcon.colcon_core.package_identification:_identify(~) by extension 'python'
[0.582s] Level 1:colcon.colcon_core.package_identification:_identify(~) by extensions ['python_setup_py']
[0.582s] Level 1:colcon.colcon_core.package_identification:_identify(~) by extension 'python_setup_py'
[0.582s] Level 1:colcon.colcon_core.package_identification:_identify(~/yolobot) by extensions ['ignore', 'ignore_ament_install']
[0.582s] Level 1:colcon.colcon_core.package_identification:_identify(~/yolobot) by extension 'ignore'
[0.582s] Level 1:colcon.colcon_core.package_identification:_identify(~/yolobot) by extension 'ignore_ament_install'
[0.582s] Level 1:colcon.colcon_core.package_identification:_identify(~/yolobot) by extensions ['colcon_pkg']
[0.582s] Level 1:colcon.colcon_core.package_identification:_identify(~/yolobot) by extension 'colcon_pkg'
[0.582s] Level 1:colcon.colcon_core.package_identification:_identify(~/yolobot) by extensions ['colcon_meta']
[0.582s] Level 1:colcon.colcon_core.package_identification:_identify(~/yolobot) by extension 'colcon_meta'
[0.582s] Level 1:colcon.colcon_core.package_identification:_identify(~/yolobot) by extensions ['ros']
[0.582s] Level 1:colcon.colcon_core.package_identification:_identify(~/yolobot) by extension 'ros'
[0.582s] Level 1:colcon.colcon_core.package_identification:_identify(~/yolobot) by extensions ['cmake', 'python']
[0.582s] Level 1:colcon.colcon_core.package_identification:_identify(~/yolobot) by extension 'cmake'
[0.582s] Level 1:colcon.colcon_core.package_identification:_identify(~/yolobot) by extension 'python'
[0.582s] Level 1:colcon.colcon_core.package_identification:_identify(~/yolobot) by extensions ['python_setup_py']
[0.582s] Level 1:colcon.colcon_core.package_identification:_identify(~/yolobot) by extension 'python_setup_py'
[0.583s] Level 1:colcon.colcon_core.package_identification:_identify(~/yolobot/src) by extensions ['ignore', 'ignore_ament_install']
[0.583s] Level 1:colcon.colcon_core.package_identification:_identify(~/yolobot/src) by extension 'ignore'
[0.583s] Level 1:colcon.colcon_core.package_identification:_identify(~/yolobot/src) by extension 'ignore_ament_install'
[0.583s] Level 1:colcon.colcon_core.package_identification:_identify(~/yolobot/src) by extensions ['colcon_pkg']
[0.583s] Level 1:colcon.colcon_core.package_identification:_identify(~/yolobot/src) by extension 'colcon_pkg'
[0.583s] Level 1:colcon.colcon_core.package_identification:_identify(~/yolobot/src) by extensions ['colcon_meta']
[0.583s] Level 1:colcon.colcon_core.package_identification:_identify(~/yolobot/src) by extension 'colcon_meta'
[0.583s] Level 1:colcon.colcon_core.package_identification:_identify(~/yolobot/src) by extensions ['ros']
[0.583s] Level 1:colcon.colcon_core.package_identification:_identify(~/yolobot/src) by extension 'ros'
[0.583s] Level 1:colcon.colcon_core.package_identification:_identify(~/yolobot/src) by extensions ['cmake', 'python']
[0.583s] Level 1:colcon.colcon_core.package_identification:_identify(~/yolobot/src) by extension 'cmake'
[0.583s] Level 1:colcon.colcon_core.package_identification:_identify(~/yolobot/src) by extension 'python'
[0.584s] Level 1:colcon.colcon_core.package_identification:_identify(~/yolobot/src) by extensions ['python_setup_py']
[0.584s] Level 1:colcon.colcon_core.package_identification:_identify(~/yolobot/src) by extension 'python_setup_py'
[0.584s] Level 1:colcon.colcon_core.package_identification:_identify(~/yolobot/src/yolobot_recognition) by extensions ['ignore', 'ignore_ament_install']
[0.584s] Level 1:colcon.colcon_core.package_identification:_identify(~/yolobot/src/yolobot_recognition) by extension 'ignore'
[0.584s] Level 1:colcon.colcon_core.package_identification:_identify(~/yolobot/src/yolobot_recognition) by extension 'ignore_ament_install'
[0.584s] Level 1:colcon.colcon_core.package_identification:_identify(~/yolobot/src/yolobot_recognition) by extensions ['colcon_pkg']
[0.584s] Level 1:colcon.colcon_core.package_identification:_identify(~/yolobot/src/yolobot_recognition) by extension 'colcon_pkg'
[0.584s] Level 1:colcon.colcon_core.package_identification:_identify(~/yolobot/src/yolobot_recognition) by extensions ['colcon_meta']
[0.584s] Level 1:colcon.colcon_core.package_identification:_identify(~/yolobot/src/yolobot_recognition) by extension 'colcon_meta'
[0.584s] Level 1:colcon.colcon_core.package_identification:_identify(~/yolobot/src/yolobot_recognition) by extensions ['ros']
[0.584s] Level 1:colcon.colcon_core.package_identification:_identify(~/yolobot/src/yolobot_recognition) by extension 'ros'
[0.584s] Level 1:colcon.colcon_core.package_identification:_identify(~/yolobot/src/yolobot_recognition) by extensions ['cmake', 'python']
[0.584s] Level 1:colcon.colcon_core.package_identification:_identify(~/yolobot/src/yolobot_recognition) by extension 'cmake'
[0.584s] Level 1:colcon.colcon_core.package_identification:_identify(~/yolobot/src/yolobot_recognition) by extension 'python'
[0.584s] Level 1:colcon.colcon_core.package_identification:_identify(~/yolobot/src/yolobot_recognition) by extensions ['python_setup_py']
[0.584s] Level 1:colcon.colcon_core.package_identification:_identify(~/yolobot/src/yolobot_recognition) by extension 'python_setup_py'
[0.585s] Level 1:colcon.colcon_core.package_identification:_identify(~/yolobot/src/yolobot_recognition/scripts) by extensions ['ignore', 'ignore_ament_install']
[0.585s] Level 1:colcon.colcon_core.package_identification:_identify(~/yolobot/src/yolobot_recognition/scripts) by extension 'ignore'
[0.585s] Level 1:colcon.colcon_core.package_identification:_identify(~/yolobot/src/yolobot_recognition/scripts) by extension 'ignore_ament_install'
[0.585s] Level 1:colcon.colcon_core.package_identification:_identify(~/yolobot/src/yolobot_recognition/scripts) by extensions ['colcon_pkg']
[0.585s] Level 1:colcon.colcon_core.package_identification:_identify(~/yolobot/src/yolobot_recognition/scripts) by extension 'colcon_pkg'
[0.585s] Level 1:colcon.colcon_core.package_identification:_identify(~/yolobot/src/yolobot_recognition/scripts) by extensions ['colcon_meta']
[0.585s] Level 1:colcon.colcon_core.package_identification:_identify(~/yolobot/src/yolobot_recognition/scripts) by extension 'colcon_meta'
[0.585s] Level 1:colcon.colcon_core.package_identification:_identify(~/yolobot/src/yolobot_recognition/scripts) by extensions ['ros']
[0.585s] Level 1:colcon.colcon_core.package_identification:_identify(~/yolobot/src/yolobot_recognition/scripts) by extension 'ros'
[0.585s] Level 1:colcon.colcon_core.package_identification:_identify(~/yolobot/src/yolobot_recognition/scripts) by extensions ['cmake', 'python']
[0.585s] Level 1:colcon.colcon_core.package_identification:_identify(~/yolobot/src/yolobot_recognition/scripts) by extension 'cmake'
[0.585s] Level 1:colcon.colcon_core.package_identification:_identify(~/yolobot/src/yolobot_recognition/scripts) by extension 'python'
[0.586s] Level 1:colcon.colcon_core.package_identification:_identify(~/yolobot/src/yolobot_recognition/scripts) by extensions ['python_setup_py']
[0.586s] Level 1:colcon.colcon_core.package_identification:_identify(~/yolobot/src/yolobot_recognition/scripts) by extension 'python_setup_py'
[0.586s] Level 1:colcon.colcon_core.package_discovery:discover_packages(recursive) using defaults
[0.586s] Level 1:colcon.colcon_core.package_discovery:discover_packages(ignore) discover
[0.586s] Level 1:colcon.colcon_core.package_discovery:discover_packages(ignore) using defaults
[0.586s] Level 1:colcon.colcon_core.package_discovery:discover_packages(path) discover
[0.586s] Level 1:colcon.colcon_core.package_discovery:discover_packages(path) using defaults
[0.623s] Level 1:colcon.colcon_core.package_discovery:discover_packages(prefix_path) check parameters
[0.623s] Level 1:colcon.colcon_core.package_discovery:discover_packages(prefix_path) discover
[0.627s] DEBUG:colcon.colcon_installed_package_information.package_discovery:Found 6 installed packages in /home/carlosmello/ws/install
[0.628s] DEBUG:colcon.colcon_installed_package_information.package_discovery:Found 272 installed packages in /opt/ros/humble
[0.631s] Level 1:colcon.colcon_core.package_discovery:discover_packages(prefix_path) using defaults
[0.710s] Level 5:colcon.colcon_core.verb:set package 'yolobot_control' build argument 'cmake_args' from command line to 'None'
[0.710s] Level 5:colcon.colcon_core.verb:set package 'yolobot_control' build argument 'cmake_target' from command line to 'None'
[0.710s] Level 5:colcon.colcon_core.verb:set package 'yolobot_control' build argument 'cmake_target_skip_unavailable' from command line to 'False'
[0.710s] Level 5:colcon.colcon_core.verb:set package 'yolobot_control' build argument 'cmake_clean_cache' from command line to 'False'
[0.710s] Level 5:colcon.colcon_core.verb:set package 'yolobot_control' build argument 'cmake_clean_first' from command line to 'False'
[0.710s] Level 5:colcon.colcon_core.verb:set package 'yolobot_control' build argument 'cmake_force_configure' from command line to 'False'
[0.710s] Level 5:colcon.colcon_core.verb:set package 'yolobot_control' build argument 'ament_cmake_args' from command line to 'None'
[0.710s] Level 5:colcon.colcon_core.verb:set package 'yolobot_control' build argument 'catkin_cmake_args' from command line to 'None'
[0.711s] Level 5:colcon.colcon_core.verb:set package 'yolobot_control' build argument 'catkin_skip_building_tests' from command line to 'False'
[0.711s] DEBUG:colcon.colcon_core.verb:Building package 'yolobot_control' with the following arguments: {'ament_cmake_args': None, 'build_base': '/home/carlosmello/ws/build/yolobot_control', 'catkin_cmake_args': None, 'catkin_skip_building_tests': False, 'cmake_args': None, 'cmake_clean_cache': False, 'cmake_clean_first': False, 'cmake_force_configure': False, 'cmake_target': None, 'cmake_target_skip_unavailable': False, 'install_base': '/home/carlosmello/ws/install/yolobot_control', 'merge_install': False, 'path': '/home/carlosmello/ws/src/yolobot_control', 'symlink_install': False, 'test_result_base': None}
[0.711s] Level 5:colcon.colcon_core.verb:set package 'yolobot_description' build argument 'cmake_args' from command line to 'None'
[0.711s] Level 5:colcon.colcon_core.verb:set package 'yolobot_description' build argument 'cmake_target' from command line to 'None'
[0.711s] Level 5:colcon.colcon_core.verb:set package 'yolobot_description' build argument 'cmake_target_skip_unavailable' from command line to 'False'
[0.711s] Level 5:colcon.colcon_core.verb:set package 'yolobot_description' build argument 'cmake_clean_cache' from command line to 'False'
[0.711s] Level 5:colcon.colcon_core.verb:set package 'yolobot_description' build argument 'cmake_clean_first' from command line to 'False'
[0.711s] Level 5:colcon.colcon_core.verb:set package 'yolobot_description' build argument 'cmake_force_configure' from command line to 'False'
[0.711s] Level 5:colcon.colcon_core.verb:set package 'yolobot_description' build argument 'ament_cmake_args' from command line to 'None'
[0.711s] Level 5:colcon.colcon_core.verb:set package 'yolobot_description' build argument 'catkin_cmake_args' from command line to 'None'
[0.711s] Level 5:colcon.colcon_core.verb:set package 'yolobot_description' build argument 'catkin_skip_building_tests' from command line to 'False'
[0.711s] DEBUG:colcon.colcon_core.verb:Building package 'yolobot_description' with the following arguments: {'ament_cmake_args': None, 'build_base': '/home/carlosmello/ws/build/yolobot_description', 'catkin_cmake_args': None, 'catkin_skip_building_tests': False, 'cmake_args': None, 'cmake_clean_cache': False, 'cmake_clean_first': False, 'cmake_force_configure': False, 'cmake_target': None, 'cmake_target_skip_unavailable': False, 'install_base': '/home/carlosmello/ws/install/yolobot_description', 'merge_install': False, 'path': '/home/carlosmello/ws/src/yolobot_description', 'symlink_install': False, 'test_result_base': None}
[0.712s] Level 5:colcon.colcon_core.verb:set package 'yolobot_gazebo' build argument 'cmake_args' from command line to 'None'
[0.712s] Level 5:colcon.colcon_core.verb:set package 'yolobot_gazebo' build argument 'cmake_target' from command line to 'None'
[0.712s] Level 5:colcon.colcon_core.verb:set package 'yolobot_gazebo' build argument 'cmake_target_skip_unavailable' from command line to 'False'
[0.712s] Level 5:colcon.colcon_core.verb:set package 'yolobot_gazebo' build argument 'cmake_clean_cache' from command line to 'False'
[0.712s] Level 5:colcon.colcon_core.verb:set package 'yolobot_gazebo' build argument 'cmake_clean_first' from command line to 'False'
[0.712s] Level 5:colcon.colcon_core.verb:set package 'yolobot_gazebo' build argument 'cmake_force_configure' from command line to 'False'
[0.712s] Level 5:colcon.colcon_core.verb:set package 'yolobot_gazebo' build argument 'ament_cmake_args' from command line to 'None'
[0.712s] Level 5:colcon.colcon_core.verb:set package 'yolobot_gazebo' build argument 'catkin_cmake_args' from command line to 'None'
[0.712s] Level 5:colcon.colcon_core.verb:set package 'yolobot_gazebo' build argument 'catkin_skip_building_tests' from command line to 'False'
[0.712s] DEBUG:colcon.colcon_core.verb:Building package 'yolobot_gazebo' with the following arguments: {'ament_cmake_args': None, 'build_base': '/home/carlosmello/ws/build/yolobot_gazebo', 'catkin_cmake_args': None, 'catkin_skip_building_tests': False, 'cmake_args': None, 'cmake_clean_cache': False, 'cmake_clean_first': False, 'cmake_force_configure': False, 'cmake_target': None, 'cmake_target_skip_unavailable': False, 'install_base': '/home/carlosmello/ws/install/yolobot_gazebo', 'merge_install': False, 'path': '/home/carlosmello/ws/src/yolobot_gazebo', 'symlink_install': False, 'test_result_base': None}
[0.713s] Level 5:colcon.colcon_core.verb:set package 'yolobot_recognition' build argument 'cmake_args' from command line to 'None'
[0.713s] Level 5:colcon.colcon_core.verb:set package 'yolobot_recognition' build argument 'cmake_target' from command line to 'None'
[0.713s] Level 5:colcon.colcon_core.verb:set package 'yolobot_recognition' build argument 'cmake_target_skip_unavailable' from command line to 'False'
[0.713s] Level 5:colcon.colcon_core.verb:set package 'yolobot_recognition' build argument 'cmake_clean_cache' from command line to 'False'
[0.713s] Level 5:colcon.colcon_core.verb:set package 'yolobot_recognition' build argument 'cmake_clean_first' from command line to 'False'
[0.713s] Level 5:colcon.colcon_core.verb:set package 'yolobot_recognition' build argument 'cmake_force_configure' from command line to 'False'
[0.713s] Level 5:colcon.colcon_core.verb:set package 'yolobot_recognition' build argument 'ament_cmake_args' from command line to 'None'
[0.713s] Level 5:colcon.colcon_core.verb:set package 'yolobot_recognition' build argument 'catkin_cmake_args' from command line to 'None'
[0.713s] Level 5:colcon.colcon_core.verb:set package 'yolobot_recognition' build argument 'catkin_skip_building_tests' from command line to 'False'
[0.713s] DEBUG:colcon.colcon_core.verb:Building package 'yolobot_recognition' with the following arguments: {'ament_cmake_args': None, 'build_base': '/home/carlosmello/ws/build/yolobot_recognition', 'catkin_cmake_args': None, 'catkin_skip_building_tests': False, 'cmake_args': None, 'cmake_clean_cache': False, 'cmake_clean_first': False, 'cmake_force_configure': False, 'cmake_target': None, 'cmake_target_skip_unavailable': False, 'install_base': '/home/carlosmello/ws/install/yolobot_recognition', 'merge_install': False, 'path': '/home/carlosmello/ws/src/yolobot_recognition', 'symlink_install': False, 'test_result_base': None}
[0.713s] Level 5:colcon.colcon_core.verb:set package 'yolov8_msgs' build argument 'cmake_args' from command line to 'None'
[0.713s] Level 5:colcon.colcon_core.verb:set package 'yolov8_msgs' build argument 'cmake_target' from command line to 'None'
[0.713s] Level 5:colcon.colcon_core.verb:set package 'yolov8_msgs' build argument 'cmake_target_skip_unavailable' from command line to 'False'
[0.713s] Level 5:colcon.colcon_core.verb:set package 'yolov8_msgs' build argument 'cmake_clean_cache' from command line to 'False'
[0.713s] Level 5:colcon.colcon_core.verb:set package 'yolov8_msgs' build argument 'cmake_clean_first' from command line to 'False'
[0.714s] Level 5:colcon.colcon_core.verb:set package 'yolov8_msgs' build argument 'cmake_force_configure' from command line to 'False'
[0.714s] Level 5:colcon.colcon_core.verb:set package 'yolov8_msgs' build argument 'ament_cmake_args' from command line to 'None'
[0.714s] Level 5:colcon.colcon_core.verb:set package 'yolov8_msgs' build argument 'catkin_cmake_args' from command line to 'None'
[0.714s] Level 5:colcon.colcon_core.verb:set package 'yolov8_msgs' build argument 'catkin_skip_building_tests' from command line to 'False'
[0.714s] DEBUG:colcon.colcon_core.verb:Building package 'yolov8_msgs' with the following arguments: {'ament_cmake_args': None, 'build_base': '/home/carlosmello/ws/build/yolov8_msgs', 'catkin_cmake_args': None, 'catkin_skip_building_tests': False, 'cmake_args': None, 'cmake_clean_cache': False, 'cmake_clean_first': False, 'cmake_force_configure': False, 'cmake_target': None, 'cmake_target_skip_unavailable': False, 'install_base': '/home/carlosmello/ws/install/yolov8_msgs', 'merge_install': False, 'path': '/home/carlosmello/ws/src/yolov8_msgs', 'symlink_install': False, 'test_result_base': None}
[0.714s] Level 5:colcon.colcon_core.verb:set package 'perception' build argument 'cmake_args' from command line to 'None'
[0.714s] Level 5:colcon.colcon_core.verb:set package 'perception' build argument 'cmake_target' from command line to 'None'
[0.714s] Level 5:colcon.colcon_core.verb:set package 'perception' build argument 'cmake_target_skip_unavailable' from command line to 'False'
[0.714s] Level 5:colcon.colcon_core.verb:set package 'perception' build argument 'cmake_clean_cache' from command line to 'False'
[0.714s] Level 5:colcon.colcon_core.verb:set package 'perception' build argument 'cmake_clean_first' from command line to 'False'
[0.714s] Level 5:colcon.colcon_core.verb:set package 'perception' build argument 'cmake_force_configure' from command line to 'False'
[0.714s] Level 5:colcon.colcon_core.verb:set package 'perception' build argument 'ament_cmake_args' from command line to 'None'
[0.714s] Level 5:colcon.colcon_core.verb:set package 'perception' build argument 'catkin_cmake_args' from command line to 'None'
[0.714s] Level 5:colcon.colcon_core.verb:set package 'perception' build argument 'catkin_skip_building_tests' from command line to 'False'
[0.715s] DEBUG:colcon.colcon_core.verb:Building package 'perception' with the following arguments: {'ament_cmake_args': None, 'build_base': '/home/carlosmello/ws/build/perception', 'catkin_cmake_args': None, 'catkin_skip_building_tests': False, 'cmake_args': None, 'cmake_clean_cache': False, 'cmake_clean_first': False, 'cmake_force_configure': False, 'cmake_target': None, 'cmake_target_skip_unavailable': False, 'install_base': '/home/carlosmello/ws/install/perception', 'merge_install': False, 'path': '/home/carlosmello/ws/src/Perception', 'symlink_install': False, 'test_result_base': None}
[0.715s] INFO:colcon.colcon_core.executor:Executing jobs using 'parallel' executor
[0.716s] DEBUG:colcon.colcon_parallel_executor.executor.parallel:run_until_complete
[0.717s] INFO:colcon.colcon_ros.task.ament_cmake.build:Building ROS package in '/home/carlosmello/ws/src/yolov8_msgs' with build type 'ament_cmake'
[0.717s] INFO:colcon.colcon_cmake.task.cmake.build:Building CMake package in '/home/carlosmello/ws/src/yolov8_msgs'
[0.723s] INFO:colcon.colcon_core.plugin_system:Skipping extension 'colcon_core.shell.bat': Not used on non-Windows systems
[0.724s] INFO:colcon.colcon_core.shell:Skip shell extension 'powershell' for command environment: Not usable outside of PowerShell
[0.724s] DEBUG:colcon.colcon_core.shell:Skip shell extension 'dsv' for command environment
[0.728s] INFO:colcon.colcon_ros.task.ament_cmake.build:Building ROS package in '/home/carlosmello/ws/src/yolobot_control' with build type 'ament_cmake'
[0.729s] INFO:colcon.colcon_cmake.task.cmake.build:Building CMake package in '/home/carlosmello/ws/src/yolobot_control'
[0.729s] INFO:colcon.colcon_core.shell:Skip shell extension 'powershell' for command environment: Not usable outside of PowerShell
[0.729s] DEBUG:colcon.colcon_core.shell:Skip shell extension 'dsv' for command environment
[0.733s] INFO:colcon.colcon_ros.task.ament_cmake.build:Building ROS package in '/home/carlosmello/ws/src/yolobot_description' with build type 'ament_cmake'
[0.733s] INFO:colcon.colcon_cmake.task.cmake.build:Building CMake package in '/home/carlosmello/ws/src/yolobot_description'
[0.733s] INFO:colcon.colcon_core.shell:Skip shell extension 'powershell' for command environment: Not usable outside of PowerShell
[0.734s] DEBUG:colcon.colcon_core.shell:Skip shell extension 'dsv' for command environment
[0.737s] INFO:colcon.colcon_ros.task.ament_cmake.build:Building ROS package in '/home/carlosmello/ws/src/yolobot_gazebo' with build type 'ament_cmake'
[0.738s] INFO:colcon.colcon_cmake.task.cmake.build:Building CMake package in '/home/carlosmello/ws/src/yolobot_gazebo'
[0.738s] INFO:colcon.colcon_core.shell:Skip shell extension 'powershell' for command environment: Not usable outside of PowerShell
[0.739s] DEBUG:colcon.colcon_core.shell:Skip shell extension 'dsv' for command environment
[0.742s] INFO:colcon.colcon_ros.task.ament_cmake.build:Building ROS package in '/home/carlosmello/ws/src/yolobot_recognition' with build type 'ament_cmake'
[0.743s] INFO:colcon.colcon_cmake.task.cmake.build:Building CMake package in '/home/carlosmello/ws/src/yolobot_recognition'
[0.743s] INFO:colcon.colcon_core.shell:Skip shell extension 'powershell' for command environment: Not usable outside of PowerShell
[0.743s] DEBUG:colcon.colcon_core.shell:Skip shell extension 'dsv' for command environment
[0.756s] DEBUG:colcon.colcon_core.event_handler.log_command:Invoking command in '/home/carlosmello/ws/build/yolov8_msgs': CMAKE_PREFIX_PATH=${CMAKE_PREFIX_PATH}:/opt/ros/humble /usr/bin/cmake --build /home/carlosmello/ws/build/yolov8_msgs -- -j8 -l8
[0.760s] DEBUG:colcon.colcon_core.event_handler.log_command:Invoking command in '/home/carlosmello/ws/build/yolobot_control': CMAKE_PREFIX_PATH=${CMAKE_PREFIX_PATH}:/opt/ros/humble /usr/bin/cmake --build /home/carlosmello/ws/build/yolobot_control -- -j8 -l8
[0.763s] DEBUG:colcon.colcon_core.event_handler.log_command:Invoking command in '/home/carlosmello/ws/build/yolobot_description': CMAKE_PREFIX_PATH=${CMAKE_PREFIX_PATH}:/opt/ros/humble /usr/bin/cmake --build /home/carlosmello/ws/build/yolobot_description -- -j8 -l8
[0.771s] DEBUG:colcon.colcon_core.event_handler.log_command:Invoking command in '/home/carlosmello/ws/build/yolobot_gazebo': CMAKE_PREFIX_PATH=${CMAKE_PREFIX_PATH}:/opt/ros/humble /usr/bin/cmake --build /home/carlosmello/ws/build/yolobot_gazebo -- -j8 -l8
[0.780s] DEBUG:colcon.colcon_core.event_handler.log_command:Invoking command in '/home/carlosmello/ws/build/yolobot_recognition': CMAKE_PREFIX_PATH=${CMAKE_PREFIX_PATH}:/opt/ros/humble /usr/bin/cmake --build /home/carlosmello/ws/build/yolobot_recognition -- -j8 -l8
[0.857s] DEBUG:colcon.colcon_core.event_handler.log_command:Invoked command in '/home/carlosmello/ws/build/yolobot_description' returned '0': CMAKE_PREFIX_PATH=${CMAKE_PREFIX_PATH}:/opt/ros/humble /usr/bin/cmake --build /home/carlosmello/ws/build/yolobot_description -- -j8 -l8
[0.861s] DEBUG:colcon.colcon_core.event_handler.log_command:Invoked command in '/home/carlosmello/ws/build/yolobot_gazebo' returned '0': CMAKE_PREFIX_PATH=${CMAKE_PREFIX_PATH}:/opt/ros/humble /usr/bin/cmake --build /home/carlosmello/ws/build/yolobot_gazebo -- -j8 -l8
[0.865s] DEBUG:colcon.colcon_core.event_handler.log_command:Invoked command in '/home/carlosmello/ws/build/yolobot_control' returned '0': CMAKE_PREFIX_PATH=${CMAKE_PREFIX_PATH}:/opt/ros/humble /usr/bin/cmake --build /home/carlosmello/ws/build/yolobot_control -- -j8 -l8
[0.867s] DEBUG:colcon.colcon_core.event_handler.log_command:Invoked command in '/home/carlosmello/ws/build/yolobot_recognition' returned '0': CMAKE_PREFIX_PATH=${CMAKE_PREFIX_PATH}:/opt/ros/humble /usr/bin/cmake --build /home/carlosmello/ws/build/yolobot_recognition -- -j8 -l8
[0.919s] DEBUG:colcon.colcon_core.event_handler.log_command:Invoking command in '/home/carlosmello/ws/build/yolobot_description': CMAKE_PREFIX_PATH=${CMAKE_PREFIX_PATH}:/opt/ros/humble /usr/bin/cmake --install /home/carlosmello/ws/build/yolobot_description
[0.926s] DEBUG:colcon.colcon_core.event_handler.log_command:Invoking command in '/home/carlosmello/ws/build/yolobot_gazebo': CMAKE_PREFIX_PATH=${CMAKE_PREFIX_PATH}:/opt/ros/humble /usr/bin/cmake --install /home/carlosmello/ws/build/yolobot_gazebo
[0.941s] DEBUG:colcon.colcon_core.event_handler.log_command:Invoking command in '/home/carlosmello/ws/build/yolobot_recognition': CMAKE_PREFIX_PATH=${CMAKE_PREFIX_PATH}:/opt/ros/humble /usr/bin/cmake --install /home/carlosmello/ws/build/yolobot_recognition
[0.946s] DEBUG:colcon.colcon_core.event_handler.log_command:Invoking command in '/home/carlosmello/ws/build/yolobot_control': CMAKE_PREFIX_PATH=${CMAKE_PREFIX_PATH}:/opt/ros/humble /usr/bin/cmake --install /home/carlosmello/ws/build/yolobot_control
[0.951s] Level 1:colcon.colcon_core.environment:create_environment_scripts_only(yolobot_gazebo)
[0.963s] DEBUG:colcon.colcon_core.event_handler.log_command:Invoked command in '/home/carlosmello/ws/build/yolobot_gazebo' returned '0': CMAKE_PREFIX_PATH=${CMAKE_PREFIX_PATH}:/opt/ros/humble /usr/bin/cmake --install /home/carlosmello/ws/build/yolobot_gazebo
[0.973s] Level 1:colcon.colcon_core.environment:checking '/home/carlosmello/ws/install/yolobot_gazebo' for CMake module files
[0.974s] Level 1:colcon.colcon_core.environment:checking '/home/carlosmello/ws/install/yolobot_gazebo' for CMake config files
[0.974s] Level 1:colcon.colcon_core.shell:create_environment_hook('yolobot_gazebo', 'cmake_prefix_path')
[0.975s] INFO:colcon.colcon_core.shell:Creating environment hook '/home/carlosmello/ws/install/yolobot_gazebo/share/yolobot_gazebo/hook/cmake_prefix_path.ps1'
[0.976s] INFO:colcon.colcon_core.shell:Creating environment descriptor '/home/carlosmello/ws/install/yolobot_gazebo/share/yolobot_gazebo/hook/cmake_prefix_path.dsv'
[0.977s] INFO:colcon.colcon_core.shell:Creating environment hook '/home/carlosmello/ws/install/yolobot_gazebo/share/yolobot_gazebo/hook/cmake_prefix_path.sh'
[0.979s] Level 1:colcon.colcon_core.environment:checking '/home/carlosmello/ws/install/yolobot_gazebo/bin'
[0.979s] Level 1:colcon.colcon_core.environment:checking '/home/carlosmello/ws/install/yolobot_gazebo/lib/pkgconfig/yolobot_gazebo.pc'
[0.979s] Level 1:colcon.colcon_core.environment:checking '/home/carlosmello/ws/install/yolobot_gazebo/lib/python3.10/site-packages'
[0.979s] Level 1:colcon.colcon_core.environment:checking '/home/carlosmello/ws/install/yolobot_gazebo/bin'
[0.980s] INFO:colcon.colcon_core.shell:Creating package script '/home/carlosmello/ws/install/yolobot_gazebo/share/yolobot_gazebo/package.ps1'
[0.981s] INFO:colcon.colcon_core.shell:Creating package descriptor '/home/carlosmello/ws/install/yolobot_gazebo/share/yolobot_gazebo/package.dsv'
[0.981s] INFO:colcon.colcon_core.shell:Creating package script '/home/carlosmello/ws/install/yolobot_gazebo/share/yolobot_gazebo/package.sh'
[0.982s] INFO:colcon.colcon_core.shell:Creating package script '/home/carlosmello/ws/install/yolobot_gazebo/share/yolobot_gazebo/package.bash'
[0.983s] INFO:colcon.colcon_core.shell:Creating package script '/home/carlosmello/ws/install/yolobot_gazebo/share/yolobot_gazebo/package.zsh'
[0.985s] Level 1:colcon.colcon_core.environment:create_file_with_runtime_dependencies(/home/carlosmello/ws/install/yolobot_gazebo/share/colcon-core/packages/yolobot_gazebo)
[0.986s] Level 1:colcon.colcon_core.environment:create_environment_scripts_only(yolobot_description)
[0.986s] Level 1:colcon.colcon_core.environment:checking '/home/carlosmello/ws/install/yolobot_description' for CMake module files
[0.987s] DEBUG:colcon.colcon_core.event_handler.log_command:Invoked command in '/home/carlosmello/ws/build/yolobot_description' returned '0': CMAKE_PREFIX_PATH=${CMAKE_PREFIX_PATH}:/opt/ros/humble /usr/bin/cmake --install /home/carlosmello/ws/build/yolobot_description
[0.988s] Level 1:colcon.colcon_core.environment:checking '/home/carlosmello/ws/install/yolobot_description' for CMake config files
[0.988s] Level 1:colcon.colcon_core.shell:create_environment_hook('yolobot_description', 'cmake_prefix_path')
[0.988s] INFO:colcon.colcon_core.shell:Creating environment hook '/home/carlosmello/ws/install/yolobot_description/share/yolobot_description/hook/cmake_prefix_path.ps1'
[0.989s] INFO:colcon.colcon_core.shell:Creating environment descriptor '/home/carlosmello/ws/install/yolobot_description/share/yolobot_description/hook/cmake_prefix_path.dsv'
[0.990s] INFO:colcon.colcon_core.shell:Creating environment hook '/home/carlosmello/ws/install/yolobot_description/share/yolobot_description/hook/cmake_prefix_path.sh'
[0.990s] Level 1:colcon.colcon_core.environment:checking '/home/carlosmello/ws/install/yolobot_description/lib'
[0.991s] Level 1:colcon.colcon_core.environment:checking '/home/carlosmello/ws/install/yolobot_description/bin'
[0.991s] Level 1:colcon.colcon_core.environment:checking '/home/carlosmello/ws/install/yolobot_description/lib/pkgconfig/yolobot_description.pc'
[0.992s] Level 1:colcon.colcon_core.environment:checking '/home/carlosmello/ws/install/yolobot_description/lib/python3.10/site-packages'
[0.992s] Level 1:colcon.colcon_core.environment:checking '/home/carlosmello/ws/install/yolobot_description/bin'
[0.992s] INFO:colcon.colcon_core.shell:Creating package script '/home/carlosmello/ws/install/yolobot_description/share/yolobot_description/package.ps1'
[0.993s] INFO:colcon.colcon_core.shell:Creating package descriptor '/home/carlosmello/ws/install/yolobot_description/share/yolobot_description/package.dsv'
[0.994s] INFO:colcon.colcon_core.shell:Creating package script '/home/carlosmello/ws/install/yolobot_description/share/yolobot_description/package.sh'
[0.994s] INFO:colcon.colcon_core.shell:Creating package script '/home/carlosmello/ws/install/yolobot_description/share/yolobot_description/package.bash'
[0.995s] INFO:colcon.colcon_core.shell:Creating package script '/home/carlosmello/ws/install/yolobot_description/share/yolobot_description/package.zsh'
[0.995s] Level 1:colcon.colcon_core.environment:create_file_with_runtime_dependencies(/home/carlosmello/ws/install/yolobot_description/share/colcon-core/packages/yolobot_description)
[1.001s] Level 1:colcon.colcon_core.environment:create_environment_scripts_only(yolobot_recognition)
[1.002s] DEBUG:colcon.colcon_core.event_handler.log_command:Invoked command in '/home/carlosmello/ws/build/yolobot_recognition' returned '0': CMAKE_PREFIX_PATH=${CMAKE_PREFIX_PATH}:/opt/ros/humble /usr/bin/cmake --install /home/carlosmello/ws/build/yolobot_recognition
[1.003s] Level 1:colcon.colcon_core.environment:checking '/home/carlosmello/ws/install/yolobot_recognition' for CMake module files
[1.005s] Level 1:colcon.colcon_core.environment:checking '/home/carlosmello/ws/install/yolobot_recognition' for CMake config files
[1.005s] Level 1:colcon.colcon_core.shell:create_environment_hook('yolobot_recognition', 'cmake_prefix_path')
[1.006s] INFO:colcon.colcon_core.shell:Creating environment hook '/home/carlosmello/ws/install/yolobot_recognition/share/yolobot_recognition/hook/cmake_prefix_path.ps1'
[1.007s] INFO:colcon.colcon_core.shell:Creating environment descriptor '/home/carlosmello/ws/install/yolobot_recognition/share/yolobot_recognition/hook/cmake_prefix_path.dsv'
[1.007s] INFO:colcon.colcon_core.shell:Creating environment hook '/home/carlosmello/ws/install/yolobot_recognition/share/yolobot_recognition/hook/cmake_prefix_path.sh'
[1.009s] Level 1:colcon.colcon_core.environment:checking '/home/carlosmello/ws/install/yolobot_recognition/lib'
[1.009s] Level 1:colcon.colcon_core.environment:checking '/home/carlosmello/ws/install/yolobot_recognition/bin'
[1.009s] Level 1:colcon.colcon_core.environment:checking '/home/carlosmello/ws/install/yolobot_recognition/lib/pkgconfig/yolobot_recognition.pc'
[1.010s] Level 1:colcon.colcon_core.environment:checking '/home/carlosmello/ws/install/yolobot_recognition/lib/python3.10/site-packages'
[1.010s] Level 1:colcon.colcon_core.environment:checking '/home/carlosmello/ws/install/yolobot_recognition/bin'
[1.011s] INFO:colcon.colcon_core.shell:Creating package script '/home/carlosmello/ws/install/yolobot_recognition/share/yolobot_recognition/package.ps1'
[1.012s] INFO:colcon.colcon_core.shell:Creating package descriptor '/home/carlosmello/ws/install/yolobot_recognition/share/yolobot_recognition/package.dsv'
[1.013s] INFO:colcon.colcon_core.shell:Creating package script '/home/carlosmello/ws/install/yolobot_recognition/share/yolobot_recognition/package.sh'
[1.014s] INFO:colcon.colcon_core.shell:Creating package script '/home/carlosmello/ws/install/yolobot_recognition/share/yolobot_recognition/package.bash'
[1.014s] INFO:colcon.colcon_core.shell:Creating package script '/home/carlosmello/ws/install/yolobot_recognition/share/yolobot_recognition/package.zsh'
[1.015s] Level 1:colcon.colcon_core.environment:create_file_with_runtime_dependencies(/home/carlosmello/ws/install/yolobot_recognition/share/colcon-core/packages/yolobot_recognition)
[1.018s] Level 1:colcon.colcon_core.environment:create_environment_scripts_only(yolobot_control)
[1.020s] Level 1:colcon.colcon_core.environment:checking '/home/carlosmello/ws/install/yolobot_control' for CMake module files
[1.020s] Level 1:colcon.colcon_core.environment:checking '/home/carlosmello/ws/install/yolobot_control' for CMake config files
[1.021s] Level 1:colcon.colcon_core.shell:create_environment_hook('yolobot_control', 'cmake_prefix_path')
[1.021s] INFO:colcon.colcon_core.shell:Creating environment hook '/home/carlosmello/ws/install/yolobot_control/share/yolobot_control/hook/cmake_prefix_path.ps1'
[1.022s] INFO:colcon.colcon_core.shell:Creating environment descriptor '/home/carlosmello/ws/install/yolobot_control/share/yolobot_control/hook/cmake_prefix_path.dsv'
[1.023s] DEBUG:colcon.colcon_core.event_handler.log_command:Invoked command in '/home/carlosmello/ws/build/yolobot_control' returned '0': CMAKE_PREFIX_PATH=${CMAKE_PREFIX_PATH}:/opt/ros/humble /usr/bin/cmake --install /home/carlosmello/ws/build/yolobot_control
[1.023s] INFO:colcon.colcon_core.shell:Creating environment hook '/home/carlosmello/ws/install/yolobot_control/share/yolobot_control/hook/cmake_prefix_path.sh'
[1.026s] Level 1:colcon.colcon_core.environment:checking '/home/carlosmello/ws/install/yolobot_control/lib'
[1.027s] Level 1:colcon.colcon_core.environment:checking '/home/carlosmello/ws/install/yolobot_control/bin'
[1.027s] Level 1:colcon.colcon_core.environment:checking '/home/carlosmello/ws/install/yolobot_control/lib/pkgconfig/yolobot_control.pc'
[1.028s] Level 1:colcon.colcon_core.environment:checking '/home/carlosmello/ws/install/yolobot_control/lib/python3.10/site-packages'
[1.028s] Level 1:colcon.colcon_core.environment:checking '/home/carlosmello/ws/install/yolobot_control/bin'
[1.029s] INFO:colcon.colcon_core.shell:Creating package script '/home/carlosmello/ws/install/yolobot_control/share/yolobot_control/package.ps1'
[1.031s] INFO:colcon.colcon_core.shell:Creating package descriptor '/home/carlosmello/ws/install/yolobot_control/share/yolobot_control/package.dsv'
[1.032s] INFO:colcon.colcon_core.shell:Creating package script '/home/carlosmello/ws/install/yolobot_control/share/yolobot_control/package.sh'
[1.033s] INFO:colcon.colcon_core.shell:Creating package script '/home/carlosmello/ws/install/yolobot_control/share/yolobot_control/package.bash'
[1.034s] INFO:colcon.colcon_core.shell:Creating package script '/home/carlosmello/ws/install/yolobot_control/share/yolobot_control/package.zsh'
[1.034s] Level 1:colcon.colcon_core.environment:create_file_with_runtime_dependencies(/home/carlosmello/ws/install/yolobot_control/share/colcon-core/packages/yolobot_control)
[1.038s] Level 1:colcon.colcon_core.environment:create_environment_scripts_only(yolobot_description)
[1.038s] Level 1:colcon.colcon_core.environment:checking '/home/carlosmello/ws/install/yolobot_description' for CMake module files
[1.039s] Level 1:colcon.colcon_core.environment:checking '/home/carlosmello/ws/install/yolobot_description' for CMake config files
[1.039s] Level 1:colcon.colcon_core.shell:create_environment_hook('yolobot_description', 'cmake_prefix_path')
[1.039s] INFO:colcon.colcon_core.shell:Creating environment hook '/home/carlosmello/ws/install/yolobot_description/share/yolobot_description/hook/cmake_prefix_path.ps1'
[1.040s] INFO:colcon.colcon_core.shell:Creating environment descriptor '/home/carlosmello/ws/install/yolobot_description/share/yolobot_description/hook/cmake_prefix_path.dsv'
[1.040s] INFO:colcon.colcon_core.shell:Creating environment hook '/home/carlosmello/ws/install/yolobot_description/share/yolobot_description/hook/cmake_prefix_path.sh'
[1.041s] Level 1:colcon.colcon_core.environment:checking '/home/carlosmello/ws/install/yolobot_description/lib'
[1.041s] Level 1:colcon.colcon_core.environment:checking '/home/carlosmello/ws/install/yolobot_description/bin'
[1.041s] Level 1:colcon.colcon_core.environment:checking '/home/carlosmello/ws/install/yolobot_description/lib/pkgconfig/yolobot_description.pc'
[1.042s] Level 1:colcon.colcon_core.environment:checking '/home/carlosmello/ws/install/yolobot_description/lib/python3.10/site-packages'
[1.042s] Level 1:colcon.colcon_core.environment:checking '/home/carlosmello/ws/install/yolobot_description/bin'
[1.043s] INFO:colcon.colcon_core.shell:Creating package script '/home/carlosmello/ws/install/yolobot_description/share/yolobot_description/package.ps1'
[1.044s] INFO:colcon.colcon_core.shell:Creating package descriptor '/home/carlosmello/ws/install/yolobot_description/share/yolobot_description/package.dsv'
[1.045s] INFO:colcon.colcon_core.shell:Creating package script '/home/carlosmello/ws/install/yolobot_description/share/yolobot_description/package.sh'
[1.045s] INFO:colcon.colcon_core.shell:Creating package script '/home/carlosmello/ws/install/yolobot_description/share/yolobot_description/package.bash'
[1.046s] INFO:colcon.colcon_core.shell:Creating package script '/home/carlosmello/ws/install/yolobot_description/share/yolobot_description/package.zsh'
[1.047s] Level 1:colcon.colcon_core.environment:create_file_with_runtime_dependencies(/home/carlosmello/ws/install/yolobot_description/share/colcon-core/packages/yolobot_description)
[1.047s] Level 1:colcon.colcon_core.environment:create_environment_scripts_only(yolobot_gazebo)
[1.048s] Level 1:colcon.colcon_core.environment:checking '/home/carlosmello/ws/install/yolobot_gazebo' for CMake module files
[1.049s] Level 1:colcon.colcon_core.environment:checking '/home/carlosmello/ws/install/yolobot_gazebo' for CMake config files
[1.049s] Level 1:colcon.colcon_core.shell:create_environment_hook('yolobot_gazebo', 'cmake_prefix_path')
[1.049s] INFO:colcon.colcon_core.shell:Creating environment hook '/home/carlosmello/ws/install/yolobot_gazebo/share/yolobot_gazebo/hook/cmake_prefix_path.ps1'
[1.050s] INFO:colcon.colcon_core.shell:Creating environment descriptor '/home/carlosmello/ws/install/yolobot_gazebo/share/yolobot_gazebo/hook/cmake_prefix_path.dsv'
[1.051s] INFO:colcon.colcon_core.shell:Creating environment hook '/home/carlosmello/ws/install/yolobot_gazebo/share/yolobot_gazebo/hook/cmake_prefix_path.sh'
[1.052s] Level 1:colcon.colcon_core.environment:checking '/home/carlosmello/ws/install/yolobot_gazebo/bin'
[1.052s] Level 1:colcon.colcon_core.environment:checking '/home/carlosmello/ws/install/yolobot_gazebo/lib/pkgconfig/yolobot_gazebo.pc'
[1.053s] Level 1:colcon.colcon_core.environment:checking '/home/carlosmello/ws/install/yolobot_gazebo/lib/python3.10/site-packages'
[1.053s] Level 1:colcon.colcon_core.environment:checking '/home/carlosmello/ws/install/yolobot_gazebo/bin'
[1.054s] INFO:colcon.colcon_core.shell:Creating package script '/home/carlosmello/ws/install/yolobot_gazebo/share/yolobot_gazebo/package.ps1'
[1.056s] INFO:colcon.colcon_core.shell:Creating package descriptor '/home/carlosmello/ws/install/yolobot_gazebo/share/yolobot_gazebo/package.dsv'
[1.057s] INFO:colcon.colcon_core.shell:Creating package script '/home/carlosmello/ws/install/yolobot_gazebo/share/yolobot_gazebo/package.sh'
[1.058s] INFO:colcon.colcon_core.shell:Creating package script '/home/carlosmello/ws/install/yolobot_gazebo/share/yolobot_gazebo/package.bash'
[1.062s] INFO:colcon.colcon_core.shell:Creating package script '/home/carlosmello/ws/install/yolobot_gazebo/share/yolobot_gazebo/package.zsh'
[1.064s] Level 1:colcon.colcon_core.environment:create_file_with_runtime_dependencies(/home/carlosmello/ws/install/yolobot_gazebo/share/colcon-core/packages/yolobot_gazebo)
[1.067s] Level 1:colcon.colcon_core.environment:create_environment_scripts_only(yolobot_recognition)
[1.067s] Level 1:colcon.colcon_core.environment:checking '/home/carlosmello/ws/install/yolobot_recognition' for CMake module files
[1.068s] Level 1:colcon.colcon_core.environment:checking '/home/carlosmello/ws/install/yolobot_recognition' for CMake config files
[1.069s] Level 1:colcon.colcon_core.shell:create_environment_hook('yolobot_recognition', 'cmake_prefix_path')
[1.069s] INFO:colcon.colcon_core.shell:Creating environment hook '/home/carlosmello/ws/install/yolobot_recognition/share/yolobot_recognition/hook/cmake_prefix_path.ps1'
[1.070s] INFO:colcon.colcon_core.shell:Creating environment descriptor '/home/carlosmello/ws/install/yolobot_recognition/share/yolobot_recognition/hook/cmake_prefix_path.dsv'
[1.071s] INFO:colcon.colcon_core.shell:Creating environment hook '/home/carlosmello/ws/install/yolobot_recognition/share/yolobot_recognition/hook/cmake_prefix_path.sh'
[1.072s] Level 1:colcon.colcon_core.environment:checking '/home/carlosmello/ws/install/yolobot_recognition/lib'
[1.072s] Level 1:colcon.colcon_core.environment:checking '/home/carlosmello/ws/install/yolobot_recognition/bin'
[1.072s] Level 1:colcon.colcon_core.environment:checking '/home/carlosmello/ws/install/yolobot_recognition/lib/pkgconfig/yolobot_recognition.pc'
[1.073s] Level 1:colcon.colcon_core.environment:checking '/home/carlosmello/ws/install/yolobot_recognition/lib/python3.10/site-packages'
[1.073s] Level 1:colcon.colcon_core.environment:checking '/home/carlosmello/ws/install/yolobot_recognition/bin'
[1.074s] INFO:colcon.colcon_core.shell:Creating package script '/home/carlosmello/ws/install/yolobot_recognition/share/yolobot_recognition/package.ps1'
[1.077s] INFO:colcon.colcon_core.shell:Creating package descriptor '/home/carlosmello/ws/install/yolobot_recognition/share/yolobot_recognition/package.dsv'
[1.078s] INFO:colcon.colcon_core.shell:Creating package script '/home/carlosmello/ws/install/yolobot_recognition/share/yolobot_recognition/package.sh'
[1.079s] INFO:colcon.colcon_core.shell:Creating package script '/home/carlosmello/ws/install/yolobot_recognition/share/yolobot_recognition/package.bash'
[1.079s] INFO:colcon.colcon_core.shell:Creating package script '/home/carlosmello/ws/install/yolobot_recognition/share/yolobot_recognition/package.zsh'
[1.080s] Level 1:colcon.colcon_core.environment:create_file_with_runtime_dependencies(/home/carlosmello/ws/install/yolobot_recognition/share/colcon-core/packages/yolobot_recognition)
[1.081s] Level 1:colcon.colcon_core.environment:create_environment_scripts_only(yolobot_control)
[1.081s] Level 1:colcon.colcon_core.environment:checking '/home/carlosmello/ws/install/yolobot_control' for CMake module files
[1.084s] Level 1:colcon.colcon_core.environment:checking '/home/carlosmello/ws/install/yolobot_control' for CMake config files
[1.084s] Level 1:colcon.colcon_core.shell:create_environment_hook('yolobot_control', 'cmake_prefix_path')
[1.084s] INFO:colcon.colcon_core.shell:Creating environment hook '/home/carlosmello/ws/install/yolobot_control/share/yolobot_control/hook/cmake_prefix_path.ps1'
[1.085s] INFO:colcon.colcon_core.shell:Creating environment descriptor '/home/carlosmello/ws/install/yolobot_control/share/yolobot_control/hook/cmake_prefix_path.dsv'
[1.086s] INFO:colcon.colcon_core.shell:Creating environment hook '/home/carlosmello/ws/install/yolobot_control/share/yolobot_control/hook/cmake_prefix_path.sh'
[1.087s] Level 1:colcon.colcon_core.environment:checking '/home/carlosmello/ws/install/yolobot_control/lib'
[1.087s] Level 1:colcon.colcon_core.environment:checking '/home/carlosmello/ws/install/yolobot_control/bin'
[1.087s] Level 1:colcon.colcon_core.environment:checking '/home/carlosmello/ws/install/yolobot_control/lib/pkgconfig/yolobot_control.pc'
[1.088s] Level 1:colcon.colcon_core.environment:checking '/home/carlosmello/ws/install/yolobot_control/lib/python3.10/site-packages'
[1.088s] Level 1:colcon.colcon_core.environment:checking '/home/carlosmello/ws/install/yolobot_control/bin'
[1.089s] INFO:colcon.colcon_core.shell:Creating package script '/home/carlosmello/ws/install/yolobot_control/share/yolobot_control/package.ps1'
[1.090s] INFO:colcon.colcon_core.shell:Creating package descriptor '/home/carlosmello/ws/install/yolobot_control/share/yolobot_control/package.dsv'
[1.091s] INFO:colcon.colcon_core.shell:Creating package script '/home/carlosmello/ws/install/yolobot_control/share/yolobot_control/package.sh'
[1.092s] INFO:colcon.colcon_core.shell:Creating package script '/home/carlosmello/ws/install/yolobot_control/share/yolobot_control/package.bash'
[1.093s] INFO:colcon.colcon_core.shell:Creating package script '/home/carlosmello/ws/install/yolobot_control/share/yolobot_control/package.zsh'
[1.094s] Level 1:colcon.colcon_core.environment:create_file_with_runtime_dependencies(/home/carlosmello/ws/install/yolobot_control/share/colcon-core/packages/yolobot_control)
[1.340s] DEBUG:colcon.colcon_core.event_handler.log_command:Invoked command in '/home/carlosmello/ws/build/yolov8_msgs' returned '0': CMAKE_PREFIX_PATH=${CMAKE_PREFIX_PATH}:/opt/ros/humble /usr/bin/cmake --build /home/carlosmello/ws/build/yolov8_msgs -- -j8 -l8
[1.422s] DEBUG:colcon.colcon_core.event_handler.log_command:Invoking command in '/home/carlosmello/ws/build/yolov8_msgs': CMAKE_PREFIX_PATH=${CMAKE_PREFIX_PATH}:/opt/ros/humble /usr/bin/cmake --install /home/carlosmello/ws/build/yolov8_msgs
[1.503s] Level 1:colcon.colcon_core.environment:create_environment_scripts_only(yolov8_msgs)
[1.504s] Level 1:colcon.colcon_core.environment:checking '/home/carlosmello/ws/install/yolov8_msgs' for CMake module files
[1.504s] DEBUG:colcon.colcon_core.event_handler.log_command:Invoked command in '/home/carlosmello/ws/build/yolov8_msgs' returned '0': CMAKE_PREFIX_PATH=${CMAKE_PREFIX_PATH}:/opt/ros/humble /usr/bin/cmake --install /home/carlosmello/ws/build/yolov8_msgs
[1.505s] Level 1:colcon.colcon_core.environment:checking '/home/carlosmello/ws/install/yolov8_msgs' for CMake config files
[1.505s] Level 1:colcon.colcon_core.shell:create_environment_hook('yolov8_msgs', 'cmake_prefix_path')
[1.505s] INFO:colcon.colcon_core.shell:Creating environment hook '/home/carlosmello/ws/install/yolov8_msgs/share/yolov8_msgs/hook/cmake_prefix_path.ps1'
[1.506s] INFO:colcon.colcon_core.shell:Creating environment descriptor '/home/carlosmello/ws/install/yolov8_msgs/share/yolov8_msgs/hook/cmake_prefix_path.dsv'
[1.507s] INFO:colcon.colcon_core.shell:Creating environment hook '/home/carlosmello/ws/install/yolov8_msgs/share/yolov8_msgs/hook/cmake_prefix_path.sh'
[1.509s] Level 1:colcon.colcon_core.environment:checking '/home/carlosmello/ws/install/yolov8_msgs/lib'
[1.509s] Level 1:colcon.colcon_core.shell:create_environment_hook('yolov8_msgs', 'ld_library_path_lib')
[1.509s] INFO:colcon.colcon_core.shell:Creating environment hook '/home/carlosmello/ws/install/yolov8_msgs/share/yolov8_msgs/hook/ld_library_path_lib.ps1'
[1.510s] INFO:colcon.colcon_core.shell:Creating environment descriptor '/home/carlosmello/ws/install/yolov8_msgs/share/yolov8_msgs/hook/ld_library_path_lib.dsv'
[1.510s] INFO:colcon.colcon_core.shell:Creating environment hook '/home/carlosmello/ws/install/yolov8_msgs/share/yolov8_msgs/hook/ld_library_path_lib.sh'
[1.511s] Level 1:colcon.colcon_core.environment:checking '/home/carlosmello/ws/install/yolov8_msgs/bin'
[1.511s] Level 1:colcon.colcon_core.environment:checking '/home/carlosmello/ws/install/yolov8_msgs/lib/pkgconfig/yolov8_msgs.pc'
[1.511s] Level 1:colcon.colcon_core.environment:checking '/home/carlosmello/ws/install/yolov8_msgs/lib/python3.10/site-packages'
[1.512s] Level 1:colcon.colcon_core.environment:checking '/home/carlosmello/ws/install/yolov8_msgs/bin'
[1.512s] INFO:colcon.colcon_core.shell:Creating package script '/home/carlosmello/ws/install/yolov8_msgs/share/yolov8_msgs/package.ps1'
[1.513s] INFO:colcon.colcon_core.shell:Creating package descriptor '/home/carlosmello/ws/install/yolov8_msgs/share/yolov8_msgs/package.dsv'
[1.514s] INFO:colcon.colcon_core.shell:Creating package script '/home/carlosmello/ws/install/yolov8_msgs/share/yolov8_msgs/package.sh'
[1.515s] INFO:colcon.colcon_core.shell:Creating package script '/home/carlosmello/ws/install/yolov8_msgs/share/yolov8_msgs/package.bash'
[1.515s] INFO:colcon.colcon_core.shell:Creating package script '/home/carlosmello/ws/install/yolov8_msgs/share/yolov8_msgs/package.zsh'
[1.516s] Level 1:colcon.colcon_core.environment:create_file_with_runtime_dependencies(/home/carlosmello/ws/install/yolov8_msgs/share/colcon-core/packages/yolov8_msgs)
[1.599s] Level 1:colcon.colcon_core.environment:create_environment_scripts_only(yolov8_msgs)
[1.600s] Level 1:colcon.colcon_core.environment:checking '/home/carlosmello/ws/install/yolov8_msgs' for CMake module files
[1.600s] Level 1:colcon.colcon_core.environment:checking '/home/carlosmello/ws/install/yolov8_msgs' for CMake config files
[1.601s] Level 1:colcon.colcon_core.shell:create_environment_hook('yolov8_msgs', 'cmake_prefix_path')
[1.601s] INFO:colcon.colcon_core.shell:Creating environment hook '/home/carlosmello/ws/install/yolov8_msgs/share/yolov8_msgs/hook/cmake_prefix_path.ps1'
[1.602s] INFO:colcon.colcon_core.shell:Creating environment descriptor '/home/carlosmello/ws/install/yolov8_msgs/share/yolov8_msgs/hook/cmake_prefix_path.dsv'
[1.602s] INFO:colcon.colcon_core.shell:Creating environment hook '/home/carlosmello/ws/install/yolov8_msgs/share/yolov8_msgs/hook/cmake_prefix_path.sh'
[1.603s] Level 1:colcon.colcon_core.environment:checking '/home/carlosmello/ws/install/yolov8_msgs/lib'
[1.603s] Level 1:colcon.colcon_core.shell:create_environment_hook('yolov8_msgs', 'ld_library_path_lib')
[1.604s] INFO:colcon.colcon_core.shell:Creating environment hook '/home/carlosmello/ws/install/yolov8_msgs/share/yolov8_msgs/hook/ld_library_path_lib.ps1'
[1.604s] INFO:colcon.colcon_core.shell:Creating environment descriptor '/home/carlosmello/ws/install/yolov8_msgs/share/yolov8_msgs/hook/ld_library_path_lib.dsv'
[1.605s] INFO:colcon.colcon_core.shell:Creating environment hook '/home/carlosmello/ws/install/yolov8_msgs/share/yolov8_msgs/hook/ld_library_path_lib.sh'
[1.606s] Level 1:colcon.colcon_core.environment:checking '/home/carlosmello/ws/install/yolov8_msgs/bin'
[1.606s] Level 1:colcon.colcon_core.environment:checking '/home/carlosmello/ws/install/yolov8_msgs/lib/pkgconfig/yolov8_msgs.pc'
[1.606s] Level 1:colcon.colcon_core.environment:checking '/home/carlosmello/ws/install/yolov8_msgs/lib/python3.10/site-packages'
[1.606s] Level 1:colcon.colcon_core.environment:checking '/home/carlosmello/ws/install/yolov8_msgs/bin'
[1.607s] INFO:colcon.colcon_core.shell:Creating package script '/home/carlosmello/ws/install/yolov8_msgs/share/yolov8_msgs/package.ps1'
[1.607s] INFO:colcon.colcon_core.shell:Creating package descriptor '/home/carlosmello/ws/install/yolov8_msgs/share/yolov8_msgs/package.dsv'
[1.608s] INFO:colcon.colcon_core.shell:Creating package script '/home/carlosmello/ws/install/yolov8_msgs/share/yolov8_msgs/package.sh'
[1.608s] INFO:colcon.colcon_core.shell:Creating package script '/home/carlosmello/ws/install/yolov8_msgs/share/yolov8_msgs/package.bash'
[1.610s] INFO:colcon.colcon_core.shell:Creating package script '/home/carlosmello/ws/install/yolov8_msgs/share/yolov8_msgs/package.zsh'
[1.610s] Level 1:colcon.colcon_core.environment:create_file_with_runtime_dependencies(/home/carlosmello/ws/install/yolov8_msgs/share/colcon-core/packages/yolov8_msgs)
[1.611s] INFO:colcon.colcon_ros.task.ament_cmake.build:Building ROS package in '/home/carlosmello/ws/src/Perception' with build type 'ament_cmake'
[1.611s] INFO:colcon.colcon_cmake.task.cmake.build:Building CMake package in '/home/carlosmello/ws/src/Perception'
[1.611s] INFO:colcon.colcon_core.shell:Skip shell extension 'powershell' for command environment: Not usable outside of PowerShell
[1.611s] DEBUG:colcon.colcon_core.shell:Skip shell extension 'dsv' for command environment
[1.625s] DEBUG:colcon.colcon_core.event_handler.log_command:Invoking command in '/home/carlosmello/ws/build/perception': CMAKE_PREFIX_PATH=${CMAKE_PREFIX_PATH}:/opt/ros/humble /usr/bin/cmake --build /home/carlosmello/ws/build/perception -- -j8 -l8
[1.677s] DEBUG:colcon.colcon_core.event_handler.log_command:Invoked command in '/home/carlosmello/ws/build/perception' returned '0': CMAKE_PREFIX_PATH=${CMAKE_PREFIX_PATH}:/opt/ros/humble /usr/bin/cmake --build /home/carlosmello/ws/build/perception -- -j8 -l8
[1.705s] DEBUG:colcon.colcon_core.event_handler.log_command:Invoking command in '/home/carlosmello/ws/build/perception': CMAKE_PREFIX_PATH=${CMAKE_PREFIX_PATH}:/opt/ros/humble /usr/bin/cmake --install /home/carlosmello/ws/build/perception
[1.717s] Level 1:colcon.colcon_core.environment:create_environment_scripts_only(perception)
[1.717s] Level 1:colcon.colcon_core.environment:checking '/home/carlosmello/ws/install/perception' for CMake module files
[1.718s] DEBUG:colcon.colcon_core.event_handler.log_command:Invoked command in '/home/carlosmello/ws/build/perception' returned '0': CMAKE_PREFIX_PATH=${CMAKE_PREFIX_PATH}:/opt/ros/humble /usr/bin/cmake --install /home/carlosmello/ws/build/perception
[1.719s] Level 1:colcon.colcon_core.environment:checking '/home/carlosmello/ws/install/perception' for CMake config files
[1.719s] Level 1:colcon.colcon_core.shell:create_environment_hook('perception', 'cmake_prefix_path')
[1.720s] INFO:colcon.colcon_core.shell:Creating environment hook '/home/carlosmello/ws/install/perception/share/perception/hook/cmake_prefix_path.ps1'
[1.720s] INFO:colcon.colcon_core.shell:Creating environment descriptor '/home/carlosmello/ws/install/perception/share/perception/hook/cmake_prefix_path.dsv'
[1.721s] INFO:colcon.colcon_core.shell:Creating environment hook '/home/carlosmello/ws/install/perception/share/perception/hook/cmake_prefix_path.sh'
[1.721s] Level 1:colcon.colcon_core.environment:checking '/home/carlosmello/ws/install/perception/lib'
[1.722s] Level 1:colcon.colcon_core.environment:checking '/home/carlosmello/ws/install/perception/bin'
[1.722s] Level 1:colcon.colcon_core.environment:checking '/home/carlosmello/ws/install/perception/lib/pkgconfig/perception.pc'
[1.722s] Level 1:colcon.colcon_core.environment:checking '/home/carlosmello/ws/install/perception/lib/python3.10/site-packages'
[1.722s] Level 1:colcon.colcon_core.environment:checking '/home/carlosmello/ws/install/perception/bin'
[1.723s] INFO:colcon.colcon_core.shell:Creating package script '/home/carlosmello/ws/install/perception/share/perception/package.ps1'
[1.723s] INFO:colcon.colcon_core.shell:Creating package descriptor '/home/carlosmello/ws/install/perception/share/perception/package.dsv'
[1.724s] INFO:colcon.colcon_core.shell:Creating package script '/home/carlosmello/ws/install/perception/share/perception/package.sh'
[1.725s] INFO:colcon.colcon_core.shell:Creating package script '/home/carlosmello/ws/install/perception/share/perception/package.bash'
[1.725s] INFO:colcon.colcon_core.shell:Creating package script '/home/carlosmello/ws/install/perception/share/perception/package.zsh'
[1.726s] Level 1:colcon.colcon_core.environment:create_file_with_runtime_dependencies(/home/carlosmello/ws/install/perception/share/colcon-core/packages/perception)
[1.750s] Level 1:colcon.colcon_core.environment:create_environment_scripts_only(perception)
[1.751s] Level 1:colcon.colcon_core.environment:checking '/home/carlosmello/ws/install/perception' for CMake module files
[1.751s] Level 1:colcon.colcon_core.environment:checking '/home/carlosmello/ws/install/perception' for CMake config files
[1.752s] Level 1:colcon.colcon_core.shell:create_environment_hook('perception', 'cmake_prefix_path')
[1.752s] INFO:colcon.colcon_core.shell:Creating environment hook '/home/carlosmello/ws/install/perception/share/perception/hook/cmake_prefix_path.ps1'
[1.754s] INFO:colcon.colcon_core.shell:Creating environment descriptor '/home/carlosmello/ws/install/perception/share/perception/hook/cmake_prefix_path.dsv'
[1.755s] INFO:colcon.colcon_core.shell:Creating environment hook '/home/carlosmello/ws/install/perception/share/perception/hook/cmake_prefix_path.sh'
[1.756s] Level 1:colcon.colcon_core.environment:checking '/home/carlosmello/ws/install/perception/lib'
[1.757s] Level 1:colcon.colcon_core.environment:checking '/home/carlosmello/ws/install/perception/bin'
[1.757s] Level 1:colcon.colcon_core.environment:checking '/home/carlosmello/ws/install/perception/lib/pkgconfig/perception.pc'
[1.757s] Level 1:colcon.colcon_core.environment:checking '/home/carlosmello/ws/install/perception/lib/python3.10/site-packages'
[1.757s] Level 1:colcon.colcon_core.environment:checking '/home/carlosmello/ws/install/perception/bin'
[1.758s] INFO:colcon.colcon_core.shell:Creating package script '/home/carlosmello/ws/install/perception/share/perception/package.ps1'
[1.758s] INFO:colcon.colcon_core.shell:Creating package descriptor '/home/carlosmello/ws/install/perception/share/perception/package.dsv'
[1.759s] INFO:colcon.colcon_core.shell:Creating package script '/home/carlosmello/ws/install/perception/share/perception/package.sh'
[1.759s] INFO:colcon.colcon_core.shell:Creating package script '/home/carlosmello/ws/install/perception/share/perception/package.bash'
[1.760s] INFO:colcon.colcon_core.shell:Creating package script '/home/carlosmello/ws/install/perception/share/perception/package.zsh'
[1.760s] Level 1:colcon.colcon_core.environment:create_file_with_runtime_dependencies(/home/carlosmello/ws/install/perception/share/colcon-core/packages/perception)
[1.761s] DEBUG:colcon.colcon_parallel_executor.executor.parallel:closing loop
[1.761s] DEBUG:colcon.colcon_parallel_executor.executor.parallel:loop closed
[1.761s] DEBUG:colcon.colcon_parallel_executor.executor.parallel:run_until_complete finished with '0'
[1.761s] DEBUG:colcon.colcon_core.event_reactor:joining thread
[1.772s] INFO:colcon.colcon_core.plugin_system:Skipping extension 'colcon_notification.desktop_notification.terminal_notifier': Not used on non-Darwin systems
[1.772s] INFO:colcon.colcon_core.plugin_system:Skipping extension 'colcon_notification.desktop_notification.win32': Not used on non-Windows systems
[1.772s] INFO:colcon.colcon_notification.desktop_notification:Sending desktop notification using 'notify2'
[1.796s] DEBUG:colcon.colcon_core.event_reactor:joined thread
[1.797s] INFO:colcon.colcon_core.shell:Creating prefix script '/home/carlosmello/ws/install/local_setup.ps1'
[1.800s] INFO:colcon.colcon_core.shell:Creating prefix util module '/home/carlosmello/ws/install/_local_setup_util_ps1.py'
[1.804s] INFO:colcon.colcon_core.shell:Creating prefix chain script '/home/carlosmello/ws/install/setup.ps1'
[1.808s] INFO:colcon.colcon_core.shell:Creating prefix script '/home/carlosmello/ws/install/local_setup.sh'
[1.810s] INFO:colcon.colcon_core.shell:Creating prefix util module '/home/carlosmello/ws/install/_local_setup_util_sh.py'
[1.811s] INFO:colcon.colcon_core.shell:Creating prefix chain script '/home/carlosmello/ws/install/setup.sh'
[1.813s] INFO:colcon.colcon_core.shell:Creating prefix script '/home/carlosmello/ws/install/local_setup.bash'
[1.813s] INFO:colcon.colcon_core.shell:Creating prefix chain script '/home/carlosmello/ws/install/setup.bash'
[1.815s] INFO:colcon.colcon_core.shell:Creating prefix script '/home/carlosmello/ws/install/local_setup.zsh'
[1.817s] INFO:colcon.colcon_core.shell:Creating prefix chain script '/home/carlosmello/ws/install/setup.zsh'
