-- Install configuration: ""
-- Installing: /home/carlosmello/ws/install/yolobot_control/share/yolobot_control//scripts
-- Installing: /home/carlosmello/ws/install/yolobot_control/share/yolobot_control//scripts/robot_control.py
-- Installing: /home/carlosmello/ws/install/yolobot_control/share/yolobot_control//launch
-- Installing: /home/carlosmello/ws/install/yolobot_control/share/yolobot_control//launch/yolobot_control.launch.py
-- Installing: /home/carlosmello/ws/install/yolobot_control/lib/yolobot_control/robot_control.py
-- Installing: /home/carlosmello/ws/install/yolobot_control/lib/yolobot_control/yolobot_control.launch.py
-- Installing: /home/carlosmello/ws/install/yolobot_control/share/ament_index/resource_index/package_run_dependencies/yolobot_control
-- Installing: /home/carlosmello/ws/install/yolobot_control/share/ament_index/resource_index/parent_prefix_path/yolobot_control
-- Installing: /home/carlosmello/ws/install/yolobot_control/share/yolobot_control/environment/ament_prefix_path.sh
-- Installing: /home/carlosmello/ws/install/yolobot_control/share/yolobot_control/environment/ament_prefix_path.dsv
-- Installing: /home/carlosmello/ws/install/yolobot_control/share/yolobot_control/environment/path.sh
-- Installing: /home/carlosmello/ws/install/yolobot_control/share/yolobot_control/environment/path.dsv
-- Installing: /home/carlosmello/ws/install/yolobot_control/share/yolobot_control/local_setup.bash
-- Installing: /home/carlosmello/ws/install/yolobot_control/share/yolobot_control/local_setup.sh
-- Installing: /home/carlosmello/ws/install/yolobot_control/share/yolobot_control/local_setup.zsh
-- Installing: /home/carlosmello/ws/install/yolobot_control/share/yolobot_control/local_setup.dsv
-- Installing: /home/carlosmello/ws/install/yolobot_control/share/yolobot_control/package.dsv
-- Installing: /home/carlosmello/ws/install/yolobot_control/share/ament_index/resource_index/packages/yolobot_control
-- Installing: /home/carlosmello/ws/install/yolobot_control/share/yolobot_control/cmake/yolobot_controlConfig.cmake
-- Installing: /home/carlosmello/ws/install/yolobot_control/share/yolobot_control/cmake/yolobot_controlConfig-version.cmake
-- Installing: /home/carlosmello/ws/install/yolobot_control/share/yolobot_control/package.xml
