-- Install configuration: ""
-- Installing: /home/carlosmello/ws/install/yolobot_gazebo/share/yolobot_gazebo//launch
-- Installing: /home/carlosmello/ws/install/yolobot_gazebo/share/yolobot_gazebo//launch/start_world_launch.py
-- Installing: /home/carlosmello/ws/install/yolobot_gazebo/share/yolobot_gazebo//launch/yolobot_launch.py
-- Installing: /home/carlosmello/ws/install/yolobot_gazebo/share/yolobot_gazebo//worlds
-- Installing: /home/carlosmello/ws/install/yolobot_gazebo/share/yolobot_gazebo//worlds/yolo_test.world
-- Installing: /home/carlosmello/ws/install/yolobot_gazebo/share/ament_index/resource_index/package_run_dependencies/yolobot_gazebo
-- Installing: /home/carlosmello/ws/install/yolobot_gazebo/share/ament_index/resource_index/parent_prefix_path/yolobot_gazebo
-- Installing: /home/carlosmello/ws/install/yolobot_gazebo/share/yolobot_gazebo/environment/ament_prefix_path.sh
-- Installing: /home/carlosmello/ws/install/yolobot_gazebo/share/yolobot_gazebo/environment/ament_prefix_path.dsv
-- Installing: /home/carlosmello/ws/install/yolobot_gazebo/share/yolobot_gazebo/environment/path.sh
-- Installing: /home/carlosmello/ws/install/yolobot_gazebo/share/yolobot_gazebo/environment/path.dsv
-- Installing: /home/carlosmello/ws/install/yolobot_gazebo/share/yolobot_gazebo/local_setup.bash
-- Installing: /home/carlosmello/ws/install/yolobot_gazebo/share/yolobot_gazebo/local_setup.sh
-- Installing: /home/carlosmello/ws/install/yolobot_gazebo/share/yolobot_gazebo/local_setup.zsh
-- Installing: /home/carlosmello/ws/install/yolobot_gazebo/share/yolobot_gazebo/local_setup.dsv
-- Installing: /home/carlosmello/ws/install/yolobot_gazebo/share/yolobot_gazebo/package.dsv
-- Installing: /home/carlosmello/ws/install/yolobot_gazebo/share/ament_index/resource_index/packages/yolobot_gazebo
-- Installing: /home/carlosmello/ws/install/yolobot_gazebo/share/yolobot_gazebo/cmake/yolobot_gazeboConfig.cmake
-- Installing: /home/carlosmello/ws/install/yolobot_gazebo/share/yolobot_gazebo/cmake/yolobot_gazeboConfig-version.cmake
-- Installing: /home/carlosmello/ws/install/yolobot_gazebo/share/yolobot_gazebo/package.xml
