[0.025s] Invoking command in '/home/carlosmello/ws/build/yolobot_gazebo': CMAKE_PREFIX_PATH=/opt/ros/humble /usr/bin/cmake --build /home/carlosmello/ws/build/yolobot_gazebo -- -j8 -l8
[0.066s] Invoked command in '/home/carlosmello/ws/build/yolobot_gazebo' returned '0': CMAKE_PREFIX_PATH=/opt/ros/humble /usr/bin/cmake --build /home/carlosmello/ws/build/yolobot_gazebo -- -j8 -l8
[0.095s] Invoking command in '/home/carlosmello/ws/build/yolobot_gazebo': CMAKE_PREFIX_PATH=/opt/ros/humble /usr/bin/cmake --install /home/carlosmello/ws/build/yolobot_gazebo
[0.110s] -- Install configuration: ""
[0.110s] -- Installing: /home/carlosmello/ws/install/yolobot_gazebo/share/yolobot_gazebo//launch
[0.110s] -- Installing: /home/carlosmello/ws/install/yolobot_gazebo/share/yolobot_gazebo//launch/start_world_launch.py
[0.110s] -- Installing: /home/carlosmello/ws/install/yolobot_gazebo/share/yolobot_gazebo//launch/yolobot_launch.py
[0.110s] -- Installing: /home/carlosmello/ws/install/yolobot_gazebo/share/yolobot_gazebo//worlds
[0.110s] -- Installing: /home/carlosmello/ws/install/yolobot_gazebo/share/yolobot_gazebo//worlds/yolo_test.world
[0.110s] -- Installing: /home/carlosmello/ws/install/yolobot_gazebo/share/ament_index/resource_index/package_run_dependencies/yolobot_gazebo
[0.110s] -- Installing: /home/carlosmello/ws/install/yolobot_gazebo/share/ament_index/resource_index/parent_prefix_path/yolobot_gazebo
[0.110s] -- Installing: /home/carlosmello/ws/install/yolobot_gazebo/share/yolobot_gazebo/environment/ament_prefix_path.sh
[0.111s] -- Installing: /home/carlosmello/ws/install/yolobot_gazebo/share/yolobot_gazebo/environment/ament_prefix_path.dsv
[0.112s] -- Installing: /home/carlosmello/ws/install/yolobot_gazebo/share/yolobot_gazebo/environment/path.sh
[0.112s] -- Installing: /home/carlosmello/ws/install/yolobot_gazebo/share/yolobot_gazebo/environment/path.dsv
[0.112s] -- Installing: /home/carlosmello/ws/install/yolobot_gazebo/share/yolobot_gazebo/local_setup.bash
[0.112s] -- Installing: /home/carlosmello/ws/install/yolobot_gazebo/share/yolobot_gazebo/local_setup.sh
[0.112s] -- Installing: /home/carlosmello/ws/install/yolobot_gazebo/share/yolobot_gazebo/local_setup.zsh
[0.112s] -- Installing: /home/carlosmello/ws/install/yolobot_gazebo/share/yolobot_gazebo/local_setup.dsv
[0.112s] -- Installing: /home/carlosmello/ws/install/yolobot_gazebo/share/yolobot_gazebo/package.dsv
[0.112s] -- Installing: /home/carlosmello/ws/install/yolobot_gazebo/share/ament_index/resource_index/packages/yolobot_gazebo
[0.113s] -- Installing: /home/carlosmello/ws/install/yolobot_gazebo/share/yolobot_gazebo/cmake/yolobot_gazeboConfig.cmake
[0.113s] -- Installing: /home/carlosmello/ws/install/yolobot_gazebo/share/yolobot_gazebo/cmake/yolobot_gazeboConfig-version.cmake
[0.113s] -- Installing: /home/carlosmello/ws/install/yolobot_gazebo/share/yolobot_gazebo/package.xml
[0.145s] Invoked command in '/home/carlosmello/ws/build/yolobot_gazebo' returned '0': CMAKE_PREFIX_PATH=/opt/ros/humble /usr/bin/cmake --install /home/carlosmello/ws/build/yolobot_gazebo
