[0.058s] Invoking command in '/home/carlosmello/ws/build/yolov8_msgs': CMAKE_PREFIX_PATH=${CMAKE_PREFIX_PATH}:/opt/ros/humble /usr/bin/cmake --build /home/carlosmello/ws/build/yolov8_msgs -- -j8 -l8
[0.181s] [  2%] Built target yolov8_msgs__cpp
[0.252s] [  2%] Built target ament_cmake_python_copy_yolov8_msgs
[0.297s] [ 12%] Built target yolov8_msgs__rosidl_typesupport_introspection_cpp
[0.774s] running egg_info
[0.813s] writing yolov8_msgs.egg-info/PKG-INFO
[0.815s] writing dependency_links to yolov8_msgs.egg-info/dependency_links.txt
[0.817s] writing top-level names to yolov8_msgs.egg-info/top_level.txt
[0.984s] reading manifest file 'yolov8_msgs.egg-info/SOURCES.txt'
[0.988s] writing manifest file 'yolov8_msgs.egg-info/SOURCES.txt'
[1.073s] [ 12%] Built target ament_cmake_python_build_yolov8_msgs_egg
[1.114s] [ 23%] Built target yolov8_msgs__rosidl_typesupport_fastrtps_cpp
[1.165s] [ 33%] Built target yolov8_msgs__rosidl_typesupport_cpp
[1.212s] [ 43%] Built target yolov8_msgs__rosidl_generator_c
[1.253s] [ 53%] Built target yolov8_msgs__rosidl_typesupport_fastrtps_c
[1.297s] [ 64%] Built target yolov8_msgs__rosidl_typesupport_c
[1.343s] [ 74%] Built target yolov8_msgs__rosidl_typesupport_introspection_c
[1.385s] [ 74%] Built target yolov8_msgs
[1.426s] [ 76%] Built target yolov8_msgs__py
[1.474s] [ 84%] Built target yolov8_msgs__rosidl_generator_py
[1.523s] [ 89%] Built target yolov8_msgs__rosidl_typesupport_fastrtps_c__pyext
[1.563s] [ 94%] Built target yolov8_msgs__rosidl_typesupport_c__pyext
[1.602s] [100%] Built target yolov8_msgs__rosidl_typesupport_introspection_c__pyext
[1.630s] Invoked command in '/home/carlosmello/ws/build/yolov8_msgs' returned '0': CMAKE_PREFIX_PATH=${CMAKE_PREFIX_PATH}:/opt/ros/humble /usr/bin/cmake --build /home/carlosmello/ws/build/yolov8_msgs -- -j8 -l8
[1.857s] Invoking command in '/home/carlosmello/ws/build/yolov8_msgs': CMAKE_PREFIX_PATH=${CMAKE_PREFIX_PATH}:/opt/ros/humble /usr/bin/cmake --install /home/carlosmello/ws/build/yolov8_msgs
[1.879s] -- Install configuration: ""
[1.879s] -- Up-to-date: /home/carlosmello/ws/install/yolov8_msgs/share/ament_index/resource_index/rosidl_interfaces/yolov8_msgs
[1.881s] -- Up-to-date: /home/carlosmello/ws/install/yolov8_msgs/include/yolov8_msgs/yolov8_msgs
[1.881s] -- Up-to-date: /home/carlosmello/ws/install/yolov8_msgs/include/yolov8_msgs/yolov8_msgs/msg
[1.881s] -- Up-to-date: /home/carlosmello/ws/install/yolov8_msgs/include/yolov8_msgs/yolov8_msgs/msg/rosidl_generator_c__visibility_control.h
[1.881s] -- Up-to-date: /home/carlosmello/ws/install/yolov8_msgs/include/yolov8_msgs/yolov8_msgs/msg/inference_result.h
[1.881s] -- Up-to-date: /home/carlosmello/ws/install/yolov8_msgs/include/yolov8_msgs/yolov8_msgs/msg/yolov8_inference.h
[1.881s] -- Up-to-date: /home/carlosmello/ws/install/yolov8_msgs/include/yolov8_msgs/yolov8_msgs/msg/detail
[1.881s] -- Up-to-date: /home/carlosmello/ws/install/yolov8_msgs/include/yolov8_msgs/yolov8_msgs/msg/detail/inference_result__struct.h
[1.881s] -- Up-to-date: /home/carlosmello/ws/install/yolov8_msgs/include/yolov8_msgs/yolov8_msgs/msg/detail/inference_result__functions.h
[1.881s] -- Up-to-date: /home/carlosmello/ws/install/yolov8_msgs/include/yolov8_msgs/yolov8_msgs/msg/detail/yolov8_inference__type_support.h
[1.881s] -- Up-to-date: /home/carlosmello/ws/install/yolov8_msgs/include/yolov8_msgs/yolov8_msgs/msg/detail/inference_result__type_support.h
[1.881s] -- Up-to-date: /home/carlosmello/ws/install/yolov8_msgs/include/yolov8_msgs/yolov8_msgs/msg/detail/yolov8_inference__functions.c
[1.882s] -- Up-to-date: /home/carlosmello/ws/install/yolov8_msgs/include/yolov8_msgs/yolov8_msgs/msg/detail/inference_result__functions.c
[1.887s] -- Up-to-date: /home/carlosmello/ws/install/yolov8_msgs/include/yolov8_msgs/yolov8_msgs/msg/detail/yolov8_inference__functions.h
[1.887s] -- Up-to-date: /home/carlosmello/ws/install/yolov8_msgs/include/yolov8_msgs/yolov8_msgs/msg/detail/yolov8_inference__struct.h
[1.887s] -- Up-to-date: /home/carlosmello/ws/install/yolov8_msgs/share/yolov8_msgs/environment/library_path.sh
[1.887s] -- Up-to-date: /home/carlosmello/ws/install/yolov8_msgs/share/yolov8_msgs/environment/library_path.dsv
[1.887s] -- Up-to-date: /home/carlosmello/ws/install/yolov8_msgs/lib/libyolov8_msgs__rosidl_generator_c.so
[1.888s] -- Up-to-date: /home/carlosmello/ws/install/yolov8_msgs/include/yolov8_msgs/yolov8_msgs
[1.888s] -- Up-to-date: /home/carlosmello/ws/install/yolov8_msgs/include/yolov8_msgs/yolov8_msgs/msg
[1.888s] -- Up-to-date: /home/carlosmello/ws/install/yolov8_msgs/include/yolov8_msgs/yolov8_msgs/msg/rosidl_typesupport_fastrtps_c__visibility_control.h
[1.888s] -- Up-to-date: /home/carlosmello/ws/install/yolov8_msgs/include/yolov8_msgs/yolov8_msgs/msg/detail
[1.888s] -- Up-to-date: /home/carlosmello/ws/install/yolov8_msgs/include/yolov8_msgs/yolov8_msgs/msg/detail/inference_result__rosidl_typesupport_fastrtps_c.h
[1.891s] -- Up-to-date: /home/carlosmello/ws/install/yolov8_msgs/include/yolov8_msgs/yolov8_msgs/msg/detail/yolov8_inference__rosidl_typesupport_fastrtps_c.h
[1.893s] -- Up-to-date: /home/carlosmello/ws/install/yolov8_msgs/lib/libyolov8_msgs__rosidl_typesupport_fastrtps_c.so
[1.893s] -- Up-to-date: /home/carlosmello/ws/install/yolov8_msgs/include/yolov8_msgs/yolov8_msgs
[1.893s] -- Up-to-date: /home/carlosmello/ws/install/yolov8_msgs/include/yolov8_msgs/yolov8_msgs/msg
[1.893s] -- Up-to-date: /home/carlosmello/ws/install/yolov8_msgs/include/yolov8_msgs/yolov8_msgs/msg/inference_result.hpp
[1.893s] -- Up-to-date: /home/carlosmello/ws/install/yolov8_msgs/include/yolov8_msgs/yolov8_msgs/msg/yolov8_inference.hpp
[1.894s] -- Up-to-date: /home/carlosmello/ws/install/yolov8_msgs/include/yolov8_msgs/yolov8_msgs/msg/detail
[1.894s] -- Up-to-date: /home/carlosmello/ws/install/yolov8_msgs/include/yolov8_msgs/yolov8_msgs/msg/detail/inference_result__traits.hpp
[1.894s] -- Up-to-date: /home/carlosmello/ws/install/yolov8_msgs/include/yolov8_msgs/yolov8_msgs/msg/detail/inference_result__struct.hpp
[1.894s] -- Up-to-date: /home/carlosmello/ws/install/yolov8_msgs/include/yolov8_msgs/yolov8_msgs/msg/detail/yolov8_inference__traits.hpp
[1.894s] -- Up-to-date: /home/carlosmello/ws/install/yolov8_msgs/include/yolov8_msgs/yolov8_msgs/msg/detail/yolov8_inference__struct.hpp
[1.894s] -- Up-to-date: /home/carlosmello/ws/install/yolov8_msgs/include/yolov8_msgs/yolov8_msgs/msg/detail/inference_result__builder.hpp
[1.894s] -- Up-to-date: /home/carlosmello/ws/install/yolov8_msgs/include/yolov8_msgs/yolov8_msgs/msg/detail/yolov8_inference__builder.hpp
[1.894s] -- Up-to-date: /home/carlosmello/ws/install/yolov8_msgs/include/yolov8_msgs/yolov8_msgs
[1.894s] -- Up-to-date: /home/carlosmello/ws/install/yolov8_msgs/include/yolov8_msgs/yolov8_msgs/msg
[1.894s] -- Up-to-date: /home/carlosmello/ws/install/yolov8_msgs/include/yolov8_msgs/yolov8_msgs/msg/rosidl_typesupport_fastrtps_cpp__visibility_control.h
[1.895s] -- Up-to-date: /home/carlosmello/ws/install/yolov8_msgs/include/yolov8_msgs/yolov8_msgs/msg/detail
[1.895s] -- Up-to-date: /home/carlosmello/ws/install/yolov8_msgs/include/yolov8_msgs/yolov8_msgs/msg/detail/yolov8_inference__rosidl_typesupport_fastrtps_cpp.hpp
[1.895s] -- Up-to-date: /home/carlosmello/ws/install/yolov8_msgs/include/yolov8_msgs/yolov8_msgs/msg/detail/inference_result__rosidl_typesupport_fastrtps_cpp.hpp
[1.895s] -- Up-to-date: /home/carlosmello/ws/install/yolov8_msgs/include/yolov8_msgs/yolov8_msgs/msg/detail/dds_fastrtps
[1.896s] -- Up-to-date: /home/carlosmello/ws/install/yolov8_msgs/lib/libyolov8_msgs__rosidl_typesupport_fastrtps_cpp.so
[1.896s] -- Up-to-date: /home/carlosmello/ws/install/yolov8_msgs/include/yolov8_msgs/yolov8_msgs
[1.896s] -- Up-to-date: /home/carlosmello/ws/install/yolov8_msgs/include/yolov8_msgs/yolov8_msgs/msg
[1.903s] -- Up-to-date: /home/carlosmello/ws/install/yolov8_msgs/include/yolov8_msgs/yolov8_msgs/msg/rosidl_typesupport_introspection_c__visibility_control.h
[1.903s] -- Up-to-date: /home/carlosmello/ws/install/yolov8_msgs/include/yolov8_msgs/yolov8_msgs/msg/detail
[1.903s] -- Up-to-date: /home/carlosmello/ws/install/yolov8_msgs/include/yolov8_msgs/yolov8_msgs/msg/detail/inference_result__rosidl_typesupport_introspection_c.h
[1.903s] -- Up-to-date: /home/carlosmello/ws/install/yolov8_msgs/include/yolov8_msgs/yolov8_msgs/msg/detail/yolov8_inference__type_support.c
[1.904s] -- Up-to-date: /home/carlosmello/ws/install/yolov8_msgs/include/yolov8_msgs/yolov8_msgs/msg/detail/yolov8_inference__rosidl_typesupport_introspection_c.h
[1.904s] -- Up-to-date: /home/carlosmello/ws/install/yolov8_msgs/include/yolov8_msgs/yolov8_msgs/msg/detail/inference_result__type_support.c
[1.904s] -- Up-to-date: /home/carlosmello/ws/install/yolov8_msgs/lib/libyolov8_msgs__rosidl_typesupport_introspection_c.so
[1.904s] -- Up-to-date: /home/carlosmello/ws/install/yolov8_msgs/lib/libyolov8_msgs__rosidl_typesupport_c.so
[1.904s] -- Up-to-date: /home/carlosmello/ws/install/yolov8_msgs/include/yolov8_msgs/yolov8_msgs
[1.904s] -- Up-to-date: /home/carlosmello/ws/install/yolov8_msgs/include/yolov8_msgs/yolov8_msgs/msg
[1.904s] -- Up-to-date: /home/carlosmello/ws/install/yolov8_msgs/include/yolov8_msgs/yolov8_msgs/msg/detail
[1.905s] -- Up-to-date: /home/carlosmello/ws/install/yolov8_msgs/include/yolov8_msgs/yolov8_msgs/msg/detail/inference_result__rosidl_typesupport_introspection_cpp.hpp
[1.905s] -- Up-to-date: /home/carlosmello/ws/install/yolov8_msgs/include/yolov8_msgs/yolov8_msgs/msg/detail/yolov8_inference__type_support.cpp
[1.905s] -- Up-to-date: /home/carlosmello/ws/install/yolov8_msgs/include/yolov8_msgs/yolov8_msgs/msg/detail/yolov8_inference__rosidl_typesupport_introspection_cpp.hpp
[1.905s] -- Up-to-date: /home/carlosmello/ws/install/yolov8_msgs/include/yolov8_msgs/yolov8_msgs/msg/detail/inference_result__type_support.cpp
[1.905s] -- Up-to-date: /home/carlosmello/ws/install/yolov8_msgs/lib/libyolov8_msgs__rosidl_typesupport_introspection_cpp.so
[1.914s] -- Up-to-date: /home/carlosmello/ws/install/yolov8_msgs/lib/libyolov8_msgs__rosidl_typesupport_cpp.so
[1.914s] -- Up-to-date: /home/carlosmello/ws/install/yolov8_msgs/share/yolov8_msgs/environment/pythonpath.sh
[1.914s] -- Up-to-date: /home/carlosmello/ws/install/yolov8_msgs/share/yolov8_msgs/environment/pythonpath.dsv
[1.915s] -- Up-to-date: /home/carlosmello/ws/install/yolov8_msgs/local/lib/python3.10/dist-packages/yolov8_msgs-0.0.0-py3.10.egg-info
[1.915s] -- Installing: /home/carlosmello/ws/install/yolov8_msgs/local/lib/python3.10/dist-packages/yolov8_msgs-0.0.0-py3.10.egg-info/top_level.txt
[1.915s] -- Installing: /home/carlosmello/ws/install/yolov8_msgs/local/lib/python3.10/dist-packages/yolov8_msgs-0.0.0-py3.10.egg-info/SOURCES.txt
[1.915s] -- Installing: /home/carlosmello/ws/install/yolov8_msgs/local/lib/python3.10/dist-packages/yolov8_msgs-0.0.0-py3.10.egg-info/dependency_links.txt
[1.915s] -- Installing: /home/carlosmello/ws/install/yolov8_msgs/local/lib/python3.10/dist-packages/yolov8_msgs-0.0.0-py3.10.egg-info/PKG-INFO
[1.915s] -- Up-to-date: /home/carlosmello/ws/install/yolov8_msgs/local/lib/python3.10/dist-packages/yolov8_msgs
[1.915s] -- Up-to-date: /home/carlosmello/ws/install/yolov8_msgs/local/lib/python3.10/dist-packages/yolov8_msgs/libyolov8_msgs__rosidl_generator_py.so
[1.916s] -- Up-to-date: /home/carlosmello/ws/install/yolov8_msgs/local/lib/python3.10/dist-packages/yolov8_msgs/_yolov8_msgs_s.ep.rosidl_typesupport_c.c
[1.916s] -- Up-to-date: /home/carlosmello/ws/install/yolov8_msgs/local/lib/python3.10/dist-packages/yolov8_msgs/yolov8_msgs_s__rosidl_typesupport_c.cpython-310-x86_64-linux-gnu.so
[1.916s] -- Up-to-date: /home/carlosmello/ws/install/yolov8_msgs/local/lib/python3.10/dist-packages/yolov8_msgs/yolov8_msgs_s__rosidl_typesupport_fastrtps_c.cpython-310-x86_64-linux-gnu.so
[1.916s] -- Up-to-date: /home/carlosmello/ws/install/yolov8_msgs/local/lib/python3.10/dist-packages/yolov8_msgs/yolov8_msgs_s__rosidl_typesupport_introspection_c.cpython-310-x86_64-linux-gnu.so
[1.916s] -- Up-to-date: /home/carlosmello/ws/install/yolov8_msgs/local/lib/python3.10/dist-packages/yolov8_msgs/_yolov8_msgs_s.ep.rosidl_typesupport_fastrtps_c.c
[1.916s] -- Up-to-date: /home/carlosmello/ws/install/yolov8_msgs/local/lib/python3.10/dist-packages/yolov8_msgs/__init__.py
[1.917s] -- Up-to-date: /home/carlosmello/ws/install/yolov8_msgs/local/lib/python3.10/dist-packages/yolov8_msgs/_yolov8_msgs_s.ep.rosidl_typesupport_introspection_c.c
[1.917s] -- Up-to-date: /home/carlosmello/ws/install/yolov8_msgs/local/lib/python3.10/dist-packages/yolov8_msgs/msg
[1.917s] -- Up-to-date: /home/carlosmello/ws/install/yolov8_msgs/local/lib/python3.10/dist-packages/yolov8_msgs/msg/_yolov8_inference.py
[1.917s] -- Up-to-date: /home/carlosmello/ws/install/yolov8_msgs/local/lib/python3.10/dist-packages/yolov8_msgs/msg/_inference_result.py
[1.917s] -- Up-to-date: /home/carlosmello/ws/install/yolov8_msgs/local/lib/python3.10/dist-packages/yolov8_msgs/msg/__init__.py
[1.917s] -- Up-to-date: /home/carlosmello/ws/install/yolov8_msgs/local/lib/python3.10/dist-packages/yolov8_msgs/msg/_yolov8_inference_s.c
[1.918s] -- Up-to-date: /home/carlosmello/ws/install/yolov8_msgs/local/lib/python3.10/dist-packages/yolov8_msgs/msg/_inference_result_s.c
[1.971s] Listing '/home/carlosmello/ws/install/yolov8_msgs/local/lib/python3.10/dist-packages/yolov8_msgs'...
[1.971s] Listing '/home/carlosmello/ws/install/yolov8_msgs/local/lib/python3.10/dist-packages/yolov8_msgs/msg'...
[1.978s] -- Up-to-date: /home/carlosmello/ws/install/yolov8_msgs/local/lib/python3.10/dist-packages/yolov8_msgs/yolov8_msgs_s__rosidl_typesupport_fastrtps_c.cpython-310-x86_64-linux-gnu.so
[1.979s] -- Up-to-date: /home/carlosmello/ws/install/yolov8_msgs/local/lib/python3.10/dist-packages/yolov8_msgs/yolov8_msgs_s__rosidl_typesupport_introspection_c.cpython-310-x86_64-linux-gnu.so
[1.980s] -- Up-to-date: /home/carlosmello/ws/install/yolov8_msgs/local/lib/python3.10/dist-packages/yolov8_msgs/yolov8_msgs_s__rosidl_typesupport_c.cpython-310-x86_64-linux-gnu.so
[1.983s] -- Up-to-date: /home/carlosmello/ws/install/yolov8_msgs/lib/libyolov8_msgs__rosidl_generator_py.so
[1.983s] -- Up-to-date: /home/carlosmello/ws/install/yolov8_msgs/share/yolov8_msgs/msg/InferenceResult.idl
[1.983s] -- Up-to-date: /home/carlosmello/ws/install/yolov8_msgs/share/yolov8_msgs/msg/Yolov8Inference.idl
[1.983s] -- Up-to-date: /home/carlosmello/ws/install/yolov8_msgs/share/yolov8_msgs/msg/InferenceResult.msg
[1.984s] -- Up-to-date: /home/carlosmello/ws/install/yolov8_msgs/share/yolov8_msgs/msg/Yolov8Inference.msg
[1.984s] -- Up-to-date: /home/carlosmello/ws/install/yolov8_msgs/share/ament_index/resource_index/package_run_dependencies/yolov8_msgs
[1.984s] -- Up-to-date: /home/carlosmello/ws/install/yolov8_msgs/share/ament_index/resource_index/parent_prefix_path/yolov8_msgs
[1.985s] -- Up-to-date: /home/carlosmello/ws/install/yolov8_msgs/share/yolov8_msgs/environment/ament_prefix_path.sh
[1.985s] -- Up-to-date: /home/carlosmello/ws/install/yolov8_msgs/share/yolov8_msgs/environment/ament_prefix_path.dsv
[1.985s] -- Up-to-date: /home/carlosmello/ws/install/yolov8_msgs/share/yolov8_msgs/environment/path.sh
[1.988s] -- Up-to-date: /home/carlosmello/ws/install/yolov8_msgs/share/yolov8_msgs/environment/path.dsv
[1.988s] -- Up-to-date: /home/carlosmello/ws/install/yolov8_msgs/share/yolov8_msgs/local_setup.bash
[1.988s] -- Up-to-date: /home/carlosmello/ws/install/yolov8_msgs/share/yolov8_msgs/local_setup.sh
[1.988s] -- Up-to-date: /home/carlosmello/ws/install/yolov8_msgs/share/yolov8_msgs/local_setup.zsh
[1.988s] -- Up-to-date: /home/carlosmello/ws/install/yolov8_msgs/share/yolov8_msgs/local_setup.dsv
[1.988s] -- Installing: /home/carlosmello/ws/install/yolov8_msgs/share/yolov8_msgs/package.dsv
[1.989s] -- Up-to-date: /home/carlosmello/ws/install/yolov8_msgs/share/ament_index/resource_index/packages/yolov8_msgs
[1.989s] -- Up-to-date: /home/carlosmello/ws/install/yolov8_msgs/share/yolov8_msgs/cmake/export_yolov8_msgs__rosidl_generator_cExport.cmake
[1.989s] -- Up-to-date: /home/carlosmello/ws/install/yolov8_msgs/share/yolov8_msgs/cmake/export_yolov8_msgs__rosidl_generator_cExport-noconfig.cmake
[1.989s] -- Up-to-date: /home/carlosmello/ws/install/yolov8_msgs/share/yolov8_msgs/cmake/export_yolov8_msgs__rosidl_typesupport_fastrtps_cExport.cmake
[1.989s] -- Up-to-date: /home/carlosmello/ws/install/yolov8_msgs/share/yolov8_msgs/cmake/export_yolov8_msgs__rosidl_typesupport_fastrtps_cExport-noconfig.cmake
[1.989s] -- Up-to-date: /home/carlosmello/ws/install/yolov8_msgs/share/yolov8_msgs/cmake/export_yolov8_msgs__rosidl_generator_cppExport.cmake
[1.990s] -- Up-to-date: /home/carlosmello/ws/install/yolov8_msgs/share/yolov8_msgs/cmake/export_yolov8_msgs__rosidl_typesupport_fastrtps_cppExport.cmake
[1.990s] -- Up-to-date: /home/carlosmello/ws/install/yolov8_msgs/share/yolov8_msgs/cmake/export_yolov8_msgs__rosidl_typesupport_fastrtps_cppExport-noconfig.cmake
[1.991s] -- Up-to-date: /home/carlosmello/ws/install/yolov8_msgs/share/yolov8_msgs/cmake/yolov8_msgs__rosidl_typesupport_introspection_cExport.cmake
[1.991s] -- Up-to-date: /home/carlosmello/ws/install/yolov8_msgs/share/yolov8_msgs/cmake/yolov8_msgs__rosidl_typesupport_introspection_cExport-noconfig.cmake
[1.991s] -- Up-to-date: /home/carlosmello/ws/install/yolov8_msgs/share/yolov8_msgs/cmake/yolov8_msgs__rosidl_typesupport_cExport.cmake
[1.994s] -- Up-to-date: /home/carlosmello/ws/install/yolov8_msgs/share/yolov8_msgs/cmake/yolov8_msgs__rosidl_typesupport_cExport-noconfig.cmake
[1.994s] -- Up-to-date: /home/carlosmello/ws/install/yolov8_msgs/share/yolov8_msgs/cmake/yolov8_msgs__rosidl_typesupport_introspection_cppExport.cmake
[1.994s] -- Up-to-date: /home/carlosmello/ws/install/yolov8_msgs/share/yolov8_msgs/cmake/yolov8_msgs__rosidl_typesupport_introspection_cppExport-noconfig.cmake
[1.994s] -- Up-to-date: /home/carlosmello/ws/install/yolov8_msgs/share/yolov8_msgs/cmake/yolov8_msgs__rosidl_typesupport_cppExport.cmake
[1.995s] -- Up-to-date: /home/carlosmello/ws/install/yolov8_msgs/share/yolov8_msgs/cmake/yolov8_msgs__rosidl_typesupport_cppExport-noconfig.cmake
[1.995s] -- Up-to-date: /home/carlosmello/ws/install/yolov8_msgs/share/yolov8_msgs/cmake/export_yolov8_msgs__rosidl_generator_pyExport.cmake
[1.995s] -- Up-to-date: /home/carlosmello/ws/install/yolov8_msgs/share/yolov8_msgs/cmake/export_yolov8_msgs__rosidl_generator_pyExport-noconfig.cmake
[1.995s] -- Up-to-date: /home/carlosmello/ws/install/yolov8_msgs/share/yolov8_msgs/cmake/rosidl_cmake-extras.cmake
[1.995s] -- Up-to-date: /home/carlosmello/ws/install/yolov8_msgs/share/yolov8_msgs/cmake/ament_cmake_export_dependencies-extras.cmake
[1.995s] -- Up-to-date: /home/carlosmello/ws/install/yolov8_msgs/share/yolov8_msgs/cmake/ament_cmake_export_include_directories-extras.cmake
[1.995s] -- Up-to-date: /home/carlosmello/ws/install/yolov8_msgs/share/yolov8_msgs/cmake/ament_cmake_export_libraries-extras.cmake
[1.995s] -- Up-to-date: /home/carlosmello/ws/install/yolov8_msgs/share/yolov8_msgs/cmake/ament_cmake_export_targets-extras.cmake
[1.996s] -- Up-to-date: /home/carlosmello/ws/install/yolov8_msgs/share/yolov8_msgs/cmake/rosidl_cmake_export_typesupport_targets-extras.cmake
[1.996s] -- Up-to-date: /home/carlosmello/ws/install/yolov8_msgs/share/yolov8_msgs/cmake/rosidl_cmake_export_typesupport_libraries-extras.cmake
[1.996s] -- Up-to-date: /home/carlosmello/ws/install/yolov8_msgs/share/yolov8_msgs/cmake/yolov8_msgsConfig.cmake
[1.996s] -- Up-to-date: /home/carlosmello/ws/install/yolov8_msgs/share/yolov8_msgs/cmake/yolov8_msgsConfig-version.cmake
[1.996s] -- Up-to-date: /home/carlosmello/ws/install/yolov8_msgs/share/yolov8_msgs/package.xml
[2.005s] Invoked command in '/home/carlosmello/ws/build/yolov8_msgs' returned '0': CMAKE_PREFIX_PATH=${CMAKE_PREFIX_PATH}:/opt/ros/humble /usr/bin/cmake --install /home/carlosmello/ws/build/yolov8_msgs
