[0.029s] Invoking command in '/home/carlosmello/ws/build/perception': CMAKE_PREFIX_PATH=${CMAKE_PREFIX_PATH}:/opt/ros/humble /usr/bin/cmake --build /home/carlosmello/ws/build/perception -- -j8 -l8
[0.104s] -- Found ament_cmake: 1.3.10 (/opt/ros/humble/share/ament_cmake/cmake)
[0.464s] -- Found sensor_msgs: 4.2.4 (/opt/ros/humble/share/sensor_msgs/cmake)
[0.567s] -- Found rosidl_generator_c: 3.1.5 (/opt/ros/humble/share/rosidl_generator_c/cmake)
[0.587s] -- Found rosidl_adapter: 3.1.5 (/opt/ros/humble/share/rosidl_adapter/cmake)
[0.617s] -- Found rosidl_generator_cpp: 3.1.5 (/opt/ros/humble/share/rosidl_generator_cpp/cmake)
[0.665s] -- Using all available rosidl_typesupport_c: rosidl_typesupport_fastrtps_c;rosidl_typesupport_introspection_c
[0.712s] -- Using all available rosidl_typesupport_cpp: rosidl_typesupport_fastrtps_cpp;rosidl_typesupport_introspection_cpp
[0.891s] -- Found rosidl_default_generators: 1.2.0 (/opt/ros/humble/share/rosidl_default_generators/cmake)
[0.910s] -- Found yolov8_msgs: 0.0.0 (/home/carlosmello/ws/install/yolov8_msgs/share/yolov8_msgs/cmake)
[0.938s] [31mCMake Error at CMakeLists.txt:31 (install):
[0.938s]   install DIRECTORY given non-directory
[0.938s]   "position_estimation/stereo_pipeline.py" to install.
[0.939s] 
[0.939s] [0m
[0.946s] -- Found ament_lint_auto: 0.12.11 (/opt/ros/humble/share/ament_lint_auto/cmake)
[1.247s] -- Added test 'flake8' to check Python code syntax and style conventions
[1.247s] -- Added test 'lint_cmake' to check CMake code style
[1.249s] -- Added test 'pep257' to check Python code against some of the docstring style conventions in PEP 257
[1.252s] -- Added test 'xmllint' to check XML markup files
[1.257s] -- Configuring incomplete, errors occurred!
[1.257s] See also "/home/carlosmello/ws/build/perception/CMakeFiles/CMakeOutput.log".
[1.272s] gmake: *** [Makefile:226: cmake_check_build_system] Erro 1
[1.282s] Invoked command in '/home/carlosmello/ws/build/perception' returned '2': CMAKE_PREFIX_PATH=${CMAKE_PREFIX_PATH}:/opt/ros/humble /usr/bin/cmake --build /home/carlosmello/ws/build/perception -- -j8 -l8
