-- Install configuration: ""
-- Installing: /home/carlosmello/ws/install/yolobot_description/share/yolobot_description//launch
-- Installing: /home/carlosmello/ws/install/yolobot_description/share/yolobot_description//launch/spawn_yolobot.py
-- Installing: /home/carlosmello/ws/install/yolobot_description/share/yolobot_description//launch/spawn_yolobot_launch.launch.py
-- Installing: /home/carlosmello/ws/install/yolobot_description/share/yolobot_description//robot
-- Installing: /home/carlosmello/ws/install/yolobot_description/share/yolobot_description//robot/yolobot.urdf
-- Installing: /home/carlosmello/ws/install/yolobot_description/lib/yolobot_description/spawn_yolobot.py
-- Installing: /home/carlosmello/ws/install/yolobot_description/share/ament_index/resource_index/package_run_dependencies/yolobot_description
-- Installing: /home/carlosmello/ws/install/yolobot_description/share/ament_index/resource_index/parent_prefix_path/yolobot_description
-- Installing: /home/carlosmello/ws/install/yolobot_description/share/yolobot_description/environment/ament_prefix_path.sh
-- Installing: /home/carlosmello/ws/install/yolobot_description/share/yolobot_description/environment/ament_prefix_path.dsv
-- Installing: /home/carlosmello/ws/install/yolobot_description/share/yolobot_description/environment/path.sh
-- Installing: /home/carlosmello/ws/install/yolobot_description/share/yolobot_description/environment/path.dsv
-- Installing: /home/carlosmello/ws/install/yolobot_description/share/yolobot_description/local_setup.bash
-- Installing: /home/carlosmello/ws/install/yolobot_description/share/yolobot_description/local_setup.sh
-- Installing: /home/carlosmello/ws/install/yolobot_description/share/yolobot_description/local_setup.zsh
-- Installing: /home/carlosmello/ws/install/yolobot_description/share/yolobot_description/local_setup.dsv
-- Installing: /home/carlosmello/ws/install/yolobot_description/share/yolobot_description/package.dsv
-- Installing: /home/carlosmello/ws/install/yolobot_description/share/ament_index/resource_index/packages/yolobot_description
-- Installing: /home/carlosmello/ws/install/yolobot_description/share/yolobot_description/cmake/yolobot_descriptionConfig.cmake
-- Installing: /home/carlosmello/ws/install/yolobot_description/share/yolobot_description/cmake/yolobot_descriptionConfig-version.cmake
-- Installing: /home/carlosmello/ws/install/yolobot_description/share/yolobot_description/package.xml
