[0.071s] Invoking command in '/home/carlosmello/ws/build/yolobot_control': CMAKE_PREFIX_PATH=${CMAKE_PREFIX_PATH}:/opt/ros/humble /usr/bin/cmake --build /home/carlosmello/ws/build/yolobot_control -- -j8 -l8
[0.160s] Invoked command in '/home/carlosmello/ws/build/yolobot_control' returned '0': CMAKE_PREFIX_PATH=${CMAKE_PREFIX_PATH}:/opt/ros/humble /usr/bin/cmake --build /home/carlosmello/ws/build/yolobot_control -- -j8 -l8
[0.233s] Invoking command in '/home/carlosmello/ws/build/yolobot_control': CMAKE_PREFIX_PATH=${CMAKE_PREFIX_PATH}:/opt/ros/humble /usr/bin/cmake --install /home/carlosmello/ws/build/yolobot_control
[0.271s] -- Install configuration: ""
[0.271s] -- Up-to-date: /home/carlosmello/ws/install/yolobot_control/share/yolobot_control//scripts
[0.271s] -- Up-to-date: /home/carlosmello/ws/install/yolobot_control/share/yolobot_control//scripts/robot_control.py
[0.271s] -- Up-to-date: /home/carlosmello/ws/install/yolobot_control/share/yolobot_control//launch
[0.271s] -- Up-to-date: /home/carlosmello/ws/install/yolobot_control/share/yolobot_control//launch/yolobot_control.launch.py
[0.271s] -- Up-to-date: /home/carlosmello/ws/install/yolobot_control/lib/yolobot_control/robot_control.py
[0.271s] -- Up-to-date: /home/carlosmello/ws/install/yolobot_control/lib/yolobot_control/yolobot_control.launch.py
[0.271s] -- Up-to-date: /home/carlosmello/ws/install/yolobot_control/share/ament_index/resource_index/package_run_dependencies/yolobot_control
[0.272s] -- Up-to-date: /home/carlosmello/ws/install/yolobot_control/share/ament_index/resource_index/parent_prefix_path/yolobot_control
[0.272s] -- Up-to-date: /home/carlosmello/ws/install/yolobot_control/share/yolobot_control/environment/ament_prefix_path.sh
[0.272s] -- Up-to-date: /home/carlosmello/ws/install/yolobot_control/share/yolobot_control/environment/ament_prefix_path.dsv
[0.274s] -- Up-to-date: /home/carlosmello/ws/install/yolobot_control/share/yolobot_control/environment/path.sh
[0.277s] -- Up-to-date: /home/carlosmello/ws/install/yolobot_control/share/yolobot_control/environment/path.dsv
[0.277s] -- Up-to-date: /home/carlosmello/ws/install/yolobot_control/share/yolobot_control/local_setup.bash
[0.277s] -- Up-to-date: /home/carlosmello/ws/install/yolobot_control/share/yolobot_control/local_setup.sh
[0.277s] -- Up-to-date: /home/carlosmello/ws/install/yolobot_control/share/yolobot_control/local_setup.zsh
[0.278s] -- Up-to-date: /home/carlosmello/ws/install/yolobot_control/share/yolobot_control/local_setup.dsv
[0.278s] -- Installing: /home/carlosmello/ws/install/yolobot_control/share/yolobot_control/package.dsv
[0.278s] -- Up-to-date: /home/carlosmello/ws/install/yolobot_control/share/ament_index/resource_index/packages/yolobot_control
[0.278s] -- Up-to-date: /home/carlosmello/ws/install/yolobot_control/share/yolobot_control/cmake/yolobot_controlConfig.cmake
[0.278s] -- Up-to-date: /home/carlosmello/ws/install/yolobot_control/share/yolobot_control/cmake/yolobot_controlConfig-version.cmake
[0.278s] -- Up-to-date: /home/carlosmello/ws/install/yolobot_control/share/yolobot_control/package.xml
[0.303s] Invoked command in '/home/carlosmello/ws/build/yolobot_control' returned '0': CMAKE_PREFIX_PATH=${CMAKE_PREFIX_PATH}:/opt/ros/humble /usr/bin/cmake --install /home/carlosmello/ws/build/yolobot_control
